========================================
Ramanujan Machine (GPU)
========================================
Polynomial degree: 4
Coefficient range: [-3, 3]
CF evaluation depth: 200 terms
Total candidates: 282475249
GPU: 3
Constants: pi, e, ln(2), gamma, Catalan, zeta(3), Gauss, Lemniscate, sqrt(2), phi
========================================

  HIT: P=(3,3,3,3,3) Q=(-2,-3,-3,-3,-3) → 2 = sqrt(2)^(2/1)
  HIT: P=(1,-3,-3,-3,-3) Q=(2,-3,-3,-3,-3) → 2 = sqrt(2)^(2/1)
  HIT: P=(3,2,3,3,3) Q=(-2,-2,-3,-3,-3) → 2 = sqrt(2)^(2/1)
  HIT: P=(1,-2,-3,-3,-3) Q=(2,-2,-3,-3,-3) → 2 = sqrt(2)^(2/1)
  HIT: P=(3,1,3,3,3) Q=(-2,-1,-3,-3,-3) → 2 = sqrt(2)^(2/1)
  HIT: P=(1,-1,-3,-3,-3) Q=(2,-1,-3,-3,-3) → 2 = sqrt(2)^(2/1)
  HIT: P=(3,0,3,3,3) Q=(-2,0,-3,-3,-3) → 2 = sqrt(2)^(2/1)
  HIT: P=(1,0,-3,-3,-3) Q=(2,0,-3,-3,-3) → 2 = sqrt(2)^(2/1)
  HIT: P=(3,-1,3,3,3) Q=(-2,1,-3,-3,-3) → 2 = sqrt(2)^(2/1)
  HIT: P=(1,1,-3,-3,-3) Q=(2,1,-3,-3,-3) → 2 = sqrt(2)^(2/1)
  HIT: P=(3,-2,3,3,3) Q=(-2,2,-3,-3,-3) → 2 = sqrt(2)^(2/1)
  HIT: P=(1,2,-3,-3,-3) Q=(2,2,-3,-3,-3) → 2 = sqrt(2)^(2/1)
  HIT: P=(3,-3,3,3,3) Q=(-2,3,-3,-3,-3) → 2 = sqrt(2)^(2/1)
  HIT: P=(1,3,-3,-3,-3) Q=(2,3,-3,-3,-3) → 2 = sqrt(2)^(2/1)
  HIT: P=(3,3,2,3,3) Q=(-2,-3,-2,-3,-3) → 2 = sqrt(2)^(2/1)
  HIT: P=(1,-3,-2,-3,-3) Q=(2,-3,-2,-3,-3) → 2 = sqrt(2)^(2/1)
  HIT: P=(3,2,2,3,3) Q=(-2,-2,-2,-3,-3) → 2 = sqrt(2)^(2/1)
  0.4% (1000000/282475249) 17 hits, 10182557 candidates/sec, ETA 28s
  35.8% (101000000/282475249) 1180696 hits, 10147304 candidates/sec, ETA 18s
  71.2% (201000000/282475249) 2693948 hits, 10126973 candidates/sec, ETA 8s
  100.0% (282475249/282475249) 3641874 hits, 10118782 candidates/sec, ETA 0s

========================================
Ramanujan Machine Results
========================================
Degree: 4, range: [-3,3]
Candidates: 282475249
Hits: 3641874
Time: 27.9s (10118685 candidates/sec)
Output: scripts/experiments/ramanujan-machine/results/hits_deg4_range3.csv
========================================
