========================================
Ramanujan Machine (GPU)
========================================
Polynomial degree: 6
Coefficient range: [-2, 2]
CF evaluation depth: 500 terms
Total candidates: 6103515625
GPU: 0
Constants: pi, e, ln(2), gamma, Catalan, zeta(3), Gauss, Lemniscate, sqrt(2), phi
========================================

  HIT: P=(1,-2,-2,-2,-2,-2,-2) Q=(2,-2,-2,-2,-2,-2,-2) → 2 = sqrt(2)^(2/1)
  HIT: P=(1,-1,-2,-2,-2,-2,-2) Q=(2,-1,-2,-2,-2,-2,-2) → 2 = sqrt(2)^(2/1)
  0.0% (1000000/6103515625) 2 hits, 9807842 candidates/sec, ETA 622s
  1.7% (101000000/6103515625) 469045 hits, 9840250 candidates/sec, ETA 610s
  3.3% (201000000/6103515625) 1828683 hits, 9840723 candidates/sec, ETA 600s
  4.9% (301000000/6103515625) 3203936 hits, 9840938 candidates/sec, ETA 590s
  6.6% (401000000/6103515625) 4657317 hits, 9841099 candidates/sec, ETA 579s
  8.2% (501000000/6103515625) 6891920 hits, 9841217 candidates/sec, ETA 569s
  9.8% (601000000/6103515625) 8345293 hits, 9841335 candidates/sec, ETA 559s
  11.5% (701000000/6103515625) 11001751 hits, 9841382 candidates/sec, ETA 549s
  13.1% (801000000/6103515625) 12939490 hits, 9841464 candidates/sec, ETA 539s
  14.8% (901000000/6103515625) 15564709 hits, 9841474 candidates/sec, ETA 529s
  16.4% (1001000000/6103515625) 17877441 hits, 9841446 candidates/sec, ETA 518s
  18.0% (1101000000/6103515625) 20658882 hits, 9841461 candidates/sec, ETA 508s
  19.7% (1201000000/6103515625) 23284106 hits, 9841462 candidates/sec, ETA 498s
  21.3% (1301000000/6103515625) 24003155 hits, 9841510 candidates/sec, ETA 488s
  23.0% (1401000000/6103515625) 25769040 hits, 9841515 candidates/sec, ETA 478s
  24.6% (1501000000/6103515625) 27722414 hits, 9841552 candidates/sec, ETA 468s
  26.2% (1601000000/6103515625) 29644533 hits, 9841560 candidates/sec, ETA 458s
  27.9% (1701000000/6103515625) 32363540 hits, 9841545 candidates/sec, ETA 447s
  29.5% (1801000000/6103515625) 34207530 hits, 9841547 candidates/sec, ETA 437s
  31.1% (1901000000/6103515625) 36957741 hits, 9841527 candidates/sec, ETA 427s
  32.8% (2001000000/6103515625) 39286106 hits, 9841504 candidates/sec, ETA 417s
  34.4% (2101000000/6103515625) 41864447 hits, 9841501 candidates/sec, ETA 407s
  36.1% (2201000000/6103515625) 44346638 hits, 9841494 candidates/sec, ETA 397s
  37.7% (2301000000/6103515625) 47140434 hits, 9841476 candidates/sec, ETA 386s
  39.3% (2401000000/6103515625) 49743114 hits, 9841452 candidates/sec, ETA 376s
  41.0% (2501000000/6103515625) 50868385 hits, 9841430 candidates/sec, ETA 366s
  42.6% (2601000000/6103515625) 52868608 hits, 9841358 candidates/sec, ETA 356s
  44.3% (2701000000/6103515625) 55321956 hits, 9841293 candidates/sec, ETA 346s
  45.9% (2801000000/6103515625) 57462837 hits, 9841237 candidates/sec, ETA 336s
  47.5% (2901000000/6103515625) 60418102 hits, 9841178 candidates/sec, ETA 325s
  49.2% (3001000000/6103515625) 62626330 hits, 9841111 candidates/sec, ETA 315s
  50.8% (3101000000/6103515625) 65773427 hits, 9841292 candidates/sec, ETA 305s
  52.4% (3201000000/6103515625) 67967241 hits, 9841263 candidates/sec, ETA 295s
  54.1% (3301000000/6103515625) 70913158 hits, 9841227 candidates/sec, ETA 285s
  55.7% (3401000000/6103515625) 73116579 hits, 9841184 candidates/sec, ETA 275s
  57.4% (3501000000/6103515625) 75554305 hits, 9841142 candidates/sec, ETA 264s
  59.0% (3601000000/6103515625) 77585813 hits, 9841099 candidates/sec, ETA 254s
  60.6% (3701000000/6103515625) 78711099 hits, 9841068 candidates/sec, ETA 244s
  62.3% (3801000000/6103515625) 81238062 hits, 9841027 candidates/sec, ETA 234s
  63.9% (3901000000/6103515625) 84098124 hits, 9840992 candidates/sec, ETA 224s
  65.6% (4001000000/6103515625) 86573159 hits, 9840956 candidates/sec, ETA 214s
  67.2% (4101000000/6103515625) 89182772 hits, 9840923 candidates/sec, ETA 203s
  68.8% (4201000000/6103515625) 91495515 hits, 9840899 candidates/sec, ETA 193s
  70.5% (4301000000/6103515625) 94183245 hits, 9840875 candidates/sec, ETA 183s
  72.1% (4401000000/6103515625) 96042888 hits, 9840841 candidates/sec, ETA 173s
  73.7% (4501000000/6103515625) 98824393 hits, 9840806 candidates/sec, ETA 163s
  75.4% (4601000000/6103515625) 100699674 hits, 9840776 candidates/sec, ETA 153s
  77.0% (4701000000/6103515625) 102637446 hits, 9840754 candidates/sec, ETA 143s
  78.7% (4801000000/6103515625) 104465873 hits, 9840729 candidates/sec, ETA 132s
  80.3% (4901000000/6103515625) 105122450 hits, 9840704 candidates/sec, ETA 122s
  81.9% (5001000000/6103515625) 107763276 hits, 9840680 candidates/sec, ETA 112s
  83.6% (5101000000/6103515625) 110544739 hits, 9840651 candidates/sec, ETA 102s
  85.2% (5201000000/6103515625) 112841846 hits, 9840624 candidates/sec, ETA 92s
  86.9% (5301000000/6103515625) 115529576 hits, 9840605 candidates/sec, ETA 82s
  88.5% (5401000000/6103515625) 117404834 hits, 9840579 candidates/sec, ETA 71s
  90.1% (5501000000/6103515625) 120092556 hits, 9840555 candidates/sec, ETA 61s
  91.8% (5601000000/6103515625) 121577210 hits, 9840535 candidates/sec, ETA 51s
  93.4% (5701000000/6103515625) 123811839 hits, 9840509 candidates/sec, ETA 41s
  95.0% (5801000000/6103515625) 125265250 hits, 9840490 candidates/sec, ETA 31s
  96.7% (5901000000/6103515625) 126624903 hits, 9840460 candidates/sec, ETA 21s
  98.3% (6001000000/6103515625) 128000189 hits, 9840440 candidates/sec, ETA 10s
  100.0% (6101000000/6103515625) 128469260 hits, 9840427 candidates/sec, ETA 0s
  100.0% (6103515625/6103515625) 128469272 hits, 9840399 candidates/sec, ETA 0s

========================================
Ramanujan Machine Results
========================================
Degree: 6, range: [-2,2]
Candidates: 6103515625
Hits: 128469272
Time: 620.3s (9840398 candidates/sec)
Output: scripts/experiments/ramanujan-machine/results/hits_deg6_range2.csv
========================================
