========================================
Ramanujan Machine (GPU)
========================================
Polynomial degree: 4
Coefficient range: [-6, 6]
CF evaluation depth: 200 terms
Total candidates: 137858491849
GPU: 0
Constants: pi, e, ln(2), gamma, Catalan, zeta(3), Gauss, Lemniscate, sqrt(2), phi
========================================

  HIT: P=(5,2,2,2,2) Q=(-6,-6,-6,-6,-6) → 2 = sqrt(2)^(2/1)
  0.0% (1000000/137858491849) 1 hits, 10033051 candidates/sec, ETA 13740s
  HIT: P=(4,3,3,3,3) Q=(-4,-6,-6,-6,-6) → 2 = sqrt(2)^(2/1)
  HIT: P=(5,6,6,6,6) Q=(-4,-6,-6,-6,-6) → 4 = sqrt(2)^(4/1)
  HIT: P=(3,6,6,6,6) Q=(-2,-6,-6,-6,-6) → 2 = sqrt(2)^(2/1)
  HIT: P=(5,5,2,2,0) Q=(0,-6,-6,-6,-6) → 2 = sqrt(2)^(2/1)
  HIT: P=(1,-6,-6,-6,-6) Q=(2,-6,-6,-6,-6) → 2 = sqrt(2)^(2/1)
  HIT: P=(3,-6,-6,-6,-6) Q=(4,-6,-6,-6,-6) → 4 = sqrt(2)^(4/1)
  HIT: P=(0,-3,-3,-3,-3) Q=(4,-6,-6,-6,-6) → 2 = sqrt(2)^(2/1)
  HIT: P=(-1,-2,-2,-2,-2) Q=(6,-6,-6,-6,-6) → 2 = sqrt(2)^(2/1)
  HIT: P=(5,5,6,6,6) Q=(-4,-5,-6,-6,-6) → 4 = sqrt(2)^(4/1)
  HIT: P=(3,5,6,6,6) Q=(-2,-5,-6,-6,-6) → 2 = sqrt(2)^(2/1)
  HIT: P=(1,-5,-6,-6,-6) Q=(2,-5,-6,-6,-6) → 2 = sqrt(2)^(2/1)
  HIT: P=(3,-5,-6,-6,-6) Q=(4,-5,-6,-6,-6) → 4 = sqrt(2)^(4/1)
  HIT: P=(4,2,3,3,3) Q=(-4,-4,-6,-6,-6) → 2 = sqrt(2)^(2/1)
  HIT: P=(5,4,6,6,6) Q=(-4,-4,-6,-6,-6) → 4 = sqrt(2)^(4/1)
  HIT: P=(-6,-5,-3,6,-3) Q=(-2,-4,-6,-6,-6) → 2 = sqrt(2)^(2/1)
  HIT: P=(3,4,6,6,6) Q=(-2,-4,-6,-6,-6) → 2 = sqrt(2)^(2/1)
  HIT: P=(4,5,3,3,0) Q=(0,-4,-6,-6,-6) → 2 = sqrt(2)^(2/1)
  HIT: P=(1,-4,-6,-6,-6) Q=(2,-4,-6,-6,-6) → 2 = sqrt(2)^(2/1)
  HIT: P=(3,-4,-6,-6,-6) Q=(4,-4,-6,-6,-6) → 4 = sqrt(2)^(4/1)
  HIT: P=(0,-2,-3,-3,-3) Q=(4,-4,-6,-6,-6) → 2 = sqrt(2)^(2/1)
  HIT: P=(5,1,2,2,2) Q=(-6,-3,-6,-6,-6) → 2 = sqrt(2)^(2/1)
  HIT: P=(1,-3,2,5,-6) Q=(-5,-3,-6,-6,-6) → -9.32808512257635 = (-5 + -3*1/ln(2))/1
  HIT: P=(-1,3,-2,-5,6) Q=(-5,-3,-6,-6,-6) → 9.32808512257635 = (5 + 3*1/ln(2))/1
  HIT: P=(5,3,6,6,6) Q=(-4,-3,-6,-6,-6) → 4 = sqrt(2)^(4/1)
  HIT: P=(3,3,6,6,6) Q=(-2,-3,-6,-6,-6) → 2 = sqrt(2)^(2/1)
  HIT: P=(1,-3,-6,-6,-6) Q=(2,-3,-6,-6,-6) → 2 = sqrt(2)^(2/1)
  HIT: P=(3,-3,-6,-6,-6) Q=(4,-3,-6,-6,-6) → 4 = sqrt(2)^(4/1)
  HIT: P=(-1,-1,-2,-2,-2) Q=(6,-3,-6,-6,-6) → 2 = sqrt(2)^(2/1)
  HIT: P=(4,1,3,3,3) Q=(-4,-2,-6,-6,-6) → 2 = sqrt(2)^(2/1)
  HIT: P=(5,2,6,6,6) Q=(-4,-2,-6,-6,-6) → 4 = sqrt(2)^(4/1)
  HIT: P=(3,2,6,6,6) Q=(-2,-2,-6,-6,-6) → 2 = sqrt(2)^(2/1)
  HIT: P=(1,-2,-6,-6,-6) Q=(2,-2,-6,-6,-6) → 2 = sqrt(2)^(2/1)
  HIT: P=(3,-2,-6,-6,-6) Q=(4,-2,-6,-6,-6) → 4 = sqrt(2)^(4/1)
  HIT: P=(0,-1,-3,-3,-3) Q=(4,-2,-6,-6,-6) → 2 = sqrt(2)^(2/1)
  HIT: P=(-2,-5,0,-3,0) Q=(4,-2,-6,-6,-6) → 2 = sqrt(2)^(2/1)
  HIT: P=(5,1,6,6,6) Q=(-4,-1,-6,-6,-6) → 4 = sqrt(2)^(4/1)
  HIT: P=(3,1,6,6,6) Q=(-2,-1,-6,-6,-6) → 2 = sqrt(2)^(2/1)
  HIT: P=(1,-1,-6,-6,-6) Q=(2,-1,-6,-6,-6) → 2 = sqrt(2)^(2/1)
  HIT: P=(3,-1,-6,-6,-6) Q=(4,-1,-6,-6,-6) → 4 = sqrt(2)^(4/1)
  HIT: P=(5,0,2,2,2) Q=(-6,0,-6,-6,-6) → 2 = sqrt(2)^(2/1)
  HIT: P=(4,0,3,3,3) Q=(-4,0,-6,-6,-6) → 2 = sqrt(2)^(2/1)
  HIT: P=(5,0,6,6,6) Q=(-4,0,-6,-6,-6) → 4 = sqrt(2)^(4/1)
  HIT: P=(3,0,6,6,6) Q=(-2,0,-6,-6,-6) → 2 = sqrt(2)^(2/1)
  HIT: P=(1,0,-6,-6,-6) Q=(2,0,-6,-6,-6) → 2 = sqrt(2)^(2/1)
  HIT: P=(3,0,-6,-6,-6) Q=(4,0,-6,-6,-6) → 4 = sqrt(2)^(4/1)
  HIT: P=(0,0,-3,-3,-3) Q=(4,0,-6,-6,-6) → 2 = sqrt(2)^(2/1)
  HIT: P=(-1,0,-2,-2,-2) Q=(6,0,-6,-6,-6) → 2 = sqrt(2)^(2/1)
  HIT: P=(-4,-5,0,-2,0) Q=(6,0,-6,-6,-6) → 2 = sqrt(2)^(2/1)
  HIT: P=(5,-1,6,6,6) Q=(-4,1,-6,-6,-6) → 4 = sqrt(2)^(4/1)
  HIT: P=(3,-1,6,6,6) Q=(-2,1,-6,-6,-6) → 2 = sqrt(2)^(2/1)
  HIT: P=(-4,4,-2,-2,-2) Q=(1,1,-6,-6,-6) → 2.09841342059547 = (3 + 3*1/sqrt(2pi))/2
  HIT: P=(4,-4,2,2,2) Q=(1,1,-6,-6,-6) → -2.09841342059547 = (-3 + -3*1/sqrt(2pi))/2
  HIT: P=(1,1,-6,-6,-6) Q=(2,1,-6,-6,-6) → 2 = sqrt(2)^(2/1)
  HIT: P=(3,1,-6,-6,-6) Q=(4,1,-6,-6,-6) → 4 = sqrt(2)^(4/1)
  HIT: P=(4,-1,3,3,3) Q=(-4,2,-6,-6,-6) → 2 = sqrt(2)^(2/1)
  HIT: P=(5,-2,6,6,6) Q=(-4,2,-6,-6,-6) → 4 = sqrt(2)^(4/1)
  HIT: P=(3,-2,6,6,6) Q=(-2,2,-6,-6,-6) → 2 = sqrt(2)^(2/1)
  HIT: P=(1,2,-6,-6,-6) Q=(2,2,-6,-6,-6) → 2 = sqrt(2)^(2/1)
  HIT: P=(3,2,-6,-6,-6) Q=(4,2,-6,-6,-6) → 4 = sqrt(2)^(4/1)
  HIT: P=(0,1,-3,-3,-3) Q=(4,2,-6,-6,-6) → 2 = sqrt(2)^(2/1)
  HIT: P=(5,-1,2,2,2) Q=(-6,3,-6,-6,-6) → 2 = sqrt(2)^(2/1)
  HIT: P=(5,-3,6,6,6) Q=(-4,3,-6,-6,-6) → 4 = sqrt(2)^(4/1)
  HIT: P=(3,-3,6,6,6) Q=(-2,3,-6,-6,-6) → 2 = sqrt(2)^(2/1)
  HIT: P=(-5,4,0,1,-4) Q=(-1,3,-6,-6,-6) → 15.5662237043366 = (4 + 5*e*pi)/3
  HIT: P=(5,-4,0,-1,4) Q=(-1,3,-6,-6,-6) → -15.5662237043366 = (-4 + -5*e*pi)/3
  HIT: P=(1,3,-6,-6,-6) Q=(2,3,-6,-6,-6) → 2 = sqrt(2)^(2/1)
  HIT: P=(3,3,-6,-6,-6) Q=(4,3,-6,-6,-6) → 4 = sqrt(2)^(4/1)
  HIT: P=(-1,1,-2,-2,-2) Q=(6,3,-6,-6,-6) → 2 = sqrt(2)^(2/1)
  HIT: P=(4,-2,3,3,3) Q=(-4,4,-6,-6,-6) → 2 = sqrt(2)^(2/1)
  HIT: P=(5,-4,6,6,6) Q=(-4,4,-6,-6,-6) → 4 = sqrt(2)^(4/1)
  HIT: P=(3,-4,6,6,6) Q=(-2,4,-6,-6,-6) → 2 = sqrt(2)^(2/1)
  HIT: P=(0,-5,-3,-3,0) Q=(0,4,-6,-6,-6) → 2 = sqrt(2)^(2/1)
  HIT: P=(1,4,-6,-6,-6) Q=(2,4,-6,-6,-6) → 2 = sqrt(2)^(2/1)
  HIT: P=(3,4,-6,-6,-6) Q=(4,4,-6,-6,-6) → 4 = sqrt(2)^(4/1)
  HIT: P=(0,2,-3,-3,-3) Q=(4,4,-6,-6,-6) → 2 = sqrt(2)^(2/1)
  HIT: P=(5,-5,6,6,6) Q=(-4,5,-6,-6,-6) → 4 = sqrt(2)^(4/1)
  HIT: P=(3,-5,6,6,6) Q=(-2,5,-6,-6,-6) → 2 = sqrt(2)^(2/1)
  HIT: P=(1,5,-6,-6,-6) Q=(2,5,-6,-6,-6) → 2 = sqrt(2)^(2/1)
  HIT: P=(3,5,-6,-6,-6) Q=(4,5,-6,-6,-6) → 4 = sqrt(2)^(4/1)
  HIT: P=(5,-2,2,2,2) Q=(-6,6,-6,-6,-6) → 2 = sqrt(2)^(2/1)
  HIT: P=(4,-3,3,3,3) Q=(-4,6,-6,-6,-6) → 2 = sqrt(2)^(2/1)
  HIT: P=(5,-6,6,6,6) Q=(-4,6,-6,-6,-6) → 4 = sqrt(2)^(4/1)
  HIT: P=(3,-6,6,6,6) Q=(-2,6,-6,-6,-6) → 2 = sqrt(2)^(2/1)
  HIT: P=(-1,-5,-2,-2,0) Q=(0,6,-6,-6,-6) → 2 = sqrt(2)^(2/1)
  HIT: P=(1,6,-6,-6,-6) Q=(2,6,-6,-6,-6) → 2 = sqrt(2)^(2/1)
  HIT: P=(3,6,-6,-6,-6) Q=(4,6,-6,-6,-6) → 4 = sqrt(2)^(4/1)
  HIT: P=(0,3,-3,-3,-3) Q=(4,6,-6,-6,-6) → 2 = sqrt(2)^(2/1)
  HIT: P=(-1,2,-2,-2,-2) Q=(6,6,-6,-6,-6) → 2 = sqrt(2)^(2/1)
  HIT: P=(5,6,5,6,6) Q=(-4,-6,-5,-6,-6) → 4 = sqrt(2)^(4/1)
  HIT: P=(3,6,5,6,6) Q=(-2,-6,-5,-6,-6) → 2 = sqrt(2)^(2/1)
  HIT: P=(1,-6,-5,-6,-6) Q=(2,-6,-5,-6,-6) → 2 = sqrt(2)^(2/1)
  HIT: P=(3,-6,-5,-6,-6) Q=(4,-6,-5,-6,-6) → 4 = sqrt(2)^(4/1)
  HIT: P=(5,5,5,6,6) Q=(-4,-5,-5,-6,-6) → 4 = sqrt(2)^(4/1)
  HIT: P=(3,5,5,6,6) Q=(-2,-5,-5,-6,-6) → 2 = sqrt(2)^(2/1)
  HIT: P=(1,-5,-5,-6,-6) Q=(2,-5,-5,-6,-6) → 2 = sqrt(2)^(2/1)
  HIT: P=(3,-5,-5,-6,-6) Q=(4,-5,-5,-6,-6) → 4 = sqrt(2)^(4/1)
  HIT: P=(5,4,5,6,6) Q=(-4,-4,-5,-6,-6) → 4 = sqrt(2)^(4/1)
  HIT: P=(3,4,5,6,6) Q=(-2,-4,-5,-6,-6) → 2 = sqrt(2)^(2/1)
  HIT: P=(5,6,6,6,0) Q=(0,-4,-5,-6,-6) → 4 = sqrt(2)^(4/1)
  HIT: P=(1,-4,-5,-6,-6) Q=(2,-4,-5,-6,-6) → 2 = sqrt(2)^(2/1)
  HIT: P=(3,-4,-5,-6,-6) Q=(4,-4,-5,-6,-6) → 4 = sqrt(2)^(4/1)
  HIT: P=(5,3,5,6,6) Q=(-4,-3,-5,-6,-6) → 4 = sqrt(2)^(4/1)
  HIT: P=(3,3,5,6,6) Q=(-2,-3,-5,-6,-6) → 2 = sqrt(2)^(2/1)
  HIT: P=(1,-3,-5,-6,-6) Q=(2,-3,-5,-6,-6) → 2 = sqrt(2)^(2/1)
  HIT: P=(0,-6,0,-6,0) Q=(2,-3,-5,-6,-6) → 2 = sqrt(2)^(2/1)
  HIT: P=(3,-3,-5,-6,-6) Q=(4,-3,-5,-6,-6) → 4 = sqrt(2)^(4/1)
  HIT: P=(5,2,5,6,6) Q=(-4,-2,-5,-6,-6) → 4 = sqrt(2)^(4/1)
  HIT: P=(3,2,5,6,6) Q=(-2,-2,-5,-6,-6) → 2 = sqrt(2)^(2/1)
  HIT: P=(3,6,6,6,0) Q=(0,-2,-5,-6,-6) → 2 = sqrt(2)^(2/1)
  HIT: P=(1,-2,-5,-6,-6) Q=(2,-2,-5,-6,-6) → 2 = sqrt(2)^(2/1)
  HIT: P=(3,-2,-5,-6,-6) Q=(4,-2,-5,-6,-6) → 4 = sqrt(2)^(4/1)
  HIT: P=(5,1,5,6,6) Q=(-4,-1,-5,-6,-6) → 4 = sqrt(2)^(4/1)
  HIT: P=(3,1,5,6,6) Q=(-2,-1,-5,-6,-6) → 2 = sqrt(2)^(2/1)
  HIT: P=(1,-1,-5,-6,-6) Q=(2,-1,-5,-6,-6) → 2 = sqrt(2)^(2/1)
  HIT: P=(3,-1,-5,-6,-6) Q=(4,-1,-5,-6,-6) → 4 = sqrt(2)^(4/1)
  HIT: P=(2,-6,0,-6,0) Q=(4,-1,-5,-6,-6) → 4 = sqrt(2)^(4/1)
  HIT: P=(5,0,5,6,6) Q=(-4,0,-5,-6,-6) → 4 = sqrt(2)^(4/1)
  HIT: P=(3,0,5,6,6) Q=(-2,0,-5,-6,-6) → 2 = sqrt(2)^(2/1)
  HIT: P=(1,0,-5,-6,-6) Q=(2,0,-5,-6,-6) → 2 = sqrt(2)^(2/1)
  HIT: P=(3,0,-5,-6,-6) Q=(4,0,-5,-6,-6) → 4 = sqrt(2)^(4/1)
  HIT: P=(5,-1,5,6,6) Q=(-4,1,-5,-6,-6) → 4 = sqrt(2)^(4/1)
  HIT: P=(3,-1,5,6,6) Q=(-2,1,-5,-6,-6) → 2 = sqrt(2)^(2/1)
  HIT: P=(1,1,-5,-6,-6) Q=(2,1,-5,-6,-6) → 2 = sqrt(2)^(2/1)
  HIT: P=(3,1,-5,-6,-6) Q=(4,1,-5,-6,-6) → 4 = sqrt(2)^(4/1)
  0.1% (101000000/137858491849) 125 hits, 10102370 candidates/sec, ETA 13636s
  HIT: P=(5,-2,5,6,6) Q=(-4,2,-5,-6,-6) → 4 = sqrt(2)^(4/1)
  HIT: P=(3,-2,5,6,6) Q=(-2,2,-5,-6,-6) → 2 = sqrt(2)^(2/1)
  HIT: P=(1,-6,-6,-6,0) Q=(0,2,-5,-6,-6) → 2 = sqrt(2)^(2/1)
  HIT: P=(1,2,-5,-6,-6) Q=(2,2,-5,-6,-6) → 2 = sqrt(2)^(2/1)
  HIT: P=(3,2,-5,-6,-6) Q=(4,2,-5,-6,-6) → 4 = sqrt(2)^(4/1)
  HIT: P=(5,-3,5,6,6) Q=(-4,3,-5,-6,-6) → 4 = sqrt(2)^(4/1)
  HIT: P=(3,-3,5,6,6) Q=(-2,3,-5,-6,-6) → 2 = sqrt(2)^(2/1)
  HIT: P=(1,3,-5,-6,-6) Q=(2,3,-5,-6,-6) → 2 = sqrt(2)^(2/1)
  HIT: P=(3,3,-5,-6,-6) Q=(4,3,-5,-6,-6) → 4 = sqrt(2)^(4/1)
  HIT: P=(-6,-4,0,-1,-4) Q=(6,3,-5,-6,-6) → -5.39365368244436 = (-3 + -6*1/sqrt(2pi))/1
  HIT: P=(6,4,0,1,4) Q=(6,3,-5,-6,-6) → 5.39365368244436 = (3 + 6*1/sqrt(2pi))/1
  HIT: P=(5,-4,5,6,6) Q=(-4,4,-5,-6,-6) → 4 = sqrt(2)^(4/1)
  HIT: P=(3,-4,5,6,6) Q=(-2,4,-5,-6,-6) → 2 = sqrt(2)^(2/1)
  HIT: P=(3,-6,-6,-6,0) Q=(0,4,-5,-6,-6) → 4 = sqrt(2)^(4/1)
  HIT: P=(1,4,-5,-6,-6) Q=(2,4,-5,-6,-6) → 2 = sqrt(2)^(2/1)
  HIT: P=(3,4,-5,-6,-6) Q=(4,4,-5,-6,-6) → 4 = sqrt(2)^(4/1)
  HIT: P=(-5,-6,-5,0,0) Q=(6,4,-5,-6,-6) → 2 = sqrt(2)^(2/1)
  HIT: P=(5,-5,5,6,6) Q=(-4,5,-5,-6,-6) → 4 = sqrt(2)^(4/1)
  HIT: P=(3,-5,5,6,6) Q=(-2,5,-5,-6,-6) → 2 = sqrt(2)^(2/1)
  HIT: P=(1,5,-5,-6,-6) Q=(2,5,-5,-6,-6) → 2 = sqrt(2)^(2/1)
  HIT: P=(4,-5,4,2,-4) Q=(3,5,-5,-6,-6) → 2.29788396915829 = (2 + 3*e/pi)/2
  HIT: P=(-4,5,-4,-2,4) Q=(3,5,-5,-6,-6) → -2.29788396915829 = (-2 + -3*e/pi)/2
  HIT: P=(3,5,-5,-6,-6) Q=(4,5,-5,-6,-6) → 4 = sqrt(2)^(4/1)
  HIT: P=(5,-6,5,6,6) Q=(-4,6,-5,-6,-6) → 4 = sqrt(2)^(4/1)
  HIT: P=(3,-6,5,6,6) Q=(-2,6,-5,-6,-6) → 2 = sqrt(2)^(2/1)
  HIT: P=(4,-3,-5,-4,0) Q=(-1,6,-5,-6,-6) → 6.442695040944 = (5 + 1*1/ln(2))/1
  HIT: P=(-4,3,5,4,0) Q=(-1,6,-5,-6,-6) → -6.442695040944 = (-5 + -1*1/ln(2))/1
  HIT: P=(1,6,-5,-6,-6) Q=(2,6,-5,-6,-6) → 2 = sqrt(2)^(2/1)
  HIT: P=(3,6,-5,-6,-6) Q=(4,6,-5,-6,-6) → 4 = sqrt(2)^(4/1)
  HIT: P=(4,3,2,3,3) Q=(-4,-6,-4,-6,-6) → 2 = sqrt(2)^(2/1)
  HIT: P=(5,6,4,6,6) Q=(-4,-6,-4,-6,-6) → 4 = sqrt(2)^(4/1)
  HIT: P=(4,5,0,6,0) Q=(-2,-6,-4,-6,-6) → 2 = sqrt(2)^(2/1)
  HIT: P=(3,6,4,6,6) Q=(-2,-6,-4,-6,-6) → 2 = sqrt(2)^(2/1)
  HIT: P=(1,-6,-4,-6,-6) Q=(2,-6,-4,-6,-6) → 2 = sqrt(2)^(2/1)
  HIT: P=(3,-6,-4,-6,-6) Q=(4,-6,-4,-6,-6) → 4 = sqrt(2)^(4/1)
  HIT: P=(0,-3,-2,-3,-3) Q=(4,-6,-4,-6,-6) → 2 = sqrt(2)^(2/1)
  HIT: P=(5,5,4,6,6) Q=(-4,-5,-4,-6,-6) → 4 = sqrt(2)^(4/1)
  HIT: P=(3,5,4,6,6) Q=(-2,-5,-4,-6,-6) → 2 = sqrt(2)^(2/1)
  HIT: P=(1,-5,-4,-6,-6) Q=(2,-5,-4,-6,-6) → 2 = sqrt(2)^(2/1)
  HIT: P=(3,-5,-4,-6,-6) Q=(4,-5,-4,-6,-6) → 4 = sqrt(2)^(4/1)
  HIT: P=(4,2,2,3,3) Q=(-4,-4,-4,-6,-6) → 2 = sqrt(2)^(2/1)
  HIT: P=(5,4,4,6,6) Q=(-4,-4,-4,-6,-6) → 4 = sqrt(2)^(4/1)
  HIT: P=(3,4,4,6,6) Q=(-2,-4,-4,-6,-6) → 2 = sqrt(2)^(2/1)
  HIT: P=(6,6,5,0,0) Q=(0,-4,-4,-6,-6) → 2 = sqrt(2)^(2/1)
  HIT: P=(4,4,3,3,0) Q=(0,-4,-4,-6,-6) → 2 = sqrt(2)^(2/1)
  HIT: P=(5,5,6,6,0) Q=(0,-4,-4,-6,-6) → 4 = sqrt(2)^(4/1)
  HIT: P=(1,-4,-4,-6,-6) Q=(2,-4,-4,-6,-6) → 2 = sqrt(2)^(2/1)
  HIT: P=(3,-4,-4,-6,-6) Q=(4,-4,-4,-6,-6) → 4 = sqrt(2)^(4/1)
  HIT: P=(0,-2,-2,-3,-3) Q=(4,-4,-4,-6,-6) → 2 = sqrt(2)^(2/1)
  HIT: P=(5,3,4,6,6) Q=(-4,-3,-4,-6,-6) → 4 = sqrt(2)^(4/1)
  HIT: P=(3,3,4,6,6) Q=(-2,-3,-4,-6,-6) → 2 = sqrt(2)^(2/1)
  HIT: P=(1,-3,-4,-6,-6) Q=(2,-3,-4,-6,-6) → 2 = sqrt(2)^(2/1)
  HIT: P=(3,-3,-4,-6,-6) Q=(4,-3,-4,-6,-6) → 4 = sqrt(2)^(4/1)
  HIT: P=(4,1,2,3,3) Q=(-4,-2,-4,-6,-6) → 2 = sqrt(2)^(2/1)
  HIT: P=(5,2,4,6,6) Q=(-4,-2,-4,-6,-6) → 4 = sqrt(2)^(4/1)
  HIT: P=(3,2,4,6,6) Q=(-2,-2,-4,-6,-6) → 2 = sqrt(2)^(2/1)
  HIT: P=(3,1,6,-6,0) Q=(0,-2,-4,-6,-6) → 2 = sqrt(2)^(2/1)
  HIT: P=(3,5,6,6,0) Q=(0,-2,-4,-6,-6) → 2 = sqrt(2)^(2/1)
  HIT: P=(1,-2,-4,-6,-6) Q=(2,-2,-4,-6,-6) → 2 = sqrt(2)^(2/1)
  HIT: P=(0,-5,0,-6,0) Q=(2,-2,-4,-6,-6) → 2 = sqrt(2)^(2/1)
  HIT: P=(3,-2,-4,-6,-6) Q=(4,-2,-4,-6,-6) → 4 = sqrt(2)^(4/1)
  HIT: P=(0,-1,-2,-3,-3) Q=(4,-2,-4,-6,-6) → 2 = sqrt(2)^(2/1)
  HIT: P=(5,1,4,6,6) Q=(-4,-1,-4,-6,-6) → 4 = sqrt(2)^(4/1)
  HIT: P=(3,1,4,6,6) Q=(-2,-1,-4,-6,-6) → 2 = sqrt(2)^(2/1)
  HIT: P=(1,-1,-4,-6,-6) Q=(2,-1,-4,-6,-6) → 2 = sqrt(2)^(2/1)
  HIT: P=(3,-1,-4,-6,-6) Q=(4,-1,-4,-6,-6) → 4 = sqrt(2)^(4/1)
  HIT: P=(4,0,2,3,3) Q=(-4,0,-4,-6,-6) → 2 = sqrt(2)^(2/1)
  HIT: P=(5,0,4,6,6) Q=(-4,0,-4,-6,-6) → 4 = sqrt(2)^(4/1)
  HIT: P=(3,0,4,6,6) Q=(-2,0,-4,-6,-6) → 2 = sqrt(2)^(2/1)
  HIT: P=(4,6,5,0,0) Q=(0,0,-4,-6,-6) → 4 = sqrt(2)^(4/1)
  HIT: P=(1,0,-4,-6,-6) Q=(2,0,-4,-6,-6) → 2 = sqrt(2)^(2/1)
  HIT: P=(3,0,-4,-6,-6) Q=(4,0,-4,-6,-6) → 4 = sqrt(2)^(4/1)
  HIT: P=(0,0,-2,-3,-3) Q=(4,0,-4,-6,-6) → 2 = sqrt(2)^(2/1)
  HIT: P=(2,-5,0,-6,0) Q=(4,0,-4,-6,-6) → 4 = sqrt(2)^(4/1)
  HIT: P=(-2,-4,0,-3,0) Q=(4,0,-4,-6,-6) → 2 = sqrt(2)^(2/1)
  HIT: P=(5,-1,4,6,6) Q=(-4,1,-4,-6,-6) → 4 = sqrt(2)^(4/1)
  HIT: P=(3,-1,4,6,6) Q=(-2,1,-4,-6,-6) → 2 = sqrt(2)^(2/1)
  HIT: P=(1,1,-4,-6,-6) Q=(2,1,-4,-6,-6) → 2 = sqrt(2)^(2/1)
  HIT: P=(3,1,-4,-6,-6) Q=(4,1,-4,-6,-6) → 4 = sqrt(2)^(4/1)
  HIT: P=(4,-1,2,3,3) Q=(-4,2,-4,-6,-6) → 2 = sqrt(2)^(2/1)
  HIT: P=(5,-2,4,6,6) Q=(-4,2,-4,-6,-6) → 4 = sqrt(2)^(4/1)
  HIT: P=(3,-2,4,6,6) Q=(-2,2,-4,-6,-6) → 2 = sqrt(2)^(2/1)
  HIT: P=(1,-5,-6,-6,0) Q=(0,2,-4,-6,-6) → 2 = sqrt(2)^(2/1)
  HIT: P=(1,2,-4,-6,-6) Q=(2,2,-4,-6,-6) → 2 = sqrt(2)^(2/1)
  HIT: P=(3,2,-4,-6,-6) Q=(4,2,-4,-6,-6) → 4 = sqrt(2)^(4/1)
  HIT: P=(0,1,-2,-3,-3) Q=(4,2,-4,-6,-6) → 2 = sqrt(2)^(2/1)
  HIT: P=(5,-3,4,6,6) Q=(-4,3,-4,-6,-6) → 4 = sqrt(2)^(4/1)
  HIT: P=(3,-3,4,6,6) Q=(-2,3,-4,-6,-6) → 2 = sqrt(2)^(2/1)
  HIT: P=(1,3,-4,-6,-6) Q=(2,3,-4,-6,-6) → 2 = sqrt(2)^(2/1)
  HIT: P=(-1,-1,-4,6,-6) Q=(2,3,-4,-6,-6) → 2 = sqrt(2)^(2/1)
  HIT: P=(3,3,-4,-6,-6) Q=(4,3,-4,-6,-6) → 4 = sqrt(2)^(4/1)
  HIT: P=(4,-2,2,3,3) Q=(-4,4,-4,-6,-6) → 2 = sqrt(2)^(2/1)
  HIT: P=(5,-4,4,6,6) Q=(-4,4,-4,-6,-6) → 4 = sqrt(2)^(4/1)
  HIT: P=(3,-4,4,6,6) Q=(-2,4,-4,-6,-6) → 2 = sqrt(2)^(2/1)
  HIT: P=(3,-5,-6,-6,0) Q=(0,4,-4,-6,-6) → 4 = sqrt(2)^(4/1)
  HIT: P=(0,-4,-3,-3,0) Q=(0,4,-4,-6,-6) → 2 = sqrt(2)^(2/1)
  HIT: P=(0,-4,6,-3,0) Q=(0,4,-4,-6,-6) → 2 = sqrt(2)^(2/1)
  HIT: P=(1,4,-4,-6,-6) Q=(2,4,-4,-6,-6) → 2 = sqrt(2)^(2/1)
  HIT: P=(3,4,-4,-6,-6) Q=(4,4,-4,-6,-6) → 4 = sqrt(2)^(4/1)
  HIT: P=(0,2,-2,-3,-3) Q=(4,4,-4,-6,-6) → 2 = sqrt(2)^(2/1)
  HIT: P=(5,-5,4,6,6) Q=(-4,5,-4,-6,-6) → 4 = sqrt(2)^(4/1)
  HIT: P=(3,-5,4,6,6) Q=(-2,5,-4,-6,-6) → 2 = sqrt(2)^(2/1)
  HIT: P=(1,5,-4,-6,-6) Q=(2,5,-4,-6,-6) → 2 = sqrt(2)^(2/1)
  HIT: P=(3,5,-4,-6,-6) Q=(4,5,-4,-6,-6) → 4 = sqrt(2)^(4/1)
  HIT: P=(4,-3,2,3,3) Q=(-4,6,-4,-6,-6) → 2 = sqrt(2)^(2/1)
  HIT: P=(5,-6,4,6,6) Q=(-4,6,-4,-6,-6) → 4 = sqrt(2)^(4/1)
  HIT: P=(3,-6,4,6,6) Q=(-2,6,-4,-6,-6) → 2 = sqrt(2)^(2/1)
  HIT: P=(1,6,-4,-6,-6) Q=(2,6,-4,-6,-6) → 2 = sqrt(2)^(2/1)
  HIT: P=(3,6,-4,-6,-6) Q=(4,6,-4,-6,-6) → 4 = sqrt(2)^(4/1)
  HIT: P=(0,3,-2,-3,-3) Q=(4,6,-4,-6,-6) → 2 = sqrt(2)^(2/1)
  HIT: P=(5,2,1,2,2) Q=(-6,-6,-3,-6,-6) → 2 = sqrt(2)^(2/1)
  HIT: P=(5,6,3,6,6) Q=(-4,-6,-3,-6,-6) → 4 = sqrt(2)^(4/1)
  HIT: P=(3,6,3,6,6) Q=(-2,-6,-3,-6,-6) → 2 = sqrt(2)^(2/1)
  HIT: P=(5,4,2,2,0) Q=(0,-6,-3,-6,-6) → 2 = sqrt(2)^(2/1)
  HIT: P=(1,-6,-3,-6,-6) Q=(2,-6,-3,-6,-6) → 2 = sqrt(2)^(2/1)
  HIT: P=(3,-6,-3,-6,-6) Q=(4,-6,-3,-6,-6) → 4 = sqrt(2)^(4/1)
  HIT: P=(-1,-2,-1,-2,-2) Q=(6,-6,-3,-6,-6) → 2 = sqrt(2)^(2/1)
  HIT: P=(5,5,3,6,6) Q=(-4,-5,-3,-6,-6) → 4 = sqrt(2)^(4/1)
  HIT: P=(4,4,0,6,0) Q=(-2,-5,-3,-6,-6) → 2 = sqrt(2)^(2/1)
  HIT: P=(3,5,3,6,6) Q=(-2,-5,-3,-6,-6) → 2 = sqrt(2)^(2/1)
  HIT: P=(1,-5,-3,-6,-6) Q=(2,-5,-3,-6,-6) → 2 = sqrt(2)^(2/1)
  HIT: P=(3,-5,-3,-6,-6) Q=(4,-5,-3,-6,-6) → 4 = sqrt(2)^(4/1)
  HIT: P=(5,4,3,6,6) Q=(-4,-4,-3,-6,-6) → 4 = sqrt(2)^(4/1)
  HIT: P=(3,4,3,6,6) Q=(-2,-4,-3,-6,-6) → 2 = sqrt(2)^(2/1)
  HIT: P=(5,4,6,6,0) Q=(0,-4,-3,-6,-6) → 4 = sqrt(2)^(4/1)
  HIT: P=(1,-4,-3,-6,-6) Q=(2,-4,-3,-6,-6) → 2 = sqrt(2)^(2/1)
  0.1% (201000000/137858491849) 251 hits, 10102512 candidates/sec, ETA 13626s
  HIT: P=(3,-4,-3,-6,-6) Q=(4,-4,-3,-6,-6) → 4 = sqrt(2)^(4/1)
  HIT: P=(5,1,1,2,2) Q=(-6,-3,-3,-6,-6) → 2 = sqrt(2)^(2/1)
  HIT: P=(5,3,3,6,6) Q=(-4,-3,-3,-6,-6) → 4 = sqrt(2)^(4/1)
  HIT: P=(3,3,3,6,6) Q=(-2,-3,-3,-6,-6) → 2 = sqrt(2)^(2/1)
  HIT: P=(1,-3,-3,-6,-6) Q=(2,-3,-3,-6,-6) → 2 = sqrt(2)^(2/1)
  HIT: P=(3,-3,-3,-6,-6) Q=(4,-3,-3,-6,-6) → 4 = sqrt(2)^(4/1)
  HIT: P=(-1,-1,-1,-2,-2) Q=(6,-3,-3,-6,-6) → 2 = sqrt(2)^(2/1)
  HIT: P=(5,2,3,6,6) Q=(-4,-2,-3,-6,-6) → 4 = sqrt(2)^(4/1)
  HIT: P=(3,2,3,6,6) Q=(-2,-2,-3,-6,-6) → 2 = sqrt(2)^(2/1)
  HIT: P=(3,4,6,6,0) Q=(0,-2,-3,-6,-6) → 2 = sqrt(2)^(2/1)
  HIT: P=(1,-2,-3,-6,-6) Q=(2,-2,-3,-6,-6) → 2 = sqrt(2)^(2/1)
  HIT: P=(3,-2,-3,-6,-6) Q=(4,-2,-3,-6,-6) → 4 = sqrt(2)^(4/1)
  HIT: P=(5,1,3,6,6) Q=(-4,-1,-3,-6,-6) → 4 = sqrt(2)^(4/1)
  HIT: P=(3,1,3,6,6) Q=(-2,-1,-3,-6,-6) → 2 = sqrt(2)^(2/1)
  HIT: P=(1,-1,-3,-6,-6) Q=(2,-1,-3,-6,-6) → 2 = sqrt(2)^(2/1)
  HIT: P=(0,-4,0,-6,0) Q=(2,-1,-3,-6,-6) → 2 = sqrt(2)^(2/1)
  HIT: P=(3,-1,-3,-6,-6) Q=(4,-1,-3,-6,-6) → 4 = sqrt(2)^(4/1)
  HIT: P=(5,0,1,2,2) Q=(-6,0,-3,-6,-6) → 2 = sqrt(2)^(2/1)
  HIT: P=(5,0,3,6,6) Q=(-4,0,-3,-6,-6) → 4 = sqrt(2)^(4/1)
  HIT: P=(3,0,3,6,6) Q=(-2,0,-3,-6,-6) → 2 = sqrt(2)^(2/1)
  HIT: P=(1,0,-3,-6,-6) Q=(2,0,-3,-6,-6) → 2 = sqrt(2)^(2/1)
  HIT: P=(3,0,-3,-6,-6) Q=(4,0,-3,-6,-6) → 4 = sqrt(2)^(4/1)
  HIT: P=(-1,0,-1,-2,-2) Q=(6,0,-3,-6,-6) → 2 = sqrt(2)^(2/1)
  HIT: P=(5,-1,3,6,6) Q=(-4,1,-3,-6,-6) → 4 = sqrt(2)^(4/1)
  HIT: P=(3,-1,3,6,6) Q=(-2,1,-3,-6,-6) → 2 = sqrt(2)^(2/1)
  HIT: P=(1,1,-3,-6,-6) Q=(2,1,-3,-6,-6) → 2 = sqrt(2)^(2/1)
  HIT: P=(3,1,-3,-6,-6) Q=(4,1,-3,-6,-6) → 4 = sqrt(2)^(4/1)
  HIT: P=(2,-4,0,-6,0) Q=(4,1,-3,-6,-6) → 4 = sqrt(2)^(4/1)
  HIT: P=(1,-1,6,4,-1) Q=(-6,2,-3,-6,-6) → -1.07398486804058 = (-7 + 7*ln(2))/2
  HIT: P=(-1,1,-6,-4,1) Q=(-6,2,-3,-6,-6) → 1.07398486804058 = (7 + -7*ln(2))/2
  HIT: P=(5,-2,3,6,6) Q=(-4,2,-3,-6,-6) → 4 = sqrt(2)^(4/1)
  HIT: P=(3,-2,3,6,6) Q=(-2,2,-3,-6,-6) → 2 = sqrt(2)^(2/1)
  HIT: P=(1,-4,-6,-6,0) Q=(0,2,-3,-6,-6) → 2 = sqrt(2)^(2/1)
  HIT: P=(1,2,-3,-6,-6) Q=(2,2,-3,-6,-6) → 2 = sqrt(2)^(2/1)
  HIT: P=(3,2,-3,-6,-6) Q=(4,2,-3,-6,-6) → 4 = sqrt(2)^(4/1)
  HIT: P=(5,-1,1,2,2) Q=(-6,3,-3,-6,-6) → 2 = sqrt(2)^(2/1)
  HIT: P=(1,-6,6,4,-1) Q=(-4,3,-3,-6,-6) → 6.5235987756132 = (6 + 1*pi/6)/1
  HIT: P=(-1,6,-6,-4,1) Q=(-4,3,-3,-6,-6) → -6.5235987756132 = (-6 + -1*pi/6)/1
  HIT: P=(5,-3,3,6,6) Q=(-4,3,-3,-6,-6) → 4 = sqrt(2)^(4/1)
  HIT: P=(3,-3,3,6,6) Q=(-2,3,-3,-6,-6) → 2 = sqrt(2)^(2/1)
  HIT: P=(1,3,-3,-6,-6) Q=(2,3,-3,-6,-6) → 2 = sqrt(2)^(2/1)
  HIT: P=(3,3,-3,-6,-6) Q=(4,3,-3,-6,-6) → 4 = sqrt(2)^(4/1)
  HIT: P=(-1,1,-1,-2,-2) Q=(6,3,-3,-6,-6) → 2 = sqrt(2)^(2/1)
  HIT: P=(-4,-4,0,-2,0) Q=(6,3,-3,-6,-6) → 2 = sqrt(2)^(2/1)
  HIT: P=(5,-4,3,6,6) Q=(-4,4,-3,-6,-6) → 4 = sqrt(2)^(4/1)
  HIT: P=(3,-4,3,6,6) Q=(-2,4,-3,-6,-6) → 2 = sqrt(2)^(2/1)
  HIT: P=(3,-4,-6,-6,0) Q=(0,4,-3,-6,-6) → 4 = sqrt(2)^(4/1)
  HIT: P=(1,4,-3,-6,-6) Q=(2,4,-3,-6,-6) → 2 = sqrt(2)^(2/1)
  HIT: P=(3,4,-3,-6,-6) Q=(4,4,-3,-6,-6) → 4 = sqrt(2)^(4/1)
  HIT: P=(5,-5,3,6,6) Q=(-4,5,-3,-6,-6) → 4 = sqrt(2)^(4/1)
  HIT: P=(3,-5,3,6,6) Q=(-2,5,-3,-6,-6) → 2 = sqrt(2)^(2/1)
  HIT: P=(1,5,-3,-6,-6) Q=(2,5,-3,-6,-6) → 2 = sqrt(2)^(2/1)
  HIT: P=(3,5,-3,-6,-6) Q=(4,5,-3,-6,-6) → 4 = sqrt(2)^(4/1)
  HIT: P=(5,-2,1,2,2) Q=(-6,6,-3,-6,-6) → 2 = sqrt(2)^(2/1)
  HIT: P=(5,-6,3,6,6) Q=(-4,6,-3,-6,-6) → 4 = sqrt(2)^(4/1)
  HIT: P=(3,-6,3,6,6) Q=(-2,6,-3,-6,-6) → 2 = sqrt(2)^(2/1)
  HIT: P=(-1,-4,-2,-2,0) Q=(0,6,-3,-6,-6) → 2 = sqrt(2)^(2/1)
  HIT: P=(1,6,-3,-6,-6) Q=(2,6,-3,-6,-6) → 2 = sqrt(2)^(2/1)
  HIT: P=(3,6,-3,-6,-6) Q=(4,6,-3,-6,-6) → 4 = sqrt(2)^(4/1)
  HIT: P=(-1,2,-1,-2,-2) Q=(6,6,-3,-6,-6) → 2 = sqrt(2)^(2/1)
  HIT: P=(6,3,0,3,0) Q=(-4,-6,-2,-6,-6) → 2 = sqrt(2)^(2/1)
  HIT: P=(6,3,0,6,0) Q=(-4,-6,-2,-6,-6) → 4 = sqrt(2)^(4/1)
  HIT: P=(4,3,1,3,3) Q=(-4,-6,-2,-6,-6) → 2 = sqrt(2)^(2/1)
  HIT: P=(5,6,2,6,6) Q=(-4,-6,-2,-6,-6) → 4 = sqrt(2)^(4/1)
  HIT: P=(3,6,2,6,6) Q=(-2,-6,-2,-6,-6) → 2 = sqrt(2)^(2/1)
  HIT: P=(1,-6,-2,-6,-6) Q=(2,-6,-2,-6,-6) → 2 = sqrt(2)^(2/1)
  HIT: P=(3,-6,-2,-6,-6) Q=(4,-6,-2,-6,-6) → 4 = sqrt(2)^(4/1)
  HIT: P=(0,-3,-1,-3,-3) Q=(4,-6,-2,-6,-6) → 2 = sqrt(2)^(2/1)
  HIT: P=(5,5,2,6,6) Q=(-4,-5,-2,-6,-6) → 4 = sqrt(2)^(4/1)
  HIT: P=(3,5,2,6,6) Q=(-2,-5,-2,-6,-6) → 2 = sqrt(2)^(2/1)
  HIT: P=(1,-5,-2,-6,-6) Q=(2,-5,-2,-6,-6) → 2 = sqrt(2)^(2/1)
  HIT: P=(3,-5,-2,-6,-6) Q=(4,-5,-2,-6,-6) → 4 = sqrt(2)^(4/1)
  HIT: P=(4,2,1,3,3) Q=(-4,-4,-2,-6,-6) → 2 = sqrt(2)^(2/1)
  HIT: P=(5,4,2,6,6) Q=(-4,-4,-2,-6,-6) → 4 = sqrt(2)^(4/1)
  HIT: P=(4,3,0,6,0) Q=(-2,-4,-2,-6,-6) → 2 = sqrt(2)^(2/1)
  HIT: P=(3,4,2,6,6) Q=(-2,-4,-2,-6,-6) → 2 = sqrt(2)^(2/1)
  HIT: P=(4,3,3,3,0) Q=(0,-4,-2,-6,-6) → 2 = sqrt(2)^(2/1)
  HIT: P=(5,3,6,6,0) Q=(0,-4,-2,-6,-6) → 4 = sqrt(2)^(4/1)
  HIT: P=(1,-4,-2,-6,-6) Q=(2,-4,-2,-6,-6) → 2 = sqrt(2)^(2/1)
  HIT: P=(3,-4,-2,-6,-6) Q=(4,-4,-2,-6,-6) → 4 = sqrt(2)^(4/1)
  HIT: P=(0,-2,-1,-3,-3) Q=(4,-4,-2,-6,-6) → 2 = sqrt(2)^(2/1)
  HIT: P=(5,3,2,6,6) Q=(-4,-3,-2,-6,-6) → 4 = sqrt(2)^(4/1)
  HIT: P=(3,3,2,6,6) Q=(-2,-3,-2,-6,-6) → 2 = sqrt(2)^(2/1)
  HIT: P=(1,-3,-2,-6,-6) Q=(2,-3,-2,-6,-6) → 2 = sqrt(2)^(2/1)
  HIT: P=(3,-3,-2,-6,-6) Q=(4,-3,-2,-6,-6) → 4 = sqrt(2)^(4/1)
  HIT: P=(4,1,1,3,3) Q=(-4,-2,-2,-6,-6) → 2 = sqrt(2)^(2/1)
  HIT: P=(5,2,2,6,6) Q=(-4,-2,-2,-6,-6) → 4 = sqrt(2)^(4/1)
  HIT: P=(3,2,2,6,6) Q=(-2,-2,-2,-6,-6) → 2 = sqrt(2)^(2/1)
  HIT: P=(3,3,6,6,0) Q=(0,-2,-2,-6,-6) → 2 = sqrt(2)^(2/1)
  HIT: P=(1,-2,-2,-6,-6) Q=(2,-2,-2,-6,-6) → 2 = sqrt(2)^(2/1)
  HIT: P=(3,-2,-2,-6,-6) Q=(4,-2,-2,-6,-6) → 4 = sqrt(2)^(4/1)
  HIT: P=(0,-1,-1,-3,-3) Q=(4,-2,-2,-6,-6) → 2 = sqrt(2)^(2/1)
  HIT: P=(5,1,2,6,6) Q=(-4,-1,-2,-6,-6) → 4 = sqrt(2)^(4/1)
  HIT: P=(3,1,2,6,6) Q=(-2,-1,-2,-6,-6) → 2 = sqrt(2)^(2/1)
  HIT: P=(1,-1,-2,-6,-6) Q=(2,-1,-2,-6,-6) → 2 = sqrt(2)^(2/1)
  HIT: P=(3,-1,-2,-6,-6) Q=(4,-1,-2,-6,-6) → 4 = sqrt(2)^(4/1)
  HIT: P=(4,0,1,3,3) Q=(-4,0,-2,-6,-6) → 2 = sqrt(2)^(2/1)
  HIT: P=(5,0,2,6,6) Q=(-4,0,-2,-6,-6) → 4 = sqrt(2)^(4/1)
  HIT: P=(3,0,2,6,6) Q=(-2,0,-2,-6,-6) → 2 = sqrt(2)^(2/1)
  HIT: P=(1,0,-2,-6,-6) Q=(2,0,-2,-6,-6) → 2 = sqrt(2)^(2/1)
  HIT: P=(0,-3,0,-6,0) Q=(2,0,-2,-6,-6) → 2 = sqrt(2)^(2/1)
  HIT: P=(3,0,-2,-6,-6) Q=(4,0,-2,-6,-6) → 4 = sqrt(2)^(4/1)
  HIT: P=(0,0,-1,-3,-3) Q=(4,0,-2,-6,-6) → 2 = sqrt(2)^(2/1)
  HIT: P=(5,-1,2,6,6) Q=(-4,1,-2,-6,-6) → 4 = sqrt(2)^(4/1)
  HIT: P=(3,-1,2,6,6) Q=(-2,1,-2,-6,-6) → 2 = sqrt(2)^(2/1)
  HIT: P=(1,1,-2,-6,-6) Q=(2,1,-2,-6,-6) → 2 = sqrt(2)^(2/1)
  HIT: P=(3,1,-2,-6,-6) Q=(4,1,-2,-6,-6) → 4 = sqrt(2)^(4/1)
  HIT: P=(4,-1,1,3,3) Q=(-4,2,-2,-6,-6) → 2 = sqrt(2)^(2/1)
  HIT: P=(5,-2,2,6,6) Q=(-4,2,-2,-6,-6) → 4 = sqrt(2)^(4/1)
  HIT: P=(3,-2,2,6,6) Q=(-2,2,-2,-6,-6) → 2 = sqrt(2)^(2/1)
  HIT: P=(1,-3,-6,-6,0) Q=(0,2,-2,-6,-6) → 2 = sqrt(2)^(2/1)
  HIT: P=(1,2,-2,-6,-6) Q=(2,2,-2,-6,-6) → 2 = sqrt(2)^(2/1)
  HIT: P=(3,2,-2,-6,-6) Q=(4,2,-2,-6,-6) → 4 = sqrt(2)^(4/1)
  HIT: P=(0,1,-1,-3,-3) Q=(4,2,-2,-6,-6) → 2 = sqrt(2)^(2/1)
  HIT: P=(2,-3,0,-6,0) Q=(4,2,-2,-6,-6) → 4 = sqrt(2)^(4/1)
  HIT: P=(-2,-3,0,-3,0) Q=(4,2,-2,-6,-6) → 2 = sqrt(2)^(2/1)
  HIT: P=(5,-3,2,6,6) Q=(-4,3,-2,-6,-6) → 4 = sqrt(2)^(4/1)
  HIT: P=(3,-3,2,6,6) Q=(-2,3,-2,-6,-6) → 2 = sqrt(2)^(2/1)
  HIT: P=(1,3,-2,-6,-6) Q=(2,3,-2,-6,-6) → 2 = sqrt(2)^(2/1)
  HIT: P=(-5,3,-2,6,-6) Q=(2,3,-2,-6,-6) → 2 = sqrt(2)^(2/1)
  HIT: P=(3,3,-2,-6,-6) Q=(4,3,-2,-6,-6) → 4 = sqrt(2)^(4/1)
  HIT: P=(4,-2,1,3,3) Q=(-4,4,-2,-6,-6) → 2 = sqrt(2)^(2/1)
  HIT: P=(5,-4,2,6,6) Q=(-4,4,-2,-6,-6) → 4 = sqrt(2)^(4/1)
  0.2% (301000000/137858491849) 374 hits, 10102540 candidates/sec, ETA 13616s
  HIT: P=(3,-4,2,6,6) Q=(-2,4,-2,-6,-6) → 2 = sqrt(2)^(2/1)
  HIT: P=(3,-3,-6,-6,0) Q=(0,4,-2,-6,-6) → 4 = sqrt(2)^(4/1)
  HIT: P=(0,-3,-3,-3,0) Q=(0,4,-2,-6,-6) → 2 = sqrt(2)^(2/1)
  HIT: P=(1,4,-2,-6,-6) Q=(2,4,-2,-6,-6) → 2 = sqrt(2)^(2/1)
  HIT: P=(3,4,-2,-6,-6) Q=(4,4,-2,-6,-6) → 4 = sqrt(2)^(4/1)
  HIT: P=(0,2,-1,-3,-3) Q=(4,4,-2,-6,-6) → 2 = sqrt(2)^(2/1)
  HIT: P=(-4,-6,-5,0,0) Q=(4,4,-2,-6,-6) → 2 = sqrt(2)^(2/1)
  HIT: P=(5,-5,2,6,6) Q=(-4,5,-2,-6,-6) → 4 = sqrt(2)^(4/1)
  HIT: P=(3,-5,2,6,6) Q=(-2,5,-2,-6,-6) → 2 = sqrt(2)^(2/1)
  HIT: P=(1,5,-2,-6,-6) Q=(2,5,-2,-6,-6) → 2 = sqrt(2)^(2/1)
  HIT: P=(3,5,-2,-6,-6) Q=(4,5,-2,-6,-6) → 4 = sqrt(2)^(4/1)
  HIT: P=(1,-3,-2,6,-6) Q=(4,5,-2,-6,-6) → 4 = sqrt(2)^(4/1)
  HIT: P=(4,-3,1,3,3) Q=(-4,6,-2,-6,-6) → 2 = sqrt(2)^(2/1)
  HIT: P=(5,-6,2,6,6) Q=(-4,6,-2,-6,-6) → 4 = sqrt(2)^(4/1)
  HIT: P=(3,-6,2,6,6) Q=(-2,6,-2,-6,-6) → 2 = sqrt(2)^(2/1)
  HIT: P=(1,6,-2,-6,-6) Q=(2,6,-2,-6,-6) → 2 = sqrt(2)^(2/1)
  HIT: P=(3,6,-2,-6,-6) Q=(4,6,-2,-6,-6) → 4 = sqrt(2)^(4/1)
  HIT: P=(0,3,-1,-3,-3) Q=(4,6,-2,-6,-6) → 2 = sqrt(2)^(2/1)
  HIT: P=(5,6,1,6,6) Q=(-4,-6,-1,-6,-6) → 4 = sqrt(2)^(4/1)
  HIT: P=(3,6,1,6,6) Q=(-2,-6,-1,-6,-6) → 2 = sqrt(2)^(2/1)
  HIT: P=(1,-6,-1,-6,-6) Q=(2,-6,-1,-6,-6) → 2 = sqrt(2)^(2/1)
  HIT: P=(3,-6,-1,-6,-6) Q=(4,-6,-1,-6,-6) → 4 = sqrt(2)^(4/1)
  HIT: P=(6,2,0,6,0) Q=(-4,-5,-1,-6,-6) → 4 = sqrt(2)^(4/1)
  HIT: P=(5,5,1,6,6) Q=(-4,-5,-1,-6,-6) → 4 = sqrt(2)^(4/1)
  HIT: P=(3,5,1,6,6) Q=(-2,-5,-1,-6,-6) → 2 = sqrt(2)^(2/1)
  HIT: P=(1,-5,-1,-6,-6) Q=(2,-5,-1,-6,-6) → 2 = sqrt(2)^(2/1)
  HIT: P=(3,-5,-1,-6,-6) Q=(4,-5,-1,-6,-6) → 4 = sqrt(2)^(4/1)
  HIT: P=(5,4,1,6,6) Q=(-4,-4,-1,-6,-6) → 4 = sqrt(2)^(4/1)
  HIT: P=(3,4,1,6,6) Q=(-2,-4,-1,-6,-6) → 2 = sqrt(2)^(2/1)
  HIT: P=(5,2,6,6,0) Q=(0,-4,-1,-6,-6) → 4 = sqrt(2)^(4/1)
  HIT: P=(1,-4,-1,-6,-6) Q=(2,-4,-1,-6,-6) → 2 = sqrt(2)^(2/1)
  HIT: P=(5,6,5,0,0) Q=(2,-4,-1,-6,-6) → 2 = sqrt(2)^(2/1)
  HIT: P=(3,-4,-1,-6,-6) Q=(4,-4,-1,-6,-6) → 4 = sqrt(2)^(4/1)
  HIT: P=(5,3,1,6,6) Q=(-4,-3,-1,-6,-6) → 4 = sqrt(2)^(4/1)
  HIT: P=(4,2,0,6,0) Q=(-2,-3,-1,-6,-6) → 2 = sqrt(2)^(2/1)
  HIT: P=(3,3,1,6,6) Q=(-2,-3,-1,-6,-6) → 2 = sqrt(2)^(2/1)
  HIT: P=(1,-3,-1,-6,-6) Q=(2,-3,-1,-6,-6) → 2 = sqrt(2)^(2/1)
  HIT: P=(3,-3,-1,-6,-6) Q=(4,-3,-1,-6,-6) → 4 = sqrt(2)^(4/1)
  HIT: P=(5,2,1,6,6) Q=(-4,-2,-1,-6,-6) → 4 = sqrt(2)^(4/1)
  HIT: P=(3,2,1,6,6) Q=(-2,-2,-1,-6,-6) → 2 = sqrt(2)^(2/1)
  HIT: P=(3,2,6,6,0) Q=(0,-2,-1,-6,-6) → 2 = sqrt(2)^(2/1)
  HIT: P=(1,-2,-1,-6,-6) Q=(2,-2,-1,-6,-6) → 2 = sqrt(2)^(2/1)
  HIT: P=(3,-2,-1,-6,-6) Q=(4,-2,-1,-6,-6) → 4 = sqrt(2)^(4/1)
  HIT: P=(5,1,1,6,6) Q=(-4,-1,-1,-6,-6) → 4 = sqrt(2)^(4/1)
  HIT: P=(3,1,1,6,6) Q=(-2,-1,-1,-6,-6) → 2 = sqrt(2)^(2/1)
  HIT: P=(1,-1,-1,-6,-6) Q=(2,-1,-1,-6,-6) → 2 = sqrt(2)^(2/1)
  HIT: P=(3,-1,-1,-6,-6) Q=(4,-1,-1,-6,-6) → 4 = sqrt(2)^(4/1)
  HIT: P=(5,0,1,6,6) Q=(-4,0,-1,-6,-6) → 4 = sqrt(2)^(4/1)
  HIT: P=(3,0,1,6,6) Q=(-2,0,-1,-6,-6) → 2 = sqrt(2)^(2/1)
  HIT: P=(1,0,-1,-6,-6) Q=(2,0,-1,-6,-6) → 2 = sqrt(2)^(2/1)
  HIT: P=(3,0,-1,-6,-6) Q=(4,0,-1,-6,-6) → 4 = sqrt(2)^(4/1)
  HIT: P=(5,-1,1,6,6) Q=(-4,1,-1,-6,-6) → 4 = sqrt(2)^(4/1)
  HIT: P=(3,-1,1,6,6) Q=(-2,1,-1,-6,-6) → 2 = sqrt(2)^(2/1)
  HIT: P=(1,1,-1,-6,-6) Q=(2,1,-1,-6,-6) → 2 = sqrt(2)^(2/1)
  HIT: P=(0,-2,0,-6,0) Q=(2,1,-1,-6,-6) → 2 = sqrt(2)^(2/1)
  HIT: P=(3,1,-1,-6,-6) Q=(4,1,-1,-6,-6) → 4 = sqrt(2)^(4/1)
  HIT: P=(5,-2,1,6,6) Q=(-4,2,-1,-6,-6) → 4 = sqrt(2)^(4/1)
  HIT: P=(3,-2,1,6,6) Q=(-2,2,-1,-6,-6) → 2 = sqrt(2)^(2/1)
  HIT: P=(1,-2,-6,-6,0) Q=(0,2,-1,-6,-6) → 2 = sqrt(2)^(2/1)
  HIT: P=(1,2,-1,-6,-6) Q=(2,2,-1,-6,-6) → 2 = sqrt(2)^(2/1)
  HIT: P=(3,2,-1,-6,-6) Q=(4,2,-1,-6,-6) → 4 = sqrt(2)^(4/1)
  HIT: P=(5,-3,1,6,6) Q=(-4,3,-1,-6,-6) → 4 = sqrt(2)^(4/1)
  HIT: P=(3,-3,1,6,6) Q=(-2,3,-1,-6,-6) → 2 = sqrt(2)^(2/1)
  HIT: P=(1,3,-1,-6,-6) Q=(2,3,-1,-6,-6) → 2 = sqrt(2)^(2/1)
  HIT: P=(3,3,-1,-6,-6) Q=(4,3,-1,-6,-6) → 4 = sqrt(2)^(4/1)
  HIT: P=(2,-2,0,-6,0) Q=(4,3,-1,-6,-6) → 4 = sqrt(2)^(4/1)
  HIT: P=(5,-4,1,6,6) Q=(-4,4,-1,-6,-6) → 4 = sqrt(2)^(4/1)
  HIT: P=(3,-4,1,6,6) Q=(-2,4,-1,-6,-6) → 2 = sqrt(2)^(2/1)
  HIT: P=(3,-2,-6,-6,0) Q=(0,4,-1,-6,-6) → 4 = sqrt(2)^(4/1)
  HIT: P=(1,4,-1,-6,-6) Q=(2,4,-1,-6,-6) → 2 = sqrt(2)^(2/1)
  HIT: P=(-3,0,-1,6,-6) Q=(2,4,-1,-6,-6) → 2 = sqrt(2)^(2/1)
  HIT: P=(3,4,-1,-6,-6) Q=(4,4,-1,-6,-6) → 4 = sqrt(2)^(4/1)
  HIT: P=(5,-5,1,6,6) Q=(-4,5,-1,-6,-6) → 4 = sqrt(2)^(4/1)
  HIT: P=(3,-5,1,6,6) Q=(-2,5,-1,-6,-6) → 2 = sqrt(2)^(2/1)
  HIT: P=(1,5,-1,-6,-6) Q=(2,5,-1,-6,-6) → 2 = sqrt(2)^(2/1)
  HIT: P=(3,5,-1,-6,-6) Q=(4,5,-1,-6,-6) → 4 = sqrt(2)^(4/1)
  HIT: P=(5,-6,1,6,6) Q=(-4,6,-1,-6,-6) → 4 = sqrt(2)^(4/1)
  HIT: P=(3,-6,1,6,6) Q=(-2,6,-1,-6,-6) → 2 = sqrt(2)^(2/1)
  HIT: P=(1,6,-1,-6,-6) Q=(2,6,-1,-6,-6) → 2 = sqrt(2)^(2/1)
  HIT: P=(3,6,-1,-6,-6) Q=(4,6,-1,-6,-6) → 4 = sqrt(2)^(4/1)
  HIT: P=(5,2,0,2,2) Q=(-6,-6,0,-6,-6) → 2 = sqrt(2)^(2/1)
  HIT: P=(4,3,0,3,3) Q=(-4,-6,0,-6,-6) → 2 = sqrt(2)^(2/1)
  HIT: P=(5,6,0,6,6) Q=(-4,-6,0,-6,-6) → 4 = sqrt(2)^(4/1)
  HIT: P=(3,6,0,6,6) Q=(-2,-6,0,-6,-6) → 2 = sqrt(2)^(2/1)
  HIT: P=(5,3,2,2,0) Q=(0,-6,0,-6,-6) → 2 = sqrt(2)^(2/1)
  HIT: P=(1,-6,0,-6,-6) Q=(2,-6,0,-6,-6) → 2 = sqrt(2)^(2/1)
  HIT: P=(3,-6,0,-6,-6) Q=(4,-6,0,-6,-6) → 4 = sqrt(2)^(4/1)
  HIT: P=(0,-3,0,-3,-3) Q=(4,-6,0,-6,-6) → 2 = sqrt(2)^(2/1)
  HIT: P=(-1,-2,0,-2,-2) Q=(6,-6,0,-6,-6) → 2 = sqrt(2)^(2/1)
  HIT: P=(5,5,0,6,6) Q=(-4,-5,0,-6,-6) → 4 = sqrt(2)^(4/1)
  HIT: P=(3,5,0,6,6) Q=(-2,-5,0,-6,-6) → 2 = sqrt(2)^(2/1)
  HIT: P=(1,-5,0,-6,-6) Q=(2,-5,0,-6,-6) → 2 = sqrt(2)^(2/1)
  HIT: P=(3,-5,0,-6,-6) Q=(4,-5,0,-6,-6) → 4 = sqrt(2)^(4/1)
  HIT: P=(6,2,0,3,0) Q=(-4,-4,0,-6,-6) → 2 = sqrt(2)^(2/1)
  HIT: P=(6,1,0,6,0) Q=(-4,-4,0,-6,-6) → 4 = sqrt(2)^(4/1)
  HIT: P=(4,2,0,3,3) Q=(-4,-4,0,-6,-6) → 2 = sqrt(2)^(2/1)
  HIT: P=(5,4,0,6,6) Q=(-4,-4,0,-6,-6) → 4 = sqrt(2)^(4/1)
  HIT: P=(3,4,0,6,6) Q=(-2,-4,0,-6,-6) → 2 = sqrt(2)^(2/1)
  HIT: P=(4,2,3,3,0) Q=(0,-4,0,-6,-6) → 2 = sqrt(2)^(2/1)
  HIT: P=(1,1,-6,6,0) Q=(0,-4,0,-6,-6) → 4 = sqrt(2)^(4/1)
  HIT: P=(5,1,6,6,0) Q=(0,-4,0,-6,-6) → 4 = sqrt(2)^(4/1)
  HIT: P=(1,-4,0,-6,-6) Q=(2,-4,0,-6,-6) → 2 = sqrt(2)^(2/1)
  HIT: P=(3,-4,0,-6,-6) Q=(4,-4,0,-6,-6) → 4 = sqrt(2)^(4/1)
  HIT: P=(0,-2,0,-3,-3) Q=(4,-4,0,-6,-6) → 2 = sqrt(2)^(2/1)
  HIT: P=(5,1,0,2,2) Q=(-6,-3,0,-6,-6) → 2 = sqrt(2)^(2/1)
  HIT: P=(5,3,0,6,6) Q=(-4,-3,0,-6,-6) → 4 = sqrt(2)^(4/1)
  HIT: P=(3,3,0,6,6) Q=(-2,-3,0,-6,-6) → 2 = sqrt(2)^(2/1)
  HIT: P=(1,-3,0,-6,-6) Q=(2,-3,0,-6,-6) → 2 = sqrt(2)^(2/1)
  HIT: P=(3,-3,0,-6,-6) Q=(4,-3,0,-6,-6) → 4 = sqrt(2)^(4/1)
  HIT: P=(-1,-1,0,-2,-2) Q=(6,-3,0,-6,-6) → 2 = sqrt(2)^(2/1)
  HIT: P=(4,1,0,3,3) Q=(-4,-2,0,-6,-6) → 2 = sqrt(2)^(2/1)
  HIT: P=(5,2,0,6,6) Q=(-4,-2,0,-6,-6) → 4 = sqrt(2)^(4/1)
  HIT: P=(4,1,0,6,0) Q=(-2,-2,0,-6,-6) → 2 = sqrt(2)^(2/1)
  HIT: P=(3,2,0,6,6) Q=(-2,-2,0,-6,-6) → 2 = sqrt(2)^(2/1)
  HIT: P=(3,1,6,6,0) Q=(0,-2,0,-6,-6) → 2 = sqrt(2)^(2/1)
  HIT: P=(1,-2,0,-6,-6) Q=(2,-2,0,-6,-6) → 2 = sqrt(2)^(2/1)
  HIT: P=(3,-2,0,-6,-6) Q=(4,-2,0,-6,-6) → 4 = sqrt(2)^(4/1)
  HIT: P=(0,-1,0,-3,-3) Q=(4,-2,0,-6,-6) → 2 = sqrt(2)^(2/1)
  0.3% (401000000/137858491849) 492 hits, 10102577 candidates/sec, ETA 13606s
  0.4% (501000000/137858491849) 114858 hits, 10102387 candidates/sec, ETA 13597s
  0.4% (601000000/137858491849) 343464 hits, 10102463 candidates/sec, ETA 13587s
  0.5% (701000000/137858491849) 857676 hits, 10102454 candidates/sec, ETA 13577s
  0.6% (801000000/137858491849) 1429005 hits, 10102492 candidates/sec, ETA 13567s
  0.7% (901000000/137858491849) 1600471 hits, 10102502 candidates/sec, ETA 13557s
  0.7% (1001000000/137858491849) 1600573 hits, 10102539 candidates/sec, ETA 13547s
  0.8% (1101000000/137858491849) 1600679 hits, 10102523 candidates/sec, ETA 13537s
  0.9% (1201000000/137858491849) 1657911 hits, 10102507 candidates/sec, ETA 13527s
  0.9% (1301000000/137858491849) 1772266 hits, 10102465 candidates/sec, ETA 13517s
  1.0% (1401000000/137858491849) 2172220 hits, 10102454 candidates/sec, ETA 13507s
  1.1% (1501000000/137858491849) 2743539 hits, 10102408 candidates/sec, ETA 13498s
  1.2% (1601000000/137858491849) 3257732 hits, 10102383 candidates/sec, ETA 13488s
  1.2% (1701000000/137858491849) 3657693 hits, 10102374 candidates/sec, ETA 13478s
  1.3% (1801000000/137858491849) 3657806 hits, 10102375 candidates/sec, ETA 13468s
  1.4% (1901000000/137858491849) 3657920 hits, 10102378 candidates/sec, ETA 13458s
  1.5% (2001000000/137858491849) 3715157 hits, 10102376 candidates/sec, ETA 13448s
  1.5% (2101000000/137858491849) 4000884 hits, 10102350 candidates/sec, ETA 13438s
  1.6% (2201000000/137858491849) 4515092 hits, 10102348 candidates/sec, ETA 13428s
  1.7% (2301000000/137858491849) 4972179 hits, 10102344 candidates/sec, ETA 13418s
  1.7% (2401000000/137858491849) 5714863 hits, 10102320 candidates/sec, ETA 13409s
  1.8% (2501000000/137858491849) 6229062 hits, 10102306 candidates/sec, ETA 13399s
  1.9% (2601000000/137858491849) 6229172 hits, 10102306 candidates/sec, ETA 13389s
  2.0% (2701000000/137858491849) 6286407 hits, 10102313 candidates/sec, ETA 13379s
  2.0% (2801000000/137858491849) 6400758 hits, 10102311 candidates/sec, ETA 13369s
  2.1% (2901000000/137858491849) 6800718 hits, 10102306 candidates/sec, ETA 13359s
  2.2% (3001000000/137858491849) 7290093 hits, 10102294 candidates/sec, ETA 13349s
  2.2% (3101000000/137858491849) 7829119 hits, 10102292 candidates/sec, ETA 13339s
  2.3% (3201000000/137858491849) 8800290 hits, 10102280 candidates/sec, ETA 13329s
  2.4% (3301000000/137858491849) 9371613 hits, 10102269 candidates/sec, ETA 13320s
  2.5% (3401000000/137858491849) 9371719 hits, 10102257 candidates/sec, ETA 13310s
  2.5% (3501000000/137858491849) 9428958 hits, 10102258 candidates/sec, ETA 13300s
  2.6% (3601000000/137858491849) 9714676 hits, 10102261 candidates/sec, ETA 13290s
  2.7% (3701000000/137858491849) 10228889 hits, 10102256 candidates/sec, ETA 13280s
  2.8% (3801000000/137858491849) 10628855 hits, 10102262 candidates/sec, ETA 13270s
  2.8% (3901000000/137858491849) 11428660 hits, 10102274 candidates/sec, ETA 13260s
  2.9% (4001000000/137858491849) 12342721 hits, 10102279 candidates/sec, ETA 13250s
  3.0% (4101000000/137858491849) 13142528 hits, 10102277 candidates/sec, ETA 13240s
  3.0% (4201000000/137858491849) 13142624 hits, 10102282 candidates/sec, ETA 13230s
  3.1% (4301000000/137858491849) 13314089 hits, 10102291 candidates/sec, ETA 13221s
  3.2% (4401000000/137858491849) 13714047 hits, 10102293 candidates/sec, ETA 13211s
  3.3% (4501000000/137858491849) 14114002 hits, 10102286 candidates/sec, ETA 13201s
  3.3% (4601000000/137858491849) 14742442 hits, 10102278 candidates/sec, ETA 13191s
  3.4% (4701000000/137858491849) 15656487 hits, 10102272 candidates/sec, ETA 13181s
  3.5% (4801000000/137858491849) 16541339 hits, 10102267 candidates/sec, ETA 13171s
  3.6% (4901000000/137858491849) 17598833 hits, 10102258 candidates/sec, ETA 13161s
  3.6% (5001000000/137858491849) 17656068 hits, 10102258 candidates/sec, ETA 13151s
  3.7% (5101000000/137858491849) 17941787 hits, 10102262 candidates/sec, ETA 13141s
  3.8% (5201000000/137858491849) 18341750 hits, 10102264 candidates/sec, ETA 13131s
  3.8% (5301000000/137858491849) 18798828 hits, 10102262 candidates/sec, ETA 13122s
  3.9% (5401000000/137858491849) 19655751 hits, 10102260 candidates/sec, ETA 13112s
  4.0% (5501000000/137858491849) 20512680 hits, 10102257 candidates/sec, ETA 13102s
  4.1% (5601000000/137858491849) 21483855 hits, 10102254 candidates/sec, ETA 13092s
  4.1% (5701000000/137858491849) 22709251 hits, 10102253 candidates/sec, ETA 13082s
  4.2% (5801000000/137858491849) 22912101 hits, 10102251 candidates/sec, ETA 13072s
  4.3% (5901000000/137858491849) 23312045 hits, 10102252 candidates/sec, ETA 13062s
  4.4% (6001000000/137858491849) 23654873 hits, 10102253 candidates/sec, ETA 13052s
  4.4% (6101000000/137858491849) 24340429 hits, 10102253 candidates/sec, ETA 13042s
  4.5% (6201000000/137858491849) 25197346 hits, 10102254 candidates/sec, ETA 13032s
  4.6% (6301000000/137858491849) 26054262 hits, 10102247 candidates/sec, ETA 13023s
  4.6% (6401000000/137858491849) 27196782 hits, 10102247 candidates/sec, ETA 13013s
  4.7% (6501000000/137858491849) 28396423 hits, 10102243 candidates/sec, ETA 13003s
  4.8% (6601000000/137858491849) 28796390 hits, 10102245 candidates/sec, ETA 12993s
  4.9% (6701000000/137858491849) 29139226 hits, 10102251 candidates/sec, ETA 12983s
  4.9% (6801000000/137858491849) 29653421 hits, 10102249 candidates/sec, ETA 12973s
  5.0% (6901000000/137858491849) 30510340 hits, 10102249 candidates/sec, ETA 12963s
  5.1% (7001000000/137858491849) 31253024 hits, 10102251 candidates/sec, ETA 12953s
  5.2% (7101000000/137858491849) 32281308 hits, 10102257 candidates/sec, ETA 12943s
  5.2% (7201000000/137858491849) 33480964 hits, 10102254 candidates/sec, ETA 12933s
  5.3% (7301000000/137858491849) 34623489 hits, 10102255 candidates/sec, ETA 12924s
  5.4% (7401000000/137858491849) 35137693 hits, 10102262 candidates/sec, ETA 12914s
  5.4% (7501000000/137858491849) 35480516 hits, 10102272 candidates/sec, ETA 12904s
  5.5% (7601000000/137858491849) 36223197 hits, 10102271 candidates/sec, ETA 12894s
  5.6% (7701000000/137858491849) 36965872 hits, 10102273 candidates/sec, ETA 12884s
  5.7% (7801000000/137858491849) 37879912 hits, 10102268 candidates/sec, ETA 12874s
  5.7% (7901000000/137858491849) 39022441 hits, 10102267 candidates/sec, ETA 12864s
  5.8% (8001000000/137858491849) 40222095 hits, 10102263 candidates/sec, ETA 12854s
  5.9% (8101000000/137858491849) 41193265 hits, 10102257 candidates/sec, ETA 12844s
  5.9% (8201000000/137858491849) 41764593 hits, 10102253 candidates/sec, ETA 12835s
  6.0% (8301000000/137858491849) 42335909 hits, 10102246 candidates/sec, ETA 12825s
  6.1% (8401000000/137858491849) 43097758 hits, 10102240 candidates/sec, ETA 12815s
  6.2% (8501000000/137858491849) 43878396 hits, 10102235 candidates/sec, ETA 12805s
  6.2% (8601000000/137858491849) 44906684 hits, 10102228 candidates/sec, ETA 12795s
  6.3% (8701000000/137858491849) 46106332 hits, 10102218 candidates/sec, ETA 12785s
  6.4% (8801000000/137858491849) 47191740 hits, 10102208 candidates/sec, ETA 12775s
  6.5% (8901000000/137858491849) 48220032 hits, 10102200 candidates/sec, ETA 12765s
  6.5% (9001000000/137858491849) 48734221 hits, 10102196 candidates/sec, ETA 12755s
  6.6% (9101000000/137858491849) 49476893 hits, 10102192 candidates/sec, ETA 12745s
  6.7% (9201000000/137858491849) 50162450 hits, 10102187 candidates/sec, ETA 12736s
  6.7% (9301000000/137858491849) 51036349 hits, 10102184 candidates/sec, ETA 12726s
  6.8% (9401000000/137858491849) 52219019 hits, 10102180 candidates/sec, ETA 12716s
  6.9% (9501000000/137858491849) 53361548 hits, 10102181 candidates/sec, ETA 12706s
  7.0% (9601000000/137858491849) 54389828 hits, 10102176 candidates/sec, ETA 12696s
  7.0% (9701000000/137858491849) 55418110 hits, 10102175 candidates/sec, ETA 12686s
  7.1% (9801000000/137858491849) 55932306 hits, 10102176 candidates/sec, ETA 12676s
  7.2% (9901000000/137858491849) 56617875 hits, 10102177 candidates/sec, ETA 12666s
  7.3% (10001000000/137858491849) 57417685 hits, 10102174 candidates/sec, ETA 12656s
  7.3% (10101000000/137858491849) 58503094 hits, 10102173 candidates/sec, ETA 12647s
  7.4% (10201000000/137858491849) 59603289 hits, 10102175 candidates/sec, ETA 12637s
  7.5% (10301000000/137858491849) 60731024 hits, 10102173 candidates/sec, ETA 12627s
  7.5% (10401000000/137858491849) 61816440 hits, 10102172 candidates/sec, ETA 12617s
  7.6% (10501000000/137858491849) 62616249 hits, 10102169 candidates/sec, ETA 12607s
  7.7% (10601000000/137858491849) 63187578 hits, 10102165 candidates/sec, ETA 12597s
  7.8% (10701000000/137858491849) 63187676 hits, 10102162 candidates/sec, ETA 12587s
  7.8% (10801000000/137858491849) 63187777 hits, 10102156 candidates/sec, ETA 12577s
  7.9% (10901000000/137858491849) 63187881 hits, 10102154 candidates/sec, ETA 12567s
  8.0% (11001000000/137858491849) 63245102 hits, 10102149 candidates/sec, ETA 12557s
  8.1% (11101000000/137858491849) 63429165 hits, 10102144 candidates/sec, ETA 12548s
  8.1% (11201000000/137858491849) 63759390 hits, 10102140 candidates/sec, ETA 12538s
  8.2% (11301000000/137858491849) 64387820 hits, 10102139 candidates/sec, ETA 12528s
  8.3% (11401000000/137858491849) 65016262 hits, 10102140 candidates/sec, ETA 12518s
  8.3% (11501000000/137858491849) 65244844 hits, 10102142 candidates/sec, ETA 12508s
  8.4% (11601000000/137858491849) 65244945 hits, 10102147 candidates/sec, ETA 12498s
  8.5% (11701000000/137858491849) 65245049 hits, 10102150 candidates/sec, ETA 12488s
  8.6% (11801000000/137858491849) 65416511 hits, 10102152 candidates/sec, ETA 12478s
  8.6% (11901000000/137858491849) 65587976 hits, 10102156 candidates/sec, ETA 12468s
  8.7% (12001000000/137858491849) 66102167 hits, 10102155 candidates/sec, ETA 12458s
  8.8% (12101000000/137858491849) 66730600 hits, 10102157 candidates/sec, ETA 12449s
  8.9% (12201000000/137858491849) 67359027 hits, 10102158 candidates/sec, ETA 12439s
  8.9% (12301000000/137858491849) 67816084 hits, 10102159 candidates/sec, ETA 12429s
  9.0% (12401000000/137858491849) 67816182 hits, 10102159 candidates/sec, ETA 12419s
  9.1% (12501000000/137858491849) 67873407 hits, 10102162 candidates/sec, ETA 12409s
  9.1% (12601000000/137858491849) 67987757 hits, 10102163 candidates/sec, ETA 12399s
  9.2% (12701000000/137858491849) 68387711 hits, 10102163 candidates/sec, ETA 12389s
  9.3% (12801000000/137858491849) 69016149 hits, 10102161 candidates/sec, ETA 12379s
  9.4% (12901000000/137858491849) 69538567 hits, 10102158 candidates/sec, ETA 12369s
  9.4% (13001000000/137858491849) 70387264 hits, 10102154 candidates/sec, ETA 12359s
  9.5% (13101000000/137858491849) 70958567 hits, 10102152 candidates/sec, ETA 12350s
  9.6% (13201000000/137858491849) 70958663 hits, 10102153 candidates/sec, ETA 12340s
  9.6% (13301000000/137858491849) 71073008 hits, 10102153 candidates/sec, ETA 12330s
