========================================
Ramanujan Machine (GPU)
========================================
Polynomial degree: 7
Coefficient range: [-3, 3]
CF evaluation depth: 200 terms
Total candidates: 33232930569601
GPU: 0
Constants: pi, e, ln(2), gamma, Catalan, zeta(3), Gauss, Lemniscate, sqrt(2), phi
========================================

  0.0% (1000000/33232930569601) 0 hits, 10017284 candidates/sec, ETA 3317558s
  HIT: P=(-1,-2,0,-2,1,-3,3,-1) Q=(-1,-1,-3,-3,-3,-3,-3,7) → -1.71238898039177 = (3 + -6*pi/4)/1
  HIT: P=(-1,-2,0,-2,1,-3,3,-1) Q=(-1,-1,-3,-3,-3,-3,-3,7) → -1.71238898039177 = (3 + -6*pi/4)/1
  HIT: P=(-1,-2,0,-2,1,-3,3,-1) Q=(-1,-1,-3,-3,-3,-3,-3,7) → -1.71238898039177 = (3 + -6*pi/4)/1
  HIT: P=(-1,-2,0,-2,1,-3,3,-1) Q=(-1,-1,-3,-3,-3,-3,-3,7) → -1.71238898039177 = (3 + -6*pi/4)/1
  HIT: P=(-1,-2,0,-2,1,-3,3,-1) Q=(-1,-1,-3,-3,-3,-3,-3,7) → -1.71238898039177 = (3 + -6*pi/4)/1
  HIT: P=(-1,-2,0,-2,1,-3,3,-1) Q=(-1,-1,-3,-3,-3,-3,-3,7) → -1.71238898039177 = (3 + -6*pi/4)/1
  HIT: P=(-1,-2,0,-2,1,-3,3,-1) Q=(-1,-1,-3,-3,-3,-3,-3,7) → -1.71238898039177 = (3 + -6*pi/4)/1
  0.0% (101000000/33232930569601) 7 hits, 10096723 candidates/sec, ETA 3291447s
  0.0% (201000000/33232930569601) 7 hits, 10097474 candidates/sec, ETA 3291192s
  0.0% (301000000/33232930569601) 7 hits, 10097613 candidates/sec, ETA 3291137s
  HIT: P=(3,3,3,3,3,3,3,0) Q=(0,-2,-2,-3,-3,-3,-3,7) → 2 = sqrt(2)^(2/1)
  HIT: P=(3,3,3,3,3,3,3,0) Q=(0,-2,-2,-3,-3,-3,-3,7) → 2 = sqrt(2)^(2/1)
  HIT: P=(3,3,3,3,3,3,3,0) Q=(0,-2,-2,-3,-3,-3,-3,7) → 2 = sqrt(2)^(2/1)
  HIT: P=(3,3,3,3,3,3,3,0) Q=(0,-2,-2,-3,-3,-3,-3,7) → 2 = sqrt(2)^(2/1)
  HIT: P=(3,3,3,3,3,3,3,0) Q=(0,-2,-2,-3,-3,-3,-3,7) → 2 = sqrt(2)^(2/1)
  HIT: P=(3,3,3,3,3,3,3,0) Q=(0,-2,-2,-3,-3,-3,-3,7) → 2 = sqrt(2)^(2/1)
  HIT: P=(3,3,3,3,3,3,3,0) Q=(0,-2,-2,-3,-3,-3,-3,7) → 2 = sqrt(2)^(2/1)
  0.0% (401000000/33232930569601) 14 hits, 10097740 candidates/sec, ETA 3291086s
  0.0% (501000000/33232930569601) 14 hits, 10097799 candidates/sec, ETA 3291056s
  HIT: P=(1,-3,-3,-3,-3,-3,-3,0) Q=(0,2,-2,-3,-3,-3,-3,7) → 2 = sqrt(2)^(2/1)
  HIT: P=(1,-3,-3,-3,-3,-3,-3,0) Q=(0,2,-2,-3,-3,-3,-3,7) → 2 = sqrt(2)^(2/1)
  HIT: P=(1,-3,-3,-3,-3,-3,-3,0) Q=(0,2,-2,-3,-3,-3,-3,7) → 2 = sqrt(2)^(2/1)
  HIT: P=(1,-3,-3,-3,-3,-3,-3,0) Q=(0,2,-2,-3,-3,-3,-3,7) → 2 = sqrt(2)^(2/1)
  HIT: P=(1,-3,-3,-3,-3,-3,-3,0) Q=(0,2,-2,-3,-3,-3,-3,7) → 2 = sqrt(2)^(2/1)
  HIT: P=(1,-3,-3,-3,-3,-3,-3,0) Q=(0,2,-2,-3,-3,-3,-3,7) → 2 = sqrt(2)^(2/1)
  HIT: P=(1,-3,-3,-3,-3,-3,-3,0) Q=(0,2,-2,-3,-3,-3,-3,7) → 2 = sqrt(2)^(2/1)
  0.0% (601000000/33232930569601) 21 hits, 10097794 candidates/sec, ETA 3291048s
  HIT: P=(3,2,3,3,3,3,3,0) Q=(0,-2,-1,-3,-3,-3,-3,7) → 2 = sqrt(2)^(2/1)
  HIT: P=(3,2,3,3,3,3,3,0) Q=(0,-2,-1,-3,-3,-3,-3,7) → 2 = sqrt(2)^(2/1)
  HIT: P=(3,2,3,3,3,3,3,0) Q=(0,-2,-1,-3,-3,-3,-3,7) → 2 = sqrt(2)^(2/1)
  HIT: P=(3,2,3,3,3,3,3,0) Q=(0,-2,-1,-3,-3,-3,-3,7) → 2 = sqrt(2)^(2/1)
  HIT: P=(3,2,3,3,3,3,3,0) Q=(0,-2,-1,-3,-3,-3,-3,7) → 2 = sqrt(2)^(2/1)
  HIT: P=(3,2,3,3,3,3,3,0) Q=(0,-2,-1,-3,-3,-3,-3,7) → 2 = sqrt(2)^(2/1)
  HIT: P=(3,2,3,3,3,3,3,0) Q=(0,-2,-1,-3,-3,-3,-3,7) → 2 = sqrt(2)^(2/1)
  0.0% (701000000/33232930569601) 28 hits, 10097844 candidates/sec, ETA 3291022s
  HIT: P=(1,-2,-3,-3,-3,-3,-3,0) Q=(0,2,-1,-3,-3,-3,-3,7) → 2 = sqrt(2)^(2/1)
  HIT: P=(1,-2,-3,-3,-3,-3,-3,0) Q=(0,2,-1,-3,-3,-3,-3,7) → 2 = sqrt(2)^(2/1)
  HIT: P=(1,-2,-3,-3,-3,-3,-3,0) Q=(0,2,-1,-3,-3,-3,-3,7) → 2 = sqrt(2)^(2/1)
  HIT: P=(1,-2,-3,-3,-3,-3,-3,0) Q=(0,2,-1,-3,-3,-3,-3,7) → 2 = sqrt(2)^(2/1)
  HIT: P=(1,-2,-3,-3,-3,-3,-3,0) Q=(0,2,-1,-3,-3,-3,-3,7) → 2 = sqrt(2)^(2/1)
  HIT: P=(1,-2,-3,-3,-3,-3,-3,0) Q=(0,2,-1,-3,-3,-3,-3,7) → 2 = sqrt(2)^(2/1)
  HIT: P=(1,-2,-3,-3,-3,-3,-3,0) Q=(0,2,-1,-3,-3,-3,-3,7) → 2 = sqrt(2)^(2/1)
  0.0% (801000000/33232930569601) 35 hits, 10097867 candidates/sec, ETA 3291004s
  HIT: P=(-3,1,-3,-2,0,1,1,2) Q=(2,3,-1,-3,-3,-3,-3,7) → -0.926212249647483 = (3 + -5*pi/e)/3
  HIT: P=(-3,1,-3,-2,0,1,1,2) Q=(2,3,-1,-3,-3,-3,-3,7) → -0.926212249647483 = (3 + -5*pi/e)/3
  HIT: P=(-3,1,-3,-2,0,1,1,2) Q=(2,3,-1,-3,-3,-3,-3,7) → -0.926212249647483 = (3 + -5*pi/e)/3
  HIT: P=(-3,1,-3,-2,0,1,1,2) Q=(2,3,-1,-3,-3,-3,-3,7) → -0.926212249647483 = (3 + -5*pi/e)/3
  HIT: P=(-3,1,-3,-2,0,1,1,2) Q=(2,3,-1,-3,-3,-3,-3,7) → -0.926212249647483 = (3 + -5*pi/e)/3
  HIT: P=(-3,1,-3,-2,0,1,1,2) Q=(2,3,-1,-3,-3,-3,-3,7) → -0.926212249647483 = (3 + -5*pi/e)/3
  HIT: P=(-3,1,-3,-2,0,1,1,2) Q=(2,3,-1,-3,-3,-3,-3,7) → -0.926212249647483 = (3 + -5*pi/e)/3
  0.0% (901000000/33232930569601) 42 hits, 10097903 candidates/sec, ETA 3290983s
  HIT: P=(3,1,3,3,3,3,3,0) Q=(0,-2,0,-3,-3,-3,-3,7) → 2 = sqrt(2)^(2/1)
  HIT: P=(3,1,3,3,3,3,3,0) Q=(0,-2,0,-3,-3,-3,-3,7) → 2 = sqrt(2)^(2/1)
  HIT: P=(3,1,3,3,3,3,3,0) Q=(0,-2,0,-3,-3,-3,-3,7) → 2 = sqrt(2)^(2/1)
  HIT: P=(3,1,3,3,3,3,3,0) Q=(0,-2,0,-3,-3,-3,-3,7) → 2 = sqrt(2)^(2/1)
  HIT: P=(3,1,3,3,3,3,3,0) Q=(0,-2,0,-3,-3,-3,-3,7) → 2 = sqrt(2)^(2/1)
  HIT: P=(3,1,3,3,3,3,3,0) Q=(0,-2,0,-3,-3,-3,-3,7) → 2 = sqrt(2)^(2/1)
  HIT: P=(3,1,3,3,3,3,3,0) Q=(0,-2,0,-3,-3,-3,-3,7) → 2 = sqrt(2)^(2/1)
  HIT: P=(-2,1,3,2,-2,2,-1,1) Q=(1,-2,0,-3,-3,-3,-3,7) → 4.98142397000036 = (6 + 4*sqrt(5))/3
  HIT: P=(-2,1,3,2,-2,2,-1,1) Q=(1,-2,0,-3,-3,-3,-3,7) → 4.98142397000036 = (6 + 4*sqrt(5))/3
  HIT: P=(-2,1,3,2,-2,2,-1,1) Q=(1,-2,0,-3,-3,-3,-3,7) → 4.98142397000036 = (6 + 4*sqrt(5))/3
  HIT: P=(-2,1,3,2,-2,2,-1,1) Q=(1,-2,0,-3,-3,-3,-3,7) → 4.98142397000036 = (6 + 4*sqrt(5))/3
  HIT: P=(-2,1,3,2,-2,2,-1,1) Q=(1,-2,0,-3,-3,-3,-3,7) → 4.98142397000036 = (6 + 4*sqrt(5))/3
  HIT: P=(-2,1,3,2,-2,2,-1,1) Q=(1,-2,0,-3,-3,-3,-3,7) → 4.98142397000036 = (6 + 4*sqrt(5))/3
  HIT: P=(-2,1,3,2,-2,2,-1,1) Q=(1,-2,0,-3,-3,-3,-3,7) → 4.98142397000036 = (6 + 4*sqrt(5))/3
  HIT: P=(0,1,-2,3,1,0,1,1) Q=(1,0,0,-3,-3,-3,-3,7) → -8.40775527899647 = (-3 + -6*ln(10))/2
  HIT: P=(0,1,-2,3,1,0,1,1) Q=(1,0,0,-3,-3,-3,-3,7) → -8.40775527899647 = (-3 + -6*ln(10))/2
  HIT: P=(0,1,-2,3,1,0,1,1) Q=(1,0,0,-3,-3,-3,-3,7) → -8.40775527899647 = (-3 + -6*ln(10))/2
  HIT: P=(0,1,-2,3,1,0,1,1) Q=(1,0,0,-3,-3,-3,-3,7) → -8.40775527899647 = (-3 + -6*ln(10))/2
  HIT: P=(0,1,-2,3,1,0,1,1) Q=(1,0,0,-3,-3,-3,-3,7) → -8.40775527899647 = (-3 + -6*ln(10))/2
  HIT: P=(0,1,-2,3,1,0,1,1) Q=(1,0,0,-3,-3,-3,-3,7) → -8.40775527899647 = (-3 + -6*ln(10))/2
  HIT: P=(0,1,-2,3,1,0,1,1) Q=(1,0,0,-3,-3,-3,-3,7) → -8.40775527899647 = (-3 + -6*ln(10))/2
  0.0% (1001000000/33232930569601) 63 hits, 10097902 candidates/sec, ETA 3290973s
  HIT: P=(1,-1,-3,-3,-3,-3,-3,0) Q=(0,2,0,-3,-3,-3,-3,7) → 2 = sqrt(2)^(2/1)
  HIT: P=(1,-1,-3,-3,-3,-3,-3,0) Q=(0,2,0,-3,-3,-3,-3,7) → 2 = sqrt(2)^(2/1)
  HIT: P=(1,-1,-3,-3,-3,-3,-3,0) Q=(0,2,0,-3,-3,-3,-3,7) → 2 = sqrt(2)^(2/1)
  HIT: P=(1,-1,-3,-3,-3,-3,-3,0) Q=(0,2,0,-3,-3,-3,-3,7) → 2 = sqrt(2)^(2/1)
  HIT: P=(1,-1,-3,-3,-3,-3,-3,0) Q=(0,2,0,-3,-3,-3,-3,7) → 2 = sqrt(2)^(2/1)
  HIT: P=(1,-1,-3,-3,-3,-3,-3,0) Q=(0,2,0,-3,-3,-3,-3,7) → 2 = sqrt(2)^(2/1)
  HIT: P=(1,-1,-3,-3,-3,-3,-3,0) Q=(0,2,0,-3,-3,-3,-3,7) → 2 = sqrt(2)^(2/1)
  0.0% (1101000000/33232930569601) 70 hits, 10097922 candidates/sec, ETA 3290957s
  HIT: P=(3,0,3,3,3,3,3,0) Q=(0,-2,1,-3,-3,-3,-3,7) → 2 = sqrt(2)^(2/1)
  HIT: P=(3,0,3,3,3,3,3,0) Q=(0,-2,1,-3,-3,-3,-3,7) → 2 = sqrt(2)^(2/1)
  HIT: P=(3,0,3,3,3,3,3,0) Q=(0,-2,1,-3,-3,-3,-3,7) → 2 = sqrt(2)^(2/1)
  HIT: P=(3,0,3,3,3,3,3,0) Q=(0,-2,1,-3,-3,-3,-3,7) → 2 = sqrt(2)^(2/1)
  HIT: P=(3,0,3,3,3,3,3,0) Q=(0,-2,1,-3,-3,-3,-3,7) → 2 = sqrt(2)^(2/1)
  HIT: P=(3,0,3,3,3,3,3,0) Q=(0,-2,1,-3,-3,-3,-3,7) → 2 = sqrt(2)^(2/1)
  HIT: P=(3,0,3,3,3,3,3,0) Q=(0,-2,1,-3,-3,-3,-3,7) → 2 = sqrt(2)^(2/1)
  0.0% (1201000000/33232930569601) 77 hits, 10097912 candidates/sec, ETA 3290950s
  HIT: P=(-3,1,-3,0,1,-2,2,-3) Q=(-3,-1,1,-3,-3,-3,-3,7) → 0.882120558821785 = (5 + -4*1/e)/4
  HIT: P=(-3,1,-3,0,1,-2,2,-3) Q=(-3,-1,1,-3,-3,-3,-3,7) → 0.882120558821785 = (5 + -4*1/e)/4
  HIT: P=(-3,1,-3,0,1,-2,2,-3) Q=(-3,-1,1,-3,-3,-3,-3,7) → 0.882120558821785 = (5 + -4*1/e)/4
  HIT: P=(-3,1,-3,0,1,-2,2,-3) Q=(-3,-1,1,-3,-3,-3,-3,7) → 0.882120558821785 = (5 + -4*1/e)/4
  HIT: P=(-3,1,-3,0,1,-2,2,-3) Q=(-3,-1,1,-3,-3,-3,-3,7) → 0.882120558821785 = (5 + -4*1/e)/4
  HIT: P=(-3,1,-3,0,1,-2,2,-3) Q=(-3,-1,1,-3,-3,-3,-3,7) → 0.882120558821785 = (5 + -4*1/e)/4
  HIT: P=(-3,1,-3,0,1,-2,2,-3) Q=(-3,-1,1,-3,-3,-3,-3,7) → 0.882120558821785 = (5 + -4*1/e)/4
  0.0% (1301000000/33232930569601) 84 hits, 10097913 candidates/sec, ETA 3290940s
  HIT: P=(1,0,-3,-3,-3,-3,-3,0) Q=(0,2,1,-3,-3,-3,-3,7) → 2 = sqrt(2)^(2/1)
  HIT: P=(1,0,-3,-3,-3,-3,-3,0) Q=(0,2,1,-3,-3,-3,-3,7) → 2 = sqrt(2)^(2/1)
  HIT: P=(1,0,-3,-3,-3,-3,-3,0) Q=(0,2,1,-3,-3,-3,-3,7) → 2 = sqrt(2)^(2/1)
  HIT: P=(1,0,-3,-3,-3,-3,-3,0) Q=(0,2,1,-3,-3,-3,-3,7) → 2 = sqrt(2)^(2/1)
  HIT: P=(1,0,-3,-3,-3,-3,-3,0) Q=(0,2,1,-3,-3,-3,-3,7) → 2 = sqrt(2)^(2/1)
  HIT: P=(1,0,-3,-3,-3,-3,-3,0) Q=(0,2,1,-3,-3,-3,-3,7) → 2 = sqrt(2)^(2/1)
  HIT: P=(1,0,-3,-3,-3,-3,-3,0) Q=(0,2,1,-3,-3,-3,-3,7) → 2 = sqrt(2)^(2/1)
  0.0% (1401000000/33232930569601) 91 hits, 10097915 candidates/sec, ETA 3290930s
  HIT: P=(0,3,-2,-2,-1,3,-1,2) Q=(2,3,1,-3,-3,-3,-3,7) → 9.90775527890488 = (3 + 3*ln(10))/1
  HIT: P=(0,3,-2,-2,-1,3,-1,2) Q=(2,3,1,-3,-3,-3,-3,7) → 9.90775527890488 = (3 + 3*ln(10))/1
  HIT: P=(0,3,-2,-2,-1,3,-1,2) Q=(2,3,1,-3,-3,-3,-3,7) → 9.90775527890488 = (3 + 3*ln(10))/1
  HIT: P=(0,3,-2,-2,-1,3,-1,2) Q=(2,3,1,-3,-3,-3,-3,7) → 9.90775527890488 = (3 + 3*ln(10))/1
  HIT: P=(0,3,-2,-2,-1,3,-1,2) Q=(2,3,1,-3,-3,-3,-3,7) → 9.90775527890488 = (3 + 3*ln(10))/1
  HIT: P=(0,3,-2,-2,-1,3,-1,2) Q=(2,3,1,-3,-3,-3,-3,7) → 9.90775527890488 = (3 + 3*ln(10))/1
  HIT: P=(0,3,-2,-2,-1,3,-1,2) Q=(2,3,1,-3,-3,-3,-3,7) → 9.90775527890488 = (3 + 3*ln(10))/1
  HIT: P=(3,-1,3,3,3,3,3,0) Q=(0,-2,2,-3,-3,-3,-3,7) → 2 = sqrt(2)^(2/1)
  HIT: P=(3,-1,3,3,3,3,3,0) Q=(0,-2,2,-3,-3,-3,-3,7) → 2 = sqrt(2)^(2/1)
  HIT: P=(3,-1,3,3,3,3,3,0) Q=(0,-2,2,-3,-3,-3,-3,7) → 2 = sqrt(2)^(2/1)
  HIT: P=(3,-1,3,3,3,3,3,0) Q=(0,-2,2,-3,-3,-3,-3,7) → 2 = sqrt(2)^(2/1)
  HIT: P=(3,-1,3,3,3,3,3,0) Q=(0,-2,2,-3,-3,-3,-3,7) → 2 = sqrt(2)^(2/1)
  HIT: P=(3,-1,3,3,3,3,3,0) Q=(0,-2,2,-3,-3,-3,-3,7) → 2 = sqrt(2)^(2/1)
  HIT: P=(3,-1,3,3,3,3,3,0) Q=(0,-2,2,-3,-3,-3,-3,7) → 2 = sqrt(2)^(2/1)
  0.0% (1501000000/33232930569601) 105 hits, 10097904 candidates/sec, ETA 3290923s
  0.0% (1601000000/33232930569601) 105 hits, 10097918 candidates/sec, ETA 3290909s
  HIT: P=(-1,-3,2,3,-3,-3,0,-3) Q=(-3,2,2,-3,-3,-3,-3,7) → 1.14233027232347 = (-1 + 5*pi/2)/6
  HIT: P=(-1,-3,2,3,-3,-3,0,-3) Q=(-3,2,2,-3,-3,-3,-3,7) → 1.14233027232347 = (-1 + 5*pi/2)/6
  HIT: P=(-1,-3,2,3,-3,-3,0,-3) Q=(-3,2,2,-3,-3,-3,-3,7) → 1.14233027232347 = (-1 + 5*pi/2)/6
  HIT: P=(-1,-3,2,3,-3,-3,0,-3) Q=(-3,2,2,-3,-3,-3,-3,7) → 1.14233027232347 = (-1 + 5*pi/2)/6
  HIT: P=(-1,-3,2,3,-3,-3,0,-3) Q=(-3,2,2,-3,-3,-3,-3,7) → 1.14233027232347 = (-1 + 5*pi/2)/6
  HIT: P=(-1,-3,2,3,-3,-3,0,-3) Q=(-3,2,2,-3,-3,-3,-3,7) → 1.14233027232347 = (-1 + 5*pi/2)/6
  HIT: P=(-1,-3,2,3,-3,-3,0,-3) Q=(-3,2,2,-3,-3,-3,-3,7) → 1.14233027232347 = (-1 + 5*pi/2)/6
  HIT: P=(1,1,-3,-3,-3,-3,-3,0) Q=(0,2,2,-3,-3,-3,-3,7) → 2 = sqrt(2)^(2/1)
  HIT: P=(1,1,-3,-3,-3,-3,-3,0) Q=(0,2,2,-3,-3,-3,-3,7) → 2 = sqrt(2)^(2/1)
  HIT: P=(1,1,-3,-3,-3,-3,-3,0) Q=(0,2,2,-3,-3,-3,-3,7) → 2 = sqrt(2)^(2/1)
  HIT: P=(1,1,-3,-3,-3,-3,-3,0) Q=(0,2,2,-3,-3,-3,-3,7) → 2 = sqrt(2)^(2/1)
  HIT: P=(1,1,-3,-3,-3,-3,-3,0) Q=(0,2,2,-3,-3,-3,-3,7) → 2 = sqrt(2)^(2/1)
  HIT: P=(1,1,-3,-3,-3,-3,-3,0) Q=(0,2,2,-3,-3,-3,-3,7) → 2 = sqrt(2)^(2/1)
  HIT: P=(1,1,-3,-3,-3,-3,-3,0) Q=(0,2,2,-3,-3,-3,-3,7) → 2 = sqrt(2)^(2/1)
  0.0% (1701000000/33232930569601) 119 hits, 10097929 candidates/sec, ETA 3290895s
  HIT: P=(3,-2,3,3,3,3,3,0) Q=(0,-2,3,-3,-3,-3,-3,7) → 2 = sqrt(2)^(2/1)
  HIT: P=(3,-2,3,3,3,3,3,0) Q=(0,-2,3,-3,-3,-3,-3,7) → 2 = sqrt(2)^(2/1)
  HIT: P=(3,-2,3,3,3,3,3,0) Q=(0,-2,3,-3,-3,-3,-3,7) → 2 = sqrt(2)^(2/1)
  HIT: P=(3,-2,3,3,3,3,3,0) Q=(0,-2,3,-3,-3,-3,-3,7) → 2 = sqrt(2)^(2/1)
  HIT: P=(3,-2,3,3,3,3,3,0) Q=(0,-2,3,-3,-3,-3,-3,7) → 2 = sqrt(2)^(2/1)
  HIT: P=(3,-2,3,3,3,3,3,0) Q=(0,-2,3,-3,-3,-3,-3,7) → 2 = sqrt(2)^(2/1)
  HIT: P=(3,-2,3,3,3,3,3,0) Q=(0,-2,3,-3,-3,-3,-3,7) → 2 = sqrt(2)^(2/1)
  0.0% (1801000000/33232930569601) 126 hits, 10097928 candidates/sec, ETA 3290886s
  HIT: P=(0,3,-1,-2,-1,-2,-1,-2) Q=(-2,0,3,-3,-3,-3,-3,7) → 3.31776616671256 = (-5 + 6*2*ln(2))/1
  HIT: P=(0,3,-1,-2,-1,-2,-1,-2) Q=(-2,0,3,-3,-3,-3,-3,7) → 3.31776616671256 = (-5 + 6*2*ln(2))/1
  HIT: P=(0,3,-1,-2,-1,-2,-1,-2) Q=(-2,0,3,-3,-3,-3,-3,7) → 3.31776616671256 = (-5 + 6*2*ln(2))/1
  HIT: P=(0,3,-1,-2,-1,-2,-1,-2) Q=(-2,0,3,-3,-3,-3,-3,7) → 3.31776616671256 = (-5 + 6*2*ln(2))/1
  HIT: P=(0,3,-1,-2,-1,-2,-1,-2) Q=(-2,0,3,-3,-3,-3,-3,7) → 3.31776616671256 = (-5 + 6*2*ln(2))/1
  HIT: P=(0,3,-1,-2,-1,-2,-1,-2) Q=(-2,0,3,-3,-3,-3,-3,7) → 3.31776616671256 = (-5 + 6*2*ln(2))/1
  HIT: P=(0,3,-1,-2,-1,-2,-1,-2) Q=(-2,0,3,-3,-3,-3,-3,7) → 3.31776616671256 = (-5 + 6*2*ln(2))/1
  0.0% (1901000000/33232930569601) 133 hits, 10097935 candidates/sec, ETA 3290873s
  HIT: P=(1,2,-3,-3,-3,-3,-3,0) Q=(0,2,3,-3,-3,-3,-3,7) → 2 = sqrt(2)^(2/1)
  HIT: P=(1,2,-3,-3,-3,-3,-3,0) Q=(0,2,3,-3,-3,-3,-3,7) → 2 = sqrt(2)^(2/1)
  HIT: P=(1,2,-3,-3,-3,-3,-3,0) Q=(0,2,3,-3,-3,-3,-3,7) → 2 = sqrt(2)^(2/1)
  HIT: P=(1,2,-3,-3,-3,-3,-3,0) Q=(0,2,3,-3,-3,-3,-3,7) → 2 = sqrt(2)^(2/1)
  HIT: P=(1,2,-3,-3,-3,-3,-3,0) Q=(0,2,3,-3,-3,-3,-3,7) → 2 = sqrt(2)^(2/1)
  HIT: P=(1,2,-3,-3,-3,-3,-3,0) Q=(0,2,3,-3,-3,-3,-3,7) → 2 = sqrt(2)^(2/1)
  HIT: P=(1,2,-3,-3,-3,-3,-3,0) Q=(0,2,3,-3,-3,-3,-3,7) → 2 = sqrt(2)^(2/1)
  0.0% (2001000000/33232930569601) 140 hits, 10097932 candidates/sec, ETA 3290865s
  0.0% (2101000000/33232930569601) 140 hits, 10097935 candidates/sec, ETA 3290854s
  HIT: P=(1,-1,2,-2,2,-1,0,3) Q=(3,1,-3,-2,-3,-3,-3,7) → -5.46573590284122 = (-2 + -5*ln(2))/1
  HIT: P=(1,-1,2,-2,2,-1,0,3) Q=(3,1,-3,-2,-3,-3,-3,7) → -5.46573590284122 = (-2 + -5*ln(2))/1
  HIT: P=(1,-1,2,-2,2,-1,0,3) Q=(3,1,-3,-2,-3,-3,-3,7) → -5.46573590284122 = (-2 + -5*ln(2))/1
  HIT: P=(1,-1,2,-2,2,-1,0,3) Q=(3,1,-3,-2,-3,-3,-3,7) → -5.46573590284122 = (-2 + -5*ln(2))/1
  HIT: P=(1,-1,2,-2,2,-1,0,3) Q=(3,1,-3,-2,-3,-3,-3,7) → -5.46573590284122 = (-2 + -5*ln(2))/1
  HIT: P=(1,-1,2,-2,2,-1,0,3) Q=(3,1,-3,-2,-3,-3,-3,7) → -5.46573590284122 = (-2 + -5*ln(2))/1
  HIT: P=(1,-1,2,-2,2,-1,0,3) Q=(3,1,-3,-2,-3,-3,-3,7) → -5.46573590284122 = (-2 + -5*ln(2))/1
  0.0% (2201000000/33232930569601) 147 hits, 10097938 candidates/sec, ETA 3290843s
  HIT: P=(3,-3,0,2,1,2,0,1) Q=(1,3,-3,-2,-3,-3,-3,7) → -2.01325654928098 = (3 + -2*sqrt(2pi))/1
  HIT: P=(3,-3,0,2,1,2,0,1) Q=(1,3,-3,-2,-3,-3,-3,7) → -2.01325654928098 = (3 + -2*sqrt(2pi))/1
  HIT: P=(3,-3,0,2,1,2,0,1) Q=(1,3,-3,-2,-3,-3,-3,7) → -2.01325654928098 = (3 + -2*sqrt(2pi))/1
  HIT: P=(3,-3,0,2,1,2,0,1) Q=(1,3,-3,-2,-3,-3,-3,7) → -2.01325654928098 = (3 + -2*sqrt(2pi))/1
  HIT: P=(3,-3,0,2,1,2,0,1) Q=(1,3,-3,-2,-3,-3,-3,7) → -2.01325654928098 = (3 + -2*sqrt(2pi))/1
  HIT: P=(3,-3,0,2,1,2,0,1) Q=(1,3,-3,-2,-3,-3,-3,7) → -2.01325654928098 = (3 + -2*sqrt(2pi))/1
  HIT: P=(3,-3,0,2,1,2,0,1) Q=(1,3,-3,-2,-3,-3,-3,7) → -2.01325654928098 = (3 + -2*sqrt(2pi))/1
  0.0% (2301000000/33232930569601) 154 hits, 10097945 candidates/sec, ETA 3290831s
  HIT: P=(3,3,2,3,3,3,3,0) Q=(0,-2,-2,-2,-3,-3,-3,7) → 2 = sqrt(2)^(2/1)
  HIT: P=(3,3,2,3,3,3,3,0) Q=(0,-2,-2,-2,-3,-3,-3,7) → 2 = sqrt(2)^(2/1)
  HIT: P=(3,3,2,3,3,3,3,0) Q=(0,-2,-2,-2,-3,-3,-3,7) → 2 = sqrt(2)^(2/1)
  HIT: P=(3,3,2,3,3,3,3,0) Q=(0,-2,-2,-2,-3,-3,-3,7) → 2 = sqrt(2)^(2/1)
  HIT: P=(3,3,2,3,3,3,3,0) Q=(0,-2,-2,-2,-3,-3,-3,7) → 2 = sqrt(2)^(2/1)
  HIT: P=(3,3,2,3,3,3,3,0) Q=(0,-2,-2,-2,-3,-3,-3,7) → 2 = sqrt(2)^(2/1)
  HIT: P=(3,3,2,3,3,3,3,0) Q=(0,-2,-2,-2,-3,-3,-3,7) → 2 = sqrt(2)^(2/1)
  0.0% (2401000000/33232930569601) 161 hits, 10097936 candidates/sec, ETA 3290824s
  HIT: P=(1,-3,-2,-3,-3,-3,-3,0) Q=(0,2,-2,-2,-3,-3,-3,7) → 2 = sqrt(2)^(2/1)
  HIT: P=(1,-3,-2,-3,-3,-3,-3,0) Q=(0,2,-2,-2,-3,-3,-3,7) → 2 = sqrt(2)^(2/1)
  HIT: P=(1,-3,-2,-3,-3,-3,-3,0) Q=(0,2,-2,-2,-3,-3,-3,7) → 2 = sqrt(2)^(2/1)
  HIT: P=(1,-3,-2,-3,-3,-3,-3,0) Q=(0,2,-2,-2,-3,-3,-3,7) → 2 = sqrt(2)^(2/1)
  HIT: P=(1,-3,-2,-3,-3,-3,-3,0) Q=(0,2,-2,-2,-3,-3,-3,7) → 2 = sqrt(2)^(2/1)
  HIT: P=(1,-3,-2,-3,-3,-3,-3,0) Q=(0,2,-2,-2,-3,-3,-3,7) → 2 = sqrt(2)^(2/1)
  HIT: P=(1,-3,-2,-3,-3,-3,-3,0) Q=(0,2,-2,-2,-3,-3,-3,7) → 2 = sqrt(2)^(2/1)
  0.0% (2501000000/33232930569601) 168 hits, 10097941 candidates/sec, ETA 3290812s
  HIT: P=(3,2,2,3,3,3,3,0) Q=(0,-2,-1,-2,-3,-3,-3,7) → 2 = sqrt(2)^(2/1)
  0.0% (2601000000/33232930569601) 169 hits, 10097948 candidates/sec, ETA 3290800s
  HIT: P=(3,2,2,3,3,3,3,0) Q=(0,-2,-1,-2,-3,-3,-3,7) → 2 = sqrt(2)^(2/1)
  HIT: P=(3,2,2,3,3,3,3,0) Q=(0,-2,-1,-2,-3,-3,-3,7) → 2 = sqrt(2)^(2/1)
  HIT: P=(3,2,2,3,3,3,3,0) Q=(0,-2,-1,-2,-3,-3,-3,7) → 2 = sqrt(2)^(2/1)
  HIT: P=(3,2,2,3,3,3,3,0) Q=(0,-2,-1,-2,-3,-3,-3,7) → 2 = sqrt(2)^(2/1)
  HIT: P=(3,2,2,3,3,3,3,0) Q=(0,-2,-1,-2,-3,-3,-3,7) → 2 = sqrt(2)^(2/1)
  HIT: P=(3,2,2,3,3,3,3,0) Q=(0,-2,-1,-2,-3,-3,-3,7) → 2 = sqrt(2)^(2/1)
  0.0% (2701000000/33232930569601) 175 hits, 10097941 candidates/sec, ETA 3290792s
  HIT: P=(1,-2,-2,-3,-3,-3,-3,0) Q=(0,2,-1,-2,-3,-3,-3,7) → 2 = sqrt(2)^(2/1)
  HIT: P=(1,-2,-2,-3,-3,-3,-3,0) Q=(0,2,-1,-2,-3,-3,-3,7) → 2 = sqrt(2)^(2/1)
  HIT: P=(1,-2,-2,-3,-3,-3,-3,0) Q=(0,2,-1,-2,-3,-3,-3,7) → 2 = sqrt(2)^(2/1)
  HIT: P=(1,-2,-2,-3,-3,-3,-3,0) Q=(0,2,-1,-2,-3,-3,-3,7) → 2 = sqrt(2)^(2/1)
  HIT: P=(1,-2,-2,-3,-3,-3,-3,0) Q=(0,2,-1,-2,-3,-3,-3,7) → 2 = sqrt(2)^(2/1)
  HIT: P=(1,-2,-2,-3,-3,-3,-3,0) Q=(0,2,-1,-2,-3,-3,-3,7) → 2 = sqrt(2)^(2/1)
  HIT: P=(1,-2,-2,-3,-3,-3,-3,0) Q=(0,2,-1,-2,-3,-3,-3,7) → 2 = sqrt(2)^(2/1)
  0.0% (2801000000/33232930569601) 182 hits, 10097947 candidates/sec, ETA 3290780s
  HIT: P=(3,1,2,3,3,3,3,0) Q=(0,-2,0,-2,-3,-3,-3,7) → 2 = sqrt(2)^(2/1)
  HIT: P=(3,1,2,3,3,3,3,0) Q=(0,-2,0,-2,-3,-3,-3,7) → 2 = sqrt(2)^(2/1)
  HIT: P=(3,1,2,3,3,3,3,0) Q=(0,-2,0,-2,-3,-3,-3,7) → 2 = sqrt(2)^(2/1)
  HIT: P=(3,1,2,3,3,3,3,0) Q=(0,-2,0,-2,-3,-3,-3,7) → 2 = sqrt(2)^(2/1)
  HIT: P=(3,1,2,3,3,3,3,0) Q=(0,-2,0,-2,-3,-3,-3,7) → 2 = sqrt(2)^(2/1)
  HIT: P=(3,1,2,3,3,3,3,0) Q=(0,-2,0,-2,-3,-3,-3,7) → 2 = sqrt(2)^(2/1)
  HIT: P=(3,1,2,3,3,3,3,0) Q=(0,-2,0,-2,-3,-3,-3,7) → 2 = sqrt(2)^(2/1)
  0.0% (2901000000/33232930569601) 189 hits, 10097947 candidates/sec, ETA 3290770s
  HIT: P=(-1,3,-3,2,-2,-2,3,3) Q=(3,-1,0,-2,-3,-3,-3,7) → -9.03627106771737 = (5 + -6*pi^2)/6
  HIT: P=(-1,3,-3,2,-2,-2,3,3) Q=(3,-1,0,-2,-3,-3,-3,7) → -9.03627106771737 = (5 + -6*pi^2)/6
  HIT: P=(-1,3,-3,2,-2,-2,3,3) Q=(3,-1,0,-2,-3,-3,-3,7) → -9.03627106771737 = (5 + -6*pi^2)/6
  HIT: P=(-1,3,-3,2,-2,-2,3,3) Q=(3,-1,0,-2,-3,-3,-3,7) → -9.03627106771737 = (5 + -6*pi^2)/6
  HIT: P=(-1,3,-3,2,-2,-2,3,3) Q=(3,-1,0,-2,-3,-3,-3,7) → -9.03627106771737 = (5 + -6*pi^2)/6
  HIT: P=(-1,3,-3,2,-2,-2,3,3) Q=(3,-1,0,-2,-3,-3,-3,7) → -9.03627106771737 = (5 + -6*pi^2)/6
  HIT: P=(-1,3,-3,2,-2,-2,3,3) Q=(3,-1,0,-2,-3,-3,-3,7) → -9.03627106771737 = (5 + -6*pi^2)/6
  0.0% (3001000000/33232930569601) 196 hits, 10097893 candidates/sec, ETA 3290778s
  HIT: P=(1,1,1,-3,-3,-1,2,-3) Q=(-3,2,0,-2,-3,-3,-3,7) → 6.15888308339699 = (2 + 6*ln(2))/1
  HIT: P=(1,1,1,-3,-3,-1,2,-3) Q=(-3,2,0,-2,-3,-3,-3,7) → 6.15888308339699 = (2 + 6*ln(2))/1
  HIT: P=(1,1,1,-3,-3,-1,2,-3) Q=(-3,2,0,-2,-3,-3,-3,7) → 6.15888308339699 = (2 + 6*ln(2))/1
  HIT: P=(1,1,1,-3,-3,-1,2,-3) Q=(-3,2,0,-2,-3,-3,-3,7) → 6.15888308339699 = (2 + 6*ln(2))/1
  HIT: P=(1,1,1,-3,-3,-1,2,-3) Q=(-3,2,0,-2,-3,-3,-3,7) → 6.15888308339699 = (2 + 6*ln(2))/1
  HIT: P=(1,1,1,-3,-3,-1,2,-3) Q=(-3,2,0,-2,-3,-3,-3,7) → 6.15888308339699 = (2 + 6*ln(2))/1
  HIT: P=(1,1,1,-3,-3,-1,2,-3) Q=(-3,2,0,-2,-3,-3,-3,7) → 6.15888308339699 = (2 + 6*ln(2))/1
  HIT: P=(1,-1,-2,-3,-3,-3,-3,0) Q=(0,2,0,-2,-3,-3,-3,7) → 2 = sqrt(2)^(2/1)
  HIT: P=(1,-1,-2,-3,-3,-3,-3,0) Q=(0,2,0,-2,-3,-3,-3,7) → 2 = sqrt(2)^(2/1)
  HIT: P=(1,-1,-2,-3,-3,-3,-3,0) Q=(0,2,0,-2,-3,-3,-3,7) → 2 = sqrt(2)^(2/1)
  HIT: P=(1,-1,-2,-3,-3,-3,-3,0) Q=(0,2,0,-2,-3,-3,-3,7) → 2 = sqrt(2)^(2/1)
  HIT: P=(1,-1,-2,-3,-3,-3,-3,0) Q=(0,2,0,-2,-3,-3,-3,7) → 2 = sqrt(2)^(2/1)
  HIT: P=(1,-1,-2,-3,-3,-3,-3,0) Q=(0,2,0,-2,-3,-3,-3,7) → 2 = sqrt(2)^(2/1)
  HIT: P=(1,-1,-2,-3,-3,-3,-3,0) Q=(0,2,0,-2,-3,-3,-3,7) → 2 = sqrt(2)^(2/1)
  HIT: P=(-3,-3,1,1,0,0,-2,-2) Q=(-2,3,0,-2,-3,-3,-3,7) → -0.858397298295245 = (-2 + -5*1/(e*pi))/3
  HIT: P=(-3,-3,1,1,0,0,-2,-2) Q=(-2,3,0,-2,-3,-3,-3,7) → -0.858397298295245 = (-2 + -5*1/(e*pi))/3
  HIT: P=(-3,-3,1,1,0,0,-2,-2) Q=(-2,3,0,-2,-3,-3,-3,7) → -0.858397298295245 = (-2 + -5*1/(e*pi))/3
  HIT: P=(-3,-3,1,1,0,0,-2,-2) Q=(-2,3,0,-2,-3,-3,-3,7) → -0.858397298295245 = (-2 + -5*1/(e*pi))/3
  HIT: P=(-3,-3,1,1,0,0,-2,-2) Q=(-2,3,0,-2,-3,-3,-3,7) → -0.858397298295245 = (-2 + -5*1/(e*pi))/3
  HIT: P=(-3,-3,1,1,0,0,-2,-2) Q=(-2,3,0,-2,-3,-3,-3,7) → -0.858397298295245 = (-2 + -5*1/(e*pi))/3
  HIT: P=(-3,-3,1,1,0,0,-2,-2) Q=(-2,3,0,-2,-3,-3,-3,7) → -0.858397298295245 = (-2 + -5*1/(e*pi))/3
  0.0% (3101000000/33232930569601) 217 hits, 10097895 candidates/sec, ETA 3290768s
  HIT: P=(2,-2,-1,-3,0,-3,-3,3) Q=(3,-3,1,-2,-3,-3,-3,7) → 2.69813170082314 = (6 + 2*pi/3)/3
  HIT: P=(2,-2,-1,-3,0,-3,-3,3) Q=(3,-3,1,-2,-3,-3,-3,7) → 2.69813170082314 = (6 + 2*pi/3)/3
  HIT: P=(2,-2,-1,-3,0,-3,-3,3) Q=(3,-3,1,-2,-3,-3,-3,7) → 2.69813170082314 = (6 + 2*pi/3)/3
  HIT: P=(2,-2,-1,-3,0,-3,-3,3) Q=(3,-3,1,-2,-3,-3,-3,7) → 2.69813170082314 = (6 + 2*pi/3)/3
  HIT: P=(2,-2,-1,-3,0,-3,-3,3) Q=(3,-3,1,-2,-3,-3,-3,7) → 2.69813170082314 = (6 + 2*pi/3)/3
  HIT: P=(2,-2,-1,-3,0,-3,-3,3) Q=(3,-3,1,-2,-3,-3,-3,7) → 2.69813170082314 = (6 + 2*pi/3)/3
  HIT: P=(2,-2,-1,-3,0,-3,-3,3) Q=(3,-3,1,-2,-3,-3,-3,7) → 2.69813170082314 = (6 + 2*pi/3)/3
  HIT: P=(3,0,2,3,3,3,3,0) Q=(0,-2,1,-2,-3,-3,-3,7) → 2 = sqrt(2)^(2/1)
  HIT: P=(3,0,2,3,3,3,3,0) Q=(0,-2,1,-2,-3,-3,-3,7) → 2 = sqrt(2)^(2/1)
  HIT: P=(3,0,2,3,3,3,3,0) Q=(0,-2,1,-2,-3,-3,-3,7) → 2 = sqrt(2)^(2/1)
  HIT: P=(3,0,2,3,3,3,3,0) Q=(0,-2,1,-2,-3,-3,-3,7) → 2 = sqrt(2)^(2/1)
  HIT: P=(3,0,2,3,3,3,3,0) Q=(0,-2,1,-2,-3,-3,-3,7) → 2 = sqrt(2)^(2/1)
  HIT: P=(3,0,2,3,3,3,3,0) Q=(0,-2,1,-2,-3,-3,-3,7) → 2 = sqrt(2)^(2/1)
  HIT: P=(3,0,2,3,3,3,3,0) Q=(0,-2,1,-2,-3,-3,-3,7) → 2 = sqrt(2)^(2/1)
  HIT: P=(2,3,0,0,3,1,3,3) Q=(3,-2,1,-2,-3,-3,-3,7) → 1.1363380227637 = (6 + -1*1/pi)/5
  HIT: P=(2,3,0,0,3,1,3,3) Q=(3,-2,1,-2,-3,-3,-3,7) → 1.1363380227637 = (6 + -1*1/pi)/5
  HIT: P=(2,3,0,0,3,1,3,3) Q=(3,-2,1,-2,-3,-3,-3,7) → 1.1363380227637 = (6 + -1*1/pi)/5
  HIT: P=(2,3,0,0,3,1,3,3) Q=(3,-2,1,-2,-3,-3,-3,7) → 1.1363380227637 = (6 + -1*1/pi)/5
  HIT: P=(2,3,0,0,3,1,3,3) Q=(3,-2,1,-2,-3,-3,-3,7) → 1.1363380227637 = (6 + -1*1/pi)/5
  HIT: P=(2,3,0,0,3,1,3,3) Q=(3,-2,1,-2,-3,-3,-3,7) → 1.1363380227637 = (6 + -1*1/pi)/5
  HIT: P=(2,3,0,0,3,1,3,3) Q=(3,-2,1,-2,-3,-3,-3,7) → 1.1363380227637 = (6 + -1*1/pi)/5
  0.0% (3201000000/33232930569601) 238 hits, 10097904 candidates/sec, ETA 3290755s
  0.0% (3301000000/33232930569601) 238 hits, 10097916 candidates/sec, ETA 3290741s
  HIT: P=(1,0,-2,-3,-3,-3,-3,0) Q=(0,2,1,-2,-3,-3,-3,7) → 2 = sqrt(2)^(2/1)
  HIT: P=(1,0,-2,-3,-3,-3,-3,0) Q=(0,2,1,-2,-3,-3,-3,7) → 2 = sqrt(2)^(2/1)
  HIT: P=(1,0,-2,-3,-3,-3,-3,0) Q=(0,2,1,-2,-3,-3,-3,7) → 2 = sqrt(2)^(2/1)
  HIT: P=(1,0,-2,-3,-3,-3,-3,0) Q=(0,2,1,-2,-3,-3,-3,7) → 2 = sqrt(2)^(2/1)
  HIT: P=(1,0,-2,-3,-3,-3,-3,0) Q=(0,2,1,-2,-3,-3,-3,7) → 2 = sqrt(2)^(2/1)
  HIT: P=(1,0,-2,-3,-3,-3,-3,0) Q=(0,2,1,-2,-3,-3,-3,7) → 2 = sqrt(2)^(2/1)
  HIT: P=(1,0,-2,-3,-3,-3,-3,0) Q=(0,2,1,-2,-3,-3,-3,7) → 2 = sqrt(2)^(2/1)
  0.0% (3401000000/33232930569601) 245 hits, 10097927 candidates/sec, ETA 3290728s
  HIT: P=(-2,-1,1,-2,3,-1,-1,1) Q=(1,-3,2,-2,-3,-3,-3,7) → -1.05730495911625 = (-5 + 2*1/ln(2))/2
  HIT: P=(-2,-1,1,-2,3,-1,-1,1) Q=(1,-3,2,-2,-3,-3,-3,7) → -1.05730495911625 = (-5 + 2*1/ln(2))/2
  HIT: P=(-2,-1,1,-2,3,-1,-1,1) Q=(1,-3,2,-2,-3,-3,-3,7) → -1.05730495911625 = (-5 + 2*1/ln(2))/2
  HIT: P=(-2,-1,1,-2,3,-1,-1,1) Q=(1,-3,2,-2,-3,-3,-3,7) → -1.05730495911625 = (-5 + 2*1/ln(2))/2
  HIT: P=(-2,-1,1,-2,3,-1,-1,1) Q=(1,-3,2,-2,-3,-3,-3,7) → -1.05730495911625 = (-5 + 2*1/ln(2))/2
  HIT: P=(-2,-1,1,-2,3,-1,-1,1) Q=(1,-3,2,-2,-3,-3,-3,7) → -1.05730495911625 = (-5 + 2*1/ln(2))/2
  HIT: P=(-2,-1,1,-2,3,-1,-1,1) Q=(1,-3,2,-2,-3,-3,-3,7) → -1.05730495911625 = (-5 + 2*1/ln(2))/2
  HIT: P=(0,-2,1,2,3,-2,-3,2) Q=(2,-3,2,-2,-3,-3,-3,7) → 1.14204087961661 = (1 + 4*1/sqrt(e))/3
  HIT: P=(0,-2,1,2,3,-2,-3,2) Q=(2,-3,2,-2,-3,-3,-3,7) → 1.14204087961661 = (1 + 4*1/sqrt(e))/3
  HIT: P=(0,-2,1,2,3,-2,-3,2) Q=(2,-3,2,-2,-3,-3,-3,7) → 1.14204087961661 = (1 + 4*1/sqrt(e))/3
  HIT: P=(0,-2,1,2,3,-2,-3,2) Q=(2,-3,2,-2,-3,-3,-3,7) → 1.14204087961661 = (1 + 4*1/sqrt(e))/3
  HIT: P=(0,-2,1,2,3,-2,-3,2) Q=(2,-3,2,-2,-3,-3,-3,7) → 1.14204087961661 = (1 + 4*1/sqrt(e))/3
  HIT: P=(0,-2,1,2,3,-2,-3,2) Q=(2,-3,2,-2,-3,-3,-3,7) → 1.14204087961661 = (1 + 4*1/sqrt(e))/3
  HIT: P=(0,-2,1,2,3,-2,-3,2) Q=(2,-3,2,-2,-3,-3,-3,7) → 1.14204087961661 = (1 + 4*1/sqrt(e))/3
  HIT: P=(1,-1,-1,-1,-3,1,1,-1) Q=(-1,-2,2,-2,-3,-3,-3,7) → -2.34906585038887 = (-6 + -1*pi/3)/3
  HIT: P=(1,-1,-1,-1,-3,1,1,-1) Q=(-1,-2,2,-2,-3,-3,-3,7) → -2.34906585038887 = (-6 + -1*pi/3)/3
  HIT: P=(1,-1,-1,-1,-3,1,1,-1) Q=(-1,-2,2,-2,-3,-3,-3,7) → -2.34906585038887 = (-6 + -1*pi/3)/3
  HIT: P=(1,-1,-1,-1,-3,1,1,-1) Q=(-1,-2,2,-2,-3,-3,-3,7) → -2.34906585038887 = (-6 + -1*pi/3)/3
  HIT: P=(1,-1,-1,-1,-3,1,1,-1) Q=(-1,-2,2,-2,-3,-3,-3,7) → -2.34906585038887 = (-6 + -1*pi/3)/3
  HIT: P=(1,-1,-1,-1,-3,1,1,-1) Q=(-1,-2,2,-2,-3,-3,-3,7) → -2.34906585038887 = (-6 + -1*pi/3)/3
  HIT: P=(1,-1,-1,-1,-3,1,1,-1) Q=(-1,-2,2,-2,-3,-3,-3,7) → -2.34906585038887 = (-6 + -1*pi/3)/3
  HIT: P=(3,-1,2,3,3,3,3,0) Q=(0,-2,2,-2,-3,-3,-3,7) → 2 = sqrt(2)^(2/1)
  HIT: P=(3,-1,2,3,3,3,3,0) Q=(0,-2,2,-2,-3,-3,-3,7) → 2 = sqrt(2)^(2/1)
  HIT: P=(3,-1,2,3,3,3,3,0) Q=(0,-2,2,-2,-3,-3,-3,7) → 2 = sqrt(2)^(2/1)
  HIT: P=(3,-1,2,3,3,3,3,0) Q=(0,-2,2,-2,-3,-3,-3,7) → 2 = sqrt(2)^(2/1)
  HIT: P=(3,-1,2,3,3,3,3,0) Q=(0,-2,2,-2,-3,-3,-3,7) → 2 = sqrt(2)^(2/1)
  HIT: P=(3,-1,2,3,3,3,3,0) Q=(0,-2,2,-2,-3,-3,-3,7) → 2 = sqrt(2)^(2/1)
  HIT: P=(3,-1,2,3,3,3,3,0) Q=(0,-2,2,-2,-3,-3,-3,7) → 2 = sqrt(2)^(2/1)
  0.0% (3501000000/33232930569601) 273 hits, 10097931 candidates/sec, ETA 3290716s
  HIT: P=(-1,1,-1,3,-1,0,3,-3) Q=(-3,0,2,-2,-3,-3,-3,7) → -4.02648948179002 = (5 + -2*e*pi)/3
  HIT: P=(-1,1,-1,3,-1,0,3,-3) Q=(-3,0,2,-2,-3,-3,-3,7) → -4.02648948179002 = (5 + -2*e*pi)/3
  HIT: P=(-1,1,-1,3,-1,0,3,-3) Q=(-3,0,2,-2,-3,-3,-3,7) → -4.02648948179002 = (5 + -2*e*pi)/3
  HIT: P=(-1,1,-1,3,-1,0,3,-3) Q=(-3,0,2,-2,-3,-3,-3,7) → -4.02648948179002 = (5 + -2*e*pi)/3
  HIT: P=(-1,1,-1,3,-1,0,3,-3) Q=(-3,0,2,-2,-3,-3,-3,7) → -4.02648948179002 = (5 + -2*e*pi)/3
  HIT: P=(-1,1,-1,3,-1,0,3,-3) Q=(-3,0,2,-2,-3,-3,-3,7) → -4.02648948179002 = (5 + -2*e*pi)/3
  HIT: P=(-1,1,-1,3,-1,0,3,-3) Q=(-3,0,2,-2,-3,-3,-3,7) → -4.02648948179002 = (5 + -2*e*pi)/3
  0.0% (3601000000/33232930569601) 280 hits, 10097937 candidates/sec, ETA 3290704s
  HIT: P=(1,1,-2,-3,-3,-3,-3,0) Q=(0,2,2,-2,-3,-3,-3,7) → 2 = sqrt(2)^(2/1)
  HIT: P=(1,1,-2,-3,-3,-3,-3,0) Q=(0,2,2,-2,-3,-3,-3,7) → 2 = sqrt(2)^(2/1)
  HIT: P=(1,1,-2,-3,-3,-3,-3,0) Q=(0,2,2,-2,-3,-3,-3,7) → 2 = sqrt(2)^(2/1)
  HIT: P=(1,1,-2,-3,-3,-3,-3,0) Q=(0,2,2,-2,-3,-3,-3,7) → 2 = sqrt(2)^(2/1)
  HIT: P=(1,1,-2,-3,-3,-3,-3,0) Q=(0,2,2,-2,-3,-3,-3,7) → 2 = sqrt(2)^(2/1)
  HIT: P=(1,1,-2,-3,-3,-3,-3,0) Q=(0,2,2,-2,-3,-3,-3,7) → 2 = sqrt(2)^(2/1)
  HIT: P=(1,1,-2,-3,-3,-3,-3,0) Q=(0,2,2,-2,-3,-3,-3,7) → 2 = sqrt(2)^(2/1)
  HIT: P=(-2,1,0,-3,3,1,-2,-3) Q=(-3,3,2,-2,-3,-3,-3,7) → 1.52359877558646 = (3 + 2*pi/4)/3
  HIT: P=(-2,1,0,-3,3,1,-2,-3) Q=(-3,3,2,-2,-3,-3,-3,7) → 1.52359877558646 = (3 + 2*pi/4)/3
  HIT: P=(-2,1,0,-3,3,1,-2,-3) Q=(-3,3,2,-2,-3,-3,-3,7) → 1.52359877558646 = (3 + 2*pi/4)/3
  HIT: P=(-2,1,0,-3,3,1,-2,-3) Q=(-3,3,2,-2,-3,-3,-3,7) → 1.52359877558646 = (3 + 2*pi/4)/3
  HIT: P=(-2,1,0,-3,3,1,-2,-3) Q=(-3,3,2,-2,-3,-3,-3,7) → 1.52359877558646 = (3 + 2*pi/4)/3
  HIT: P=(-2,1,0,-3,3,1,-2,-3) Q=(-3,3,2,-2,-3,-3,-3,7) → 1.52359877558646 = (3 + 2*pi/4)/3
  HIT: P=(-2,1,0,-3,3,1,-2,-3) Q=(-3,3,2,-2,-3,-3,-3,7) → 1.52359877558646 = (3 + 2*pi/4)/3
  HIT: P=(-3,3,-1,-3,-2,-2,-2,-2) Q=(-2,-3,3,-2,-3,-3,-3,7) → -1.48286795140311 = (1 + -5*2*ln(2))/4
  HIT: P=(-3,3,-1,-3,-2,-2,-2,-2) Q=(-2,-3,3,-2,-3,-3,-3,7) → -1.48286795140311 = (1 + -5*2*ln(2))/4
  HIT: P=(-3,3,-1,-3,-2,-2,-2,-2) Q=(-2,-3,3,-2,-3,-3,-3,7) → -1.48286795140311 = (1 + -5*2*ln(2))/4
  HIT: P=(-3,3,-1,-3,-2,-2,-2,-2) Q=(-2,-3,3,-2,-3,-3,-3,7) → -1.48286795140311 = (1 + -5*2*ln(2))/4
  HIT: P=(-3,3,-1,-3,-2,-2,-2,-2) Q=(-2,-3,3,-2,-3,-3,-3,7) → -1.48286795140311 = (1 + -5*2*ln(2))/4
  HIT: P=(-3,3,-1,-3,-2,-2,-2,-2) Q=(-2,-3,3,-2,-3,-3,-3,7) → -1.48286795140311 = (1 + -5*2*ln(2))/4
  HIT: P=(-3,3,-1,-3,-2,-2,-2,-2) Q=(-2,-3,3,-2,-3,-3,-3,7) → -1.48286795140311 = (1 + -5*2*ln(2))/4
  0.0% (3701000000/33232930569601) 301 hits, 10097940 candidates/sec, ETA 3290694s
  HIT: P=(3,0,1,1,2,1,1,3) Q=(3,-3,3,-2,-3,-3,-3,7) → 1.96394372685298 = (6 + 3*4/pi)/5
  HIT: P=(3,0,1,1,2,1,1,3) Q=(3,-3,3,-2,-3,-3,-3,7) → 1.96394372685298 = (6 + 3*4/pi)/5
  HIT: P=(3,0,1,1,2,1,1,3) Q=(3,-3,3,-2,-3,-3,-3,7) → 1.96394372685298 = (6 + 3*4/pi)/5
  HIT: P=(3,0,1,1,2,1,1,3) Q=(3,-3,3,-2,-3,-3,-3,7) → 1.96394372685298 = (6 + 3*4/pi)/5
  HIT: P=(3,0,1,1,2,1,1,3) Q=(3,-3,3,-2,-3,-3,-3,7) → 1.96394372685298 = (6 + 3*4/pi)/5
  HIT: P=(3,0,1,1,2,1,1,3) Q=(3,-3,3,-2,-3,-3,-3,7) → 1.96394372685298 = (6 + 3*4/pi)/5
  HIT: P=(3,0,1,1,2,1,1,3) Q=(3,-3,3,-2,-3,-3,-3,7) → 1.96394372685298 = (6 + 3*4/pi)/5
  HIT: P=(3,-2,2,3,3,3,3,0) Q=(0,-2,3,-2,-3,-3,-3,7) → 2 = sqrt(2)^(2/1)
  HIT: P=(3,-2,2,3,3,3,3,0) Q=(0,-2,3,-2,-3,-3,-3,7) → 2 = sqrt(2)^(2/1)
  HIT: P=(3,-2,2,3,3,3,3,0) Q=(0,-2,3,-2,-3,-3,-3,7) → 2 = sqrt(2)^(2/1)
  HIT: P=(3,-2,2,3,3,3,3,0) Q=(0,-2,3,-2,-3,-3,-3,7) → 2 = sqrt(2)^(2/1)
  HIT: P=(3,-2,2,3,3,3,3,0) Q=(0,-2,3,-2,-3,-3,-3,7) → 2 = sqrt(2)^(2/1)
  HIT: P=(3,-2,2,3,3,3,3,0) Q=(0,-2,3,-2,-3,-3,-3,7) → 2 = sqrt(2)^(2/1)
  HIT: P=(3,-2,2,3,3,3,3,0) Q=(0,-2,3,-2,-3,-3,-3,7) → 2 = sqrt(2)^(2/1)
  HIT: P=(1,2,-2,0,-3,2,2,-2) Q=(-2,-1,3,-2,-3,-3,-3,7) → -1.14159265357916 = (2 + -4*pi/4)/1
  HIT: P=(1,2,-2,0,-3,2,2,-2) Q=(-2,-1,3,-2,-3,-3,-3,7) → -1.14159265357916 = (2 + -4*pi/4)/1
  HIT: P=(1,2,-2,0,-3,2,2,-2) Q=(-2,-1,3,-2,-3,-3,-3,7) → -1.14159265357916 = (2 + -4*pi/4)/1
  HIT: P=(1,2,-2,0,-3,2,2,-2) Q=(-2,-1,3,-2,-3,-3,-3,7) → -1.14159265357916 = (2 + -4*pi/4)/1
  HIT: P=(1,2,-2,0,-3,2,2,-2) Q=(-2,-1,3,-2,-3,-3,-3,7) → -1.14159265357916 = (2 + -4*pi/4)/1
  HIT: P=(1,2,-2,0,-3,2,2,-2) Q=(-2,-1,3,-2,-3,-3,-3,7) → -1.14159265357916 = (2 + -4*pi/4)/1
  HIT: P=(1,2,-2,0,-3,2,2,-2) Q=(-2,-1,3,-2,-3,-3,-3,7) → -1.14159265357916 = (2 + -4*pi/4)/1
  0.0% (3801000000/33232930569601) 322 hits, 10097933 candidates/sec, ETA 3290686s
  HIT: P=(3,3,2,-3,-3,3,-1,-1) Q=(-1,0,3,-2,-3,-3,-3,7) → 1.4867178386489 = (4 + 4*1/(e*pi))/3
  HIT: P=(3,3,2,-3,-3,3,-1,-1) Q=(-1,0,3,-2,-3,-3,-3,7) → 1.4867178386489 = (4 + 4*1/(e*pi))/3
  HIT: P=(3,3,2,-3,-3,3,-1,-1) Q=(-1,0,3,-2,-3,-3,-3,7) → 1.4867178386489 = (4 + 4*1/(e*pi))/3
  HIT: P=(3,3,2,-3,-3,3,-1,-1) Q=(-1,0,3,-2,-3,-3,-3,7) → 1.4867178386489 = (4 + 4*1/(e*pi))/3
  HIT: P=(3,3,2,-3,-3,3,-1,-1) Q=(-1,0,3,-2,-3,-3,-3,7) → 1.4867178386489 = (4 + 4*1/(e*pi))/3
  HIT: P=(3,3,2,-3,-3,3,-1,-1) Q=(-1,0,3,-2,-3,-3,-3,7) → 1.4867178386489 = (4 + 4*1/(e*pi))/3
  HIT: P=(3,3,2,-3,-3,3,-1,-1) Q=(-1,0,3,-2,-3,-3,-3,7) → 1.4867178386489 = (4 + 4*1/(e*pi))/3
  HIT: P=(0,0,-2,-2,-2,-2,3,-2) Q=(-2,2,3,-2,-3,-3,-3,7) → 3.66274169979853 = (7 + 8*sqrt(2))/5
  HIT: P=(0,0,-2,-2,-2,-2,3,-2) Q=(-2,2,3,-2,-3,-3,-3,7) → 3.66274169979853 = (7 + 8*sqrt(2))/5
  HIT: P=(0,0,-2,-2,-2,-2,3,-2) Q=(-2,2,3,-2,-3,-3,-3,7) → 3.66274169979853 = (7 + 8*sqrt(2))/5
  HIT: P=(0,0,-2,-2,-2,-2,3,-2) Q=(-2,2,3,-2,-3,-3,-3,7) → 3.66274169979853 = (7 + 8*sqrt(2))/5
  HIT: P=(0,0,-2,-2,-2,-2,3,-2) Q=(-2,2,3,-2,-3,-3,-3,7) → 3.66274169979853 = (7 + 8*sqrt(2))/5
  HIT: P=(0,0,-2,-2,-2,-2,3,-2) Q=(-2,2,3,-2,-3,-3,-3,7) → 3.66274169979853 = (7 + 8*sqrt(2))/5
  HIT: P=(0,0,-2,-2,-2,-2,3,-2) Q=(-2,2,3,-2,-3,-3,-3,7) → 3.66274169979853 = (7 + 8*sqrt(2))/5
  HIT: P=(1,2,-2,-3,-3,-3,-3,0) Q=(0,2,3,-2,-3,-3,-3,7) → 2 = sqrt(2)^(2/1)
  HIT: P=(1,2,-2,-3,-3,-3,-3,0) Q=(0,2,3,-2,-3,-3,-3,7) → 2 = sqrt(2)^(2/1)
  HIT: P=(1,2,-2,-3,-3,-3,-3,0) Q=(0,2,3,-2,-3,-3,-3,7) → 2 = sqrt(2)^(2/1)
  HIT: P=(1,2,-2,-3,-3,-3,-3,0) Q=(0,2,3,-2,-3,-3,-3,7) → 2 = sqrt(2)^(2/1)
  HIT: P=(1,2,-2,-3,-3,-3,-3,0) Q=(0,2,3,-2,-3,-3,-3,7) → 2 = sqrt(2)^(2/1)
  HIT: P=(1,2,-2,-3,-3,-3,-3,0) Q=(0,2,3,-2,-3,-3,-3,7) → 2 = sqrt(2)^(2/1)
  HIT: P=(1,2,-2,-3,-3,-3,-3,0) Q=(0,2,3,-2,-3,-3,-3,7) → 2 = sqrt(2)^(2/1)
  0.0% (3901000000/33232930569601) 343 hits, 10097936 candidates/sec, ETA 3290675s
  HIT: P=(-1,-1,-1,0,0,-3,3,-3) Q=(-3,3,3,-2,-3,-3,-3,7) → 2.10730091832034 = (5 + -1*pi/4)/2
  HIT: P=(-1,-1,-1,0,0,-3,3,-3) Q=(-3,3,3,-2,-3,-3,-3,7) → 2.10730091832034 = (5 + -1*pi/4)/2
  HIT: P=(-1,-1,-1,0,0,-3,3,-3) Q=(-3,3,3,-2,-3,-3,-3,7) → 2.10730091832034 = (5 + -1*pi/4)/2
  HIT: P=(-1,-1,-1,0,0,-3,3,-3) Q=(-3,3,3,-2,-3,-3,-3,7) → 2.10730091832034 = (5 + -1*pi/4)/2
  HIT: P=(-1,-1,-1,0,0,-3,3,-3) Q=(-3,3,3,-2,-3,-3,-3,7) → 2.10730091832034 = (5 + -1*pi/4)/2
  HIT: P=(-1,-1,-1,0,0,-3,3,-3) Q=(-3,3,3,-2,-3,-3,-3,7) → 2.10730091832034 = (5 + -1*pi/4)/2
  HIT: P=(-1,-1,-1,0,0,-3,3,-3) Q=(-3,3,3,-2,-3,-3,-3,7) → 2.10730091832034 = (5 + -1*pi/4)/2
  0.0% (4001000000/33232930569601) 350 hits, 10097940 candidates/sec, ETA 3290664s
  0.0% (4101000000/33232930569601) 350 hits, 10097937 candidates/sec, ETA 3290655s
  HIT: P=(2,1,-1,1,-1,3,-2,3) Q=(3,1,-3,-1,-3,-3,-3,7) → -1.11460991822424 = (-4 + 2*1/ln(2))/1
  HIT: P=(2,1,-1,1,-1,3,-2,3) Q=(3,1,-3,-1,-3,-3,-3,7) → -1.11460991822424 = (-4 + 2*1/ln(2))/1
  HIT: P=(2,1,-1,1,-1,3,-2,3) Q=(3,1,-3,-1,-3,-3,-3,7) → -1.11460991822424 = (-4 + 2*1/ln(2))/1
  HIT: P=(2,1,-1,1,-1,3,-2,3) Q=(3,1,-3,-1,-3,-3,-3,7) → -1.11460991822424 = (-4 + 2*1/ln(2))/1
  HIT: P=(2,1,-1,1,-1,3,-2,3) Q=(3,1,-3,-1,-3,-3,-3,7) → -1.11460991822424 = (-4 + 2*1/ln(2))/1
  HIT: P=(2,1,-1,1,-1,3,-2,3) Q=(3,1,-3,-1,-3,-3,-3,7) → -1.11460991822424 = (-4 + 2*1/ln(2))/1
  HIT: P=(2,1,-1,1,-1,3,-2,3) Q=(3,1,-3,-1,-3,-3,-3,7) → -1.11460991822424 = (-4 + 2*1/ln(2))/1
  0.0% (4201000000/33232930569601) 357 hits, 10097898 candidates/sec, ETA 3290658s
  HIT: P=(3,3,1,3,3,3,3,0) Q=(0,-2,-2,-1,-3,-3,-3,7) → 2 = sqrt(2)^(2/1)
  HIT: P=(3,3,1,3,3,3,3,0) Q=(0,-2,-2,-1,-3,-3,-3,7) → 2 = sqrt(2)^(2/1)
  HIT: P=(3,3,1,3,3,3,3,0) Q=(0,-2,-2,-1,-3,-3,-3,7) → 2 = sqrt(2)^(2/1)
  HIT: P=(3,3,1,3,3,3,3,0) Q=(0,-2,-2,-1,-3,-3,-3,7) → 2 = sqrt(2)^(2/1)
  HIT: P=(3,3,1,3,3,3,3,0) Q=(0,-2,-2,-1,-3,-3,-3,7) → 2 = sqrt(2)^(2/1)
  HIT: P=(3,3,1,3,3,3,3,0) Q=(0,-2,-2,-1,-3,-3,-3,7) → 2 = sqrt(2)^(2/1)
  HIT: P=(3,3,1,3,3,3,3,0) Q=(0,-2,-2,-1,-3,-3,-3,7) → 2 = sqrt(2)^(2/1)
  0.0% (4301000000/33232930569601) 364 hits, 10097866 candidates/sec, ETA 3290658s
  HIT: P=(-2,-2,1,-2,-3,-2,1,-3) Q=(-3,0,-2,-1,-3,-3,-3,7) → -0.261267585361446 = (-2 + 3*1/pi)/4
  HIT: P=(-2,-2,1,-2,-3,-2,1,-3) Q=(-3,0,-2,-1,-3,-3,-3,7) → -0.261267585361446 = (-2 + 3*1/pi)/4
  HIT: P=(-2,-2,1,-2,-3,-2,1,-3) Q=(-3,0,-2,-1,-3,-3,-3,7) → -0.261267585361446 = (-2 + 3*1/pi)/4
  HIT: P=(-2,-2,1,-2,-3,-2,1,-3) Q=(-3,0,-2,-1,-3,-3,-3,7) → -0.261267585361446 = (-2 + 3*1/pi)/4
  HIT: P=(-2,-2,1,-2,-3,-2,1,-3) Q=(-3,0,-2,-1,-3,-3,-3,7) → -0.261267585361446 = (-2 + 3*1/pi)/4
  HIT: P=(-2,-2,1,-2,-3,-2,1,-3) Q=(-3,0,-2,-1,-3,-3,-3,7) → -0.261267585361446 = (-2 + 3*1/pi)/4
  HIT: P=(-2,-2,1,-2,-3,-2,1,-3) Q=(-3,0,-2,-1,-3,-3,-3,7) → -0.261267585361446 = (-2 + 3*1/pi)/4
  0.0% (4401000000/33232930569601) 371 hits, 10097862 candidates/sec, ETA 3290650s
  HIT: P=(1,-3,-1,-3,-3,-3,-3,0) Q=(0,2,-2,-1,-3,-3,-3,7) → 2 = sqrt(2)^(2/1)
  HIT: P=(1,-3,-1,-3,-3,-3,-3,0) Q=(0,2,-2,-1,-3,-3,-3,7) → 2 = sqrt(2)^(2/1)
  HIT: P=(1,-3,-1,-3,-3,-3,-3,0) Q=(0,2,-2,-1,-3,-3,-3,7) → 2 = sqrt(2)^(2/1)
  HIT: P=(1,-3,-1,-3,-3,-3,-3,0) Q=(0,2,-2,-1,-3,-3,-3,7) → 2 = sqrt(2)^(2/1)
  HIT: P=(1,-3,-1,-3,-3,-3,-3,0) Q=(0,2,-2,-1,-3,-3,-3,7) → 2 = sqrt(2)^(2/1)
  HIT: P=(1,-3,-1,-3,-3,-3,-3,0) Q=(0,2,-2,-1,-3,-3,-3,7) → 2 = sqrt(2)^(2/1)
  HIT: P=(1,-3,-1,-3,-3,-3,-3,0) Q=(0,2,-2,-1,-3,-3,-3,7) → 2 = sqrt(2)^(2/1)
  0.0% (4501000000/33232930569601) 378 hits, 10097856 candidates/sec, ETA 3290642s
  HIT: P=(3,2,1,3,3,3,3,0) Q=(0,-2,-1,-1,-3,-3,-3,7) → 2 = sqrt(2)^(2/1)
  HIT: P=(3,2,1,3,3,3,3,0) Q=(0,-2,-1,-1,-3,-3,-3,7) → 2 = sqrt(2)^(2/1)
  HIT: P=(3,2,1,3,3,3,3,0) Q=(0,-2,-1,-1,-3,-3,-3,7) → 2 = sqrt(2)^(2/1)
  HIT: P=(3,2,1,3,3,3,3,0) Q=(0,-2,-1,-1,-3,-3,-3,7) → 2 = sqrt(2)^(2/1)
  HIT: P=(3,2,1,3,3,3,3,0) Q=(0,-2,-1,-1,-3,-3,-3,7) → 2 = sqrt(2)^(2/1)
  HIT: P=(3,2,1,3,3,3,3,0) Q=(0,-2,-1,-1,-3,-3,-3,7) → 2 = sqrt(2)^(2/1)
  HIT: P=(3,2,1,3,3,3,3,0) Q=(0,-2,-1,-1,-3,-3,-3,7) → 2 = sqrt(2)^(2/1)
  0.0% (4601000000/33232930569601) 385 hits, 10097855 candidates/sec, ETA 3290632s
  0.0% (4701000000/33232930569601) 385 hits, 10097854 candidates/sec, ETA 3290623s
  HIT: P=(1,-2,-1,-3,-3,-3,-3,0) Q=(0,2,-1,-1,-3,-3,-3,7) → 2 = sqrt(2)^(2/1)
  HIT: P=(1,-2,-1,-3,-3,-3,-3,0) Q=(0,2,-1,-1,-3,-3,-3,7) → 2 = sqrt(2)^(2/1)
  HIT: P=(1,-2,-1,-3,-3,-3,-3,0) Q=(0,2,-1,-1,-3,-3,-3,7) → 2 = sqrt(2)^(2/1)
  HIT: P=(1,-2,-1,-3,-3,-3,-3,0) Q=(0,2,-1,-1,-3,-3,-3,7) → 2 = sqrt(2)^(2/1)
  HIT: P=(1,-2,-1,-3,-3,-3,-3,0) Q=(0,2,-1,-1,-3,-3,-3,7) → 2 = sqrt(2)^(2/1)
  HIT: P=(1,-2,-1,-3,-3,-3,-3,0) Q=(0,2,-1,-1,-3,-3,-3,7) → 2 = sqrt(2)^(2/1)
  HIT: P=(1,-2,-1,-3,-3,-3,-3,0) Q=(0,2,-1,-1,-3,-3,-3,7) → 2 = sqrt(2)^(2/1)
  HIT: P=(-1,0,1,2,-3,-2,0,1) Q=(1,3,-1,-1,-3,-3,-3,7) → -0.634744020572501 = (-3 + 2*e/pi)/2
  HIT: P=(-1,0,1,2,-3,-2,0,1) Q=(1,3,-1,-1,-3,-3,-3,7) → -0.634744020572501 = (-3 + 2*e/pi)/2
  HIT: P=(-1,0,1,2,-3,-2,0,1) Q=(1,3,-1,-1,-3,-3,-3,7) → -0.634744020572501 = (-3 + 2*e/pi)/2
  HIT: P=(-1,0,1,2,-3,-2,0,1) Q=(1,3,-1,-1,-3,-3,-3,7) → -0.634744020572501 = (-3 + 2*e/pi)/2
  HIT: P=(-1,0,1,2,-3,-2,0,1) Q=(1,3,-1,-1,-3,-3,-3,7) → -0.634744020572501 = (-3 + 2*e/pi)/2
  HIT: P=(-1,0,1,2,-3,-2,0,1) Q=(1,3,-1,-1,-3,-3,-3,7) → -0.634744020572501 = (-3 + 2*e/pi)/2
  HIT: P=(-1,0,1,2,-3,-2,0,1) Q=(1,3,-1,-1,-3,-3,-3,7) → -0.634744020572501 = (-3 + 2*e/pi)/2
  0.0% (4801000000/33232930569601) 399 hits, 10097844 candidates/sec, ETA 3290616s
  HIT: P=(3,1,1,3,3,3,3,0) Q=(0,-2,0,-1,-3,-3,-3,7) → 2 = sqrt(2)^(2/1)
  HIT: P=(3,1,1,3,3,3,3,0) Q=(0,-2,0,-1,-3,-3,-3,7) → 2 = sqrt(2)^(2/1)
  HIT: P=(3,1,1,3,3,3,3,0) Q=(0,-2,0,-1,-3,-3,-3,7) → 2 = sqrt(2)^(2/1)
  HIT: P=(3,1,1,3,3,3,3,0) Q=(0,-2,0,-1,-3,-3,-3,7) → 2 = sqrt(2)^(2/1)
  HIT: P=(3,1,1,3,3,3,3,0) Q=(0,-2,0,-1,-3,-3,-3,7) → 2 = sqrt(2)^(2/1)
  HIT: P=(3,1,1,3,3,3,3,0) Q=(0,-2,0,-1,-3,-3,-3,7) → 2 = sqrt(2)^(2/1)
  HIT: P=(3,1,1,3,3,3,3,0) Q=(0,-2,0,-1,-3,-3,-3,7) → 2 = sqrt(2)^(2/1)
  HIT: P=(2,-2,1,-3,1,-1,-2,2) Q=(2,-2,0,-1,-3,-3,-3,7) → 3.24360635351133 = (-5 + 5*sqrt(e))/1
  HIT: P=(2,-2,1,-3,1,-1,-2,2) Q=(2,-2,0,-1,-3,-3,-3,7) → 3.24360635351133 = (-5 + 5*sqrt(e))/1
  HIT: P=(2,-2,1,-3,1,-1,-2,2) Q=(2,-2,0,-1,-3,-3,-3,7) → 3.24360635351133 = (-5 + 5*sqrt(e))/1
  HIT: P=(2,-2,1,-3,1,-1,-2,2) Q=(2,-2,0,-1,-3,-3,-3,7) → 3.24360635351133 = (-5 + 5*sqrt(e))/1
  HIT: P=(2,-2,1,-3,1,-1,-2,2) Q=(2,-2,0,-1,-3,-3,-3,7) → 3.24360635351133 = (-5 + 5*sqrt(e))/1
  HIT: P=(2,-2,1,-3,1,-1,-2,2) Q=(2,-2,0,-1,-3,-3,-3,7) → 3.24360635351133 = (-5 + 5*sqrt(e))/1
  HIT: P=(2,-2,1,-3,1,-1,-2,2) Q=(2,-2,0,-1,-3,-3,-3,7) → 3.24360635351133 = (-5 + 5*sqrt(e))/1
  0.0% (4901000000/33232930569601) 413 hits, 10097835 candidates/sec, ETA 3290609s
  HIT: P=(-1,-1,-2,3,-2,-1,-1,3) Q=(3,0,0,-1,-3,-3,-3,7) → 1.12175199315029 = (5 + 2*e/pi)/6
  HIT: P=(-1,-1,-2,3,-2,-1,-1,3) Q=(3,0,0,-1,-3,-3,-3,7) → 1.12175199315029 = (5 + 2*e/pi)/6
  HIT: P=(-1,-1,-2,3,-2,-1,-1,3) Q=(3,0,0,-1,-3,-3,-3,7) → 1.12175199315029 = (5 + 2*e/pi)/6
  HIT: P=(-1,-1,-2,3,-2,-1,-1,3) Q=(3,0,0,-1,-3,-3,-3,7) → 1.12175199315029 = (5 + 2*e/pi)/6
  HIT: P=(-1,-1,-2,3,-2,-1,-1,3) Q=(3,0,0,-1,-3,-3,-3,7) → 1.12175199315029 = (5 + 2*e/pi)/6
  HIT: P=(-1,-1,-2,3,-2,-1,-1,3) Q=(3,0,0,-1,-3,-3,-3,7) → 1.12175199315029 = (5 + 2*e/pi)/6
  HIT: P=(-1,-1,-2,3,-2,-1,-1,3) Q=(3,0,0,-1,-3,-3,-3,7) → 1.12175199315029 = (5 + 2*e/pi)/6
  HIT: P=(-2,-3,-1,1,-3,1,1,-3) Q=(-3,1,0,-1,-3,-3,-3,7) → 0.19129245371739 = (3 + -4*1/sqrt(e))/3
  HIT: P=(-2,-3,-1,1,-3,1,1,-3) Q=(-3,1,0,-1,-3,-3,-3,7) → 0.19129245371739 = (3 + -4*1/sqrt(e))/3
  HIT: P=(-2,-3,-1,1,-3,1,1,-3) Q=(-3,1,0,-1,-3,-3,-3,7) → 0.19129245371739 = (3 + -4*1/sqrt(e))/3
  HIT: P=(-2,-3,-1,1,-3,1,1,-3) Q=(-3,1,0,-1,-3,-3,-3,7) → 0.19129245371739 = (3 + -4*1/sqrt(e))/3
  HIT: P=(-2,-3,-1,1,-3,1,1,-3) Q=(-3,1,0,-1,-3,-3,-3,7) → 0.19129245371739 = (3 + -4*1/sqrt(e))/3
  HIT: P=(-2,-3,-1,1,-3,1,1,-3) Q=(-3,1,0,-1,-3,-3,-3,7) → 0.19129245371739 = (3 + -4*1/sqrt(e))/3
  HIT: P=(-2,-3,-1,1,-3,1,1,-3) Q=(-3,1,0,-1,-3,-3,-3,7) → 0.19129245371739 = (3 + -4*1/sqrt(e))/3
  0.0% (5001000000/33232930569601) 427 hits, 10097829 candidates/sec, ETA 3290601s
  HIT: P=(1,-1,-1,-3,-3,-3,-3,0) Q=(0,2,0,-1,-3,-3,-3,7) → 2 = sqrt(2)^(2/1)
  HIT: P=(1,-1,-1,-3,-3,-3,-3,0) Q=(0,2,0,-1,-3,-3,-3,7) → 2 = sqrt(2)^(2/1)
  HIT: P=(1,-1,-1,-3,-3,-3,-3,0) Q=(0,2,0,-1,-3,-3,-3,7) → 2 = sqrt(2)^(2/1)
  HIT: P=(1,-1,-1,-3,-3,-3,-3,0) Q=(0,2,0,-1,-3,-3,-3,7) → 2 = sqrt(2)^(2/1)
  HIT: P=(1,-1,-1,-3,-3,-3,-3,0) Q=(0,2,0,-1,-3,-3,-3,7) → 2 = sqrt(2)^(2/1)
  HIT: P=(1,-1,-1,-3,-3,-3,-3,0) Q=(0,2,0,-1,-3,-3,-3,7) → 2 = sqrt(2)^(2/1)
  HIT: P=(1,-1,-1,-3,-3,-3,-3,0) Q=(0,2,0,-1,-3,-3,-3,7) → 2 = sqrt(2)^(2/1)
  0.0% (5101000000/33232930569601) 434 hits, 10097821 candidates/sec, ETA 3290594s
  HIT: P=(3,0,1,3,3,3,3,0) Q=(0,-2,1,-1,-3,-3,-3,7) → 2 = sqrt(2)^(2/1)
  HIT: P=(3,0,1,3,3,3,3,0) Q=(0,-2,1,-1,-3,-3,-3,7) → 2 = sqrt(2)^(2/1)
  HIT: P=(3,0,1,3,3,3,3,0) Q=(0,-2,1,-1,-3,-3,-3,7) → 2 = sqrt(2)^(2/1)
  HIT: P=(3,0,1,3,3,3,3,0) Q=(0,-2,1,-1,-3,-3,-3,7) → 2 = sqrt(2)^(2/1)
  HIT: P=(3,0,1,3,3,3,3,0) Q=(0,-2,1,-1,-3,-3,-3,7) → 2 = sqrt(2)^(2/1)
  HIT: P=(3,0,1,3,3,3,3,0) Q=(0,-2,1,-1,-3,-3,-3,7) → 2 = sqrt(2)^(2/1)
  HIT: P=(3,0,1,3,3,3,3,0) Q=(0,-2,1,-1,-3,-3,-3,7) → 2 = sqrt(2)^(2/1)
  HIT: P=(-1,1,2,0,1,-1,2,3) Q=(3,-2,1,-1,-3,-3,-3,7) → -2.97812136623728 = (-2 + -6*pi/e)/3
  HIT: P=(-1,1,2,0,1,-1,2,3) Q=(3,-2,1,-1,-3,-3,-3,7) → -2.97812136623728 = (-2 + -6*pi/e)/3
  HIT: P=(-1,1,2,0,1,-1,2,3) Q=(3,-2,1,-1,-3,-3,-3,7) → -2.97812136623728 = (-2 + -6*pi/e)/3
  HIT: P=(-1,1,2,0,1,-1,2,3) Q=(3,-2,1,-1,-3,-3,-3,7) → -2.97812136623728 = (-2 + -6*pi/e)/3
  HIT: P=(-1,1,2,0,1,-1,2,3) Q=(3,-2,1,-1,-3,-3,-3,7) → -2.97812136623728 = (-2 + -6*pi/e)/3
  HIT: P=(-1,1,2,0,1,-1,2,3) Q=(3,-2,1,-1,-3,-3,-3,7) → -2.97812136623728 = (-2 + -6*pi/e)/3
  HIT: P=(-1,1,2,0,1,-1,2,3) Q=(3,-2,1,-1,-3,-3,-3,7) → -2.97812136623728 = (-2 + -6*pi/e)/3
  0.0% (5201000000/33232930569601) 448 hits, 10097814 candidates/sec, ETA 3290586s
  0.0% (5301000000/33232930569601) 448 hits, 10097811 candidates/sec, ETA 3290577s
  HIT: P=(1,0,-1,-3,-3,-3,-3,0) Q=(0,2,1,-1,-3,-3,-3,7) → 2 = sqrt(2)^(2/1)
  HIT: P=(1,0,-1,-3,-3,-3,-3,0) Q=(0,2,1,-1,-3,-3,-3,7) → 2 = sqrt(2)^(2/1)
  HIT: P=(1,0,-1,-3,-3,-3,-3,0) Q=(0,2,1,-1,-3,-3,-3,7) → 2 = sqrt(2)^(2/1)
  HIT: P=(1,0,-1,-3,-3,-3,-3,0) Q=(0,2,1,-1,-3,-3,-3,7) → 2 = sqrt(2)^(2/1)
  HIT: P=(1,0,-1,-3,-3,-3,-3,0) Q=(0,2,1,-1,-3,-3,-3,7) → 2 = sqrt(2)^(2/1)
  HIT: P=(1,0,-1,-3,-3,-3,-3,0) Q=(0,2,1,-1,-3,-3,-3,7) → 2 = sqrt(2)^(2/1)
  HIT: P=(1,0,-1,-3,-3,-3,-3,0) Q=(0,2,1,-1,-3,-3,-3,7) → 2 = sqrt(2)^(2/1)
  HIT: P=(3,2,3,0,2,1,0,1) Q=(1,-3,2,-1,-3,-3,-3,7) → 1.47103443611224 = (3 + 2*pi*ln(2))/5
  HIT: P=(3,2,3,0,2,1,0,1) Q=(1,-3,2,-1,-3,-3,-3,7) → 1.47103443611224 = (3 + 2*pi*ln(2))/5
  HIT: P=(3,2,3,0,2,1,0,1) Q=(1,-3,2,-1,-3,-3,-3,7) → 1.47103443611224 = (3 + 2*pi*ln(2))/5
  HIT: P=(3,2,3,0,2,1,0,1) Q=(1,-3,2,-1,-3,-3,-3,7) → 1.47103443611224 = (3 + 2*pi*ln(2))/5
  HIT: P=(3,2,3,0,2,1,0,1) Q=(1,-3,2,-1,-3,-3,-3,7) → 1.47103443611224 = (3 + 2*pi*ln(2))/5
  HIT: P=(3,2,3,0,2,1,0,1) Q=(1,-3,2,-1,-3,-3,-3,7) → 1.47103443611224 = (3 + 2*pi*ln(2))/5
  HIT: P=(3,2,3,0,2,1,0,1) Q=(1,-3,2,-1,-3,-3,-3,7) → 1.47103443611224 = (3 + 2*pi*ln(2))/5
  0.0% (5401000000/33232930569601) 462 hits, 10097808 candidates/sec, ETA 3290568s
  HIT: P=(3,-1,1,3,3,3,3,0) Q=(0,-2,2,-1,-3,-3,-3,7) → 2 = sqrt(2)^(2/1)
  HIT: P=(3,-1,1,3,3,3,3,0) Q=(0,-2,2,-1,-3,-3,-3,7) → 2 = sqrt(2)^(2/1)
  HIT: P=(3,-1,1,3,3,3,3,0) Q=(0,-2,2,-1,-3,-3,-3,7) → 2 = sqrt(2)^(2/1)
  HIT: P=(3,-1,1,3,3,3,3,0) Q=(0,-2,2,-1,-3,-3,-3,7) → 2 = sqrt(2)^(2/1)
  HIT: P=(3,-1,1,3,3,3,3,0) Q=(0,-2,2,-1,-3,-3,-3,7) → 2 = sqrt(2)^(2/1)
  HIT: P=(3,-1,1,3,3,3,3,0) Q=(0,-2,2,-1,-3,-3,-3,7) → 2 = sqrt(2)^(2/1)
  HIT: P=(3,-1,1,3,3,3,3,0) Q=(0,-2,2,-1,-3,-3,-3,7) → 2 = sqrt(2)^(2/1)
  HIT: P=(-1,0,0,0,3,2,3,2) Q=(2,-2,2,-1,-3,-3,-3,7) → -2.42758609028115 = (-1 + -4*pi*ln(2))/4
  HIT: P=(-1,0,0,0,3,2,3,2) Q=(2,-2,2,-1,-3,-3,-3,7) → -2.42758609028115 = (-1 + -4*pi*ln(2))/4
  HIT: P=(-1,0,0,0,3,2,3,2) Q=(2,-2,2,-1,-3,-3,-3,7) → -2.42758609028115 = (-1 + -4*pi*ln(2))/4
  HIT: P=(-1,0,0,0,3,2,3,2) Q=(2,-2,2,-1,-3,-3,-3,7) → -2.42758609028115 = (-1 + -4*pi*ln(2))/4
  HIT: P=(-1,0,0,0,3,2,3,2) Q=(2,-2,2,-1,-3,-3,-3,7) → -2.42758609028115 = (-1 + -4*pi*ln(2))/4
  HIT: P=(-1,0,0,0,3,2,3,2) Q=(2,-2,2,-1,-3,-3,-3,7) → -2.42758609028115 = (-1 + -4*pi*ln(2))/4
  HIT: P=(-1,0,0,0,3,2,3,2) Q=(2,-2,2,-1,-3,-3,-3,7) → -2.42758609028115 = (-1 + -4*pi*ln(2))/4
  0.0% (5501000000/33232930569601) 476 hits, 10097808 candidates/sec, ETA 3290558s
  HIT: P=(1,1,-1,-3,-3,-3,-3,0) Q=(0,2,2,-1,-3,-3,-3,7) → 2 = sqrt(2)^(2/1)
  HIT: P=(1,1,-1,-3,-3,-3,-3,0) Q=(0,2,2,-1,-3,-3,-3,7) → 2 = sqrt(2)^(2/1)
  HIT: P=(1,1,-1,-3,-3,-3,-3,0) Q=(0,2,2,-1,-3,-3,-3,7) → 2 = sqrt(2)^(2/1)
  HIT: P=(1,1,-1,-3,-3,-3,-3,0) Q=(0,2,2,-1,-3,-3,-3,7) → 2 = sqrt(2)^(2/1)
  HIT: P=(1,1,-1,-3,-3,-3,-3,0) Q=(0,2,2,-1,-3,-3,-3,7) → 2 = sqrt(2)^(2/1)
  HIT: P=(1,1,-1,-3,-3,-3,-3,0) Q=(0,2,2,-1,-3,-3,-3,7) → 2 = sqrt(2)^(2/1)
  HIT: P=(1,1,-1,-3,-3,-3,-3,0) Q=(0,2,2,-1,-3,-3,-3,7) → 2 = sqrt(2)^(2/1)
  0.0% (5601000000/33232930569601) 483 hits, 10097806 candidates/sec, ETA 3290549s
  HIT: P=(1,2,1,-2,1,-3,-1,3) Q=(3,3,2,-1,-3,-3,-3,7) → 5.64493406688319 = (4 + 1*pi^2/6)/1
  HIT: P=(1,2,1,-2,1,-3,-1,3) Q=(3,3,2,-1,-3,-3,-3,7) → 5.64493406688319 = (4 + 1*pi^2/6)/1
  HIT: P=(1,2,1,-2,1,-3,-1,3) Q=(3,3,2,-1,-3,-3,-3,7) → 5.64493406688319 = (4 + 1*pi^2/6)/1
  HIT: P=(1,2,1,-2,1,-3,-1,3) Q=(3,3,2,-1,-3,-3,-3,7) → 5.64493406688319 = (4 + 1*pi^2/6)/1
  HIT: P=(1,2,1,-2,1,-3,-1,3) Q=(3,3,2,-1,-3,-3,-3,7) → 5.64493406688319 = (4 + 1*pi^2/6)/1
  HIT: P=(1,2,1,-2,1,-3,-1,3) Q=(3,3,2,-1,-3,-3,-3,7) → 5.64493406688319 = (4 + 1*pi^2/6)/1
  HIT: P=(1,2,1,-2,1,-3,-1,3) Q=(3,3,2,-1,-3,-3,-3,7) → 5.64493406688319 = (4 + 1*pi^2/6)/1
  HIT: P=(0,-2,3,2,1,2,1,2) Q=(2,-3,3,-1,-3,-3,-3,7) → -1.50786625852707 = (-4 + -1*pi/6)/3
  HIT: P=(3,1,2,-1,-3,3,2,2) Q=(2,-3,3,-1,-3,-3,-3,7) → 1.50270333367002 = (3 + 4*2/sqrt(pi))/5
  HIT: P=(0,-2,3,2,1,2,1,2) Q=(2,-3,3,-1,-3,-3,-3,7) → -1.50786625852707 = (-4 + -1*pi/6)/3
  HIT: P=(3,1,2,-1,-3,3,2,2) Q=(2,-3,3,-1,-3,-3,-3,7) → 1.50270333367002 = (3 + 4*2/sqrt(pi))/5
  HIT: P=(0,-2,3,2,1,2,1,2) Q=(2,-3,3,-1,-3,-3,-3,7) → -1.50786625852707 = (-4 + -1*pi/6)/3
  HIT: P=(3,1,2,-1,-3,3,2,2) Q=(2,-3,3,-1,-3,-3,-3,7) → 1.50270333367002 = (3 + 4*2/sqrt(pi))/5
  HIT: P=(0,-2,3,2,1,2,1,2) Q=(2,-3,3,-1,-3,-3,-3,7) → -1.50786625852707 = (-4 + -1*pi/6)/3
  HIT: P=(3,1,2,-1,-3,3,2,2) Q=(2,-3,3,-1,-3,-3,-3,7) → 1.50270333367002 = (3 + 4*2/sqrt(pi))/5
  HIT: P=(0,-2,3,2,1,2,1,2) Q=(2,-3,3,-1,-3,-3,-3,7) → -1.50786625852707 = (-4 + -1*pi/6)/3
  HIT: P=(3,1,2,-1,-3,3,2,2) Q=(2,-3,3,-1,-3,-3,-3,7) → 1.50270333367002 = (3 + 4*2/sqrt(pi))/5
  HIT: P=(0,-2,3,2,1,2,1,2) Q=(2,-3,3,-1,-3,-3,-3,7) → -1.50786625852707 = (-4 + -1*pi/6)/3
  HIT: P=(3,1,2,-1,-3,3,2,2) Q=(2,-3,3,-1,-3,-3,-3,7) → 1.50270333367002 = (3 + 4*2/sqrt(pi))/5
  HIT: P=(0,-2,3,2,1,2,1,2) Q=(2,-3,3,-1,-3,-3,-3,7) → -1.50786625852707 = (-4 + -1*pi/6)/3
  HIT: P=(3,1,2,-1,-3,3,2,2) Q=(2,-3,3,-1,-3,-3,-3,7) → 1.50270333367002 = (3 + 4*2/sqrt(pi))/5
  0.0% (5701000000/33232930569601) 504 hits, 10097803 candidates/sec, ETA 3290540s
  HIT: P=(3,-2,1,3,3,3,3,0) Q=(0,-2,3,-1,-3,-3,-3,7) → 2 = sqrt(2)^(2/1)
  HIT: P=(3,-2,1,3,3,3,3,0) Q=(0,-2,3,-1,-3,-3,-3,7) → 2 = sqrt(2)^(2/1)
  HIT: P=(3,-2,1,3,3,3,3,0) Q=(0,-2,3,-1,-3,-3,-3,7) → 2 = sqrt(2)^(2/1)
  HIT: P=(3,-2,1,3,3,3,3,0) Q=(0,-2,3,-1,-3,-3,-3,7) → 2 = sqrt(2)^(2/1)
  HIT: P=(3,-2,1,3,3,3,3,0) Q=(0,-2,3,-1,-3,-3,-3,7) → 2 = sqrt(2)^(2/1)
  HIT: P=(3,-2,1,3,3,3,3,0) Q=(0,-2,3,-1,-3,-3,-3,7) → 2 = sqrt(2)^(2/1)
  HIT: P=(3,-2,1,3,3,3,3,0) Q=(0,-2,3,-1,-3,-3,-3,7) → 2 = sqrt(2)^(2/1)
  0.0% (5801000000/33232930569601) 511 hits, 10097802 candidates/sec, ETA 3290530s
  HIT: P=(1,2,-1,-3,-3,-3,-3,0) Q=(0,2,3,-1,-3,-3,-3,7) → 2 = sqrt(2)^(2/1)
  HIT: P=(1,2,-1,-3,-3,-3,-3,0) Q=(0,2,3,-1,-3,-3,-3,7) → 2 = sqrt(2)^(2/1)
  HIT: P=(1,2,-1,-3,-3,-3,-3,0) Q=(0,2,3,-1,-3,-3,-3,7) → 2 = sqrt(2)^(2/1)
  HIT: P=(1,2,-1,-3,-3,-3,-3,0) Q=(0,2,3,-1,-3,-3,-3,7) → 2 = sqrt(2)^(2/1)
  HIT: P=(1,2,-1,-3,-3,-3,-3,0) Q=(0,2,3,-1,-3,-3,-3,7) → 2 = sqrt(2)^(2/1)
  HIT: P=(1,2,-1,-3,-3,-3,-3,0) Q=(0,2,3,-1,-3,-3,-3,7) → 2 = sqrt(2)^(2/1)
  HIT: P=(1,2,-1,-3,-3,-3,-3,0) Q=(0,2,3,-1,-3,-3,-3,7) → 2 = sqrt(2)^(2/1)
  HIT: P=(-3,0,3,-1,1,-3,0,3) Q=(3,2,3,-1,-3,-3,-3,7) → -0.860673760229898 = (-2 + -1*1/ln(2))/4
  HIT: P=(-3,0,3,-1,1,-3,0,3) Q=(3,2,3,-1,-3,-3,-3,7) → -0.860673760229898 = (-2 + -1*1/ln(2))/4
  HIT: P=(-3,0,3,-1,1,-3,0,3) Q=(3,2,3,-1,-3,-3,-3,7) → -0.860673760229898 = (-2 + -1*1/ln(2))/4
  HIT: P=(-3,0,3,-1,1,-3,0,3) Q=(3,2,3,-1,-3,-3,-3,7) → -0.860673760229898 = (-2 + -1*1/ln(2))/4
  HIT: P=(-3,0,3,-1,1,-3,0,3) Q=(3,2,3,-1,-3,-3,-3,7) → -0.860673760229898 = (-2 + -1*1/ln(2))/4
  HIT: P=(-3,0,3,-1,1,-3,0,3) Q=(3,2,3,-1,-3,-3,-3,7) → -0.860673760229898 = (-2 + -1*1/ln(2))/4
  HIT: P=(-3,0,3,-1,1,-3,0,3) Q=(3,2,3,-1,-3,-3,-3,7) → -0.860673760229898 = (-2 + -1*1/ln(2))/4
  0.0% (5901000000/33232930569601) 525 hits, 10097800 candidates/sec, ETA 3290521s
  HIT: P=(1,-1,-2,-2,1,-3,-3,0) Q=(0,3,3,-1,-3,-3,-3,7) → 2.06347231053372 = (5 + 3*sqrt(pi))/5
  HIT: P=(-1,1,2,2,-1,3,3,0) Q=(0,3,3,-1,-3,-3,-3,7) → -2.06347231053372 = (-5 + -3*sqrt(pi))/5
  HIT: P=(1,-1,-2,-2,1,-3,-3,0) Q=(0,3,3,-1,-3,-3,-3,7) → 2.06347231053372 = (5 + 3*sqrt(pi))/5
  HIT: P=(-1,1,2,2,-1,3,3,0) Q=(0,3,3,-1,-3,-3,-3,7) → -2.06347231053372 = (-5 + -3*sqrt(pi))/5
  HIT: P=(1,-1,-2,-2,1,-3,-3,0) Q=(0,3,3,-1,-3,-3,-3,7) → 2.06347231053372 = (5 + 3*sqrt(pi))/5
  HIT: P=(-1,1,2,2,-1,3,3,0) Q=(0,3,3,-1,-3,-3,-3,7) → -2.06347231053372 = (-5 + -3*sqrt(pi))/5
  HIT: P=(1,-1,-2,-2,1,-3,-3,0) Q=(0,3,3,-1,-3,-3,-3,7) → 2.06347231053372 = (5 + 3*sqrt(pi))/5
  HIT: P=(1,-1,-2,-2,1,-3,-3,0) Q=(0,3,3,-1,-3,-3,-3,7) → 2.06347231053372 = (5 + 3*sqrt(pi))/5
  HIT: P=(-1,1,2,2,-1,3,3,0) Q=(0,3,3,-1,-3,-3,-3,7) → -2.06347231053372 = (-5 + -3*sqrt(pi))/5
  HIT: P=(1,-1,-2,-2,1,-3,-3,0) Q=(0,3,3,-1,-3,-3,-3,7) → 2.06347231053372 = (5 + 3*sqrt(pi))/5
  HIT: P=(-1,1,2,2,-1,3,3,0) Q=(0,3,3,-1,-3,-3,-3,7) → -2.06347231053372 = (-5 + -3*sqrt(pi))/5
  HIT: P=(-1,1,2,2,-1,3,3,0) Q=(0,3,3,-1,-3,-3,-3,7) → -2.06347231053372 = (-5 + -3*sqrt(pi))/5
  HIT: P=(1,-1,-2,-2,1,-3,-3,0) Q=(0,3,3,-1,-3,-3,-3,7) → 2.06347231053372 = (5 + 3*sqrt(pi))/5
  HIT: P=(-1,1,2,2,-1,3,3,0) Q=(0,3,3,-1,-3,-3,-3,7) → -2.06347231053372 = (-5 + -3*sqrt(pi))/5
  0.0% (6001000000/33232930569601) 539 hits, 10097797 candidates/sec, ETA 3290512s
  HIT: P=(2,-3,-2,-1,-1,1,2,-3) Q=(-3,-1,-3,0,-3,-3,-3,7) → 10.8622692545795 = (2 + 5*sqrt(pi))/1
  HIT: P=(2,-3,-2,-1,-1,1,2,-3) Q=(-3,-1,-3,0,-3,-3,-3,7) → 10.8622692545795 = (2 + 5*sqrt(pi))/1
  HIT: P=(2,-3,-2,-1,-1,1,2,-3) Q=(-3,-1,-3,0,-3,-3,-3,7) → 10.8622692545795 = (2 + 5*sqrt(pi))/1
  HIT: P=(2,-3,-2,-1,-1,1,2,-3) Q=(-3,-1,-3,0,-3,-3,-3,7) → 10.8622692545795 = (2 + 5*sqrt(pi))/1
  HIT: P=(2,-3,-2,-1,-1,1,2,-3) Q=(-3,-1,-3,0,-3,-3,-3,7) → 10.8622692545795 = (2 + 5*sqrt(pi))/1
  HIT: P=(2,-3,-2,-1,-1,1,2,-3) Q=(-3,-1,-3,0,-3,-3,-3,7) → 10.8622692545795 = (2 + 5*sqrt(pi))/1
  HIT: P=(2,-3,-2,-1,-1,1,2,-3) Q=(-3,-1,-3,0,-3,-3,-3,7) → 10.8622692545795 = (2 + 5*sqrt(pi))/1
  HIT: P=(3,-1,0,2,3,-1,-1,0) Q=(0,-1,-3,0,-3,-3,-3,7) → 2.68169011383943 = (3 + -1*1/pi)/1
  HIT: P=(-3,1,0,-2,-3,1,1,0) Q=(0,-1,-3,0,-3,-3,-3,7) → -2.68169011383943 = (-3 + 1*1/pi)/1
  HIT: P=(3,-1,0,2,3,-1,-1,0) Q=(0,-1,-3,0,-3,-3,-3,7) → 2.68169011383943 = (3 + -1*1/pi)/1
  HIT: P=(-3,1,0,-2,-3,1,1,0) Q=(0,-1,-3,0,-3,-3,-3,7) → -2.68169011383943 = (-3 + 1*1/pi)/1
  HIT: P=(3,-1,0,2,3,-1,-1,0) Q=(0,-1,-3,0,-3,-3,-3,7) → 2.68169011383943 = (3 + -1*1/pi)/1
  HIT: P=(-3,1,0,-2,-3,1,1,0) Q=(0,-1,-3,0,-3,-3,-3,7) → -2.68169011383943 = (-3 + 1*1/pi)/1
  HIT: P=(3,-1,0,2,3,-1,-1,0) Q=(0,-1,-3,0,-3,-3,-3,7) → 2.68169011383943 = (3 + -1*1/pi)/1
  HIT: P=(-3,1,0,-2,-3,1,1,0) Q=(0,-1,-3,0,-3,-3,-3,7) → -2.68169011383943 = (-3 + 1*1/pi)/1
  HIT: P=(3,-1,0,2,3,-1,-1,0) Q=(0,-1,-3,0,-3,-3,-3,7) → 2.68169011383943 = (3 + -1*1/pi)/1
  HIT: P=(-3,1,0,-2,-3,1,1,0) Q=(0,-1,-3,0,-3,-3,-3,7) → -2.68169011383943 = (-3 + 1*1/pi)/1
  HIT: P=(3,-1,0,2,3,-1,-1,0) Q=(0,-1,-3,0,-3,-3,-3,7) → 2.68169011383943 = (3 + -1*1/pi)/1
  HIT: P=(-3,1,0,-2,-3,1,1,0) Q=(0,-1,-3,0,-3,-3,-3,7) → -2.68169011383943 = (-3 + 1*1/pi)/1
  HIT: P=(3,-1,0,2,3,-1,-1,0) Q=(0,-1,-3,0,-3,-3,-3,7) → 2.68169011383943 = (3 + -1*1/pi)/1
  HIT: P=(-3,1,0,-2,-3,1,1,0) Q=(0,-1,-3,0,-3,-3,-3,7) → -2.68169011383943 = (-3 + 1*1/pi)/1
  0.0% (6101000000/33232930569601) 560 hits, 10097793 candidates/sec, ETA 3290504s
  HIT: P=(1,-2,3,-3,3,-2,-3,-2) Q=(-2,2,-3,0,-3,-3,-3,7) → 5.32094791772087 = (5 + 5*2/sqrt(pi))/2
  HIT: P=(1,-2,3,-3,3,-2,-3,-2) Q=(-2,2,-3,0,-3,-3,-3,7) → 5.32094791772087 = (5 + 5*2/sqrt(pi))/2
  HIT: P=(1,-2,3,-3,3,-2,-3,-2) Q=(-2,2,-3,0,-3,-3,-3,7) → 5.32094791772087 = (5 + 5*2/sqrt(pi))/2
  HIT: P=(1,-2,3,-3,3,-2,-3,-2) Q=(-2,2,-3,0,-3,-3,-3,7) → 5.32094791772087 = (5 + 5*2/sqrt(pi))/2
  HIT: P=(1,-2,3,-3,3,-2,-3,-2) Q=(-2,2,-3,0,-3,-3,-3,7) → 5.32094791772087 = (5 + 5*2/sqrt(pi))/2
  HIT: P=(1,-2,3,-3,3,-2,-3,-2) Q=(-2,2,-3,0,-3,-3,-3,7) → 5.32094791772087 = (5 + 5*2/sqrt(pi))/2
  HIT: P=(1,-2,3,-3,3,-2,-3,-2) Q=(-2,2,-3,0,-3,-3,-3,7) → 5.32094791772087 = (5 + 5*2/sqrt(pi))/2
  0.0% (6201000000/33232930569601) 567 hits, 10097795 candidates/sec, ETA 3290493s
  HIT: P=(3,3,0,3,3,3,3,0) Q=(0,-2,-2,0,-3,-3,-3,7) → 2 = sqrt(2)^(2/1)
  HIT: P=(3,3,0,3,3,3,3,0) Q=(0,-2,-2,0,-3,-3,-3,7) → 2 = sqrt(2)^(2/1)
  HIT: P=(3,3,0,3,3,3,3,0) Q=(0,-2,-2,0,-3,-3,-3,7) → 2 = sqrt(2)^(2/1)
  HIT: P=(3,3,0,3,3,3,3,0) Q=(0,-2,-2,0,-3,-3,-3,7) → 2 = sqrt(2)^(2/1)
  HIT: P=(3,3,0,3,3,3,3,0) Q=(0,-2,-2,0,-3,-3,-3,7) → 2 = sqrt(2)^(2/1)
  HIT: P=(3,3,0,3,3,3,3,0) Q=(0,-2,-2,0,-3,-3,-3,7) → 2 = sqrt(2)^(2/1)
  HIT: P=(3,3,0,3,3,3,3,0) Q=(0,-2,-2,0,-3,-3,-3,7) → 2 = sqrt(2)^(2/1)
  0.0% (6301000000/33232930569601) 574 hits, 10097796 candidates/sec, ETA 3290483s
  HIT: P=(3,2,-2,3,1,-2,2,-2) Q=(-2,0,-2,0,-3,-3,-3,7) → 1.378379167103 = (1 + 4*2/sqrt(pi))/4
  HIT: P=(3,2,-2,3,1,-2,2,-2) Q=(-2,0,-2,0,-3,-3,-3,7) → 1.378379167103 = (1 + 4*2/sqrt(pi))/4
  HIT: P=(3,2,-2,3,1,-2,2,-2) Q=(-2,0,-2,0,-3,-3,-3,7) → 1.378379167103 = (1 + 4*2/sqrt(pi))/4
  HIT: P=(3,2,-2,3,1,-2,2,-2) Q=(-2,0,-2,0,-3,-3,-3,7) → 1.378379167103 = (1 + 4*2/sqrt(pi))/4
  HIT: P=(3,2,-2,3,1,-2,2,-2) Q=(-2,0,-2,0,-3,-3,-3,7) → 1.378379167103 = (1 + 4*2/sqrt(pi))/4
  HIT: P=(3,2,-2,3,1,-2,2,-2) Q=(-2,0,-2,0,-3,-3,-3,7) → 1.378379167103 = (1 + 4*2/sqrt(pi))/4
  HIT: P=(3,2,-2,3,1,-2,2,-2) Q=(-2,0,-2,0,-3,-3,-3,7) → 1.378379167103 = (1 + 4*2/sqrt(pi))/4
  HIT: P=(-2,3,3,1,2,3,2,1) Q=(1,1,-2,0,-3,-3,-3,7) → -3.07011345734234 = (0 + -4*ln(10))/3
  HIT: P=(-2,3,3,1,2,3,2,1) Q=(1,1,-2,0,-3,-3,-3,7) → -3.07011345734234 = (0 + -4*ln(10))/3
  0.0% (6401000000/33232930569601) 583 hits, 10097791 candidates/sec, ETA 3290475s
  HIT: P=(-2,3,3,1,2,3,2,1) Q=(1,1,-2,0,-3,-3,-3,7) → -3.07011345734234 = (0 + -4*ln(10))/3
  HIT: P=(-2,3,3,1,2,3,2,1) Q=(1,1,-2,0,-3,-3,-3,7) → -3.07011345734234 = (0 + -4*ln(10))/3
  HIT: P=(-2,3,3,1,2,3,2,1) Q=(1,1,-2,0,-3,-3,-3,7) → -3.07011345734234 = (0 + -4*ln(10))/3
  HIT: P=(-2,3,3,1,2,3,2,1) Q=(1,1,-2,0,-3,-3,-3,7) → -3.07011345734234 = (0 + -4*ln(10))/3
  HIT: P=(-2,3,3,1,2,3,2,1) Q=(1,1,-2,0,-3,-3,-3,7) → -3.07011345734234 = (0 + -4*ln(10))/3
  HIT: P=(1,-3,0,-3,-3,-3,-3,0) Q=(0,2,-2,0,-3,-3,-3,7) → 2 = sqrt(2)^(2/1)
  HIT: P=(1,-3,0,-3,-3,-3,-3,0) Q=(0,2,-2,0,-3,-3,-3,7) → 2 = sqrt(2)^(2/1)
  HIT: P=(1,-3,0,-3,-3,-3,-3,0) Q=(0,2,-2,0,-3,-3,-3,7) → 2 = sqrt(2)^(2/1)
  HIT: P=(1,-3,0,-3,-3,-3,-3,0) Q=(0,2,-2,0,-3,-3,-3,7) → 2 = sqrt(2)^(2/1)
  HIT: P=(1,-3,0,-3,-3,-3,-3,0) Q=(0,2,-2,0,-3,-3,-3,7) → 2 = sqrt(2)^(2/1)
  HIT: P=(1,-3,0,-3,-3,-3,-3,0) Q=(0,2,-2,0,-3,-3,-3,7) → 2 = sqrt(2)^(2/1)
  HIT: P=(1,-3,0,-3,-3,-3,-3,0) Q=(0,2,-2,0,-3,-3,-3,7) → 2 = sqrt(2)^(2/1)
  0.0% (6501000000/33232930569601) 595 hits, 10097788 candidates/sec, ETA 3290466s
  HIT: P=(-1,2,2,-3,-3,-3,-3,1) Q=(1,-3,-1,0,-3,-3,-3,7) → 2.24872127068891 = (3 + 5*sqrt(e))/5
  HIT: P=(-1,2,2,-3,-3,-3,-3,1) Q=(1,-3,-1,0,-3,-3,-3,7) → 2.24872127068891 = (3 + 5*sqrt(e))/5
  HIT: P=(-1,2,2,-3,-3,-3,-3,1) Q=(1,-3,-1,0,-3,-3,-3,7) → 2.24872127068891 = (3 + 5*sqrt(e))/5
  HIT: P=(-1,2,2,-3,-3,-3,-3,1) Q=(1,-3,-1,0,-3,-3,-3,7) → 2.24872127068891 = (3 + 5*sqrt(e))/5
  HIT: P=(-1,2,2,-3,-3,-3,-3,1) Q=(1,-3,-1,0,-3,-3,-3,7) → 2.24872127068891 = (3 + 5*sqrt(e))/5
  HIT: P=(-1,2,2,-3,-3,-3,-3,1) Q=(1,-3,-1,0,-3,-3,-3,7) → 2.24872127068891 = (3 + 5*sqrt(e))/5
  HIT: P=(-1,2,2,-3,-3,-3,-3,1) Q=(1,-3,-1,0,-3,-3,-3,7) → 2.24872127068891 = (3 + 5*sqrt(e))/5
  HIT: P=(-2,2,1,-1,-2,2,-2,-2) Q=(-2,-2,-1,0,-3,-3,-3,7) → 6.8195919791746 = (5 + 3*1/sqrt(e))/1
  HIT: P=(-2,2,1,-1,-2,2,-2,-2) Q=(-2,-2,-1,0,-3,-3,-3,7) → 6.8195919791746 = (5 + 3*1/sqrt(e))/1
  HIT: P=(-2,2,1,-1,-2,2,-2,-2) Q=(-2,-2,-1,0,-3,-3,-3,7) → 6.8195919791746 = (5 + 3*1/sqrt(e))/1
  HIT: P=(-2,2,1,-1,-2,2,-2,-2) Q=(-2,-2,-1,0,-3,-3,-3,7) → 6.8195919791746 = (5 + 3*1/sqrt(e))/1
  HIT: P=(-2,2,1,-1,-2,2,-2,-2) Q=(-2,-2,-1,0,-3,-3,-3,7) → 6.8195919791746 = (5 + 3*1/sqrt(e))/1
  HIT: P=(-2,2,1,-1,-2,2,-2,-2) Q=(-2,-2,-1,0,-3,-3,-3,7) → 6.8195919791746 = (5 + 3*1/sqrt(e))/1
  HIT: P=(-2,2,1,-1,-2,2,-2,-2) Q=(-2,-2,-1,0,-3,-3,-3,7) → 6.8195919791746 = (5 + 3*1/sqrt(e))/1
  HIT: P=(3,2,0,3,3,3,3,0) Q=(0,-2,-1,0,-3,-3,-3,7) → 2 = sqrt(2)^(2/1)
  HIT: P=(3,2,0,3,3,3,3,0) Q=(0,-2,-1,0,-3,-3,-3,7) → 2 = sqrt(2)^(2/1)
  HIT: P=(3,2,0,3,3,3,3,0) Q=(0,-2,-1,0,-3,-3,-3,7) → 2 = sqrt(2)^(2/1)
  HIT: P=(3,2,0,3,3,3,3,0) Q=(0,-2,-1,0,-3,-3,-3,7) → 2 = sqrt(2)^(2/1)
  HIT: P=(3,2,0,3,3,3,3,0) Q=(0,-2,-1,0,-3,-3,-3,7) → 2 = sqrt(2)^(2/1)
  HIT: P=(3,2,0,3,3,3,3,0) Q=(0,-2,-1,0,-3,-3,-3,7) → 2 = sqrt(2)^(2/1)
  HIT: P=(3,2,0,3,3,3,3,0) Q=(0,-2,-1,0,-3,-3,-3,7) → 2 = sqrt(2)^(2/1)
  0.0% (6601000000/33232930569601) 616 hits, 10097783 candidates/sec, ETA 3290458s
  HIT: P=(2,3,-3,3,0,-2,-1,0) Q=(0,1,-1,0,-3,-3,-3,7) → 0.703976964776011 = (-4 + 3*sqrt(2pi))/5
  HIT: P=(-2,-3,3,-3,0,2,1,0) Q=(0,1,-1,0,-3,-3,-3,7) → -0.703976964776011 = (4 + -3*sqrt(2pi))/5
  HIT: P=(2,3,-3,3,0,-2,-1,0) Q=(0,1,-1,0,-3,-3,-3,7) → 0.703976964776011 = (-4 + 3*sqrt(2pi))/5
  HIT: P=(-2,-3,3,-3,0,2,1,0) Q=(0,1,-1,0,-3,-3,-3,7) → -0.703976964776011 = (4 + -3*sqrt(2pi))/5
  HIT: P=(2,3,-3,3,0,-2,-1,0) Q=(0,1,-1,0,-3,-3,-3,7) → 0.703976964776011 = (-4 + 3*sqrt(2pi))/5
  HIT: P=(-2,-3,3,-3,0,2,1,0) Q=(0,1,-1,0,-3,-3,-3,7) → -0.703976964776011 = (4 + -3*sqrt(2pi))/5
  HIT: P=(2,3,-3,3,0,-2,-1,0) Q=(0,1,-1,0,-3,-3,-3,7) → 0.703976964776011 = (-4 + 3*sqrt(2pi))/5
  HIT: P=(-2,-3,3,-3,0,2,1,0) Q=(0,1,-1,0,-3,-3,-3,7) → -0.703976964776011 = (4 + -3*sqrt(2pi))/5
  HIT: P=(2,3,-3,3,0,-2,-1,0) Q=(0,1,-1,0,-3,-3,-3,7) → 0.703976964776011 = (-4 + 3*sqrt(2pi))/5
  HIT: P=(-2,-3,3,-3,0,2,1,0) Q=(0,1,-1,0,-3,-3,-3,7) → -0.703976964776011 = (4 + -3*sqrt(2pi))/5
  HIT: P=(2,3,-3,3,0,-2,-1,0) Q=(0,1,-1,0,-3,-3,-3,7) → 0.703976964776011 = (-4 + 3*sqrt(2pi))/5
  HIT: P=(-2,-3,3,-3,0,2,1,0) Q=(0,1,-1,0,-3,-3,-3,7) → -0.703976964776011 = (4 + -3*sqrt(2pi))/5
  HIT: P=(2,3,-3,3,0,-2,-1,0) Q=(0,1,-1,0,-3,-3,-3,7) → 0.703976964776011 = (-4 + 3*sqrt(2pi))/5
  HIT: P=(-2,-3,3,-3,0,2,1,0) Q=(0,1,-1,0,-3,-3,-3,7) → -0.703976964776011 = (4 + -3*sqrt(2pi))/5
  0.0% (6701000000/33232930569601) 630 hits, 10097781 candidates/sec, ETA 3290448s
  HIT: P=(1,-2,0,-3,-3,-3,-3,0) Q=(0,2,-1,0,-3,-3,-3,7) → 2 = sqrt(2)^(2/1)
  HIT: P=(1,-2,0,-3,-3,-3,-3,0) Q=(0,2,-1,0,-3,-3,-3,7) → 2 = sqrt(2)^(2/1)
  HIT: P=(1,-2,0,-3,-3,-3,-3,0) Q=(0,2,-1,0,-3,-3,-3,7) → 2 = sqrt(2)^(2/1)
  HIT: P=(1,-2,0,-3,-3,-3,-3,0) Q=(0,2,-1,0,-3,-3,-3,7) → 2 = sqrt(2)^(2/1)
  HIT: P=(1,-2,0,-3,-3,-3,-3,0) Q=(0,2,-1,0,-3,-3,-3,7) → 2 = sqrt(2)^(2/1)
  HIT: P=(1,-2,0,-3,-3,-3,-3,0) Q=(0,2,-1,0,-3,-3,-3,7) → 2 = sqrt(2)^(2/1)
  HIT: P=(1,-2,0,-3,-3,-3,-3,0) Q=(0,2,-1,0,-3,-3,-3,7) → 2 = sqrt(2)^(2/1)
  0.0% (6801000000/33232930569601) 637 hits, 10097781 candidates/sec, ETA 3290438s
  HIT: P=(3,1,0,3,3,3,3,0) Q=(0,-2,0,0,-3,-3,-3,7) → 2 = sqrt(2)^(2/1)
  HIT: P=(3,1,0,3,3,3,3,0) Q=(0,-2,0,0,-3,-3,-3,7) → 2 = sqrt(2)^(2/1)
  HIT: P=(3,1,0,3,3,3,3,0) Q=(0,-2,0,0,-3,-3,-3,7) → 2 = sqrt(2)^(2/1)
  HIT: P=(3,1,0,3,3,3,3,0) Q=(0,-2,0,0,-3,-3,-3,7) → 2 = sqrt(2)^(2/1)
  HIT: P=(3,1,0,3,3,3,3,0) Q=(0,-2,0,0,-3,-3,-3,7) → 2 = sqrt(2)^(2/1)
  HIT: P=(3,1,0,3,3,3,3,0) Q=(0,-2,0,0,-3,-3,-3,7) → 2 = sqrt(2)^(2/1)
  HIT: P=(3,1,0,3,3,3,3,0) Q=(0,-2,0,0,-3,-3,-3,7) → 2 = sqrt(2)^(2/1)
  0.0% (6901000000/33232930569601) 644 hits, 10097779 candidates/sec, ETA 3290429s
  HIT: P=(-1,-1,1,3,-1,-2,-1,0) Q=(0,0,0,0,-3,-3,-3,7) → -3.67108551638415 = (-6 + -2*sqrt(2pi))/3
  HIT: P=(1,1,-1,-3,1,2,1,0) Q=(0,0,0,0,-3,-3,-3,7) → 3.67108551638415 = (6 + 2*sqrt(2pi))/3
  HIT: P=(-1,-1,1,3,-1,-2,-1,0) Q=(0,0,0,0,-3,-3,-3,7) → -3.67108551638415 = (-6 + -2*sqrt(2pi))/3
  HIT: P=(1,1,-1,-3,1,2,1,0) Q=(0,0,0,0,-3,-3,-3,7) → 3.67108551638415 = (6 + 2*sqrt(2pi))/3
  HIT: P=(-1,-1,1,3,-1,-2,-1,0) Q=(0,0,0,0,-3,-3,-3,7) → -3.67108551638415 = (-6 + -2*sqrt(2pi))/3
  HIT: P=(1,1,-1,-3,1,2,1,0) Q=(0,0,0,0,-3,-3,-3,7) → 3.67108551638415 = (6 + 2*sqrt(2pi))/3
  HIT: P=(-1,-1,1,3,-1,-2,-1,0) Q=(0,0,0,0,-3,-3,-3,7) → -3.67108551638415 = (-6 + -2*sqrt(2pi))/3
  HIT: P=(1,1,-1,-3,1,2,1,0) Q=(0,0,0,0,-3,-3,-3,7) → 3.67108551638415 = (6 + 2*sqrt(2pi))/3
  HIT: P=(-1,-1,1,3,-1,-2,-1,0) Q=(0,0,0,0,-3,-3,-3,7) → -3.67108551638415 = (-6 + -2*sqrt(2pi))/3
  HIT: P=(1,1,-1,-3,1,2,1,0) Q=(0,0,0,0,-3,-3,-3,7) → 3.67108551638415 = (6 + 2*sqrt(2pi))/3
  HIT: P=(-1,-1,1,3,-1,-2,-1,0) Q=(0,0,0,0,-3,-3,-3,7) → -3.67108551638415 = (-6 + -2*sqrt(2pi))/3
  HIT: P=(1,1,-1,-3,1,2,1,0) Q=(0,0,0,0,-3,-3,-3,7) → 3.67108551638415 = (6 + 2*sqrt(2pi))/3
  HIT: P=(-1,-1,1,3,-1,-2,-1,0) Q=(0,0,0,0,-3,-3,-3,7) → -3.67108551638415 = (-6 + -2*sqrt(2pi))/3
  HIT: P=(1,1,-1,-3,1,2,1,0) Q=(0,0,0,0,-3,-3,-3,7) → 3.67108551638415 = (6 + 2*sqrt(2pi))/3
  HIT: P=(1,-1,0,-3,-3,-3,-3,0) Q=(0,2,0,0,-3,-3,-3,7) → 2 = sqrt(2)^(2/1)
  HIT: P=(1,-1,0,-3,-3,-3,-3,0) Q=(0,2,0,0,-3,-3,-3,7) → 2 = sqrt(2)^(2/1)
  HIT: P=(1,-1,0,-3,-3,-3,-3,0) Q=(0,2,0,0,-3,-3,-3,7) → 2 = sqrt(2)^(2/1)
  HIT: P=(1,-1,0,-3,-3,-3,-3,0) Q=(0,2,0,0,-3,-3,-3,7) → 2 = sqrt(2)^(2/1)
  0.0% (7001000000/33232930569601) 662 hits, 10097779 candidates/sec, ETA 3290419s
  HIT: P=(1,-1,0,-3,-3,-3,-3,0) Q=(0,2,0,0,-3,-3,-3,7) → 2 = sqrt(2)^(2/1)
  HIT: P=(1,-1,0,-3,-3,-3,-3,0) Q=(0,2,0,0,-3,-3,-3,7) → 2 = sqrt(2)^(2/1)
  HIT: P=(1,-1,0,-3,-3,-3,-3,0) Q=(0,2,0,0,-3,-3,-3,7) → 2 = sqrt(2)^(2/1)
  0.0% (7101000000/33232930569601) 665 hits, 10097778 candidates/sec, ETA 3290410s
  HIT: P=(3,0,0,3,3,3,3,0) Q=(0,-2,1,0,-3,-3,-3,7) → 2 = sqrt(2)^(2/1)
  HIT: P=(3,0,0,3,3,3,3,0) Q=(0,-2,1,0,-3,-3,-3,7) → 2 = sqrt(2)^(2/1)
  HIT: P=(3,0,0,3,3,3,3,0) Q=(0,-2,1,0,-3,-3,-3,7) → 2 = sqrt(2)^(2/1)
  HIT: P=(3,0,0,3,3,3,3,0) Q=(0,-2,1,0,-3,-3,-3,7) → 2 = sqrt(2)^(2/1)
  HIT: P=(3,0,0,3,3,3,3,0) Q=(0,-2,1,0,-3,-3,-3,7) → 2 = sqrt(2)^(2/1)
  HIT: P=(3,0,0,3,3,3,3,0) Q=(0,-2,1,0,-3,-3,-3,7) → 2 = sqrt(2)^(2/1)
  HIT: P=(3,0,0,3,3,3,3,0) Q=(0,-2,1,0,-3,-3,-3,7) → 2 = sqrt(2)^(2/1)
  0.0% (7201000000/33232930569601) 672 hits, 10097777 candidates/sec, ETA 3290400s
  HIT: P=(-3,-1,-1,-1,1,1,-3,-3) Q=(-3,1,1,0,-3,-3,-3,7) → -1.50258509298563 = (4 + -5*ln(10))/5
  HIT: P=(-3,-1,-1,-1,1,1,-3,-3) Q=(-3,1,1,0,-3,-3,-3,7) → -1.50258509298563 = (4 + -5*ln(10))/5
  HIT: P=(-3,-1,-1,-1,1,1,-3,-3) Q=(-3,1,1,0,-3,-3,-3,7) → -1.50258509298563 = (4 + -5*ln(10))/5
  HIT: P=(-3,-1,-1,-1,1,1,-3,-3) Q=(-3,1,1,0,-3,-3,-3,7) → -1.50258509298563 = (4 + -5*ln(10))/5
  HIT: P=(-3,-1,-1,-1,1,1,-3,-3) Q=(-3,1,1,0,-3,-3,-3,7) → -1.50258509298563 = (4 + -5*ln(10))/5
  HIT: P=(-3,-1,-1,-1,1,1,-3,-3) Q=(-3,1,1,0,-3,-3,-3,7) → -1.50258509298563 = (4 + -5*ln(10))/5
  HIT: P=(-3,-1,-1,-1,1,1,-3,-3) Q=(-3,1,1,0,-3,-3,-3,7) → -1.50258509298563 = (4 + -5*ln(10))/5
  HIT: P=(1,0,0,-3,-3,-3,-3,0) Q=(0,2,1,0,-3,-3,-3,7) → 2 = sqrt(2)^(2/1)
  HIT: P=(1,0,0,-3,-3,-3,-3,0) Q=(0,2,1,0,-3,-3,-3,7) → 2 = sqrt(2)^(2/1)
  HIT: P=(1,0,0,-3,-3,-3,-3,0) Q=(0,2,1,0,-3,-3,-3,7) → 2 = sqrt(2)^(2/1)
  HIT: P=(1,0,0,-3,-3,-3,-3,0) Q=(0,2,1,0,-3,-3,-3,7) → 2 = sqrt(2)^(2/1)
  HIT: P=(1,0,0,-3,-3,-3,-3,0) Q=(0,2,1,0,-3,-3,-3,7) → 2 = sqrt(2)^(2/1)
  HIT: P=(1,0,0,-3,-3,-3,-3,0) Q=(0,2,1,0,-3,-3,-3,7) → 2 = sqrt(2)^(2/1)
  HIT: P=(1,0,0,-3,-3,-3,-3,0) Q=(0,2,1,0,-3,-3,-3,7) → 2 = sqrt(2)^(2/1)
  0.0% (7301000000/33232930569601) 686 hits, 10097777 candidates/sec, ETA 3290390s
  0.0% (7401000000/33232930569601) 686 hits, 10097778 candidates/sec, ETA 3290380s
  HIT: P=(3,-1,0,3,3,3,3,0) Q=(0,-2,2,0,-3,-3,-3,7) → 2 = sqrt(2)^(2/1)
  HIT: P=(3,-1,0,3,3,3,3,0) Q=(0,-2,2,0,-3,-3,-3,7) → 2 = sqrt(2)^(2/1)
  HIT: P=(3,-1,0,3,3,3,3,0) Q=(0,-2,2,0,-3,-3,-3,7) → 2 = sqrt(2)^(2/1)
  HIT: P=(3,-1,0,3,3,3,3,0) Q=(0,-2,2,0,-3,-3,-3,7) → 2 = sqrt(2)^(2/1)
  HIT: P=(3,-1,0,3,3,3,3,0) Q=(0,-2,2,0,-3,-3,-3,7) → 2 = sqrt(2)^(2/1)
  HIT: P=(3,-1,0,3,3,3,3,0) Q=(0,-2,2,0,-3,-3,-3,7) → 2 = sqrt(2)^(2/1)
  HIT: P=(3,-1,0,3,3,3,3,0) Q=(0,-2,2,0,-3,-3,-3,7) → 2 = sqrt(2)^(2/1)
  0.0% (7501000000/33232930569601) 693 hits, 10097779 candidates/sec, ETA 3290370s
  HIT: P=(1,1,3,1,-2,-2,2,-3) Q=(-3,1,2,0,-3,-3,-3,7) → -2.77541264041625 = (3 + -7*phi)/3
  HIT: P=(1,1,3,1,-2,-2,2,-3) Q=(-3,1,2,0,-3,-3,-3,7) → -2.77541264041625 = (3 + -7*phi)/3
  HIT: P=(1,1,3,1,-2,-2,2,-3) Q=(-3,1,2,0,-3,-3,-3,7) → -2.77541264041625 = (3 + -7*phi)/3
  HIT: P=(1,1,3,1,-2,-2,2,-3) Q=(-3,1,2,0,-3,-3,-3,7) → -2.77541264041625 = (3 + -7*phi)/3
  HIT: P=(1,1,3,1,-2,-2,2,-3) Q=(-3,1,2,0,-3,-3,-3,7) → -2.77541264041625 = (3 + -7*phi)/3
  HIT: P=(1,1,3,1,-2,-2,2,-3) Q=(-3,1,2,0,-3,-3,-3,7) → -2.77541264041625 = (3 + -7*phi)/3
  HIT: P=(1,1,3,1,-2,-2,2,-3) Q=(-3,1,2,0,-3,-3,-3,7) → -2.77541264041625 = (3 + -7*phi)/3
  HIT: P=(-3,1,0,-2,-2,-2,0,3) Q=(3,1,2,0,-3,-3,-3,7) → -2.21310330837523 = (2 + -6*pi*ln(2))/5
  HIT: P=(-3,1,0,-2,-2,-2,0,3) Q=(3,1,2,0,-3,-3,-3,7) → -2.21310330837523 = (2 + -6*pi*ln(2))/5
  HIT: P=(-3,1,0,-2,-2,-2,0,3) Q=(3,1,2,0,-3,-3,-3,7) → -2.21310330837523 = (2 + -6*pi*ln(2))/5
  HIT: P=(-3,1,0,-2,-2,-2,0,3) Q=(3,1,2,0,-3,-3,-3,7) → -2.21310330837523 = (2 + -6*pi*ln(2))/5
  HIT: P=(-3,1,0,-2,-2,-2,0,3) Q=(3,1,2,0,-3,-3,-3,7) → -2.21310330837523 = (2 + -6*pi*ln(2))/5
  HIT: P=(-3,1,0,-2,-2,-2,0,3) Q=(3,1,2,0,-3,-3,-3,7) → -2.21310330837523 = (2 + -6*pi*ln(2))/5
  HIT: P=(-3,1,0,-2,-2,-2,0,3) Q=(3,1,2,0,-3,-3,-3,7) → -2.21310330837523 = (2 + -6*pi*ln(2))/5
  HIT: P=(1,1,0,-3,-3,-3,-3,0) Q=(0,2,2,0,-3,-3,-3,7) → 2 = sqrt(2)^(2/1)
  HIT: P=(0,-3,-1,-3,0,-3,0,0) Q=(0,2,2,0,-3,-3,-3,7) → 2 = sqrt(2)^(2/1)
  HIT: P=(1,1,0,-3,-3,-3,-3,0) Q=(0,2,2,0,-3,-3,-3,7) → 2 = sqrt(2)^(2/1)
  HIT: P=(0,-3,-1,-3,0,-3,0,0) Q=(0,2,2,0,-3,-3,-3,7) → 2 = sqrt(2)^(2/1)
  HIT: P=(1,1,0,-3,-3,-3,-3,0) Q=(0,2,2,0,-3,-3,-3,7) → 2 = sqrt(2)^(2/1)
  HIT: P=(0,-3,-1,-3,0,-3,0,0) Q=(0,2,2,0,-3,-3,-3,7) → 2 = sqrt(2)^(2/1)
  HIT: P=(1,1,0,-3,-3,-3,-3,0) Q=(0,2,2,0,-3,-3,-3,7) → 2 = sqrt(2)^(2/1)
  HIT: P=(0,-3,-1,-3,0,-3,0,0) Q=(0,2,2,0,-3,-3,-3,7) → 2 = sqrt(2)^(2/1)
  HIT: P=(1,1,0,-3,-3,-3,-3,0) Q=(0,2,2,0,-3,-3,-3,7) → 2 = sqrt(2)^(2/1)
  HIT: P=(0,-3,-1,-3,0,-3,0,0) Q=(0,2,2,0,-3,-3,-3,7) → 2 = sqrt(2)^(2/1)
  HIT: P=(1,1,0,-3,-3,-3,-3,0) Q=(0,2,2,0,-3,-3,-3,7) → 2 = sqrt(2)^(2/1)
  HIT: P=(0,-3,-1,-3,0,-3,0,0) Q=(0,2,2,0,-3,-3,-3,7) → 2 = sqrt(2)^(2/1)
  HIT: P=(1,1,0,-3,-3,-3,-3,0) Q=(0,2,2,0,-3,-3,-3,7) → 2 = sqrt(2)^(2/1)
  HIT: P=(0,-3,-1,-3,0,-3,0,0) Q=(0,2,2,0,-3,-3,-3,7) → 2 = sqrt(2)^(2/1)
  0.0% (7601000000/33232930569601) 721 hits, 10097779 candidates/sec, ETA 3290360s
  HIT: P=(3,-2,0,3,3,3,3,0) Q=(0,-2,3,0,-3,-3,-3,7) → 2 = sqrt(2)^(2/1)
  HIT: P=(3,-2,0,3,3,3,3,0) Q=(0,-2,3,0,-3,-3,-3,7) → 2 = sqrt(2)^(2/1)
  HIT: P=(3,-2,0,3,3,3,3,0) Q=(0,-2,3,0,-3,-3,-3,7) → 2 = sqrt(2)^(2/1)
  HIT: P=(3,-2,0,3,3,3,3,0) Q=(0,-2,3,0,-3,-3,-3,7) → 2 = sqrt(2)^(2/1)
  HIT: P=(3,-2,0,3,3,3,3,0) Q=(0,-2,3,0,-3,-3,-3,7) → 2 = sqrt(2)^(2/1)
  HIT: P=(3,-2,0,3,3,3,3,0) Q=(0,-2,3,0,-3,-3,-3,7) → 2 = sqrt(2)^(2/1)
  HIT: P=(3,-2,0,3,3,3,3,0) Q=(0,-2,3,0,-3,-3,-3,7) → 2 = sqrt(2)^(2/1)
  0.0% (7701000000/33232930569601) 728 hits, 10097776 candidates/sec, ETA 3290351s
  HIT: P=(0,-2,-1,2,-2,-2,2,1) Q=(1,-1,3,0,-3,-3,-3,7) → 1.42809724509461 = (1 + 6*pi/4)/4
  HIT: P=(0,-2,-1,2,-2,-2,2,1) Q=(1,-1,3,0,-3,-3,-3,7) → 1.42809724509461 = (1 + 6*pi/4)/4
  HIT: P=(0,-2,-1,2,-2,-2,2,1) Q=(1,-1,3,0,-3,-3,-3,7) → 1.42809724509461 = (1 + 6*pi/4)/4
  HIT: P=(0,-2,-1,2,-2,-2,2,1) Q=(1,-1,3,0,-3,-3,-3,7) → 1.42809724509461 = (1 + 6*pi/4)/4
  HIT: P=(0,-2,-1,2,-2,-2,2,1) Q=(1,-1,3,0,-3,-3,-3,7) → 1.42809724509461 = (1 + 6*pi/4)/4
  HIT: P=(0,-2,-1,2,-2,-2,2,1) Q=(1,-1,3,0,-3,-3,-3,7) → 1.42809724509461 = (1 + 6*pi/4)/4
  HIT: P=(0,-2,-1,2,-2,-2,2,1) Q=(1,-1,3,0,-3,-3,-3,7) → 1.42809724509461 = (1 + 6*pi/4)/4
  HIT: P=(2,2,3,3,-3,1,0,-1) Q=(-1,1,3,0,-3,-3,-3,7) → 1.36910030610084 = (6 + -1*pi/6)/4
  0.0% (7801000000/33232930569601) 736 hits, 10097772 candidates/sec, ETA 3290342s
  HIT: P=(2,2,3,3,-3,1,0,-1) Q=(-1,1,3,0,-3,-3,-3,7) → 1.36910030610084 = (6 + -1*pi/6)/4
  HIT: P=(2,2,3,3,-3,1,0,-1) Q=(-1,1,3,0,-3,-3,-3,7) → 1.36910030610084 = (6 + -1*pi/6)/4
  HIT: P=(2,2,3,3,-3,1,0,-1) Q=(-1,1,3,0,-3,-3,-3,7) → 1.36910030610084 = (6 + -1*pi/6)/4
  HIT: P=(2,2,3,3,-3,1,0,-1) Q=(-1,1,3,0,-3,-3,-3,7) → 1.36910030610084 = (6 + -1*pi/6)/4
  HIT: P=(2,2,3,3,-3,1,0,-1) Q=(-1,1,3,0,-3,-3,-3,7) → 1.36910030610084 = (6 + -1*pi/6)/4
  HIT: P=(2,2,3,3,-3,1,0,-1) Q=(-1,1,3,0,-3,-3,-3,7) → 1.36910030610084 = (6 + -1*pi/6)/4
  HIT: P=(1,2,0,-3,-3,-3,-3,0) Q=(0,2,3,0,-3,-3,-3,7) → 2 = sqrt(2)^(2/1)
  HIT: P=(1,2,0,-3,-3,-3,-3,0) Q=(0,2,3,0,-3,-3,-3,7) → 2 = sqrt(2)^(2/1)
  HIT: P=(1,2,0,-3,-3,-3,-3,0) Q=(0,2,3,0,-3,-3,-3,7) → 2 = sqrt(2)^(2/1)
  HIT: P=(1,2,0,-3,-3,-3,-3,0) Q=(0,2,3,0,-3,-3,-3,7) → 2 = sqrt(2)^(2/1)
  HIT: P=(1,2,0,-3,-3,-3,-3,0) Q=(0,2,3,0,-3,-3,-3,7) → 2 = sqrt(2)^(2/1)
  HIT: P=(1,2,0,-3,-3,-3,-3,0) Q=(0,2,3,0,-3,-3,-3,7) → 2 = sqrt(2)^(2/1)
  HIT: P=(1,2,0,-3,-3,-3,-3,0) Q=(0,2,3,0,-3,-3,-3,7) → 2 = sqrt(2)^(2/1)
  0.0% (7901000000/33232930569601) 749 hits, 10097772 candidates/sec, ETA 3290332s
  0.0% (8001000000/33232930569601) 749 hits, 10097775 candidates/sec, ETA 3290322s
  0.0% (8101000000/33232930569601) 749 hits, 10097776 candidates/sec, ETA 3290311s
  HIT: P=(0,-2,1,-2,3,-2,-3,1) Q=(1,3,-3,1,-3,-3,-3,7) → -1.4393653682291 = (-6 + -3*1/sqrt(2pi))/5
  HIT: P=(0,-2,1,-2,3,-2,-3,1) Q=(1,3,-3,1,-3,-3,-3,7) → -1.4393653682291 = (-6 + -3*1/sqrt(2pi))/5
  HIT: P=(0,-2,1,-2,3,-2,-3,1) Q=(1,3,-3,1,-3,-3,-3,7) → -1.4393653682291 = (-6 + -3*1/sqrt(2pi))/5
  HIT: P=(0,-2,1,-2,3,-2,-3,1) Q=(1,3,-3,1,-3,-3,-3,7) → -1.4393653682291 = (-6 + -3*1/sqrt(2pi))/5
  HIT: P=(0,-2,1,-2,3,-2,-3,1) Q=(1,3,-3,1,-3,-3,-3,7) → -1.4393653682291 = (-6 + -3*1/sqrt(2pi))/5
  HIT: P=(0,-2,1,-2,3,-2,-3,1) Q=(1,3,-3,1,-3,-3,-3,7) → -1.4393653682291 = (-6 + -3*1/sqrt(2pi))/5
  HIT: P=(0,-2,1,-2,3,-2,-3,1) Q=(1,3,-3,1,-3,-3,-3,7) → -1.4393653682291 = (-6 + -3*1/sqrt(2pi))/5
  0.0% (8201000000/33232930569601) 756 hits, 10097775 candidates/sec, ETA 3290302s
  HIT: P=(3,3,-1,3,3,3,3,0) Q=(0,-2,-2,1,-3,-3,-3,7) → 2 = sqrt(2)^(2/1)
  HIT: P=(3,3,-1,3,3,3,3,0) Q=(0,-2,-2,1,-3,-3,-3,7) → 2 = sqrt(2)^(2/1)
  HIT: P=(3,3,-1,3,3,3,3,0) Q=(0,-2,-2,1,-3,-3,-3,7) → 2 = sqrt(2)^(2/1)
  HIT: P=(3,3,-1,3,3,3,3,0) Q=(0,-2,-2,1,-3,-3,-3,7) → 2 = sqrt(2)^(2/1)
  HIT: P=(3,3,-1,3,3,3,3,0) Q=(0,-2,-2,1,-3,-3,-3,7) → 2 = sqrt(2)^(2/1)
  HIT: P=(3,3,-1,3,3,3,3,0) Q=(0,-2,-2,1,-3,-3,-3,7) → 2 = sqrt(2)^(2/1)
  HIT: P=(3,3,-1,3,3,3,3,0) Q=(0,-2,-2,1,-3,-3,-3,7) → 2 = sqrt(2)^(2/1)
  0.0% (8301000000/33232930569601) 763 hits, 10097775 candidates/sec, ETA 3290292s
  HIT: P=(2,-1,3,2,3,-3,-1,-2) Q=(-2,1,-2,1,-3,-3,-3,7) → -0.729744254141003 = (-2 + -1*sqrt(e))/5
  HIT: P=(2,-1,3,2,3,-3,-1,-2) Q=(-2,1,-2,1,-3,-3,-3,7) → -0.729744254141003 = (-2 + -1*sqrt(e))/5
  HIT: P=(2,-1,3,2,3,-3,-1,-2) Q=(-2,1,-2,1,-3,-3,-3,7) → -0.729744254141003 = (-2 + -1*sqrt(e))/5
  HIT: P=(2,-1,3,2,3,-3,-1,-2) Q=(-2,1,-2,1,-3,-3,-3,7) → -0.729744254141003 = (-2 + -1*sqrt(e))/5
  HIT: P=(2,-1,3,2,3,-3,-1,-2) Q=(-2,1,-2,1,-3,-3,-3,7) → -0.729744254141003 = (-2 + -1*sqrt(e))/5
  HIT: P=(2,-1,3,2,3,-3,-1,-2) Q=(-2,1,-2,1,-3,-3,-3,7) → -0.729744254141003 = (-2 + -1*sqrt(e))/5
  HIT: P=(2,-1,3,2,3,-3,-1,-2) Q=(-2,1,-2,1,-3,-3,-3,7) → -0.729744254141003 = (-2 + -1*sqrt(e))/5
  0.0% (8401000000/33232930569601) 770 hits, 10097773 candidates/sec, ETA 3290283s
  HIT: P=(1,-3,1,-3,-3,-3,-3,0) Q=(0,2,-2,1,-3,-3,-3,7) → 2 = sqrt(2)^(2/1)
  HIT: P=(1,-3,1,-3,-3,-3,-3,0) Q=(0,2,-2,1,-3,-3,-3,7) → 2 = sqrt(2)^(2/1)
  HIT: P=(1,-3,1,-3,-3,-3,-3,0) Q=(0,2,-2,1,-3,-3,-3,7) → 2 = sqrt(2)^(2/1)
  HIT: P=(1,-3,1,-3,-3,-3,-3,0) Q=(0,2,-2,1,-3,-3,-3,7) → 2 = sqrt(2)^(2/1)
  HIT: P=(1,-3,1,-3,-3,-3,-3,0) Q=(0,2,-2,1,-3,-3,-3,7) → 2 = sqrt(2)^(2/1)
  HIT: P=(1,-3,1,-3,-3,-3,-3,0) Q=(0,2,-2,1,-3,-3,-3,7) → 2 = sqrt(2)^(2/1)
  HIT: P=(1,-3,1,-3,-3,-3,-3,0) Q=(0,2,-2,1,-3,-3,-3,7) → 2 = sqrt(2)^(2/1)
  0.0% (8501000000/33232930569601) 777 hits, 10097772 candidates/sec, ETA 3290273s
  HIT: P=(3,2,-1,3,3,3,3,0) Q=(0,-2,-1,1,-3,-3,-3,7) → 2 = sqrt(2)^(2/1)
  HIT: P=(3,2,-1,3,3,3,3,0) Q=(0,-2,-1,1,-3,-3,-3,7) → 2 = sqrt(2)^(2/1)
  HIT: P=(3,2,-1,3,3,3,3,0) Q=(0,-2,-1,1,-3,-3,-3,7) → 2 = sqrt(2)^(2/1)
  HIT: P=(3,2,-1,3,3,3,3,0) Q=(0,-2,-1,1,-3,-3,-3,7) → 2 = sqrt(2)^(2/1)
  HIT: P=(3,2,-1,3,3,3,3,0) Q=(0,-2,-1,1,-3,-3,-3,7) → 2 = sqrt(2)^(2/1)
  HIT: P=(3,2,-1,3,3,3,3,0) Q=(0,-2,-1,1,-3,-3,-3,7) → 2 = sqrt(2)^(2/1)
  HIT: P=(3,2,-1,3,3,3,3,0) Q=(0,-2,-1,1,-3,-3,-3,7) → 2 = sqrt(2)^(2/1)
  0.0% (8601000000/33232930569601) 784 hits, 10097771 candidates/sec, ETA 3290263s
  HIT: P=(-2,2,1,-2,-1,1,-2,-2) Q=(-2,0,-1,1,-3,-3,-3,7) → 2.52788745368521 = (5 + 6*4/pi)/5
  HIT: P=(-2,-2,-3,1,-1,1,3,-2) Q=(-2,0,-1,1,-3,-3,-3,7) → -3.64872127071503 = (-2 + -1*sqrt(e))/1
  HIT: P=(-2,2,1,-2,-1,1,-2,-2) Q=(-2,0,-1,1,-3,-3,-3,7) → 2.52788745368521 = (5 + 6*4/pi)/5
  HIT: P=(-2,-2,-3,1,-1,1,3,-2) Q=(-2,0,-1,1,-3,-3,-3,7) → -3.64872127071503 = (-2 + -1*sqrt(e))/1
  HIT: P=(-2,2,1,-2,-1,1,-2,-2) Q=(-2,0,-1,1,-3,-3,-3,7) → 2.52788745368521 = (5 + 6*4/pi)/5
  HIT: P=(-2,-2,-3,1,-1,1,3,-2) Q=(-2,0,-1,1,-3,-3,-3,7) → -3.64872127071503 = (-2 + -1*sqrt(e))/1
  HIT: P=(-2,2,1,-2,-1,1,-2,-2) Q=(-2,0,-1,1,-3,-3,-3,7) → 2.52788745368521 = (5 + 6*4/pi)/5
  HIT: P=(-2,-2,-3,1,-1,1,3,-2) Q=(-2,0,-1,1,-3,-3,-3,7) → -3.64872127071503 = (-2 + -1*sqrt(e))/1
  HIT: P=(-2,2,1,-2,-1,1,-2,-2) Q=(-2,0,-1,1,-3,-3,-3,7) → 2.52788745368521 = (5 + 6*4/pi)/5
  HIT: P=(-2,-2,-3,1,-1,1,3,-2) Q=(-2,0,-1,1,-3,-3,-3,7) → -3.64872127071503 = (-2 + -1*sqrt(e))/1
  HIT: P=(-2,2,1,-2,-1,1,-2,-2) Q=(-2,0,-1,1,-3,-3,-3,7) → 2.52788745368521 = (5 + 6*4/pi)/5
  HIT: P=(-2,-2,-3,1,-1,1,3,-2) Q=(-2,0,-1,1,-3,-3,-3,7) → -3.64872127071503 = (-2 + -1*sqrt(e))/1
  HIT: P=(-2,2,1,-2,-1,1,-2,-2) Q=(-2,0,-1,1,-3,-3,-3,7) → 2.52788745368521 = (5 + 6*4/pi)/5
  HIT: P=(-2,-2,-3,1,-1,1,3,-2) Q=(-2,0,-1,1,-3,-3,-3,7) → -3.64872127071503 = (-2 + -1*sqrt(e))/1
  HIT: P=(1,-2,1,-3,-3,-3,-3,0) Q=(0,2,-1,1,-3,-3,-3,7) → 2 = sqrt(2)^(2/1)
  HIT: P=(1,-2,1,-3,-3,-3,-3,0) Q=(0,2,-1,1,-3,-3,-3,7) → 2 = sqrt(2)^(2/1)
  HIT: P=(1,-2,1,-3,-3,-3,-3,0) Q=(0,2,-1,1,-3,-3,-3,7) → 2 = sqrt(2)^(2/1)
  HIT: P=(1,-2,1,-3,-3,-3,-3,0) Q=(0,2,-1,1,-3,-3,-3,7) → 2 = sqrt(2)^(2/1)
  HIT: P=(1,-2,1,-3,-3,-3,-3,0) Q=(0,2,-1,1,-3,-3,-3,7) → 2 = sqrt(2)^(2/1)
  HIT: P=(1,-2,1,-3,-3,-3,-3,0) Q=(0,2,-1,1,-3,-3,-3,7) → 2 = sqrt(2)^(2/1)
  HIT: P=(1,-2,1,-3,-3,-3,-3,0) Q=(0,2,-1,1,-3,-3,-3,7) → 2 = sqrt(2)^(2/1)
  0.0% (8701000000/33232930569601) 805 hits, 10097770 candidates/sec, ETA 3290254s
  0.0% (8801000000/33232930569601) 805 hits, 10097769 candidates/sec, ETA 3290244s
  HIT: P=(3,1,-1,3,3,3,3,0) Q=(0,-2,0,1,-3,-3,-3,7) → 2 = sqrt(2)^(2/1)
  HIT: P=(3,1,-1,3,3,3,3,0) Q=(0,-2,0,1,-3,-3,-3,7) → 2 = sqrt(2)^(2/1)
  HIT: P=(3,1,-1,3,3,3,3,0) Q=(0,-2,0,1,-3,-3,-3,7) → 2 = sqrt(2)^(2/1)
  HIT: P=(3,1,-1,3,3,3,3,0) Q=(0,-2,0,1,-3,-3,-3,7) → 2 = sqrt(2)^(2/1)
  HIT: P=(3,1,-1,3,3,3,3,0) Q=(0,-2,0,1,-3,-3,-3,7) → 2 = sqrt(2)^(2/1)
  HIT: P=(3,1,-1,3,3,3,3,0) Q=(0,-2,0,1,-3,-3,-3,7) → 2 = sqrt(2)^(2/1)
  HIT: P=(3,1,-1,3,3,3,3,0) Q=(0,-2,0,1,-3,-3,-3,7) → 2 = sqrt(2)^(2/1)
  HIT: P=(-3,-1,0,-3,1,2,0,-1) Q=(-1,-1,0,1,-3,-3,-3,7) → -5.5857864376262 = (-7 + 1*sqrt(2))/1
  HIT: P=(-3,-1,0,-3,1,2,0,-1) Q=(-1,-1,0,1,-3,-3,-3,7) → -5.5857864376262 = (-7 + 1*sqrt(2))/1
  HIT: P=(-3,-1,0,-3,1,2,0,-1) Q=(-1,-1,0,1,-3,-3,-3,7) → -5.5857864376262 = (-7 + 1*sqrt(2))/1
  HIT: P=(-3,-1,0,-3,1,2,0,-1) Q=(-1,-1,0,1,-3,-3,-3,7) → -5.5857864376262 = (-7 + 1*sqrt(2))/1
  HIT: P=(-3,-1,0,-3,1,2,0,-1) Q=(-1,-1,0,1,-3,-3,-3,7) → -5.5857864376262 = (-7 + 1*sqrt(2))/1
  HIT: P=(-3,-1,0,-3,1,2,0,-1) Q=(-1,-1,0,1,-3,-3,-3,7) → -5.5857864376262 = (-7 + 1*sqrt(2))/1
  HIT: P=(-3,-1,0,-3,1,2,0,-1) Q=(-1,-1,0,1,-3,-3,-3,7) → -5.5857864376262 = (-7 + 1*sqrt(2))/1
  HIT: P=(0,0,2,3,-1,-2,1,2) Q=(2,-1,0,1,-3,-3,-3,7) → -4.23359102472675 = (-5 + -3*pi/e)/2
  HIT: P=(0,0,2,3,-1,-2,1,2) Q=(2,-1,0,1,-3,-3,-3,7) → -4.23359102472675 = (-5 + -3*pi/e)/2
  HIT: P=(0,0,2,3,-1,-2,1,2) Q=(2,-1,0,1,-3,-3,-3,7) → -4.23359102472675 = (-5 + -3*pi/e)/2
  HIT: P=(0,0,2,3,-1,-2,1,2) Q=(2,-1,0,1,-3,-3,-3,7) → -4.23359102472675 = (-5 + -3*pi/e)/2
  HIT: P=(0,0,2,3,-1,-2,1,2) Q=(2,-1,0,1,-3,-3,-3,7) → -4.23359102472675 = (-5 + -3*pi/e)/2
  HIT: P=(0,0,2,3,-1,-2,1,2) Q=(2,-1,0,1,-3,-3,-3,7) → -4.23359102472675 = (-5 + -3*pi/e)/2
  HIT: P=(0,0,2,3,-1,-2,1,2) Q=(2,-1,0,1,-3,-3,-3,7) → -4.23359102472675 = (-5 + -3*pi/e)/2
  0.0% (8901000000/33232930569601) 826 hits, 10097765 candidates/sec, ETA 3290236s
  HIT: P=(1,-1,1,-3,-3,-3,-3,0) Q=(0,2,0,1,-3,-3,-3,7) → 2 = sqrt(2)^(2/1)
  HIT: P=(1,-1,1,-3,-3,-3,-3,0) Q=(0,2,0,1,-3,-3,-3,7) → 2 = sqrt(2)^(2/1)
  HIT: P=(1,-1,1,-3,-3,-3,-3,0) Q=(0,2,0,1,-3,-3,-3,7) → 2 = sqrt(2)^(2/1)
  HIT: P=(1,-1,1,-3,-3,-3,-3,0) Q=(0,2,0,1,-3,-3,-3,7) → 2 = sqrt(2)^(2/1)
  HIT: P=(1,-1,1,-3,-3,-3,-3,0) Q=(0,2,0,1,-3,-3,-3,7) → 2 = sqrt(2)^(2/1)
  HIT: P=(1,-1,1,-3,-3,-3,-3,0) Q=(0,2,0,1,-3,-3,-3,7) → 2 = sqrt(2)^(2/1)
  HIT: P=(1,-1,1,-3,-3,-3,-3,0) Q=(0,2,0,1,-3,-3,-3,7) → 2 = sqrt(2)^(2/1)
  0.0% (9001000000/33232930569601) 833 hits, 10097764 candidates/sec, ETA 3290226s
  HIT: P=(3,0,-1,3,3,3,3,0) Q=(0,-2,1,1,-3,-3,-3,7) → 2 = sqrt(2)^(2/1)
  HIT: P=(3,0,-1,3,3,3,3,0) Q=(0,-2,1,1,-3,-3,-3,7) → 2 = sqrt(2)^(2/1)
  HIT: P=(3,0,-1,3,3,3,3,0) Q=(0,-2,1,1,-3,-3,-3,7) → 2 = sqrt(2)^(2/1)
  HIT: P=(3,0,-1,3,3,3,3,0) Q=(0,-2,1,1,-3,-3,-3,7) → 2 = sqrt(2)^(2/1)
  HIT: P=(3,0,-1,3,3,3,3,0) Q=(0,-2,1,1,-3,-3,-3,7) → 2 = sqrt(2)^(2/1)
  0.0% (9101000000/33232930569601) 838 hits, 10097764 candidates/sec, ETA 3290216s
  HIT: P=(3,0,-1,3,3,3,3,0) Q=(0,-2,1,1,-3,-3,-3,7) → 2 = sqrt(2)^(2/1)
  HIT: P=(3,0,-1,3,3,3,3,0) Q=(0,-2,1,1,-3,-3,-3,7) → 2 = sqrt(2)^(2/1)
  HIT: P=(-1,-1,-3,2,0,-2,1,1) Q=(1,-2,1,1,-3,-3,-3,7) → 0.266408975314107 = (4 + -3*pi/e)/2
  HIT: P=(-1,-1,-3,2,0,-2,1,1) Q=(1,-2,1,1,-3,-3,-3,7) → 0.266408975314107 = (4 + -3*pi/e)/2
  HIT: P=(-1,-1,-3,2,0,-2,1,1) Q=(1,-2,1,1,-3,-3,-3,7) → 0.266408975314107 = (4 + -3*pi/e)/2
  HIT: P=(-1,-1,-3,2,0,-2,1,1) Q=(1,-2,1,1,-3,-3,-3,7) → 0.266408975314107 = (4 + -3*pi/e)/2
  HIT: P=(-1,-1,-3,2,0,-2,1,1) Q=(1,-2,1,1,-3,-3,-3,7) → 0.266408975314107 = (4 + -3*pi/e)/2
  HIT: P=(-1,-1,-3,2,0,-2,1,1) Q=(1,-2,1,1,-3,-3,-3,7) → 0.266408975314107 = (4 + -3*pi/e)/2
  HIT: P=(-1,-1,-3,2,0,-2,1,1) Q=(1,-2,1,1,-3,-3,-3,7) → 0.266408975314107 = (4 + -3*pi/e)/2
  HIT: P=(-3,-2,-2,2,2,-3,0,0) Q=(0,-1,1,1,-3,-3,-3,7) → -4.09016994376681 = (3 + -5*sqrt(5))/2
  HIT: P=(3,2,2,-2,-2,3,0,0) Q=(0,-1,1,1,-3,-3,-3,7) → 4.09016994376681 = (-3 + 5*sqrt(5))/2
  HIT: P=(-3,-2,-2,2,2,-3,0,0) Q=(0,-1,1,1,-3,-3,-3,7) → -4.09016994376681 = (3 + -5*sqrt(5))/2
  HIT: P=(3,2,2,-2,-2,3,0,0) Q=(0,-1,1,1,-3,-3,-3,7) → 4.09016994376681 = (-3 + 5*sqrt(5))/2
  HIT: P=(-3,-2,-2,2,2,-3,0,0) Q=(0,-1,1,1,-3,-3,-3,7) → -4.09016994376681 = (3 + -5*sqrt(5))/2
  HIT: P=(3,2,2,-2,-2,3,0,0) Q=(0,-1,1,1,-3,-3,-3,7) → 4.09016994376681 = (-3 + 5*sqrt(5))/2
  HIT: P=(-3,-2,-2,2,2,-3,0,0) Q=(0,-1,1,1,-3,-3,-3,7) → -4.09016994376681 = (3 + -5*sqrt(5))/2
  HIT: P=(3,2,2,-2,-2,3,0,0) Q=(0,-1,1,1,-3,-3,-3,7) → 4.09016994376681 = (-3 + 5*sqrt(5))/2
  HIT: P=(-3,-2,-2,2,2,-3,0,0) Q=(0,-1,1,1,-3,-3,-3,7) → -4.09016994376681 = (3 + -5*sqrt(5))/2
  HIT: P=(3,2,2,-2,-2,3,0,0) Q=(0,-1,1,1,-3,-3,-3,7) → 4.09016994376681 = (-3 + 5*sqrt(5))/2
  HIT: P=(-3,-2,-2,2,2,-3,0,0) Q=(0,-1,1,1,-3,-3,-3,7) → -4.09016994376681 = (3 + -5*sqrt(5))/2
  HIT: P=(3,2,2,-2,-2,3,0,0) Q=(0,-1,1,1,-3,-3,-3,7) → 4.09016994376681 = (-3 + 5*sqrt(5))/2
  HIT: P=(-3,-2,-2,2,2,-3,0,0) Q=(0,-1,1,1,-3,-3,-3,7) → -4.09016994376681 = (3 + -5*sqrt(5))/2
  HIT: P=(3,2,2,-2,-2,3,0,0) Q=(0,-1,1,1,-3,-3,-3,7) → 4.09016994376681 = (-3 + 5*sqrt(5))/2
  HIT: P=(-1,0,-1,0,-2,-2,-1,-1) Q=(-1,0,1,1,-3,-3,-3,7) → 0.979272335305506 = (6 + -3*1/e)/5
  HIT: P=(-1,0,-1,0,-2,-2,-1,-1) Q=(-1,0,1,1,-3,-3,-3,7) → 0.979272335305506 = (6 + -3*1/e)/5
  HIT: P=(-1,0,-1,0,-2,-2,-1,-1) Q=(-1,0,1,1,-3,-3,-3,7) → 0.979272335305506 = (6 + -3*1/e)/5
  HIT: P=(-1,0,-1,0,-2,-2,-1,-1) Q=(-1,0,1,1,-3,-3,-3,7) → 0.979272335305506 = (6 + -3*1/e)/5
  HIT: P=(-1,0,-1,0,-2,-2,-1,-1) Q=(-1,0,1,1,-3,-3,-3,7) → 0.979272335305506 = (6 + -3*1/e)/5
  HIT: P=(-1,0,-1,0,-2,-2,-1,-1) Q=(-1,0,1,1,-3,-3,-3,7) → 0.979272335305506 = (6 + -3*1/e)/5
  HIT: P=(-1,0,-1,0,-2,-2,-1,-1) Q=(-1,0,1,1,-3,-3,-3,7) → 0.979272335305506 = (6 + -3*1/e)/5
  HIT: P=(3,2,0,-3,2,-3,-1,-3) Q=(-3,1,1,1,-3,-3,-3,7) → 10.2436063534407 = (2 + 5*sqrt(e))/1
  0.0% (9201000000/33232930569601) 869 hits, 10097763 candidates/sec, ETA 3290207s
  HIT: P=(3,2,0,-3,2,-3,-1,-3) Q=(-3,1,1,1,-3,-3,-3,7) → 10.2436063534407 = (2 + 5*sqrt(e))/1
  HIT: P=(3,2,0,-3,2,-3,-1,-3) Q=(-3,1,1,1,-3,-3,-3,7) → 10.2436063534407 = (2 + 5*sqrt(e))/1
  HIT: P=(3,2,0,-3,2,-3,-1,-3) Q=(-3,1,1,1,-3,-3,-3,7) → 10.2436063534407 = (2 + 5*sqrt(e))/1
  HIT: P=(3,2,0,-3,2,-3,-1,-3) Q=(-3,1,1,1,-3,-3,-3,7) → 10.2436063534407 = (2 + 5*sqrt(e))/1
  HIT: P=(3,2,0,-3,2,-3,-1,-3) Q=(-3,1,1,1,-3,-3,-3,7) → 10.2436063534407 = (2 + 5*sqrt(e))/1
  HIT: P=(3,2,0,-3,2,-3,-1,-3) Q=(-3,1,1,1,-3,-3,-3,7) → 10.2436063534407 = (2 + 5*sqrt(e))/1
  HIT: P=(1,0,1,-3,-3,-3,-3,0) Q=(0,2,1,1,-3,-3,-3,7) → 2 = sqrt(2)^(2/1)
  HIT: P=(1,0,1,-3,-3,-3,-3,0) Q=(0,2,1,1,-3,-3,-3,7) → 2 = sqrt(2)^(2/1)
  HIT: P=(1,0,1,-3,-3,-3,-3,0) Q=(0,2,1,1,-3,-3,-3,7) → 2 = sqrt(2)^(2/1)
  HIT: P=(1,0,1,-3,-3,-3,-3,0) Q=(0,2,1,1,-3,-3,-3,7) → 2 = sqrt(2)^(2/1)
  HIT: P=(1,0,1,-3,-3,-3,-3,0) Q=(0,2,1,1,-3,-3,-3,7) → 2 = sqrt(2)^(2/1)
  HIT: P=(1,0,1,-3,-3,-3,-3,0) Q=(0,2,1,1,-3,-3,-3,7) → 2 = sqrt(2)^(2/1)
  HIT: P=(1,0,1,-3,-3,-3,-3,0) Q=(0,2,1,1,-3,-3,-3,7) → 2 = sqrt(2)^(2/1)
  0.0% (9301000000/33232930569601) 882 hits, 10097763 candidates/sec, ETA 3290197s
  HIT: P=(3,-1,-1,3,3,3,3,0) Q=(0,-2,2,1,-3,-3,-3,7) → 2 = sqrt(2)^(2/1)
  HIT: P=(3,-1,-1,3,3,3,3,0) Q=(0,-2,2,1,-3,-3,-3,7) → 2 = sqrt(2)^(2/1)
  HIT: P=(3,-1,-1,3,3,3,3,0) Q=(0,-2,2,1,-3,-3,-3,7) → 2 = sqrt(2)^(2/1)
  HIT: P=(3,-1,-1,3,3,3,3,0) Q=(0,-2,2,1,-3,-3,-3,7) → 2 = sqrt(2)^(2/1)
  HIT: P=(3,-1,-1,3,3,3,3,0) Q=(0,-2,2,1,-3,-3,-3,7) → 2 = sqrt(2)^(2/1)
  HIT: P=(3,-1,-1,3,3,3,3,0) Q=(0,-2,2,1,-3,-3,-3,7) → 2 = sqrt(2)^(2/1)
  HIT: P=(3,-1,-1,3,3,3,3,0) Q=(0,-2,2,1,-3,-3,-3,7) → 2 = sqrt(2)^(2/1)
  0.0% (9401000000/33232930569601) 889 hits, 10097763 candidates/sec, ETA 3290187s
  HIT: P=(-2,2,3,-1,-3,-3,-3,2) Q=(2,0,2,1,-3,-3,-3,7) → -3.96349540847812 = (-4 + -5*pi/4)/2
  HIT: P=(3,1,-2,2,3,-1,-2,2) Q=(2,0,2,1,-3,-3,-3,7) → -1.88328534327414 = (5 + -5*sqrt(2pi))/4
  HIT: P=(-2,2,3,-1,-3,-3,-3,2) Q=(2,0,2,1,-3,-3,-3,7) → -3.96349540847812 = (-4 + -5*pi/4)/2
  HIT: P=(3,1,-2,2,3,-1,-2,2) Q=(2,0,2,1,-3,-3,-3,7) → -1.88328534327414 = (5 + -5*sqrt(2pi))/4
  HIT: P=(-2,2,3,-1,-3,-3,-3,2) Q=(2,0,2,1,-3,-3,-3,7) → -3.96349540847812 = (-4 + -5*pi/4)/2
  HIT: P=(3,1,-2,2,3,-1,-2,2) Q=(2,0,2,1,-3,-3,-3,7) → -1.88328534327414 = (5 + -5*sqrt(2pi))/4
  HIT: P=(-2,2,3,-1,-3,-3,-3,2) Q=(2,0,2,1,-3,-3,-3,7) → -3.96349540847812 = (-4 + -5*pi/4)/2
  HIT: P=(3,1,-2,2,3,-1,-2,2) Q=(2,0,2,1,-3,-3,-3,7) → -1.88328534327414 = (5 + -5*sqrt(2pi))/4
  HIT: P=(-2,2,3,-1,-3,-3,-3,2) Q=(2,0,2,1,-3,-3,-3,7) → -3.96349540847812 = (-4 + -5*pi/4)/2
  HIT: P=(3,1,-2,2,3,-1,-2,2) Q=(2,0,2,1,-3,-3,-3,7) → -1.88328534327414 = (5 + -5*sqrt(2pi))/4
  HIT: P=(-2,2,3,-1,-3,-3,-3,2) Q=(2,0,2,1,-3,-3,-3,7) → -3.96349540847812 = (-4 + -5*pi/4)/2
  HIT: P=(3,1,-2,2,3,-1,-2,2) Q=(2,0,2,1,-3,-3,-3,7) → -1.88328534327414 = (5 + -5*sqrt(2pi))/4
  HIT: P=(-2,2,3,-1,-3,-3,-3,2) Q=(2,0,2,1,-3,-3,-3,7) → -3.96349540847812 = (-4 + -5*pi/4)/2
  HIT: P=(3,1,-2,2,3,-1,-2,2) Q=(2,0,2,1,-3,-3,-3,7) → -1.88328534327414 = (5 + -5*sqrt(2pi))/4
  HIT: P=(2,0,3,-1,0,2,2,-3) Q=(-3,1,2,1,-3,-3,-3,7) → 0.75474703922255 = (3 + -2*1/e)/3
  HIT: P=(2,0,3,-1,0,2,2,-3) Q=(-3,1,2,1,-3,-3,-3,7) → 0.75474703922255 = (3 + -2*1/e)/3
  HIT: P=(2,0,3,-1,0,2,2,-3) Q=(-3,1,2,1,-3,-3,-3,7) → 0.75474703922255 = (3 + -2*1/e)/3
  HIT: P=(2,0,3,-1,0,2,2,-3) Q=(-3,1,2,1,-3,-3,-3,7) → 0.75474703922255 = (3 + -2*1/e)/3
  HIT: P=(2,0,3,-1,0,2,2,-3) Q=(-3,1,2,1,-3,-3,-3,7) → 0.75474703922255 = (3 + -2*1/e)/3
  HIT: P=(2,0,3,-1,0,2,2,-3) Q=(-3,1,2,1,-3,-3,-3,7) → 0.75474703922255 = (3 + -2*1/e)/3
  HIT: P=(2,0,3,-1,0,2,2,-3) Q=(-3,1,2,1,-3,-3,-3,7) → 0.75474703922255 = (3 + -2*1/e)/3
  0.0% (9501000000/33232930569601) 910 hits, 10097762 candidates/sec, ETA 3290177s
  HIT: P=(1,1,1,-3,-3,-3,-3,0) Q=(0,2,2,1,-3,-3,-3,7) → 2 = sqrt(2)^(2/1)
  HIT: P=(1,1,1,-3,-3,-3,-3,0) Q=(0,2,2,1,-3,-3,-3,7) → 2 = sqrt(2)^(2/1)
  HIT: P=(1,1,1,-3,-3,-3,-3,0) Q=(0,2,2,1,-3,-3,-3,7) → 2 = sqrt(2)^(2/1)
  HIT: P=(1,1,1,-3,-3,-3,-3,0) Q=(0,2,2,1,-3,-3,-3,7) → 2 = sqrt(2)^(2/1)
  HIT: P=(1,1,1,-3,-3,-3,-3,0) Q=(0,2,2,1,-3,-3,-3,7) → 2 = sqrt(2)^(2/1)
  HIT: P=(1,1,1,-3,-3,-3,-3,0) Q=(0,2,2,1,-3,-3,-3,7) → 2 = sqrt(2)^(2/1)
  HIT: P=(1,1,1,-3,-3,-3,-3,0) Q=(0,2,2,1,-3,-3,-3,7) → 2 = sqrt(2)^(2/1)
  0.0% (9601000000/33232930569601) 917 hits, 10097761 candidates/sec, ETA 3290168s
  HIT: P=(3,-2,-1,3,3,3,3,0) Q=(0,-2,3,1,-3,-3,-3,7) → 2 = sqrt(2)^(2/1)
  HIT: P=(3,-2,-1,3,3,3,3,0) Q=(0,-2,3,1,-3,-3,-3,7) → 2 = sqrt(2)^(2/1)
  HIT: P=(3,-2,-1,3,3,3,3,0) Q=(0,-2,3,1,-3,-3,-3,7) → 2 = sqrt(2)^(2/1)
  HIT: P=(3,-2,-1,3,3,3,3,0) Q=(0,-2,3,1,-3,-3,-3,7) → 2 = sqrt(2)^(2/1)
  HIT: P=(3,-2,-1,3,3,3,3,0) Q=(0,-2,3,1,-3,-3,-3,7) → 2 = sqrt(2)^(2/1)
  HIT: P=(3,-2,-1,3,3,3,3,0) Q=(0,-2,3,1,-3,-3,-3,7) → 2 = sqrt(2)^(2/1)
  HIT: P=(3,-2,-1,3,3,3,3,0) Q=(0,-2,3,1,-3,-3,-3,7) → 2 = sqrt(2)^(2/1)
  0.0% (9701000000/33232930569601) 924 hits, 10097761 candidates/sec, ETA 3290158s
  0.0% (9801000000/33232930569601) 924 hits, 10097763 candidates/sec, ETA 3290147s
  HIT: P=(1,2,1,-3,-3,-3,-3,0) Q=(0,2,3,1,-3,-3,-3,7) → 2 = sqrt(2)^(2/1)
  HIT: P=(0,-2,-1,-3,0,-3,0,0) Q=(0,2,3,1,-3,-3,-3,7) → 2 = sqrt(2)^(2/1)
  HIT: P=(1,2,1,-3,-3,-3,-3,0) Q=(0,2,3,1,-3,-3,-3,7) → 2 = sqrt(2)^(2/1)
  HIT: P=(0,-2,-1,-3,0,-3,0,0) Q=(0,2,3,1,-3,-3,-3,7) → 2 = sqrt(2)^(2/1)
  HIT: P=(1,2,1,-3,-3,-3,-3,0) Q=(0,2,3,1,-3,-3,-3,7) → 2 = sqrt(2)^(2/1)
  HIT: P=(0,-2,-1,-3,0,-3,0,0) Q=(0,2,3,1,-3,-3,-3,7) → 2 = sqrt(2)^(2/1)
  HIT: P=(1,2,1,-3,-3,-3,-3,0) Q=(0,2,3,1,-3,-3,-3,7) → 2 = sqrt(2)^(2/1)
  HIT: P=(0,-2,-1,-3,0,-3,0,0) Q=(0,2,3,1,-3,-3,-3,7) → 2 = sqrt(2)^(2/1)
  HIT: P=(1,2,1,-3,-3,-3,-3,0) Q=(0,2,3,1,-3,-3,-3,7) → 2 = sqrt(2)^(2/1)
  HIT: P=(0,-2,-1,-3,0,-3,0,0) Q=(0,2,3,1,-3,-3,-3,7) → 2 = sqrt(2)^(2/1)
  HIT: P=(1,2,1,-3,-3,-3,-3,0) Q=(0,2,3,1,-3,-3,-3,7) → 2 = sqrt(2)^(2/1)
  HIT: P=(0,-2,-1,-3,0,-3,0,0) Q=(0,2,3,1,-3,-3,-3,7) → 2 = sqrt(2)^(2/1)
  HIT: P=(1,2,1,-3,-3,-3,-3,0) Q=(0,2,3,1,-3,-3,-3,7) → 2 = sqrt(2)^(2/1)
  HIT: P=(0,-2,-1,-3,0,-3,0,0) Q=(0,2,3,1,-3,-3,-3,7) → 2 = sqrt(2)^(2/1)
  0.0% (9901000000/33232930569601) 938 hits, 10097762 candidates/sec, ETA 3290138s
  HIT: P=(-3,3,-3,-3,-1,1,0,2) Q=(2,-2,-3,2,-3,-3,-3,7) → -1.15129254650084 = (0 + -1*ln(10))/2
  HIT: P=(-3,3,-3,-3,-1,1,0,2) Q=(2,-2,-3,2,-3,-3,-3,7) → -1.15129254650084 = (0 + -1*ln(10))/2
  HIT: P=(-3,3,-3,-3,-1,1,0,2) Q=(2,-2,-3,2,-3,-3,-3,7) → -1.15129254650084 = (0 + -1*ln(10))/2
  HIT: P=(-3,3,-3,-3,-1,1,0,2) Q=(2,-2,-3,2,-3,-3,-3,7) → -1.15129254650084 = (0 + -1*ln(10))/2
  HIT: P=(-3,3,-3,-3,-1,1,0,2) Q=(2,-2,-3,2,-3,-3,-3,7) → -1.15129254650084 = (0 + -1*ln(10))/2
  HIT: P=(-3,3,-3,-3,-1,1,0,2) Q=(2,-2,-3,2,-3,-3,-3,7) → -1.15129254650084 = (0 + -1*ln(10))/2
  HIT: P=(-3,3,-3,-3,-1,1,0,2) Q=(2,-2,-3,2,-3,-3,-3,7) → -1.15129254650084 = (0 + -1*ln(10))/2
  HIT: P=(3,0,-2,3,-2,1,-1,2) Q=(2,-1,-3,2,-3,-3,-3,7) → -18.2392088020602 = (3 + -4*pi^2)/2
  HIT: P=(3,0,-2,3,-2,1,-1,2) Q=(2,-1,-3,2,-3,-3,-3,7) → -18.2392088020602 = (3 + -4*pi^2)/2
  HIT: P=(3,0,-2,3,-2,1,-1,2) Q=(2,-1,-3,2,-3,-3,-3,7) → -18.2392088020602 = (3 + -4*pi^2)/2
  HIT: P=(3,0,-2,3,-2,1,-1,2) Q=(2,-1,-3,2,-3,-3,-3,7) → -18.2392088020602 = (3 + -4*pi^2)/2
  HIT: P=(3,0,-2,3,-2,1,-1,2) Q=(2,-1,-3,2,-3,-3,-3,7) → -18.2392088020602 = (3 + -4*pi^2)/2
  HIT: P=(3,0,-2,3,-2,1,-1,2) Q=(2,-1,-3,2,-3,-3,-3,7) → -18.2392088020602 = (3 + -4*pi^2)/2
  0.0% (10001000000/33232930569601) 951 hits, 10097760 candidates/sec, ETA 3290128s
  HIT: P=(3,0,-2,3,-2,1,-1,2) Q=(2,-1,-3,2,-3,-3,-3,7) → -18.2392088020602 = (3 + -4*pi^2)/2
  HIT: P=(-1,2,3,3,1,1,-3,0) Q=(0,1,-3,2,-3,-3,-3,7) → -1.91047395885416 = (-1 + -5*1/sqrt(pi))/2
  HIT: P=(1,-2,-3,-3,-1,-1,3,0) Q=(0,1,-3,2,-3,-3,-3,7) → 1.91047395885416 = (1 + 5*1/sqrt(pi))/2
  HIT: P=(-1,2,3,3,1,1,-3,0) Q=(0,1,-3,2,-3,-3,-3,7) → -1.91047395885416 = (-1 + -5*1/sqrt(pi))/2
  HIT: P=(1,-2,-3,-3,-1,-1,3,0) Q=(0,1,-3,2,-3,-3,-3,7) → 1.91047395885416 = (1 + 5*1/sqrt(pi))/2
  HIT: P=(-1,2,3,3,1,1,-3,0) Q=(0,1,-3,2,-3,-3,-3,7) → -1.91047395885416 = (-1 + -5*1/sqrt(pi))/2
  HIT: P=(1,-2,-3,-3,-1,-1,3,0) Q=(0,1,-3,2,-3,-3,-3,7) → 1.91047395885416 = (1 + 5*1/sqrt(pi))/2
  HIT: P=(-1,2,3,3,1,1,-3,0) Q=(0,1,-3,2,-3,-3,-3,7) → -1.91047395885416 = (-1 + -5*1/sqrt(pi))/2
  HIT: P=(1,-2,-3,-3,-1,-1,3,0) Q=(0,1,-3,2,-3,-3,-3,7) → 1.91047395885416 = (1 + 5*1/sqrt(pi))/2
  HIT: P=(-1,2,3,3,1,1,-3,0) Q=(0,1,-3,2,-3,-3,-3,7) → -1.91047395885416 = (-1 + -5*1/sqrt(pi))/2
  HIT: P=(1,-2,-3,-3,-1,-1,3,0) Q=(0,1,-3,2,-3,-3,-3,7) → 1.91047395885416 = (1 + 5*1/sqrt(pi))/2
  HIT: P=(-1,2,3,3,1,1,-3,0) Q=(0,1,-3,2,-3,-3,-3,7) → -1.91047395885416 = (-1 + -5*1/sqrt(pi))/2
  HIT: P=(1,-2,-3,-3,-1,-1,3,0) Q=(0,1,-3,2,-3,-3,-3,7) → 1.91047395885416 = (1 + 5*1/sqrt(pi))/2
  HIT: P=(-1,2,3,3,1,1,-3,0) Q=(0,1,-3,2,-3,-3,-3,7) → -1.91047395885416 = (-1 + -5*1/sqrt(pi))/2
  HIT: P=(1,-2,-3,-3,-1,-1,3,0) Q=(0,1,-3,2,-3,-3,-3,7) → 1.91047395885416 = (1 + 5*1/sqrt(pi))/2
  0.0% (10101000000/33232930569601) 966 hits, 10097757 candidates/sec, ETA 3290119s
  0.0% (10201000000/33232930569601) 966 hits, 10097757 candidates/sec, ETA 3290109s
  HIT: P=(3,3,-2,3,3,3,3,0) Q=(0,-2,-2,2,-3,-3,-3,7) → 2 = sqrt(2)^(2/1)
  HIT: P=(3,3,-2,3,3,3,3,0) Q=(0,-2,-2,2,-3,-3,-3,7) → 2 = sqrt(2)^(2/1)
  HIT: P=(3,3,-2,3,3,3,3,0) Q=(0,-2,-2,2,-3,-3,-3,7) → 2 = sqrt(2)^(2/1)
  HIT: P=(3,3,-2,3,3,3,3,0) Q=(0,-2,-2,2,-3,-3,-3,7) → 2 = sqrt(2)^(2/1)
  HIT: P=(3,3,-2,3,3,3,3,0) Q=(0,-2,-2,2,-3,-3,-3,7) → 2 = sqrt(2)^(2/1)
  HIT: P=(3,3,-2,3,3,3,3,0) Q=(0,-2,-2,2,-3,-3,-3,7) → 2 = sqrt(2)^(2/1)
  HIT: P=(3,3,-2,3,3,3,3,0) Q=(0,-2,-2,2,-3,-3,-3,7) → 2 = sqrt(2)^(2/1)
  0.0% (10301000000/33232930569601) 973 hits, 10097758 candidates/sec, ETA 3290099s
  HIT: P=(1,-3,2,-3,-3,-3,-3,0) Q=(0,2,-2,2,-3,-3,-3,7) → 2 = sqrt(2)^(2/1)
  HIT: P=(1,-3,2,-3,-3,-3,-3,0) Q=(0,2,-2,2,-3,-3,-3,7) → 2 = sqrt(2)^(2/1)
  HIT: P=(1,-3,2,-3,-3,-3,-3,0) Q=(0,2,-2,2,-3,-3,-3,7) → 2 = sqrt(2)^(2/1)
  HIT: P=(1,-3,2,-3,-3,-3,-3,0) Q=(0,2,-2,2,-3,-3,-3,7) → 2 = sqrt(2)^(2/1)
  HIT: P=(1,-3,2,-3,-3,-3,-3,0) Q=(0,2,-2,2,-3,-3,-3,7) → 2 = sqrt(2)^(2/1)
  HIT: P=(1,-3,2,-3,-3,-3,-3,0) Q=(0,2,-2,2,-3,-3,-3,7) → 2 = sqrt(2)^(2/1)
  HIT: P=(1,-3,2,-3,-3,-3,-3,0) Q=(0,2,-2,2,-3,-3,-3,7) → 2 = sqrt(2)^(2/1)
  0.0% (10401000000/33232930569601) 980 hits, 10097755 candidates/sec, ETA 3290090s
  0.0% (10501000000/33232930569601) 980 hits, 10097759 candidates/sec, ETA 3290079s
  HIT: P=(3,2,-2,3,3,3,3,0) Q=(0,-2,-1,2,-3,-3,-3,7) → 2 = sqrt(2)^(2/1)
  HIT: P=(3,2,-2,3,3,3,3,0) Q=(0,-2,-1,2,-3,-3,-3,7) → 2 = sqrt(2)^(2/1)
  HIT: P=(3,2,-2,3,3,3,3,0) Q=(0,-2,-1,2,-3,-3,-3,7) → 2 = sqrt(2)^(2/1)
  HIT: P=(3,2,-2,3,3,3,3,0) Q=(0,-2,-1,2,-3,-3,-3,7) → 2 = sqrt(2)^(2/1)
  HIT: P=(3,2,-2,3,3,3,3,0) Q=(0,-2,-1,2,-3,-3,-3,7) → 2 = sqrt(2)^(2/1)
  HIT: P=(3,2,-2,3,3,3,3,0) Q=(0,-2,-1,2,-3,-3,-3,7) → 2 = sqrt(2)^(2/1)
  HIT: P=(3,2,-2,3,3,3,3,0) Q=(0,-2,-1,2,-3,-3,-3,7) → 2 = sqrt(2)^(2/1)
  0.0% (10601000000/33232930569601) 987 hits, 10097759 candidates/sec, ETA 3290069s
  HIT: P=(-1,-2,1,-1,-2,-1,-2,-1) Q=(-1,2,-1,2,-3,-3,-3,7) → 0.461653873672507 = (3 + -2*1/(e*pi))/6
  HIT: P=(-1,-2,1,-1,-2,-1,-2,-1) Q=(-1,2,-1,2,-3,-3,-3,7) → 0.461653873672507 = (3 + -2*1/(e*pi))/6
  HIT: P=(-1,-2,1,-1,-2,-1,-2,-1) Q=(-1,2,-1,2,-3,-3,-3,7) → 0.461653873672507 = (3 + -2*1/(e*pi))/6
  HIT: P=(-1,-2,1,-1,-2,-1,-2,-1) Q=(-1,2,-1,2,-3,-3,-3,7) → 0.461653873672507 = (3 + -2*1/(e*pi))/6
  HIT: P=(-1,-2,1,-1,-2,-1,-2,-1) Q=(-1,2,-1,2,-3,-3,-3,7) → 0.461653873672507 = (3 + -2*1/(e*pi))/6
  HIT: P=(-1,-2,1,-1,-2,-1,-2,-1) Q=(-1,2,-1,2,-3,-3,-3,7) → 0.461653873672507 = (3 + -2*1/(e*pi))/6
  HIT: P=(-1,-2,1,-1,-2,-1,-2,-1) Q=(-1,2,-1,2,-3,-3,-3,7) → 0.461653873672507 = (3 + -2*1/(e*pi))/6
  HIT: P=(1,-2,2,-3,-3,-3,-3,0) Q=(0,2,-1,2,-3,-3,-3,7) → 2 = sqrt(2)^(2/1)
  HIT: P=(1,-2,2,-3,-3,-3,-3,0) Q=(0,2,-1,2,-3,-3,-3,7) → 2 = sqrt(2)^(2/1)
  HIT: P=(1,-2,2,-3,-3,-3,-3,0) Q=(0,2,-1,2,-3,-3,-3,7) → 2 = sqrt(2)^(2/1)
  HIT: P=(1,-2,2,-3,-3,-3,-3,0) Q=(0,2,-1,2,-3,-3,-3,7) → 2 = sqrt(2)^(2/1)
  HIT: P=(1,-2,2,-3,-3,-3,-3,0) Q=(0,2,-1,2,-3,-3,-3,7) → 2 = sqrt(2)^(2/1)
  HIT: P=(1,-2,2,-3,-3,-3,-3,0) Q=(0,2,-1,2,-3,-3,-3,7) → 2 = sqrt(2)^(2/1)
  HIT: P=(1,-2,2,-3,-3,-3,-3,0) Q=(0,2,-1,2,-3,-3,-3,7) → 2 = sqrt(2)^(2/1)
  0.0% (10701000000/33232930569601) 1001 hits, 10097762 candidates/sec, ETA 3290058s
  HIT: P=(3,1,-2,3,3,3,3,0) Q=(0,-2,0,2,-3,-3,-3,7) → 2 = sqrt(2)^(2/1)
  HIT: P=(3,1,-2,3,3,3,3,0) Q=(0,-2,0,2,-3,-3,-3,7) → 2 = sqrt(2)^(2/1)
  HIT: P=(3,1,-2,3,3,3,3,0) Q=(0,-2,0,2,-3,-3,-3,7) → 2 = sqrt(2)^(2/1)
  HIT: P=(3,1,-2,3,3,3,3,0) Q=(0,-2,0,2,-3,-3,-3,7) → 2 = sqrt(2)^(2/1)
  HIT: P=(3,1,-2,3,3,3,3,0) Q=(0,-2,0,2,-3,-3,-3,7) → 2 = sqrt(2)^(2/1)
  HIT: P=(3,1,-2,3,3,3,3,0) Q=(0,-2,0,2,-3,-3,-3,7) → 2 = sqrt(2)^(2/1)
  HIT: P=(3,1,-2,3,3,3,3,0) Q=(0,-2,0,2,-3,-3,-3,7) → 2 = sqrt(2)^(2/1)
  0.0% (10801000000/33232930569601) 1008 hits, 10097763 candidates/sec, ETA 3290048s
  0.0% (10901000000/33232930569601) 1008 hits, 10097765 candidates/sec, ETA 3290038s
  HIT: P=(1,-1,2,-3,-3,-3,-3,0) Q=(0,2,0,2,-3,-3,-3,7) → 2 = sqrt(2)^(2/1)
  HIT: P=(1,-1,2,-3,-3,-3,-3,0) Q=(0,2,0,2,-3,-3,-3,7) → 2 = sqrt(2)^(2/1)
  HIT: P=(1,-1,2,-3,-3,-3,-3,0) Q=(0,2,0,2,-3,-3,-3,7) → 2 = sqrt(2)^(2/1)
  HIT: P=(1,-1,2,-3,-3,-3,-3,0) Q=(0,2,0,2,-3,-3,-3,7) → 2 = sqrt(2)^(2/1)
  HIT: P=(1,-1,2,-3,-3,-3,-3,0) Q=(0,2,0,2,-3,-3,-3,7) → 2 = sqrt(2)^(2/1)
  HIT: P=(1,-1,2,-3,-3,-3,-3,0) Q=(0,2,0,2,-3,-3,-3,7) → 2 = sqrt(2)^(2/1)
  HIT: P=(1,-1,2,-3,-3,-3,-3,0) Q=(0,2,0,2,-3,-3,-3,7) → 2 = sqrt(2)^(2/1)
  0.0% (11001000000/33232930569601) 1015 hits, 10097766 candidates/sec, ETA 3290027s
  HIT: P=(3,0,-2,3,3,3,3,0) Q=(0,-2,1,2,-3,-3,-3,7) → 2 = sqrt(2)^(2/1)
  HIT: P=(3,0,-2,3,3,3,3,0) Q=(0,-2,1,2,-3,-3,-3,7) → 2 = sqrt(2)^(2/1)
  HIT: P=(3,0,-2,3,3,3,3,0) Q=(0,-2,1,2,-3,-3,-3,7) → 2 = sqrt(2)^(2/1)
  HIT: P=(3,0,-2,3,3,3,3,0) Q=(0,-2,1,2,-3,-3,-3,7) → 2 = sqrt(2)^(2/1)
  HIT: P=(3,0,-2,3,3,3,3,0) Q=(0,-2,1,2,-3,-3,-3,7) → 2 = sqrt(2)^(2/1)
  HIT: P=(3,0,-2,3,3,3,3,0) Q=(0,-2,1,2,-3,-3,-3,7) → 2 = sqrt(2)^(2/1)
  HIT: P=(3,0,-2,3,3,3,3,0) Q=(0,-2,1,2,-3,-3,-3,7) → 2 = sqrt(2)^(2/1)
  0.0% (11101000000/33232930569601) 1022 hits, 10097768 candidates/sec, ETA 3290017s
  0.0% (11201000000/33232930569601) 1022 hits, 10097771 candidates/sec, ETA 3290006s
  HIT: P=(1,0,2,-3,-3,-3,-3,0) Q=(0,2,1,2,-3,-3,-3,7) → 2 = sqrt(2)^(2/1)
  HIT: P=(1,0,2,-3,-3,-3,-3,0) Q=(0,2,1,2,-3,-3,-3,7) → 2 = sqrt(2)^(2/1)
  HIT: P=(1,0,2,-3,-3,-3,-3,0) Q=(0,2,1,2,-3,-3,-3,7) → 2 = sqrt(2)^(2/1)
  HIT: P=(1,0,2,-3,-3,-3,-3,0) Q=(0,2,1,2,-3,-3,-3,7) → 2 = sqrt(2)^(2/1)
  HIT: P=(1,0,2,-3,-3,-3,-3,0) Q=(0,2,1,2,-3,-3,-3,7) → 2 = sqrt(2)^(2/1)
  HIT: P=(1,0,2,-3,-3,-3,-3,0) Q=(0,2,1,2,-3,-3,-3,7) → 2 = sqrt(2)^(2/1)
  HIT: P=(1,0,2,-3,-3,-3,-3,0) Q=(0,2,1,2,-3,-3,-3,7) → 2 = sqrt(2)^(2/1)
  0.0% (11301000000/33232930569601) 1029 hits, 10097771 candidates/sec, ETA 3289996s
  HIT: P=(3,-1,-2,3,3,3,3,0) Q=(0,-2,2,2,-3,-3,-3,7) → 2 = sqrt(2)^(2/1)
  HIT: P=(3,-1,-2,3,3,3,3,0) Q=(0,-2,2,2,-3,-3,-3,7) → 2 = sqrt(2)^(2/1)
  HIT: P=(3,-1,-2,3,3,3,3,0) Q=(0,-2,2,2,-3,-3,-3,7) → 2 = sqrt(2)^(2/1)
  HIT: P=(3,-1,-2,3,3,3,3,0) Q=(0,-2,2,2,-3,-3,-3,7) → 2 = sqrt(2)^(2/1)
  HIT: P=(3,-1,-2,3,3,3,3,0) Q=(0,-2,2,2,-3,-3,-3,7) → 2 = sqrt(2)^(2/1)
  HIT: P=(3,-1,-2,3,3,3,3,0) Q=(0,-2,2,2,-3,-3,-3,7) → 2 = sqrt(2)^(2/1)
  HIT: P=(3,-1,-2,3,3,3,3,0) Q=(0,-2,2,2,-3,-3,-3,7) → 2 = sqrt(2)^(2/1)
  0.0% (11401000000/33232930569601) 1036 hits, 10097773 candidates/sec, ETA 3289986s
  HIT: P=(0,2,0,1,3,2,-2,0) Q=(0,0,2,2,-3,-3,-3,7) → 0.127323954472493 = (0 + 2*1/pi)/5
  HIT: P=(0,-2,0,-1,-3,-2,2,0) Q=(0,0,2,2,-3,-3,-3,7) → -0.127323954472493 = (0 + -2*1/pi)/5
  HIT: P=(0,2,0,1,3,2,-2,0) Q=(0,0,2,2,-3,-3,-3,7) → 0.127323954472493 = (0 + 2*1/pi)/5
  HIT: P=(0,-2,0,-1,-3,-2,2,0) Q=(0,0,2,2,-3,-3,-3,7) → -0.127323954472493 = (0 + -2*1/pi)/5
  HIT: P=(0,2,0,1,3,2,-2,0) Q=(0,0,2,2,-3,-3,-3,7) → 0.127323954472493 = (0 + 2*1/pi)/5
  HIT: P=(0,-2,0,-1,-3,-2,2,0) Q=(0,0,2,2,-3,-3,-3,7) → -0.127323954472493 = (0 + -2*1/pi)/5
  HIT: P=(0,2,0,1,3,2,-2,0) Q=(0,0,2,2,-3,-3,-3,7) → 0.127323954472493 = (0 + 2*1/pi)/5
  HIT: P=(0,-2,0,-1,-3,-2,2,0) Q=(0,0,2,2,-3,-3,-3,7) → -0.127323954472493 = (0 + -2*1/pi)/5
  HIT: P=(0,2,0,1,3,2,-2,0) Q=(0,0,2,2,-3,-3,-3,7) → 0.127323954472493 = (0 + 2*1/pi)/5
  HIT: P=(0,-2,0,-1,-3,-2,2,0) Q=(0,0,2,2,-3,-3,-3,7) → -0.127323954472493 = (0 + -2*1/pi)/5
  HIT: P=(0,2,0,1,3,2,-2,0) Q=(0,0,2,2,-3,-3,-3,7) → 0.127323954472493 = (0 + 2*1/pi)/5
  HIT: P=(0,-2,0,-1,-3,-2,2,0) Q=(0,0,2,2,-3,-3,-3,7) → -0.127323954472493 = (0 + -2*1/pi)/5
  HIT: P=(0,2,0,1,3,2,-2,0) Q=(0,0,2,2,-3,-3,-3,7) → 0.127323954472493 = (0 + 2*1/pi)/5
  HIT: P=(0,-2,0,-1,-3,-2,2,0) Q=(0,0,2,2,-3,-3,-3,7) → -0.127323954472493 = (0 + -2*1/pi)/5
  0.0% (11501000000/33232930569601) 1050 hits, 10097775 candidates/sec, ETA 3289975s
