========================================
Ramanujan Machine (GPU)
========================================
Polynomial degree: 4
Coefficient range: [-5, 5]
CF evaluation depth: 500 terms
Total candidates: 25937424601
GPU: 0
Constants: pi, e, ln(2), gamma, Catalan, zeta(3), Gauss, Lemniscate, sqrt(2), phi
========================================

  HIT: P=(5,5,5,5,5) Q=(-4,-5,-5,-5,-5) → 4 = sqrt(2)^(4/1)
  HIT: P=(3,5,5,5,5) Q=(-2,-5,-5,-5,-5) → 2 = sqrt(2)^(2/1)
  0.0% (1000000/25937424601) 2 hits, 9873057 candidates/sec, ETA 2627s
  HIT: P=(1,-5,-5,-5,-5) Q=(2,-5,-5,-5,-5) → 2 = sqrt(2)^(2/1)
  HIT: P=(3,-5,-5,-5,-5) Q=(4,-5,-5,-5,-5) → 4 = sqrt(2)^(4/1)
  HIT: P=(5,4,5,5,5) Q=(-4,-4,-5,-5,-5) → 4 = sqrt(2)^(4/1)
  HIT: P=(3,4,5,5,5) Q=(-2,-4,-5,-5,-5) → 2 = sqrt(2)^(2/1)
  HIT: P=(1,-4,-5,-5,-5) Q=(2,-4,-5,-5,-5) → 2 = sqrt(2)^(2/1)
  HIT: P=(3,-4,-5,-5,-5) Q=(4,-4,-5,-5,-5) → 4 = sqrt(2)^(4/1)
  HIT: P=(5,3,5,5,5) Q=(-4,-3,-5,-5,-5) → 4 = sqrt(2)^(4/1)
  HIT: P=(3,3,5,5,5) Q=(-2,-3,-5,-5,-5) → 2 = sqrt(2)^(2/1)
  HIT: P=(1,-3,-5,-5,-5) Q=(2,-3,-5,-5,-5) → 2 = sqrt(2)^(2/1)
  HIT: P=(3,-3,-5,-5,-5) Q=(4,-3,-5,-5,-5) → 4 = sqrt(2)^(4/1)
  HIT: P=(5,2,5,5,5) Q=(-4,-2,-5,-5,-5) → 4 = sqrt(2)^(4/1)
  HIT: P=(3,2,5,5,5) Q=(-2,-2,-5,-5,-5) → 2 = sqrt(2)^(2/1)
  HIT: P=(1,-2,-5,-5,-5) Q=(2,-2,-5,-5,-5) → 2 = sqrt(2)^(2/1)
  HIT: P=(3,-2,-5,-5,-5) Q=(4,-2,-5,-5,-5) → 4 = sqrt(2)^(4/1)
  HIT: P=(5,1,5,5,5) Q=(-4,-1,-5,-5,-5) → 4 = sqrt(2)^(4/1)
  HIT: P=(3,1,5,5,5) Q=(-2,-1,-5,-5,-5) → 2 = sqrt(2)^(2/1)
  HIT: P=(1,-1,-5,-5,-5) Q=(2,-1,-5,-5,-5) → 2 = sqrt(2)^(2/1)
  HIT: P=(3,-1,-5,-5,-5) Q=(4,-1,-5,-5,-5) → 4 = sqrt(2)^(4/1)
  HIT: P=(5,0,5,5,5) Q=(-4,0,-5,-5,-5) → 4 = sqrt(2)^(4/1)
  HIT: P=(3,0,5,5,5) Q=(-2,0,-5,-5,-5) → 2 = sqrt(2)^(2/1)
  HIT: P=(1,0,-5,-5,-5) Q=(2,0,-5,-5,-5) → 2 = sqrt(2)^(2/1)
  HIT: P=(3,0,-5,-5,-5) Q=(4,0,-5,-5,-5) → 4 = sqrt(2)^(4/1)
  HIT: P=(5,-1,5,5,5) Q=(-4,1,-5,-5,-5) → 4 = sqrt(2)^(4/1)
  HIT: P=(3,-1,5,5,5) Q=(-2,1,-5,-5,-5) → 2 = sqrt(2)^(2/1)
  HIT: P=(1,1,-5,-5,-5) Q=(2,1,-5,-5,-5) → 2 = sqrt(2)^(2/1)
  HIT: P=(3,1,-5,-5,-5) Q=(4,1,-5,-5,-5) → 4 = sqrt(2)^(4/1)
  HIT: P=(5,-2,5,5,5) Q=(-4,2,-5,-5,-5) → 4 = sqrt(2)^(4/1)
  HIT: P=(3,-2,5,5,5) Q=(-2,2,-5,-5,-5) → 2 = sqrt(2)^(2/1)
  HIT: P=(1,2,-5,-5,-5) Q=(2,2,-5,-5,-5) → 2 = sqrt(2)^(2/1)
  HIT: P=(3,2,-5,-5,-5) Q=(4,2,-5,-5,-5) → 4 = sqrt(2)^(4/1)
  HIT: P=(5,-3,5,5,5) Q=(-4,3,-5,-5,-5) → 4 = sqrt(2)^(4/1)
  HIT: P=(3,-3,5,5,5) Q=(-2,3,-5,-5,-5) → 2 = sqrt(2)^(2/1)
  HIT: P=(1,3,-5,-5,-5) Q=(2,3,-5,-5,-5) → 2 = sqrt(2)^(2/1)
  HIT: P=(3,3,-5,-5,-5) Q=(4,3,-5,-5,-5) → 4 = sqrt(2)^(4/1)
  HIT: P=(5,-4,5,5,5) Q=(-4,4,-5,-5,-5) → 4 = sqrt(2)^(4/1)
  HIT: P=(3,-4,5,5,5) Q=(-2,4,-5,-5,-5) → 2 = sqrt(2)^(2/1)
  HIT: P=(1,4,-5,-5,-5) Q=(2,4,-5,-5,-5) → 2 = sqrt(2)^(2/1)
  HIT: P=(3,4,-5,-5,-5) Q=(4,4,-5,-5,-5) → 4 = sqrt(2)^(4/1)
  HIT: P=(5,-5,5,5,5) Q=(-4,5,-5,-5,-5) → 4 = sqrt(2)^(4/1)
  HIT: P=(3,-5,5,5,5) Q=(-2,5,-5,-5,-5) → 2 = sqrt(2)^(2/1)
  HIT: P=(1,5,-5,-5,-5) Q=(2,5,-5,-5,-5) → 2 = sqrt(2)^(2/1)
  HIT: P=(3,5,-5,-5,-5) Q=(4,5,-5,-5,-5) → 4 = sqrt(2)^(4/1)
  HIT: P=(5,5,4,5,5) Q=(-4,-5,-4,-5,-5) → 4 = sqrt(2)^(4/1)
  HIT: P=(3,5,4,5,5) Q=(-2,-5,-4,-5,-5) → 2 = sqrt(2)^(2/1)
  HIT: P=(1,-5,-4,-5,-5) Q=(2,-5,-4,-5,-5) → 2 = sqrt(2)^(2/1)
  HIT: P=(3,-5,-4,-5,-5) Q=(4,-5,-4,-5,-5) → 4 = sqrt(2)^(4/1)
  HIT: P=(5,4,4,5,5) Q=(-4,-4,-4,-5,-5) → 4 = sqrt(2)^(4/1)
  HIT: P=(3,4,4,5,5) Q=(-2,-4,-4,-5,-5) → 2 = sqrt(2)^(2/1)
  HIT: P=(5,5,5,5,0) Q=(0,-4,-4,-5,-5) → 4 = sqrt(2)^(4/1)
  HIT: P=(1,-4,-4,-5,-5) Q=(2,-4,-4,-5,-5) → 2 = sqrt(2)^(2/1)
  HIT: P=(3,-4,-4,-5,-5) Q=(4,-4,-4,-5,-5) → 4 = sqrt(2)^(4/1)
  HIT: P=(5,3,4,5,5) Q=(-4,-3,-4,-5,-5) → 4 = sqrt(2)^(4/1)
  HIT: P=(3,3,4,5,5) Q=(-2,-3,-4,-5,-5) → 2 = sqrt(2)^(2/1)
  HIT: P=(1,-3,-4,-5,-5) Q=(2,-3,-4,-5,-5) → 2 = sqrt(2)^(2/1)
  HIT: P=(3,-3,-4,-5,-5) Q=(4,-3,-4,-5,-5) → 4 = sqrt(2)^(4/1)
  HIT: P=(5,2,4,5,5) Q=(-4,-2,-4,-5,-5) → 4 = sqrt(2)^(4/1)
  HIT: P=(3,2,4,5,5) Q=(-2,-2,-4,-5,-5) → 2 = sqrt(2)^(2/1)
  HIT: P=(3,5,5,5,0) Q=(0,-2,-4,-5,-5) → 2 = sqrt(2)^(2/1)
  HIT: P=(1,-2,-4,-5,-5) Q=(2,-2,-4,-5,-5) → 2 = sqrt(2)^(2/1)
  HIT: P=(0,-5,0,-5,0) Q=(2,-2,-4,-5,-5) → 2 = sqrt(2)^(2/1)
  HIT: P=(3,-2,-4,-5,-5) Q=(4,-2,-4,-5,-5) → 4 = sqrt(2)^(4/1)
  HIT: P=(5,1,4,5,5) Q=(-4,-1,-4,-5,-5) → 4 = sqrt(2)^(4/1)
  HIT: P=(3,1,4,5,5) Q=(-2,-1,-4,-5,-5) → 2 = sqrt(2)^(2/1)
  HIT: P=(1,-1,-4,-5,-5) Q=(2,-1,-4,-5,-5) → 2 = sqrt(2)^(2/1)
  HIT: P=(3,-1,-4,-5,-5) Q=(4,-1,-4,-5,-5) → 4 = sqrt(2)^(4/1)
  HIT: P=(5,0,4,5,5) Q=(-4,0,-4,-5,-5) → 4 = sqrt(2)^(4/1)
  HIT: P=(3,0,4,5,5) Q=(-2,0,-4,-5,-5) → 2 = sqrt(2)^(2/1)
  HIT: P=(1,0,-4,-5,-5) Q=(2,0,-4,-5,-5) → 2 = sqrt(2)^(2/1)
  HIT: P=(3,0,-4,-5,-5) Q=(4,0,-4,-5,-5) → 4 = sqrt(2)^(4/1)
  HIT: P=(2,-5,0,-5,0) Q=(4,0,-4,-5,-5) → 4 = sqrt(2)^(4/1)
  HIT: P=(5,-1,4,5,5) Q=(-4,1,-4,-5,-5) → 4 = sqrt(2)^(4/1)
  HIT: P=(3,-1,4,5,5) Q=(-2,1,-4,-5,-5) → 2 = sqrt(2)^(2/1)
  HIT: P=(1,1,-4,-5,-5) Q=(2,1,-4,-5,-5) → 2 = sqrt(2)^(2/1)
  HIT: P=(3,1,-4,-5,-5) Q=(4,1,-4,-5,-5) → 4 = sqrt(2)^(4/1)
  HIT: P=(5,-2,4,5,5) Q=(-4,2,-4,-5,-5) → 4 = sqrt(2)^(4/1)
  HIT: P=(3,-2,4,5,5) Q=(-2,2,-4,-5,-5) → 2 = sqrt(2)^(2/1)
  HIT: P=(1,-5,-5,-5,0) Q=(0,2,-4,-5,-5) → 2 = sqrt(2)^(2/1)
  HIT: P=(1,2,-4,-5,-5) Q=(2,2,-4,-5,-5) → 2 = sqrt(2)^(2/1)
  HIT: P=(3,2,-4,-5,-5) Q=(4,2,-4,-5,-5) → 4 = sqrt(2)^(4/1)
  HIT: P=(5,-3,4,5,5) Q=(-4,3,-4,-5,-5) → 4 = sqrt(2)^(4/1)
  HIT: P=(3,-3,4,5,5) Q=(-2,3,-4,-5,-5) → 2 = sqrt(2)^(2/1)
  HIT: P=(1,3,-4,-5,-5) Q=(2,3,-4,-5,-5) → 2 = sqrt(2)^(2/1)
  HIT: P=(3,3,-4,-5,-5) Q=(4,3,-4,-5,-5) → 4 = sqrt(2)^(4/1)
  HIT: P=(5,-4,4,5,5) Q=(-4,4,-4,-5,-5) → 4 = sqrt(2)^(4/1)
  HIT: P=(3,-4,4,5,5) Q=(-2,4,-4,-5,-5) → 2 = sqrt(2)^(2/1)
  HIT: P=(3,-5,-5,-5,0) Q=(0,4,-4,-5,-5) → 4 = sqrt(2)^(4/1)
  HIT: P=(1,4,-4,-5,-5) Q=(2,4,-4,-5,-5) → 2 = sqrt(2)^(2/1)
  HIT: P=(3,4,-4,-5,-5) Q=(4,4,-4,-5,-5) → 4 = sqrt(2)^(4/1)
  HIT: P=(5,-5,4,5,5) Q=(-4,5,-4,-5,-5) → 4 = sqrt(2)^(4/1)
  HIT: P=(3,-5,4,5,5) Q=(-2,5,-4,-5,-5) → 2 = sqrt(2)^(2/1)
  HIT: P=(1,5,-4,-5,-5) Q=(2,5,-4,-5,-5) → 2 = sqrt(2)^(2/1)
  HIT: P=(3,5,-4,-5,-5) Q=(4,5,-4,-5,-5) → 4 = sqrt(2)^(4/1)
  HIT: P=(5,5,3,5,5) Q=(-4,-5,-3,-5,-5) → 4 = sqrt(2)^(4/1)
  HIT: P=(4,4,0,5,0) Q=(-2,-5,-3,-5,-5) → 2 = sqrt(2)^(2/1)
  HIT: P=(3,5,3,5,5) Q=(-2,-5,-3,-5,-5) → 2 = sqrt(2)^(2/1)
  HIT: P=(1,-5,-3,-5,-5) Q=(2,-5,-3,-5,-5) → 2 = sqrt(2)^(2/1)
  HIT: P=(3,-5,-3,-5,-5) Q=(4,-5,-3,-5,-5) → 4 = sqrt(2)^(4/1)
  HIT: P=(5,4,3,5,5) Q=(-4,-4,-3,-5,-5) → 4 = sqrt(2)^(4/1)
  HIT: P=(3,4,3,5,5) Q=(-2,-4,-3,-5,-5) → 2 = sqrt(2)^(2/1)
  HIT: P=(5,4,5,5,0) Q=(0,-4,-3,-5,-5) → 4 = sqrt(2)^(4/1)
  HIT: P=(1,-4,-3,-5,-5) Q=(2,-4,-3,-5,-5) → 2 = sqrt(2)^(2/1)
  HIT: P=(3,-4,-3,-5,-5) Q=(4,-4,-3,-5,-5) → 4 = sqrt(2)^(4/1)
  HIT: P=(5,3,3,5,5) Q=(-4,-3,-3,-5,-5) → 4 = sqrt(2)^(4/1)
  HIT: P=(3,3,3,5,5) Q=(-2,-3,-3,-5,-5) → 2 = sqrt(2)^(2/1)
  HIT: P=(1,-3,-3,-5,-5) Q=(2,-3,-3,-5,-5) → 2 = sqrt(2)^(2/1)
  HIT: P=(3,-3,-3,-5,-5) Q=(4,-3,-3,-5,-5) → 4 = sqrt(2)^(4/1)
  HIT: P=(5,2,3,5,5) Q=(-4,-2,-3,-5,-5) → 4 = sqrt(2)^(4/1)
  HIT: P=(3,2,3,5,5) Q=(-2,-2,-3,-5,-5) → 2 = sqrt(2)^(2/1)
  HIT: P=(3,4,5,5,0) Q=(0,-2,-3,-5,-5) → 2 = sqrt(2)^(2/1)
  HIT: P=(1,-2,-3,-5,-5) Q=(2,-2,-3,-5,-5) → 2 = sqrt(2)^(2/1)
  HIT: P=(3,-2,-3,-5,-5) Q=(4,-2,-3,-5,-5) → 4 = sqrt(2)^(4/1)
  HIT: P=(5,1,3,5,5) Q=(-4,-1,-3,-5,-5) → 4 = sqrt(2)^(4/1)
  HIT: P=(3,1,3,5,5) Q=(-2,-1,-3,-5,-5) → 2 = sqrt(2)^(2/1)
  HIT: P=(1,-1,-3,-5,-5) Q=(2,-1,-3,-5,-5) → 2 = sqrt(2)^(2/1)
  HIT: P=(0,-4,0,-5,0) Q=(2,-1,-3,-5,-5) → 2 = sqrt(2)^(2/1)
  HIT: P=(4,-4,1,5,-5) Q=(3,-1,-3,-5,-5) → 1.53275827092058 = (-5 + 3*pi*ln(2))/1
  HIT: P=(3,-1,-3,-5,-5) Q=(4,-1,-3,-5,-5) → 4 = sqrt(2)^(4/1)
  HIT: P=(-4,4,-1,-5,5) Q=(3,-1,-3,-5,-5) → -1.53275827092058 = (5 + -3*pi*ln(2))/1
  HIT: P=(5,0,3,5,5) Q=(-4,0,-3,-5,-5) → 4 = sqrt(2)^(4/1)
  HIT: P=(3,0,3,5,5) Q=(-2,0,-3,-5,-5) → 2 = sqrt(2)^(2/1)
  HIT: P=(1,0,-3,-5,-5) Q=(2,0,-3,-5,-5) → 2 = sqrt(2)^(2/1)
  HIT: P=(3,0,-3,-5,-5) Q=(4,0,-3,-5,-5) → 4 = sqrt(2)^(4/1)
  HIT: P=(5,-1,3,5,5) Q=(-4,1,-3,-5,-5) → 4 = sqrt(2)^(4/1)
  HIT: P=(3,-1,3,5,5) Q=(-2,1,-3,-5,-5) → 2 = sqrt(2)^(2/1)
  HIT: P=(1,1,-3,-5,-5) Q=(2,1,-3,-5,-5) → 2 = sqrt(2)^(2/1)
  HIT: P=(3,1,-3,-5,-5) Q=(4,1,-3,-5,-5) → 4 = sqrt(2)^(4/1)
  HIT: P=(2,-4,0,-5,0) Q=(4,1,-3,-5,-5) → 4 = sqrt(2)^(4/1)
  HIT: P=(5,-2,3,5,5) Q=(-4,2,-3,-5,-5) → 4 = sqrt(2)^(4/1)
  HIT: P=(3,-2,3,5,5) Q=(-2,2,-3,-5,-5) → 2 = sqrt(2)^(2/1)
  HIT: P=(1,-4,-5,-5,0) Q=(0,2,-3,-5,-5) → 2 = sqrt(2)^(2/1)
  HIT: P=(1,2,-3,-5,-5) Q=(2,2,-3,-5,-5) → 2 = sqrt(2)^(2/1)
  HIT: P=(3,2,-3,-5,-5) Q=(4,2,-3,-5,-5) → 4 = sqrt(2)^(4/1)
  HIT: P=(5,-3,3,5,5) Q=(-4,3,-3,-5,-5) → 4 = sqrt(2)^(4/1)
  HIT: P=(3,-3,3,5,5) Q=(-2,3,-3,-5,-5) → 2 = sqrt(2)^(2/1)
  HIT: P=(-1,-1,-3,5,-5) Q=(2,3,-3,-5,-5) → 2 = sqrt(2)^(2/1)
  HIT: P=(1,3,-3,-5,-5) Q=(2,3,-3,-5,-5) → 2 = sqrt(2)^(2/1)
  HIT: P=(3,3,-3,-5,-5) Q=(4,3,-3,-5,-5) → 4 = sqrt(2)^(4/1)
  HIT: P=(5,-4,3,5,5) Q=(-4,4,-3,-5,-5) → 4 = sqrt(2)^(4/1)
  HIT: P=(3,-4,3,5,5) Q=(-2,4,-3,-5,-5) → 2 = sqrt(2)^(2/1)
  HIT: P=(3,-4,-5,-5,0) Q=(0,4,-3,-5,-5) → 4 = sqrt(2)^(4/1)
  HIT: P=(1,4,-3,-5,-5) Q=(2,4,-3,-5,-5) → 2 = sqrt(2)^(2/1)
  HIT: P=(3,4,-3,-5,-5) Q=(4,4,-3,-5,-5) → 4 = sqrt(2)^(4/1)
  HIT: P=(5,-5,3,5,5) Q=(-4,5,-3,-5,-5) → 4 = sqrt(2)^(4/1)
  HIT: P=(3,-5,3,5,5) Q=(-2,5,-3,-5,-5) → 2 = sqrt(2)^(2/1)
  HIT: P=(1,5,-3,-5,-5) Q=(2,5,-3,-5,-5) → 2 = sqrt(2)^(2/1)
  HIT: P=(3,5,-3,-5,-5) Q=(4,5,-3,-5,-5) → 4 = sqrt(2)^(4/1)
  HIT: P=(5,5,2,5,5) Q=(-4,-5,-2,-5,-5) → 4 = sqrt(2)^(4/1)
  HIT: P=(3,5,2,5,5) Q=(-2,-5,-2,-5,-5) → 2 = sqrt(2)^(2/1)
  HIT: P=(1,-5,-2,-5,-5) Q=(2,-5,-2,-5,-5) → 2 = sqrt(2)^(2/1)
  HIT: P=(3,-5,-2,-5,-5) Q=(4,-5,-2,-5,-5) → 4 = sqrt(2)^(4/1)
  HIT: P=(5,4,2,5,5) Q=(-4,-4,-2,-5,-5) → 4 = sqrt(2)^(4/1)
  HIT: P=(4,3,0,5,0) Q=(-2,-4,-2,-5,-5) → 2 = sqrt(2)^(2/1)
  HIT: P=(3,4,2,5,5) Q=(-2,-4,-2,-5,-5) → 2 = sqrt(2)^(2/1)
  HIT: P=(5,3,5,5,0) Q=(0,-4,-2,-5,-5) → 4 = sqrt(2)^(4/1)
  HIT: P=(1,-4,-2,-5,-5) Q=(2,-4,-2,-5,-5) → 2 = sqrt(2)^(2/1)
  HIT: P=(3,-4,-2,-5,-5) Q=(4,-4,-2,-5,-5) → 4 = sqrt(2)^(4/1)
  HIT: P=(5,3,2,5,5) Q=(-4,-3,-2,-5,-5) → 4 = sqrt(2)^(4/1)
  HIT: P=(3,3,2,5,5) Q=(-2,-3,-2,-5,-5) → 2 = sqrt(2)^(2/1)
  HIT: P=(1,-3,-2,-5,-5) Q=(2,-3,-2,-5,-5) → 2 = sqrt(2)^(2/1)
  HIT: P=(3,-3,-2,-5,-5) Q=(4,-3,-2,-5,-5) → 4 = sqrt(2)^(4/1)
  HIT: P=(5,2,2,5,5) Q=(-4,-2,-2,-5,-5) → 4 = sqrt(2)^(4/1)
  HIT: P=(3,2,2,5,5) Q=(-2,-2,-2,-5,-5) → 2 = sqrt(2)^(2/1)
  HIT: P=(3,3,5,5,0) Q=(0,-2,-2,-5,-5) → 2 = sqrt(2)^(2/1)
  HIT: P=(1,-2,-2,-5,-5) Q=(2,-2,-2,-5,-5) → 2 = sqrt(2)^(2/1)
  HIT: P=(3,-2,-2,-5,-5) Q=(4,-2,-2,-5,-5) → 4 = sqrt(2)^(4/1)
  HIT: P=(5,1,2,5,5) Q=(-4,-1,-2,-5,-5) → 4 = sqrt(2)^(4/1)
  HIT: P=(3,1,2,5,5) Q=(-2,-1,-2,-5,-5) → 2 = sqrt(2)^(2/1)
  HIT: P=(1,-1,-2,-5,-5) Q=(2,-1,-2,-5,-5) → 2 = sqrt(2)^(2/1)
  HIT: P=(3,-1,-2,-5,-5) Q=(4,-1,-2,-5,-5) → 4 = sqrt(2)^(4/1)
  HIT: P=(5,0,2,5,5) Q=(-4,0,-2,-5,-5) → 4 = sqrt(2)^(4/1)
  HIT: P=(3,0,2,5,5) Q=(-2,0,-2,-5,-5) → 2 = sqrt(2)^(2/1)
  HIT: P=(1,0,-2,-5,-5) Q=(2,0,-2,-5,-5) → 2 = sqrt(2)^(2/1)
  HIT: P=(0,-3,0,-5,0) Q=(2,0,-2,-5,-5) → 2 = sqrt(2)^(2/1)
  HIT: P=(3,0,-2,-5,-5) Q=(4,0,-2,-5,-5) → 4 = sqrt(2)^(4/1)
  HIT: P=(5,-1,2,5,5) Q=(-4,1,-2,-5,-5) → 4 = sqrt(2)^(4/1)
  HIT: P=(3,-1,2,5,5) Q=(-2,1,-2,-5,-5) → 2 = sqrt(2)^(2/1)
  HIT: P=(1,1,-2,-5,-5) Q=(2,1,-2,-5,-5) → 2 = sqrt(2)^(2/1)
  HIT: P=(3,1,-2,-5,-5) Q=(4,1,-2,-5,-5) → 4 = sqrt(2)^(4/1)
  HIT: P=(5,-2,2,5,5) Q=(-4,2,-2,-5,-5) → 4 = sqrt(2)^(4/1)
  HIT: P=(3,-2,2,5,5) Q=(-2,2,-2,-5,-5) → 2 = sqrt(2)^(2/1)
  HIT: P=(1,-3,-5,-5,0) Q=(0,2,-2,-5,-5) → 2 = sqrt(2)^(2/1)
  HIT: P=(1,2,-2,-5,-5) Q=(2,2,-2,-5,-5) → 2 = sqrt(2)^(2/1)
  HIT: P=(3,2,-2,-5,-5) Q=(4,2,-2,-5,-5) → 4 = sqrt(2)^(4/1)
  HIT: P=(2,-3,0,-5,0) Q=(4,2,-2,-5,-5) → 4 = sqrt(2)^(4/1)
  HIT: P=(5,-3,2,5,5) Q=(-4,3,-2,-5,-5) → 4 = sqrt(2)^(4/1)
  HIT: P=(3,-3,2,5,5) Q=(-2,3,-2,-5,-5) → 2 = sqrt(2)^(2/1)
  HIT: P=(1,3,-2,-5,-5) Q=(2,3,-2,-5,-5) → 2 = sqrt(2)^(2/1)
  HIT: P=(3,3,-2,-5,-5) Q=(4,3,-2,-5,-5) → 4 = sqrt(2)^(4/1)
  HIT: P=(5,-4,2,5,5) Q=(-4,4,-2,-5,-5) → 4 = sqrt(2)^(4/1)
  HIT: P=(3,-4,2,5,5) Q=(-2,4,-2,-5,-5) → 2 = sqrt(2)^(2/1)
  HIT: P=(3,-3,-5,-5,0) Q=(0,4,-2,-5,-5) → 4 = sqrt(2)^(4/1)
  HIT: P=(1,4,-2,-5,-5) Q=(2,4,-2,-5,-5) → 2 = sqrt(2)^(2/1)
  HIT: P=(3,4,-2,-5,-5) Q=(4,4,-2,-5,-5) → 4 = sqrt(2)^(4/1)
  HIT: P=(5,-5,2,5,5) Q=(-4,5,-2,-5,-5) → 4 = sqrt(2)^(4/1)
  HIT: P=(3,-5,2,5,5) Q=(-2,5,-2,-5,-5) → 2 = sqrt(2)^(2/1)
  HIT: P=(1,5,-2,-5,-5) Q=(2,5,-2,-5,-5) → 2 = sqrt(2)^(2/1)
  HIT: P=(3,5,-2,-5,-5) Q=(4,5,-2,-5,-5) → 4 = sqrt(2)^(4/1)
  HIT: P=(5,5,1,5,5) Q=(-4,-5,-1,-5,-5) → 4 = sqrt(2)^(4/1)
  HIT: P=(3,5,1,5,5) Q=(-2,-5,-1,-5,-5) → 2 = sqrt(2)^(2/1)
  HIT: P=(1,-5,-1,-5,-5) Q=(2,-5,-1,-5,-5) → 2 = sqrt(2)^(2/1)
  HIT: P=(3,-5,-1,-5,-5) Q=(4,-5,-1,-5,-5) → 4 = sqrt(2)^(4/1)
  HIT: P=(5,4,1,5,5) Q=(-4,-4,-1,-5,-5) → 4 = sqrt(2)^(4/1)
  HIT: P=(3,4,1,5,5) Q=(-2,-4,-1,-5,-5) → 2 = sqrt(2)^(2/1)
  HIT: P=(5,2,5,5,0) Q=(0,-4,-1,-5,-5) → 4 = sqrt(2)^(4/1)
  HIT: P=(1,-4,-1,-5,-5) Q=(2,-4,-1,-5,-5) → 2 = sqrt(2)^(2/1)
  HIT: P=(3,-4,-1,-5,-5) Q=(4,-4,-1,-5,-5) → 4 = sqrt(2)^(4/1)
  HIT: P=(5,3,1,5,5) Q=(-4,-3,-1,-5,-5) → 4 = sqrt(2)^(4/1)
  HIT: P=(4,2,0,5,0) Q=(-2,-3,-1,-5,-5) → 2 = sqrt(2)^(2/1)
  HIT: P=(3,3,1,5,5) Q=(-2,-3,-1,-5,-5) → 2 = sqrt(2)^(2/1)
  HIT: P=(1,-3,-1,-5,-5) Q=(2,-3,-1,-5,-5) → 2 = sqrt(2)^(2/1)
  HIT: P=(3,-3,-1,-5,-5) Q=(4,-3,-1,-5,-5) → 4 = sqrt(2)^(4/1)
  HIT: P=(5,2,1,5,5) Q=(-4,-2,-1,-5,-5) → 4 = sqrt(2)^(4/1)
  HIT: P=(3,2,1,5,5) Q=(-2,-2,-1,-5,-5) → 2 = sqrt(2)^(2/1)
  HIT: P=(3,2,5,5,0) Q=(0,-2,-1,-5,-5) → 2 = sqrt(2)^(2/1)
  HIT: P=(1,-2,-1,-5,-5) Q=(2,-2,-1,-5,-5) → 2 = sqrt(2)^(2/1)
  HIT: P=(3,-2,-1,-5,-5) Q=(4,-2,-1,-5,-5) → 4 = sqrt(2)^(4/1)
  HIT: P=(5,1,1,5,5) Q=(-4,-1,-1,-5,-5) → 4 = sqrt(2)^(4/1)
  HIT: P=(3,1,1,5,5) Q=(-2,-1,-1,-5,-5) → 2 = sqrt(2)^(2/1)
  HIT: P=(1,-1,-1,-5,-5) Q=(2,-1,-1,-5,-5) → 2 = sqrt(2)^(2/1)
  HIT: P=(3,-1,-1,-5,-5) Q=(4,-1,-1,-5,-5) → 4 = sqrt(2)^(4/1)
  HIT: P=(5,0,1,5,5) Q=(-4,0,-1,-5,-5) → 4 = sqrt(2)^(4/1)
  HIT: P=(3,0,1,5,5) Q=(-2,0,-1,-5,-5) → 2 = sqrt(2)^(2/1)
  HIT: P=(1,0,-1,-5,-5) Q=(2,0,-1,-5,-5) → 2 = sqrt(2)^(2/1)
  HIT: P=(3,0,-1,-5,-5) Q=(4,0,-1,-5,-5) → 4 = sqrt(2)^(4/1)
  HIT: P=(5,-1,1,5,5) Q=(-4,1,-1,-5,-5) → 4 = sqrt(2)^(4/1)
  HIT: P=(3,-1,1,5,5) Q=(-2,1,-1,-5,-5) → 2 = sqrt(2)^(2/1)
  HIT: P=(1,1,-1,-5,-5) Q=(2,1,-1,-5,-5) → 2 = sqrt(2)^(2/1)
  HIT: P=(0,-2,0,-5,0) Q=(2,1,-1,-5,-5) → 2 = sqrt(2)^(2/1)
  HIT: P=(3,1,-1,-5,-5) Q=(4,1,-1,-5,-5) → 4 = sqrt(2)^(4/1)
  HIT: P=(5,-2,1,5,5) Q=(-4,2,-1,-5,-5) → 4 = sqrt(2)^(4/1)
  HIT: P=(3,-2,1,5,5) Q=(-2,2,-1,-5,-5) → 2 = sqrt(2)^(2/1)
  HIT: P=(1,-2,-5,-5,0) Q=(0,2,-1,-5,-5) → 2 = sqrt(2)^(2/1)
  HIT: P=(1,2,-1,-5,-5) Q=(2,2,-1,-5,-5) → 2 = sqrt(2)^(2/1)
  HIT: P=(3,2,-1,-5,-5) Q=(4,2,-1,-5,-5) → 4 = sqrt(2)^(4/1)
  HIT: P=(5,-3,1,5,5) Q=(-4,3,-1,-5,-5) → 4 = sqrt(2)^(4/1)
  HIT: P=(3,-3,1,5,5) Q=(-2,3,-1,-5,-5) → 2 = sqrt(2)^(2/1)
  HIT: P=(1,3,-1,-5,-5) Q=(2,3,-1,-5,-5) → 2 = sqrt(2)^(2/1)
  HIT: P=(3,3,-1,-5,-5) Q=(4,3,-1,-5,-5) → 4 = sqrt(2)^(4/1)
  HIT: P=(2,-2,0,-5,0) Q=(4,3,-1,-5,-5) → 4 = sqrt(2)^(4/1)
  HIT: P=(5,-4,1,5,5) Q=(-4,4,-1,-5,-5) → 4 = sqrt(2)^(4/1)
  HIT: P=(3,-4,1,5,5) Q=(-2,4,-1,-5,-5) → 2 = sqrt(2)^(2/1)
  HIT: P=(3,-2,-5,-5,0) Q=(0,4,-1,-5,-5) → 4 = sqrt(2)^(4/1)
  HIT: P=(1,4,-1,-5,-5) Q=(2,4,-1,-5,-5) → 2 = sqrt(2)^(2/1)
  HIT: P=(3,4,-1,-5,-5) Q=(4,4,-1,-5,-5) → 4 = sqrt(2)^(4/1)
  HIT: P=(5,-5,1,5,5) Q=(-4,5,-1,-5,-5) → 4 = sqrt(2)^(4/1)
  HIT: P=(3,-5,1,5,5) Q=(-2,5,-1,-5,-5) → 2 = sqrt(2)^(2/1)
  HIT: P=(1,5,-1,-5,-5) Q=(2,5,-1,-5,-5) → 2 = sqrt(2)^(2/1)
  HIT: P=(3,5,-1,-5,-5) Q=(4,5,-1,-5,-5) → 4 = sqrt(2)^(4/1)
  HIT: P=(1,-3,-1,5,-5) Q=(4,5,-1,-5,-5) → 4 = sqrt(2)^(4/1)
  HIT: P=(5,5,0,5,5) Q=(-4,-5,0,-5,-5) → 4 = sqrt(2)^(4/1)
  HIT: P=(3,5,0,5,5) Q=(-2,-5,0,-5,-5) → 2 = sqrt(2)^(2/1)
  HIT: P=(1,-5,0,-5,-5) Q=(2,-5,0,-5,-5) → 2 = sqrt(2)^(2/1)
  HIT: P=(3,-5,0,-5,-5) Q=(4,-5,0,-5,-5) → 4 = sqrt(2)^(4/1)
  HIT: P=(5,4,0,5,5) Q=(-4,-4,0,-5,-5) → 4 = sqrt(2)^(4/1)
  HIT: P=(3,4,0,5,5) Q=(-2,-4,0,-5,-5) → 2 = sqrt(2)^(2/1)
  HIT: P=(5,1,5,5,0) Q=(0,-4,0,-5,-5) → 4 = sqrt(2)^(4/1)
  HIT: P=(1,-4,0,-5,-5) Q=(2,-4,0,-5,-5) → 2 = sqrt(2)^(2/1)
  HIT: P=(3,-4,0,-5,-5) Q=(4,-4,0,-5,-5) → 4 = sqrt(2)^(4/1)
  0.4% (101000000/25937424601) 260 hits, 9912191 candidates/sec, ETA 2607s
  0.8% (201000000/25937424601) 439736 hits, 9912028 candidates/sec, ETA 2596s
  1.2% (301000000/25937424601) 615678 hits, 9912390 candidates/sec, ETA 2586s
  1.5% (401000000/25937424601) 1084442 hits, 9912625 candidates/sec, ETA 2576s
  1.9% (501000000/25937424601) 1436069 hits, 9912779 candidates/sec, ETA 2566s
  2.3% (601000000/25937424601) 1992668 hits, 9912956 candidates/sec, ETA 2556s
  2.7% (701000000/25937424601) 2490699 hits, 9913045 candidates/sec, ETA 2546s
  3.1% (801000000/25937424601) 3105862 hits, 9913122 candidates/sec, ETA 2536s
  3.5% (901000000/25937424601) 3838146 hits, 9913132 candidates/sec, ETA 2526s
  3.9% (1001000000/25937424601) 4424025 hits, 9913134 candidates/sec, ETA 2515s
  4.2% (1101000000/25937424601) 5449124 hits, 9913139 candidates/sec, ETA 2505s
  4.6% (1201000000/25937424601) 6122835 hits, 9913166 candidates/sec, ETA 2495s
  5.0% (1301000000/25937424601) 7352903 hits, 9913186 candidates/sec, ETA 2485s
  5.4% (1401000000/25937424601) 8114462 hits, 9913188 candidates/sec, ETA 2475s
  5.8% (1501000000/25937424601) 9549488 hits, 9913170 candidates/sec, ETA 2465s
  6.2% (1601000000/25937424601) 10281761 hits, 9913156 candidates/sec, ETA 2455s
  6.6% (1701000000/25937424601) 11775348 hits, 9913158 candidates/sec, ETA 2445s
  6.9% (1801000000/25937424601) 12624748 hits, 9913162 candidates/sec, ETA 2435s
  7.3% (1901000000/25937424601) 14176907 hits, 9913167 candidates/sec, ETA 2425s
  7.7% (2001000000/25937424601) 15143427 hits, 9913178 candidates/sec, ETA 2415s
  8.1% (2101000000/25937424601) 16695584 hits, 9913172 candidates/sec, ETA 2405s
  8.5% (2201000000/25937424601) 17749950 hits, 9913176 candidates/sec, ETA 2394s
  8.9% (2301000000/25937424601) 19214256 hits, 9913201 candidates/sec, ETA 2384s
  9.3% (2401000000/25937424601) 19800132 hits, 9913212 candidates/sec, ETA 2374s
  9.6% (2501000000/25937424601) 19976090 hits, 9913229 candidates/sec, ETA 2364s
  10.0% (2601000000/25937424601) 20620543 hits, 9913244 candidates/sec, ETA 2354s
  10.4% (2701000000/25937424601) 20796550 hits, 9913242 candidates/sec, ETA 2344s
  10.8% (2801000000/25937424601) 21675266 hits, 9913245 candidates/sec, ETA 2334s
  11.2% (2901000000/25937424601) 21909785 hits, 9913232 candidates/sec, ETA 2324s
  11.6% (3001000000/25937424601) 22993455 hits, 9913227 candidates/sec, ETA 2314s
  12.0% (3101000000/25937424601) 23286561 hits, 9913217 candidates/sec, ETA 2304s
  12.3% (3201000000/25937424601) 24361236 hits, 9913206 candidates/sec, ETA 2294s
  12.7% (3301000000/25937424601) 24897585 hits, 9913206 candidates/sec, ETA 2283s
  13.1% (3401000000/25937424601) 26069100 hits, 9913199 candidates/sec, ETA 2273s
  13.5% (3501000000/25937424601) 26830692 hits, 9913202 candidates/sec, ETA 2263s
  13.9% (3601000000/25937424601) 28060787 hits, 9913190 candidates/sec, ETA 2253s
  14.3% (3701000000/25937424601) 29056606 hits, 9913188 candidates/sec, ETA 2243s
  14.7% (3801000000/25937424601) 30257390 hits, 9913192 candidates/sec, ETA 2233s
  15.0% (3901000000/25937424601) 31399628 hits, 9913192 candidates/sec, ETA 2223s
  15.4% (4001000000/25937424601) 32659001 hits, 9913197 candidates/sec, ETA 2213s
  15.8% (4101000000/25937424601) 33830514 hits, 9913189 candidates/sec, ETA 2203s
  16.2% (4201000000/25937424601) 35177705 hits, 9913189 candidates/sec, ETA 2193s
  16.6% (4301000000/25937424601) 36402675 hits, 9913191 candidates/sec, ETA 2183s
  17.0% (4401000000/25937424601) 37784258 hits, 9913178 candidates/sec, ETA 2173s
  17.4% (4501000000/25937424601) 38990363 hits, 9913173 candidates/sec, ETA 2162s
  17.7% (4601000000/25937424601) 40340875 hits, 9913166 candidates/sec, ETA 2152s
  18.1% (4701000000/25937424601) 41600807 hits, 9913152 candidates/sec, ETA 2142s
  18.5% (4801000000/25937424601) 41722443 hits, 9913134 candidates/sec, ETA 2132s
  18.9% (4901000000/25937424601) 42337633 hits, 9913119 candidates/sec, ETA 2122s
  19.3% (5001000000/25937424601) 42777125 hits, 9913108 candidates/sec, ETA 2112s
  19.7% (5101000000/25937424601) 43480156 hits, 9913107 candidates/sec, ETA 2102s
  20.1% (5201000000/25937424601) 44095327 hits, 9913100 candidates/sec, ETA 2092s
  20.4% (5301000000/25937424601) 44886198 hits, 9913089 candidates/sec, ETA 2082s
  20.8% (5401000000/25937424601) 45764900 hits, 9913089 candidates/sec, ETA 2072s
  21.2% (5501000000/25937424601) 46497206 hits, 9913082 candidates/sec, ETA 2062s
  21.6% (5601000000/25937424601) 47668719 hits, 9913077 candidates/sec, ETA 2051s
  22.0% (5701000000/25937424601) 48488860 hits, 9913076 candidates/sec, ETA 2041s
  22.4% (5801000000/25937424601) 49806786 hits, 9913060 candidates/sec, ETA 2031s
  22.8% (5901000000/25937424601) 50714757 hits, 9913048 candidates/sec, ETA 2021s
  23.1% (6001000000/25937424601) 52208361 hits, 9913041 candidates/sec, ETA 2011s
  23.5% (6101000000/25937424601) 53087052 hits, 9913030 candidates/sec, ETA 2001s
  23.9% (6201000000/25937424601) 54580661 hits, 9913021 candidates/sec, ETA 1991s
  24.3% (6301000000/25937424601) 55547200 hits, 9913016 candidates/sec, ETA 1981s
  24.7% (6401000000/25937424601) 57104462 hits, 9913011 candidates/sec, ETA 1971s
  25.1% (6501000000/25937424601) 58163248 hits, 9913007 candidates/sec, ETA 1961s
  25.4% (6601000000/25937424601) 59686122 hits, 9913002 candidates/sec, ETA 1951s
  25.8% (6701000000/25937424601) 60806056 hits, 9912997 candidates/sec, ETA 1941s
  26.2% (6801000000/25937424601) 62281324 hits, 9912993 candidates/sec, ETA 1930s
  26.6% (6901000000/25937424601) 63418556 hits, 9912982 candidates/sec, ETA 1920s
  27.0% (7001000000/25937424601) 64989802 hits, 9912975 candidates/sec, ETA 1910s
  27.4% (7101000000/25937424601) 65645244 hits, 9912972 candidates/sec, ETA 1900s
  27.8% (7201000000/25937424601) 65938347 hits, 9912962 candidates/sec, ETA 1890s
  28.1% (7301000000/25937424601) 66963448 hits, 9912954 candidates/sec, ETA 1880s
  28.5% (7401000000/25937424601) 67315153 hits, 9912938 candidates/sec, ETA 1870s
  28.9% (7501000000/25937424601) 68554277 hits, 9912924 candidates/sec, ETA 1860s
  29.3% (7601000000/25937424601) 69014035 hits, 9912910 candidates/sec, ETA 1850s
  29.7% (7701000000/25937424601) 70244144 hits, 9912901 candidates/sec, ETA 1840s
  30.1% (7801000000/25937424601) 70917901 hits, 9912897 candidates/sec, ETA 1830s
  30.5% (7901000000/25937424601) 72235857 hits, 9912887 candidates/sec, ETA 1819s
  30.8% (8001000000/25937424601) 73085291 hits, 9912872 candidates/sec, ETA 1809s
  31.2% (8101000000/25937424601) 74461801 hits, 9912863 candidates/sec, ETA 1799s
  31.6% (8201000000/25937424601) 75486926 hits, 9912850 candidates/sec, ETA 1789s
  32.0% (8301000000/25937424601) 76863446 hits, 9912840 candidates/sec, ETA 1779s
  32.4% (8401000000/25937424601) 77984139 hits, 9912829 candidates/sec, ETA 1769s
  32.8% (8501000000/25937424601) 79360636 hits, 9912825 candidates/sec, ETA 1759s
  33.2% (8601000000/25937424601) 80548686 hits, 9912816 candidates/sec, ETA 1749s
  33.5% (8701000000/25937424601) 82042308 hits, 9912809 candidates/sec, ETA 1739s
  33.9% (8801000000/25937424601) 83278624 hits, 9912801 candidates/sec, ETA 1729s
  34.3% (8901000000/25937424601) 84788433 hits, 9912792 candidates/sec, ETA 1719s
  34.7% (9001000000/25937424601) 85998924 hits, 9912784 candidates/sec, ETA 1709s
  35.1% (9101000000/25937424601) 87487440 hits, 9912779 candidates/sec, ETA 1698s
  35.5% (9201000000/25937424601) 88658339 hits, 9912765 candidates/sec, ETA 1688s
  35.9% (9301000000/25937424601) 90088653 hits, 9912752 candidates/sec, ETA 1678s
  36.2% (9401000000/25937424601) 91197762 hits, 9912745 candidates/sec, ETA 1668s
  36.6% (9501000000/25937424601) 91373383 hits, 9912735 candidates/sec, ETA 1658s
  37.0% (9601000000/25937424601) 92222790 hits, 9912732 candidates/sec, ETA 1648s
  37.4% (9701000000/25937424601) 93001288 hits, 9912734 candidates/sec, ETA 1638s
  37.8% (9801000000/25937424601) 93950914 hits, 9912730 candidates/sec, ETA 1628s
  38.2% (9901000000/25937424601) 94976020 hits, 9912728 candidates/sec, ETA 1618s
  38.6% (10001000000/25937424601) 95854741 hits, 9912727 candidates/sec, ETA 1608s
  38.9% (10101000000/25937424601) 97114087 hits, 9912721 candidates/sec, ETA 1598s
  39.3% (10201000000/25937424601) 98080645 hits, 9912717 candidates/sec, ETA 1587s
  39.7% (10301000000/25937424601) 99440425 hits, 9912713 candidates/sec, ETA 1577s
  40.1% (10401000000/25937424601) 100494818 hits, 9912708 candidates/sec, ETA 1567s
  40.5% (10501000000/25937424601) 102066087 hits, 9912705 candidates/sec, ETA 1557s
  40.9% (10601000000/25937424601) 103091193 hits, 9912703 candidates/sec, ETA 1547s
  41.3% (10701000000/25937424601) 104641252 hits, 9912695 candidates/sec, ETA 1537s
  41.6% (10801000000/25937424601) 105772954 hits, 9912694 candidates/sec, ETA 1527s
  42.0% (10901000000/25937424601) 107427559 hits, 9912686 candidates/sec, ETA 1517s
  42.4% (11001000000/25937424601) 108546318 hits, 9912683 candidates/sec, ETA 1507s
  42.8% (11101000000/25937424601) 110159630 hits, 9912677 candidates/sec, ETA 1497s
  43.2% (11201000000/25937424601) 111277736 hits, 9912672 candidates/sec, ETA 1487s
  43.6% (11301000000/25937424601) 112761622 hits, 9912667 candidates/sec, ETA 1477s
  44.0% (11401000000/25937424601) 113810223 hits, 9912663 candidates/sec, ETA 1466s
  44.3% (11501000000/25937424601) 115270197 hits, 9912661 candidates/sec, ETA 1456s
  44.7% (11601000000/25937424601) 116197189 hits, 9912661 candidates/sec, ETA 1446s
  45.1% (11701000000/25937424601) 117592033 hits, 9912660 candidates/sec, ETA 1436s
  45.5% (11801000000/25937424601) 118031503 hits, 9912656 candidates/sec, ETA 1426s
  45.9% (11901000000/25937424601) 118554326 hits, 9912648 candidates/sec, ETA 1416s
  46.3% (12001000000/25937424601) 119935281 hits, 9912638 candidates/sec, ETA 1406s
  46.7% (12101000000/25937424601) 120550479 hits, 9912632 candidates/sec, ETA 1396s
  47.0% (12201000000/25937424601) 121897689 hits, 9912626 candidates/sec, ETA 1386s
  47.4% (12301000000/25937424601) 122701188 hits, 9912621 candidates/sec, ETA 1376s
  47.8% (12401000000/25937424601) 124147274 hits, 9912617 candidates/sec, ETA 1366s
  48.2% (12501000000/25937424601) 125123940 hits, 9912611 candidates/sec, ETA 1355s
  48.6% (12601000000/25937424601) 126678960 hits, 9912604 candidates/sec, ETA 1345s
  49.0% (12701000000/25937424601) 127779696 hits, 9912602 candidates/sec, ETA 1335s
  49.4% (12801000000/25937424601) 129373864 hits, 9912591 candidates/sec, ETA 1325s
  49.7% (12901000000/25937424601) 130522352 hits, 9912585 candidates/sec, ETA 1315s
  50.1% (13001000000/25937424601) 132094132 hits, 9912689 candidates/sec, ETA 1305s
  50.5% (13101000000/25937424601) 133169730 hits, 9912683 candidates/sec, ETA 1295s
  50.9% (13201000000/25937424601) 134878234 hits, 9912674 candidates/sec, ETA 1285s
  51.3% (13301000000/25937424601) 135851862 hits, 9912669 candidates/sec, ETA 1275s
  51.7% (13401000000/25937424601) 137549445 hits, 9912668 candidates/sec, ETA 1265s
  52.1% (13501000000/25937424601) 138457483 hits, 9912662 candidates/sec, ETA 1255s
  52.4% (13601000000/25937424601) 139985171 hits, 9912660 candidates/sec, ETA 1245s
  52.8% (13701000000/25937424601) 140893176 hits, 9912655 candidates/sec, ETA 1234s
  53.2% (13801000000/25937424601) 142197920 hits, 9912651 candidates/sec, ETA 1224s
  53.6% (13901000000/25937424601) 143105925 hits, 9912648 candidates/sec, ETA 1214s
  54.0% (14001000000/25937424601) 144195297 hits, 9912642 candidates/sec, ETA 1204s
  54.4% (14101000000/25937424601) 145009731 hits, 9912639 candidates/sec, ETA 1194s
  54.8% (14201000000/25937424601) 145273517 hits, 9912636 candidates/sec, ETA 1184s
  55.1% (14301000000/25937424601) 146357109 hits, 9912634 candidates/sec, ETA 1174s
  55.5% (14401000000/25937424601) 147583422 hits, 9912633 candidates/sec, ETA 1164s
  55.9% (14501000000/25937424601) 148625345 hits, 9912631 candidates/sec, ETA 1154s
  56.3% (14601000000/25937424601) 150023473 hits, 9912626 candidates/sec, ETA 1144s
  56.7% (14701000000/25937424601) 151183045 hits, 9912621 candidates/sec, ETA 1134s
  57.1% (14801000000/25937424601) 152624791 hits, 9912619 candidates/sec, ETA 1123s
  57.4% (14901000000/25937424601) 153917548 hits, 9912617 candidates/sec, ETA 1113s
  57.8% (15001000000/25937424601) 155434548 hits, 9912612 candidates/sec, ETA 1103s
  58.2% (15101000000/25937424601) 156715937 hits, 9912605 candidates/sec, ETA 1093s
  58.6% (15201000000/25937424601) 158138264 hits, 9912599 candidates/sec, ETA 1083s
  59.0% (15301000000/25937424601) 159499953 hits, 9912591 candidates/sec, ETA 1073s
  59.4% (15401000000/25937424601) 160876438 hits, 9912586 candidates/sec, ETA 1063s
  59.8% (15501000000/25937424601) 162111616 hits, 9912582 candidates/sec, ETA 1053s
  60.1% (15601000000/25937424601) 163458828 hits, 9912578 candidates/sec, ETA 1043s
  60.5% (15701000000/25937424601) 164529997 hits, 9912569 candidates/sec, ETA 1033s
  60.9% (15801000000/25937424601) 165789373 hits, 9912564 candidates/sec, ETA 1023s
  61.3% (15901000000/25937424601) 166755921 hits, 9912558 candidates/sec, ETA 1012s
  61.7% (16001000000/25937424601) 167956722 hits, 9912556 candidates/sec, ETA 1002s
  62.1% (16101000000/25937424601) 168718308 hits, 9912550 candidates/sec, ETA 992s
  62.5% (16201000000/25937424601) 169961948 hits, 9912543 candidates/sec, ETA 982s
  62.8% (16301000000/25937424601) 170446446 hits, 9912538 candidates/sec, ETA 972s
  63.2% (16401000000/25937424601) 171588669 hits, 9912533 candidates/sec, ETA 962s
  63.6% (16501000000/25937424601) 171881754 hits, 9912523 candidates/sec, ETA 952s
  64.0% (16601000000/25937424601) 172590326 hits, 9912518 candidates/sec, ETA 942s
  64.4% (16701000000/25937424601) 174174446 hits, 9912511 candidates/sec, ETA 932s
  64.8% (16801000000/25937424601) 175135412 hits, 9912500 candidates/sec, ETA 922s
  65.2% (16901000000/25937424601) 176779512 hits, 9912492 candidates/sec, ETA 912s
  65.5% (17001000000/25937424601) 177811099 hits, 9912479 candidates/sec, ETA 902s
  65.9% (17101000000/25937424601) 179489028 hits, 9912466 candidates/sec, ETA 891s
  66.3% (17201000000/25937424601) 180641532 hits, 9912458 candidates/sec, ETA 881s
  66.7% (17301000000/25937424601) 182242829 hits, 9912448 candidates/sec, ETA 871s
  67.1% (17401000000/25937424601) 183372854 hits, 9912439 candidates/sec, ETA 861s
  67.5% (17501000000/25937424601) 184853976 hits, 9912434 candidates/sec, ETA 851s
  67.9% (17601000000/25937424601) 185831125 hits, 9912424 candidates/sec, ETA 841s
  68.2% (17701000000/25937424601) 187383317 hits, 9912418 candidates/sec, ETA 831s
  68.6% (17801000000/25937424601) 188232761 hits, 9912413 candidates/sec, ETA 821s
  69.0% (17901000000/25937424601) 189784944 hits, 9912408 candidates/sec, ETA 811s
  69.4% (18001000000/25937424601) 190546538 hits, 9912403 candidates/sec, ETA 801s
  69.8% (18101000000/25937424601) 191952331 hits, 9912399 candidates/sec, ETA 791s
  70.2% (18201000000/25937424601) 192684663 hits, 9912394 candidates/sec, ETA 780s
  70.6% (18301000000/25937424601) 193885478 hits, 9912389 candidates/sec, ETA 770s
  70.9% (18401000000/25937424601) 194647081 hits, 9912383 candidates/sec, ETA 760s
  71.3% (18501000000/25937424601) 195613640 hits, 9912378 candidates/sec, ETA 750s
  71.7% (18601000000/25937424601) 196258155 hits, 9912375 candidates/sec, ETA 740s
  72.1% (18701000000/25937424601) 196990463 hits, 9912373 candidates/sec, ETA 730s
  72.5% (18801000000/25937424601) 197576396 hits, 9912368 candidates/sec, ETA 720s
  72.9% (18901000000/25937424601) 197855812 hits, 9912363 candidates/sec, ETA 710s
  73.3% (19001000000/25937424601) 199242688 hits, 9912358 candidates/sec, ETA 700s
  73.6% (19101000000/25937424601) 200546807 hits, 9912351 candidates/sec, ETA 690s
  74.0% (19201000000/25937424601) 201942391 hits, 9912348 candidates/sec, ETA 680s
  74.4% (19301000000/25937424601) 203205479 hits, 9912343 candidates/sec, ETA 670s
  74.8% (19401000000/25937424601) 204602831 hits, 9912340 candidates/sec, ETA 659s
  75.2% (19501000000/25937424601) 205920740 hits, 9912338 candidates/sec, ETA 649s
  75.6% (19601000000/25937424601) 207222250 hits, 9912334 candidates/sec, ETA 639s
  76.0% (19701000000/25937424601) 208423040 hits, 9912330 candidates/sec, ETA 629s
  76.3% (19801000000/25937424601) 209711678 hits, 9912325 candidates/sec, ETA 619s
  76.7% (19901000000/25937424601) 210941748 hits, 9912323 candidates/sec, ETA 609s
  77.1% (20001000000/25937424601) 212113250 hits, 9912320 candidates/sec, ETA 599s
  77.5% (20101000000/25937424601) 213314037 hits, 9912317 candidates/sec, ETA 589s
  77.9% (20201000000/25937424601) 214339143 hits, 9912315 candidates/sec, ETA 579s
  78.3% (20301000000/25937424601) 215452103 hits, 9912310 candidates/sec, ETA 569s
  78.7% (20401000000/25937424601) 216330809 hits, 9912307 candidates/sec, ETA 559s
  79.0% (20501000000/25937424601) 217358283 hits, 9912303 candidates/sec, ETA 548s
  79.4% (20601000000/25937424601) 218000387 hits, 9912300 candidates/sec, ETA 538s
  79.8% (20701000000/25937424601) 219084058 hits, 9912296 candidates/sec, ETA 528s
  80.2% (20801000000/25937424601) 219406427 hits, 9912295 candidates/sec, ETA 518s
  80.6% (20901000000/25937424601) 220402276 hits, 9912296 candidates/sec, ETA 508s
  81.0% (21001000000/25937424601) 220578254 hits, 9912294 candidates/sec, ETA 498s
  81.4% (21101000000/25937424601) 221456968 hits, 9912292 candidates/sec, ETA 488s
  81.7% (21201000000/25937424601) 221632950 hits, 9912292 candidates/sec, ETA 478s
  82.1% (21301000000/25937424601) 222476148 hits, 9912292 candidates/sec, ETA 468s
  82.5% (21401000000/25937424601) 223969739 hits, 9912291 candidates/sec, ETA 458s
  82.9% (21501000000/25937424601) 225006474 hits, 9912290 candidates/sec, ETA 448s
  83.3% (21601000000/25937424601) 226564947 hits, 9912288 candidates/sec, ETA 437s
  83.7% (21701000000/25937424601) 227613033 hits, 9912286 candidates/sec, ETA 427s
  84.1% (21801000000/25937424601) 229135906 hits, 9912284 candidates/sec, ETA 417s
  84.4% (21901000000/25937424601) 230131727 hits, 9912280 candidates/sec, ETA 407s
  84.8% (22001000000/25937424601) 231566780 hits, 9912278 candidates/sec, ETA 397s
  85.2% (22101000000/25937424601) 232474773 hits, 9912275 candidates/sec, ETA 387s
  85.6% (22201000000/25937424601) 233968374 hits, 9912272 candidates/sec, ETA 377s
  86.0% (22301000000/25937424601) 234700664 hits, 9912272 candidates/sec, ETA 367s
  86.4% (22401000000/25937424601) 236194287 hits, 9912271 candidates/sec, ETA 357s
  86.8% (22501000000/25937424601) 236809493 hits, 9912269 candidates/sec, ETA 347s
  87.1% (22601000000/25937424601) 238127407 hits, 9912266 candidates/sec, ETA 337s
  87.5% (22701000000/25937424601) 238713295 hits, 9912266 candidates/sec, ETA 327s
  87.9% (22801000000/25937424601) 239767701 hits, 9912266 candidates/sec, ETA 316s
  88.3% (22901000000/25937424601) 240353625 hits, 9912264 candidates/sec, ETA 306s
  88.7% (23001000000/25937424601) 241173776 hits, 9912263 candidates/sec, ETA 296s
  89.1% (23101000000/25937424601) 241671826 hits, 9912262 candidates/sec, ETA 286s
  89.4% (23201000000/25937424601) 242287005 hits, 9912261 candidates/sec, ETA 276s
  89.8% (23301000000/25937424601) 242726541 hits, 9912260 candidates/sec, ETA 266s
  90.2% (23401000000/25937424601) 243107487 hits, 9912260 candidates/sec, ETA 256s
  90.6% (23501000000/25937424601) 243546973 hits, 9912260 candidates/sec, ETA 246s
  91.0% (23601000000/25937424601) 243722928 hits, 9912260 candidates/sec, ETA 236s
  91.4% (23701000000/25937424601) 245099394 hits, 9912260 candidates/sec, ETA 226s
  91.8% (23801000000/25937424601) 246212334 hits, 9912258 candidates/sec, ETA 216s
  92.1% (23901000000/25937424601) 247705924 hits, 9912259 candidates/sec, ETA 205s
  92.5% (24001000000/25937424601) 248848145 hits, 9912257 candidates/sec, ETA 195s
  92.9% (24101000000/25937424601) 250224605 hits, 9912254 candidates/sec, ETA 185s
  93.3% (24201000000/25937424601) 251278983 hits, 9912253 candidates/sec, ETA 175s
  93.7% (24301000000/25937424601) 252567604 hits, 9912250 candidates/sec, ETA 165s
  94.1% (24401000000/25937424601) 253651263 hits, 9912249 candidates/sec, ETA 155s
  94.5% (24501000000/25937424601) 254793480 hits, 9912246 candidates/sec, ETA 145s
  94.8% (24601000000/25937424601) 255847854 hits, 9912245 candidates/sec, ETA 135s
  95.2% (24701000000/25937424601) 256785102 hits, 9912243 candidates/sec, ETA 125s
  95.6% (24801000000/25937424601) 257751644 hits, 9912242 candidates/sec, ETA 115s
  96.0% (24901000000/25937424601) 258483937 hits, 9912243 candidates/sec, ETA 105s
  96.4% (25001000000/25937424601) 259362640 hits, 9912245 candidates/sec, ETA 94s
  96.8% (25101000000/25937424601) 259831395 hits, 9912244 candidates/sec, ETA 84s
  97.2% (25201000000/25937424601) 260768656 hits, 9912244 candidates/sec, ETA 74s
  97.5% (25301000000/25937424601) 260973885 hits, 9912243 candidates/sec, ETA 64s
  97.9% (25401000000/25937424601) 261823302 hits, 9912242 candidates/sec, ETA 54s
  98.3% (25501000000/25937424601) 261911422 hits, 9912241 candidates/sec, ETA 44s
  98.7% (25601000000/25937424601) 262643724 hits, 9912238 candidates/sec, ETA 34s
  99.1% (25701000000/25937424601) 262731842 hits, 9912237 candidates/sec, ETA 24s
  99.5% (25801000000/25937424601) 263259160 hits, 9912235 candidates/sec, ETA 14s
  99.9% (25901000000/25937424601) 263347273 hits, 9912234 candidates/sec, ETA 4s
  100.0% (25937424601/25937424601) 263347367 hits, 9912220 candidates/sec, ETA 0s

========================================
Ramanujan Machine Results
========================================
Degree: 4, range: [-5,5]
Candidates: 25937424601
Hits: 263347367
Time: 2616.7s (9912217 candidates/sec)
Output: scripts/experiments/ramanujan-machine/results/hits_deg4_range5.csv
========================================
