========================================
Ramanujan Machine (GPU)
========================================
Polynomial degree: 5
Coefficient range: [-2, 2]
CF evaluation depth: 200 terms
Total candidates: 244140625
GPU: 4
Constants: pi, e, ln(2), gamma, Catalan, zeta(3), Gauss, Lemniscate, sqrt(2), phi
========================================

  HIT: P=(0,-1,-1,-1,0,0) Q=(-2,-2,-2,-2,-2,-2) → 2 = sqrt(2)^(2/1)
  HIT: P=(1,-2,-2,-2,-2,-2) Q=(2,-2,-2,-2,-2,-2) → 2 = sqrt(2)^(2/1)
  HIT: P=(1,-1,-2,-2,-2,-2) Q=(2,-1,-2,-2,-2,-2) → 2 = sqrt(2)^(2/1)
  HIT: P=(1,0,-2,-2,-2,-2) Q=(2,0,-2,-2,-2,-2) → 2 = sqrt(2)^(2/1)
  HIT: P=(1,1,-2,-2,-2,-2) Q=(2,1,-2,-2,-2,-2) → 2 = sqrt(2)^(2/1)
  HIT: P=(1,2,-2,-2,-2,-2) Q=(2,2,-2,-2,-2,-2) → 2 = sqrt(2)^(2/1)
  HIT: P=(0,-1,-2,0,-2,0) Q=(2,2,-2,-2,-2,-2) → 2 = sqrt(2)^(2/1)
  HIT: P=(1,-2,-1,-2,-2,-2) Q=(2,-2,-1,-2,-2,-2) → 2 = sqrt(2)^(2/1)
  HIT: P=(1,-1,-1,-2,-2,-2) Q=(2,-1,-1,-2,-2,-2) → 2 = sqrt(2)^(2/1)
  HIT: P=(1,0,-1,-2,-2,-2) Q=(2,0,-1,-2,-2,-2) → 2 = sqrt(2)^(2/1)
  HIT: P=(1,1,-1,-2,-2,-2) Q=(2,1,-1,-2,-2,-2) → 2 = sqrt(2)^(2/1)
  HIT: P=(1,-2,-2,-2,-2,0) Q=(0,2,-1,-2,-2,-2) → 2 = sqrt(2)^(2/1)
  HIT: P=(1,2,-1,-2,-2,-2) Q=(2,2,-1,-2,-2,-2) → 2 = sqrt(2)^(2/1)
  HIT: P=(1,-2,0,-2,-2,-2) Q=(2,-2,0,-2,-2,-2) → 2 = sqrt(2)^(2/1)
  HIT: P=(1,-1,0,-2,-2,-2) Q=(2,-1,0,-2,-2,-2) → 2 = sqrt(2)^(2/1)
  0.4% (1000000/244140625) 15 hits, 10008100 candidates/sec, ETA 24s
  41.4% (101000000/244140625) 2203620 hits, 10077458 candidates/sec, ETA 14s
  82.3% (201000000/244140625) 4749269 hits, 10080918 candidates/sec, ETA 4s
  100.0% (244140625/244140625) 5587320 hits, 10079727 candidates/sec, ETA 0s

========================================
Ramanujan Machine Results
========================================
Degree: 5, range: [-2,2]
Candidates: 244140625
Hits: 5587320
Time: 24.2s (10079720 candidates/sec)
Output: scripts/experiments/ramanujan-machine/results/hits_deg5_range2.csv
========================================
