Multi-constant PSLQ scanner
Precision: 120 digits
Constants: pi, e, ln2, gamma, Catalan, zeta3, zeta5, sqrt2, phi, pi2, sqrtpi, Glaisher
============================================================
Sampling 5000 of 1000000 rows
Processing 5000 unmatched CFs
  FOUND: a=[9, 7] b=[2, 7, -9] -> V = (9 + 0*pi) / 1 [300d]
  FOUND: a=[10, 7] b=[8, 1, -9] -> V = (10 + 0*pi) / 1 [300d]
  FOUND: a=[5, 4] b=[8, 10, -7] -> V = (-56 + 0*pi) / -9 [300d]
  FOUND: a=[-4, -1] b=[0, 10, -10] -> V = (-4 + 0*pi) / 1 [300d]
  FOUND: a=[-4, -3] b=[3, 6, -9] -> V = (-4 + 0*pi) / 1 [300d]
  FOUND: a=[-6, -6] b=[5, 4, -9] -> V = (-6 + 0*pi) / 1 [300d]
  FOUND: a=[-4, 9] b=[10, -1, -9] -> V = (-4 + 0*pi) / 1 [300d]
  FOUND: a=[9, -5] b=[6, 1, -7] -> V = (9 + 0*pi) / 1 [300d]
  FOUND: a=[-5, -2] b=[0, 6, -6] -> V = (-5 + 0*pi) / 1 [300d]
  FOUND: a=[6, -8] b=[6, 4, -10] -> V = (-6 + 0*pi) / -1 [300d]
  FOUND: a=[-1, -2] b=[1, 7, -8] -> V = (-1 + 0*pi) / 1 [300d]
  FOUND: a=[7, 3] b=[1, 8, -9] -> V = (7 + 0*pi) / 1 [300d]
  FOUND: a=[-7, 3] b=[9, -1, -8] -> V = (7 + 0*pi) / -1 [300d]
  FOUND: a=[9, -7] b=[0, 10, -6] -> V = (10 + 0*pi) / 1 [300d]
  FOUND: a=[-4, 10] b=[5, 4, -9] -> V = (-4 + 0*pi) / 1 [300d]
  FOUND: a=[6, -1] b=[-1, 7, -6] -> V = (-6 + 0*pi) / -1 [300d]
  FOUND: a=[-7, -4] b=[9, 1, -10] -> V = (7 + 0*pi) / -1 [300d]
  FOUND: a=[5, -6] b=[2, 8, -10] -> V = (5 + 0*pi) / 1 [300d]
  FOUND: a=[-7, -4] b=[8, 10, -7] -> V = (8 + 0*pi) / -1 [300d]
  FOUND: a=[-8, 5] b=[8, 8, -6] -> V = (-34 + 0*pi) / 3 [300d]
  FOUND: a=[6, 3] b=[-2, 10, -8] -> V = (-6 + 0*pi) / -1 [300d]
  FOUND: a=[-6, -1] b=[5, 1, -6] -> V = (-6 + 0*pi) / 1 [300d]
  FOUND: a=[5, 9] b=[0, 10, -10] -> V = (5 + 0*pi) / 1 [300d]
  FOUND: a=[-8, 6] b=[0, 9, -9] -> V = (8 + 0*pi) / -1 [300d]
  FOUND: a=[4, -6] b=[10, 7, -6] -> V = (3 + 0*pi) / -2 [300d]
  FOUND: a=[3, -2] b=[6, 9, -6] -> V = (12 + 0*pi) / 1 [300d]
  FOUND: a=[-1, -10] b=[9, -2, -7] -> V = (-1 + 0*pi) / 1 [300d]
  FOUND: a=[5, -7] b=[0, 2, -10] -> V = (-11 + 0*pi) / -3 [150d]
  FOUND: a=[-2, -5] b=[0, -8, -6] -> V = (-40 + 0*pi) / 11 [149d]
  FOUND: a=[5, -7] b=[5, 2, -7] -> V = (5 + 0*pi) / 1 [300d]
  FOUND: a=[10, 8] b=[8, 0, -8] -> V = (10 + 0*pi) / 1 [300d]
  FOUND: a=[-4, -4] b=[2, 7, -9] -> V = (-4 + 0*pi) / 1 [300d]
  FOUND: a=[1, 6] b=[7, 2, -9] -> V = (-1 + 0*pi) / -1 [300d]
  FOUND: a=[-3, -3] b=[-4, 10, -6] -> V = (-3 + 0*pi) / 1 [300d]
  FOUND: a=[1, 9] b=[3, 6, -9] -> V = (-1 + 0*pi) / -1 [300d]
  FOUND: a=[-10, -8] b=[-2, 10, -8] -> V = (-10 + 0*pi) / 1 [300d]
  FOUND: a=[-6, -1] b=[9, -1, -8] -> V = (-6 + 0*pi) / 1 [300d]
  FOUND: a=[8, -5] b=[5, 3, -8] -> V = (8 + 0*pi) / 1 [300d]
  FOUND: a=[-9, 9] b=[6, 1, -7] -> V = (-9 + 0*pi) / 1 [300d]
  FOUND: a=[-1, 9] b=[-3, 10, -7] -> V = (-1 + 0*pi) / 1 [300d]
  FOUND: a=[-7, -4] b=[4, 2, -6] -> V = (7 + 0*pi) / -1 [300d]
  FOUND: a=[-8, 3] b=[4, 2, -6] -> V = (8 + 0*pi) / -1 [300d]
  FOUND: a=[10, -10] b=[6, 0, -6] -> V = (10 + 0*pi) / 1 [300d]
  FOUND: a=[-2, -1] b=[4, 4, -8] -> V = (2 + 0*pi) / -1 [300d]
  FOUND: a=[9, 8] b=[-1, 10, -9] -> V = (9 + 0*pi) / 1 [300d]
  FOUND: a=[3, 1] b=[9, 0, -9] -> V = (3 + 0*pi) / 1 [300d]
  FOUND: a=[1, 4] b=[6, 1, -7] -> V = (-1 + 0*pi) / -1 [300d]
  FOUND: a=[7, -2] b=[-1, 10, -9] -> V = (7 + 0*pi) / 1 [300d]
  FOUND: a=[-9, 1] b=[3, 3, -6] -> V = (-9 + 0*pi) / 1 [300d]
  FOUND: a=[-1, 9] b=[4, 2, -6] -> V = (-1 + 0*pi) / 1 [300d]
  FOUND: a=[8, -7] b=[0, 9, -9] -> V = (8 + 0*pi) / 1 [300d]
  FOUND: a=[-8, -7] b=[8, -1, -7] -> V = (8 + 0*pi) / -1 [300d]
  FOUND: a=[5, -3] b=[0, 8, -8] -> V = (5 + 0*pi) / 1 [300d]
  FOUND: a=[2, -6] b=[-3, -10, -8] -> V = (17 + 0*pi) / 5 [150d]
  FOUND: a=[-5, 2] b=[-4, 10, -6] -> V = (-5 + 0*pi) / 1 [300d]
  FOUND: a=[-2, -5] b=[0, 6, -6] -> V = (2 + 0*pi) / -1 [300d]
  FOUND: a=[-4, -9] b=[-3, 9, -6] -> V = (-4 + 0*pi) / 1 [300d]
  FOUND: a=[-9, -7] b=[8, 10, -7] -> V = (-155 + 0*pi) / 16 [300d]
  FOUND: a=[-3, -1] b=[3, 7, -10] -> V = (-3 + 0*pi) / 1 [300d]
  FOUND: a=[5, -6] b=[10, -4, -6] -> V = (5 + 0*pi) / 1 [300d]
  FOUND: a=[-8, 6] b=[1, 6, -7] -> V = (8 + 0*pi) / -1 [300d]
  FOUND: a=[-7, 0] b=[8, 2, -10] -> V = (7 + 0*pi) / -1 [300d]
  FOUND: a=[10, -9] b=[-2, 8, -6] -> V = (10 + 0*pi) / 1 [300d]
  FOUND: a=[9, 2] b=[6, 3, -9] -> V = (9 + 0*pi) / 1 [300d]
  FOUND: a=[-7, -1] b=[10, 7, -6] -> V = (-67 + 0*pi) / 8 [300d]
  FOUND: a=[-4, -4] b=[2, 8, -10] -> V = (-4 + 0*pi) / 1 [300d]
  FOUND: a=[-4, -5] b=[7, 0, -7] -> V = (-4 + 0*pi) / 1 [300d]
  FOUND: a=[9, -6] b=[-2, 9, -7] -> V = (9 + 0*pi) / 1 [300d]
  FOUND: a=[-2, -1] b=[10, -3, -7] -> V = (2 + 0*pi) / -1 [300d]
  FOUND: a=[8, 5] b=[8, 1, -9] -> V = (8 + 0*pi) / 1 [300d]
  FOUND: a=[-1, -2] b=[5, 5, -10] -> V = (-1 + 0*pi) / 1 [300d]
  FOUND: a=[-8, -8] b=[7, 3, -10] -> V = (8 + 0*pi) / -1 [300d]
  FOUND: a=[-6, -9] b=[-2, 9, -7] -> V = (-6 + 0*pi) / 1 [300d]
  FOUND: a=[-10, -9] b=[7, 1, -8] -> V = (-10 + 0*pi) / 1 [300d]
  FOUND: a=[-2, 9] b=[10, 7, -6] -> V = (-3 + 0*pi) / 7 [150d]
  FOUND: a=[-6, 5] b=[8, 8, -6] -> V = (-16 + 0*pi) / 1 [300d]
  FOUND: a=[-10, -8] b=[10, -1, -9] -> V = (-10 + 0*pi) / 1 [300d]
  FOUND: a=[1, -8] b=[3, 7, -10] -> V = (-1 + 0*pi) / -1 [300d]
  FOUND: a=[-10, -4] b=[6, 4, -10] -> V = (-10 + 0*pi) / 1 [300d]
  FOUND: a=[-7, -9] b=[6, 3, -9] -> V = (7 + 0*pi) / -1 [300d]
  FOUND: a=[-7, -5] b=[3, 4, -7] -> V = (7 + 0*pi) / -1 [300d]
  FOUND: a=[5, -6] b=[0, 6, -6] -> V = (5 + 0*pi) / 1 [300d]
  FOUND: a=[-5, 6] b=[8, 0, -8] -> V = (-5 + 0*pi) / 1 [300d]
  FOUND: a=[9, -2] b=[-2, 10, -8] -> V = (9 + 0*pi) / 1 [300d]
  FOUND: a=[8, 6] b=[5, 4, -9] -> V = (8 + 0*pi) / 1 [300d]
  FOUND: a=[9, -1] b=[9, 1, -10] -> V = (9 + 0*pi) / 1 [300d]
  FOUND: a=[-7, 8] b=[3, 3, -6] -> V = (7 + 0*pi) / -1 [300d]
  FOUND: a=[-3, 6] b=[8, -2, -6] -> V = (-3 + 0*pi) / 1 [300d]
  FOUND: a=[-10, -8] b=[-1, 10, -9] -> V = (-10 + 0*pi) / 1 [300d]
  FOUND: a=[3, -5] b=[-1, 8, -7] -> V = (3 + 0*pi) / 1 [300d]
  FOUND: a=[-7, -10] b=[8, 1, -9] -> V = (7 + 0*pi) / -1 [300d]
  FOUND: a=[-4, -6] b=[2, 7, -9] -> V = (-4 + 0*pi) / 1 [300d]
  FOUND: a=[-6, 0] b=[2, 5, -7] -> V = (-6 + 0*pi) / 1 [300d]
  FOUND: a=[-10, 7] b=[2, 5, -7] -> V = (-10 + 0*pi) / 1 [300d]
  FOUND: a=[-9, 10] b=[1, 7, -8] -> V = (-9 + 0*pi) / 1 [300d]
  FOUND: a=[-8, -3] b=[7, 2, -9] -> V = (8 + 0*pi) / -1 [300d]
  FOUND: a=[-6, 0] b=[9, 1, -10] -> V = (-6 + 0*pi) / 1 [300d]
  FOUND: a=[-2, -3] b=[0, 7, -7] -> V = (2 + 0*pi) / -1 [300d]
  FOUND: a=[10, 4] b=[-2, 9, -7] -> V = (10 + 0*pi) / 1 [300d]
  FOUND: a=[1, 8] b=[0, 8, -8] -> V = (-1 + 0*pi) / -1 [300d]
  FOUND: a=[7, -8] b=[4, 10, -6] -> V = (-1 + 0*pi) / 1 [300d]
  FOUND: a=[4, 8] b=[0, -9, -7] -> V = (-9 + 0*pi) / -4 [300d]
  FOUND: a=[-4, -4] b=[10, 0, -10] -> V = (-4 + 0*pi) / 1 [300d]
  FOUND: a=[3, 2] b=[5, 2, -7] -> V = (3 + 0*pi) / 1 [300d]
  FOUND: a=[5, 2] b=[0, 10, -10] -> V = (5 + 0*pi) / 1 [300d]
  FOUND: a=[5, -5] b=[0, 10, -10] -> V = (5 + 0*pi) / 1 [300d]
  FOUND: a=[2, -5] b=[-1, 5, -6] -> V = (-19 + 0*pi) / -9 [150d]
  FOUND: a=[-1, 6] b=[3, 3, -6] -> V = (-1 + 0*pi) / 1 [300d]
  FOUND: a=[-9, -6] b=[-2, 10, -8] -> V = (-9 + 0*pi) / 1 [300d]
  FOUND: a=[-4, -10] b=[9, -1, -8] -> V = (-4 + 0*pi) / 1 [300d]
  FOUND: a=[5, -6] b=[1, 8, -9] -> V = (5 + 0*pi) / 1 [300d]
  FOUND: a=[3, -6] b=[3, 7, -10] -> V = (3 + 0*pi) / 1 [300d]
  FOUND: a=[-3, 10] b=[-4, 10, -6] -> V = (-3 + 0*pi) / 1 [300d]
  FOUND: a=[7, 9] b=[10, 7, -6] -> V = (-123 + 0*pi) / -16 [300d]
  FOUND: a=[8, 6] b=[8, -1, -7] -> V = (8 + 0*pi) / 1 [300d]
  FOUND: a=[0, 3] b=[6, 9, -6] -> V = (3 + 0*pi) / 1 [300d]
  FOUND: a=[-1, -6] b=[-1, 8, -7] -> V = (-1 + 0*pi) / 1 [300d]
  FOUND: a=[7, 5] b=[10, -3, -7] -> V = (7 + 0*pi) / 1 [300d]
  FOUND: a=[-2, 6] b=[10, -3, -7] -> V = (2 + 0*pi) / -1 [300d]
  FOUND: a=[-10, -6] b=[2, 6, -8] -> V = (-10 + 0*pi) / 1 [300d]
  FOUND: a=[5, -3] b=[-3, 9, -6] -> V = (5 + 0*pi) / 1 [300d]
  FOUND: a=[-2, 5] b=[0, 2, -6] -> V = (-70 + 0*pi) / 31 [150d]
  FOUND: a=[-9, -6] b=[-1, 8, -7] -> V = (-9 + 0*pi) / 1 [300d]
  FOUND: a=[10, 2] b=[2, 6, -8] -> V = (10 + 0*pi) / 1 [300d]
  FOUND: a=[8, 4] b=[9, -2, -7] -> V = (8 + 0*pi) / 1 [300d]
  FOUND: a=[-2, 1] b=[-4, 10, -6] -> V = (2 + 0*pi) / -1 [300d]
  FOUND: a=[-1, -6] b=[-4, 10, -6] -> V = (-1 + 0*pi) / 1 [300d]
  FOUND: a=[-4, -3] b=[6, 3, -9] -> V = (-4 + 0*pi) / 1 [300d]
  FOUND: a=[-7, 6] b=[1, 6, -7] -> V = (7 + 0*pi) / -1 [300d]
  FOUND: a=[-7, -9] b=[2, 4, -6] -> V = (7 + 0*pi) / -1 [300d]
  FOUND: a=[-9, -1] b=[10, -3, -7] -> V = (-9 + 0*pi) / 1 [300d]
  [5000/5000] 379s, 2379 checked, 131 found

============================================================
PSLQ SCAN COMPLETE — 378.7s
============================================================
  Checked: 2379, Errors: 2621
  Discoveries: 131
    V = (9 + 0*pi) / 1 [300d] 
    V = (10 + 0*pi) / 1 [300d] 
    V = (-56 + 0*pi) / -9 [300d] 
    V = (-4 + 0*pi) / 1 [300d] 
    V = (-4 + 0*pi) / 1 [300d] 
    V = (-6 + 0*pi) / 1 [300d] 
    V = (-4 + 0*pi) / 1 [300d] 
    V = (9 + 0*pi) / 1 [300d] 
    V = (-5 + 0*pi) / 1 [300d] 
    V = (-6 + 0*pi) / -1 [300d] 
    V = (-1 + 0*pi) / 1 [300d] 
    V = (7 + 0*pi) / 1 [300d] 
    V = (7 + 0*pi) / -1 [300d] 
    V = (10 + 0*pi) / 1 [300d] 
    V = (-4 + 0*pi) / 1 [300d] 
    V = (-6 + 0*pi) / -1 [300d] 
    V = (7 + 0*pi) / -1 [300d] 
    V = (5 + 0*pi) / 1 [300d] 
    V = (8 + 0*pi) / -1 [300d] 
    V = (-34 + 0*pi) / 3 [300d] 
    V = (-6 + 0*pi) / -1 [300d] 
    V = (-6 + 0*pi) / 1 [300d] 
    V = (5 + 0*pi) / 1 [300d] 
    V = (8 + 0*pi) / -1 [300d] 
    V = (3 + 0*pi) / -2 [300d] 
    V = (12 + 0*pi) / 1 [300d] 
    V = (-1 + 0*pi) / 1 [300d] 
    V = (-11 + 0*pi) / -3 [150d] 
    V = (-40 + 0*pi) / 11 [149d] 
    V = (5 + 0*pi) / 1 [300d] 
    V = (10 + 0*pi) / 1 [300d] 
    V = (-4 + 0*pi) / 1 [300d] 
    V = (-1 + 0*pi) / -1 [300d] 
    V = (-3 + 0*pi) / 1 [300d] 
    V = (-1 + 0*pi) / -1 [300d] 
    V = (-10 + 0*pi) / 1 [300d] 
    V = (-6 + 0*pi) / 1 [300d] 
    V = (8 + 0*pi) / 1 [300d] 
    V = (-9 + 0*pi) / 1 [300d] 
    V = (-1 + 0*pi) / 1 [300d] 
    V = (7 + 0*pi) / -1 [300d] 
    V = (8 + 0*pi) / -1 [300d] 
    V = (10 + 0*pi) / 1 [300d] 
    V = (2 + 0*pi) / -1 [300d] 
    V = (9 + 0*pi) / 1 [300d] 
    V = (3 + 0*pi) / 1 [300d] 
    V = (-1 + 0*pi) / -1 [300d] 
    V = (7 + 0*pi) / 1 [300d] 
    V = (-9 + 0*pi) / 1 [300d] 
    V = (-1 + 0*pi) / 1 [300d] 
    V = (8 + 0*pi) / 1 [300d] 
    V = (8 + 0*pi) / -1 [300d] 
    V = (5 + 0*pi) / 1 [300d] 
    V = (17 + 0*pi) / 5 [150d] 
    V = (-5 + 0*pi) / 1 [300d] 
    V = (2 + 0*pi) / -1 [300d] 
    V = (-4 + 0*pi) / 1 [300d] 
    V = (-155 + 0*pi) / 16 [300d] 
    V = (-3 + 0*pi) / 1 [300d] 
    V = (5 + 0*pi) / 1 [300d] 
    V = (8 + 0*pi) / -1 [300d] 
    V = (7 + 0*pi) / -1 [300d] 
    V = (10 + 0*pi) / 1 [300d] 
    V = (9 + 0*pi) / 1 [300d] 
    V = (-67 + 0*pi) / 8 [300d] 
    V = (-4 + 0*pi) / 1 [300d] 
    V = (-4 + 0*pi) / 1 [300d] 
    V = (9 + 0*pi) / 1 [300d] 
    V = (2 + 0*pi) / -1 [300d] 
    V = (8 + 0*pi) / 1 [300d] 
    V = (-1 + 0*pi) / 1 [300d] 
    V = (8 + 0*pi) / -1 [300d] 
    V = (-6 + 0*pi) / 1 [300d] 
    V = (-10 + 0*pi) / 1 [300d] 
    V = (-3 + 0*pi) / 7 [150d] 
    V = (-16 + 0*pi) / 1 [300d] 
    V = (-10 + 0*pi) / 1 [300d] 
    V = (-1 + 0*pi) / -1 [300d] 
    V = (-10 + 0*pi) / 1 [300d] 
    V = (7 + 0*pi) / -1 [300d] 
    V = (7 + 0*pi) / -1 [300d] 
    V = (5 + 0*pi) / 1 [300d] 
    V = (-5 + 0*pi) / 1 [300d] 
    V = (9 + 0*pi) / 1 [300d] 
    V = (8 + 0*pi) / 1 [300d] 
    V = (9 + 0*pi) / 1 [300d] 
    V = (7 + 0*pi) / -1 [300d] 
    V = (-3 + 0*pi) / 1 [300d] 
    V = (-10 + 0*pi) / 1 [300d] 
    V = (3 + 0*pi) / 1 [300d] 
    V = (7 + 0*pi) / -1 [300d] 
    V = (-4 + 0*pi) / 1 [300d] 
    V = (-6 + 0*pi) / 1 [300d] 
    V = (-10 + 0*pi) / 1 [300d] 
    V = (-9 + 0*pi) / 1 [300d] 
    V = (8 + 0*pi) / -1 [300d] 
    V = (-6 + 0*pi) / 1 [300d] 
    V = (2 + 0*pi) / -1 [300d] 
    V = (10 + 0*pi) / 1 [300d] 
    V = (-1 + 0*pi) / -1 [300d] 
    V = (-1 + 0*pi) / 1 [300d] 
    V = (-9 + 0*pi) / -4 [300d] 
    V = (-4 + 0*pi) / 1 [300d] 
    V = (3 + 0*pi) / 1 [300d] 
    V = (5 + 0*pi) / 1 [300d] 
    V = (5 + 0*pi) / 1 [300d] 
    V = (-19 + 0*pi) / -9 [150d] 
    V = (-1 + 0*pi) / 1 [300d] 
    V = (-9 + 0*pi) / 1 [300d] 
    V = (-4 + 0*pi) / 1 [300d] 
    V = (5 + 0*pi) / 1 [300d] 
    V = (3 + 0*pi) / 1 [300d] 
    V = (-3 + 0*pi) / 1 [300d] 
    V = (-123 + 0*pi) / -16 [300d] 
    V = (8 + 0*pi) / 1 [300d] 
    V = (3 + 0*pi) / 1 [300d] 
    V = (-1 + 0*pi) / 1 [300d] 
    V = (7 + 0*pi) / 1 [300d] 
    V = (2 + 0*pi) / -1 [300d] 
    V = (-10 + 0*pi) / 1 [300d] 
    V = (5 + 0*pi) / 1 [300d] 
    V = (-70 + 0*pi) / 31 [150d] 
    V = (-9 + 0*pi) / 1 [300d] 
    V = (10 + 0*pi) / 1 [300d] 
    V = (8 + 0*pi) / 1 [300d] 
    V = (2 + 0*pi) / -1 [300d] 
    V = (-1 + 0*pi) / 1 [300d] 
    V = (-4 + 0*pi) / 1 [300d] 
    V = (7 + 0*pi) / -1 [300d] 
    V = (7 + 0*pi) / -1 [300d] 
    V = (-9 + 0*pi) / 1 [300d] 

  Results: scripts/experiments/ramanujan-machine/results/v2_pslq_discoveries_a1_b2_r10_10.json
