Ramanujan Machine — PSLQ Verification Summary
============================================================
Date: 2026-04-07 04:02:30
Precision: 100 digits
CF depth: 1000
Files processed: 31
Time: 570.7s

CONFIRMED: 20
REJECTED (false positive): 7030
ERRORS (diverged/etc): 145835

────────────────────────────────────────────────────────────
Confirmed formulas:
────────────────────────────────────────────────────────────

  1/ln(2): 2 formulas
    P=(2,3,0), Q=(0,0,-2)
      = (0 + 1*1/ln(2)) / 1 (120d)
    P=(-2,-3,0), Q=(0,0,-2)
      = (0 + -1*1/ln(2)) / 1 (120d)

  1/pi: 6 formulas
    P=(1,3,0), Q=(0,3,-2)
      = (0 + 4*1/pi) / 1 (120d)
    P=(-1,-3,0), Q=(0,3,-2)
      = (0 + -4*1/pi) / 1 (120d)
    P=(-1,-3,0), Q=(0,1,-2)
      = (0 + -2*1/pi) / 1 (120d)
    P=(1,3,0), Q=(0,1,-2)
      = (0 + 2*1/pi) / 1 (120d)
    P=(-1,-2,0), Q=(0,0,1)
      = (0 + -4*1/pi) / 1 (120d)
    P=(1,2,0), Q=(0,0,1)
      = (0 + 4*1/pi) / 1 (120d)

  e: 8 formulas
    P=(1,1), Q=(1,1)
      = (-1 + 1*e) / 1 (120d)
    P=(-1,-1), Q=(1,1)
      = (1 + -1*e) / 1 (120d)
    P=(3,1), Q=(0,-1)
      = (0 + 1*e) / 1 (120d)
    P=(-3,-1), Q=(0,-1)
      = (0 + -1*e) / 1 (120d)
    P=(1,1,0), Q=(1,1,0)
      = (-1 + 1*e) / 1 (120d)
    P=(-1,-1,0), Q=(1,1,0)
      = (1 + -1*e) / 1 (120d)
    P=(-3,-1,0), Q=(0,-1,0)
      = (0 + -1*e) / 1 (120d)
    P=(3,1,0), Q=(0,-1,0)
      = (0 + 1*e) / 1 (120d)

  pi/4: 4 formulas
    P=(3,3,0), Q=(1,-1,-2)
      = (1 + 2*pi/4) / 1 (120d)
    P=(3,3,0), Q=(3,1,-2)
      = (1 + 3*pi/4) / 1 (120d)
    P=(-3,-3,0), Q=(3,1,-2)
      = (-1 + -3*pi/4) / 1 (120d)
    P=(-3,-3,0), Q=(1,-1,-2)
      = (-1 + -2*pi/4) / 1 (120d)

────────────────────────────────────────────────────────────
False positive breakdown:
────────────────────────────────────────────────────────────
  ln(10): 381 false positives
  pi*ln(2): 357 false positives
  sqrt(2pi): 338 false positives
  1/ln(2): 324 false positives
  sqrt(e): 320 false positives
  sqrt(pi): 305 false positives
  pi/e: 293 false positives
  pi^2: 282 false positives
  pi/4: 274 false positives
  1/e: 261 false positives
  e*pi: 260 false positives
  1/sqrt(pi): 260 false positives
  ln(2): 259 false positives
  4/pi: 258 false positives
  1/pi: 255 false positives
  e/pi: 252 false positives
  1/sqrt(e): 249 false positives
  1/(e*pi): 244 false positives
  1/sqrt(2pi): 241 false positives
  pi^2/6: 204 false positives
  pi/2: 165 false positives
  2/sqrt(pi): 157 false positives
  2*ln(2): 152 false positives
  pi^2/4: 150 false positives
  pi/3: 150 false positives
  Lemniscate: 111 false positives
  pi^2/12: 74 false positives
  pi/6: 74 false positives
  Catalan: 73 false positives
  e: 70 false positives
  pi: 66 false positives
  Gauss: 62 false positives
  gamma: 61 false positives
  zeta(3): 48 false positives
