========================================
Zaremba Density (GPU) — production
Range: d = 1 to 100000000000
Digits: {1,3,5}
========================================

Generating prefixes (depth=15)...
Prefixes: 14348907. Sorting...
Bitset: 12.50 GB

Launching 299008 persistent threads on 146/148 SMs (14348907 prefixes)...
  [    32s] 7376453/14348907 (51.4%) 233102 pfx/s ETA 30s
  [    62s] 8939600/14348907 (62.3%) 52103 pfx/s ETA 104s
  [    92s] 9878395/14348907 (68.8%) 31292 pfx/s ETA 143s
  [   122s] 10539676/14348907 (73.5%) 22042 pfx/s ETA 173s
  [   152s] 11042962/14348907 (77.0%) 16776 pfx/s ETA 197s
  [   182s] 11443529/14348907 (79.8%) 13352 pfx/s ETA 218s
  [   212s] 11772863/14348907 (82.0%) 10977 pfx/s ETA 235s
  [   242s] 12048679/14348907 (84.0%) 9194 pfx/s ETA 250s
  [   272s] 12284942/14348907 (85.6%) 7875 pfx/s ETA 262s
  [   302s] 12490009/14348907 (87.0%) 6835 pfx/s ETA 272s
  [checkpoint saved: 12490009/14348907 prefixes, 12.5 GB]
GPU enumeration: 2538.6s

========================================
RESULTS
========================================
Digit set: {1,3,5}
Range: d = 1 to 100000000000
Covered: 99999919055 / 100000000000
Density: 99.9999190550%
Uncovered: 80945
Time: 2555.3s (enum: 2538.6s)
========================================
