========================================
Zaremba Density (GPU) — production
Range: d = 1 to 100000000000
Digits: {2,5}
========================================

Generating prefixes (depth=15)...
Prefixes: 32768. Sorting...
Bitset: 12.50 GB

Launching 32768 persistent threads on 146/148 SMs (32768 prefixes)...
GPU enumeration: 4.4s

========================================
RESULTS
========================================
Digit set: {2,5}
Range: d = 1 to 100000000000
Covered: 1624571 / 100000000000
Density: 0.0016245710%
Uncovered: 99998375429
Time: 11.7s (enum: 4.4s)
========================================
