========================================
Zaremba Density (GPU)
Range: d = 1 to 10000000000
Digits: {1,2,3}
========================================

Prefixes (depth 4): 531441
Bitset: 1.25 GB

Launching 531441 GPU threads...
GPU enumeration: 43292.5s

========================================
RESULTS
========================================
Digit set: {1,2,3}
Range: d = 1 to 10000000000
Covered: 9999999973 / 10000000000
Density: 99.9999997300%
Uncovered: 27
Uncovered d: 6 20 28 38 42 54 96 150 156 164 216 228 318 350 384 558 770 876 1014 1155 1170 1410 1870 2052 2370 5052 6234
Time: 43300.8s (enum: 43292.5s)
========================================
