========================================
Zaremba Density (GPU) — production
Range: d = 1 to 100000000000
Digits: {1,2,6}
========================================

Generating prefixes (depth=15)...
Prefixes: 14348876. Sorting...
Bitset: 12.50 GB

Launching 299008 persistent threads on 146/148 SMs (14348876 prefixes)...
  [    31s] 4473893/14348876 (31.2%) 142119 pfx/s ETA 69s
  [    61s] 5487620/14348876 (38.2%) 33790 pfx/s ETA 262s
  [    91s] 6138332/14348876 (42.8%) 21690 pfx/s ETA 379s
  [   121s] 6634972/14348876 (46.2%) 16554 pfx/s ETA 466s
  [   151s] 7021645/14348876 (48.9%) 12889 pfx/s ETA 569s
  [   181s] 7359765/14348876 (51.3%) 11270 pfx/s ETA 620s
  [   211s] 7650028/14348876 (53.3%) 9675 pfx/s ETA 692s
  [   241s] 7896925/14348876 (55.0%) 8230 pfx/s ETA 784s
  [   271s] 8114999/14348876 (56.6%) 7269 pfx/s ETA 858s
  [   301s] 8316575/14348876 (58.0%) 6719 pfx/s ETA 898s
  [checkpoint saved: 8316575/14348876 prefixes, 12.5 GB]
GPU enumeration: 28994.6s

========================================
RESULTS
========================================
Digit set: {1,2,6}
Range: d = 1 to 100000000000
Covered: 99999998166 / 100000000000
Density: 99.9999981660%
Uncovered: 1834
Time: 29016.3s (enum: 28994.6s)
========================================
