========================================
Zaremba Density (GPU)
Range: d = 1 to 1000000000
Digits: {1,2,3}
========================================

Prefixes (depth 4): 59049
Bitset: 0.13 GB

Launching 59049 GPU threads...
GPU enumeration: 2998.8s

========================================
RESULTS
========================================
Digit set: {1,2,3}
Range: d = 1 to 1000000000
Covered: 999999973 / 1000000000
Density: 99.9999973000%
Uncovered: 27
Uncovered d: 6 20 28 38 42 54 96 150 156 164 216 228 318 350 384 558 770 876 1014 1155 1170 1410 1870 2052 2370 5052 6234
Time: 2999.7s (enum: 2998.8s)
========================================
