========================================
Zaremba Density (GPU) — production
Range: d = 1 to 100000000000
Digits: {3,4}
========================================

Generating prefixes (depth=15)...
Prefixes: 32768. Sorting...
Bitset: 12.50 GB

Launching 32768 persistent threads on 146/148 SMs (32768 prefixes)...
GPU enumeration: 4.4s

========================================
RESULTS
========================================
Digit set: {3,4}
Range: d = 1 to 100000000000
Covered: 473948 / 100000000000
Density: 0.0004739480%
Uncovered: 99999526052
Time: 12.1s (enum: 4.4s)
========================================
