========================================
Zaremba Density (GPU) — production
Range: d = 1 to 100000000000
Digits: {1,5}
========================================

Generating prefixes (depth=15)...
Prefixes: 32768. Sorting...
Bitset: 12.50 GB

Launching 32768 persistent threads on 146/148 SMs (32768 prefixes)...
GPU enumeration: 4.1s

========================================
RESULTS
========================================
Digit set: {1,5}
Range: d = 1 to 100000000000
Covered: 256397641 / 100000000000
Density: 0.2563976410%
Uncovered: 99743602359
Time: 11.8s (enum: 4.1s)
========================================
