========================================
Zaremba Density (GPU)
Range: d = 1 to 1000000000
Digits: {1,2,4}
========================================

Prefixes (depth 4): 59049
Bitset: 0.13 GB

Launching 59049 GPU threads...
GPU enumeration: 916.5s

========================================
RESULTS
========================================
Digit set: {1,2,4}
Range: d = 1 to 1000000000
Covered: 999999936 / 1000000000
Density: 99.9999936000%
Uncovered: 64
Uncovered d: 36 54 66 94 114 126 150 180 182 200 210 230 260 270 300 342 354 368 375 388 420 422 480 602 824 826 902 1290 1320 1386 1470 1554 1872 1920 1980 2010 2090 2208 2440 2590 3024 3114 3490 3550 3714 4074 4530 4578 4932 5010 5424 5464 7014 8664 8784 11336 13710 21150 21360 29106 33630 40380 47664 51270
Time: 917.4s (enum: 916.5s)
========================================
