========================================
Zaremba Density (GPU) — production
Range: d = 1 to 100000000000
Digits: {2,4}
========================================

Generating prefixes (depth=15)...
Prefixes: 32768. Sorting...
Bitset: 12.50 GB

Launching 32768 persistent threads on 146/148 SMs (32768 prefixes)...
GPU enumeration: 5.1s

========================================
RESULTS
========================================
Digit set: {2,4}
Range: d = 1 to 100000000000
Covered: 4310492 / 100000000000
Density: 0.0043104920%
Uncovered: 99995689508
Time: 12.7s (enum: 5.1s)
========================================
