========================================
Zaremba Density (GPU) — production
Range: d = 1 to 100000000000
Digits: {1,2,10}
========================================

Generating prefixes (depth=15)...
Prefixes: 14241985. Sorting...
Bitset: 12.50 GB

Launching 299008 persistent threads on 146/148 SMs (14241985 prefixes)...
  [    31s] 9779180/14241985 (68.7%) 316424 pfx/s ETA 14s
  [    61s] 10903818/14241985 (76.6%) 37487 pfx/s ETA 89s
  [    91s] 11506283/14241985 (80.8%) 20082 pfx/s ETA 136s
  [   121s] 11902087/14241985 (83.6%) 13193 pfx/s ETA 177s
  [   151s] 12191924/14241985 (85.6%) 9661 pfx/s ETA 212s
  [   181s] 12416666/14241985 (87.2%) 7491 pfx/s ETA 244s
  [   211s] 12602777/14241985 (88.5%) 6203 pfx/s ETA 264s
  [   241s] 12753480/14241985 (89.5%) 5023 pfx/s ETA 296s
  [   271s] 12882652/14241985 (90.5%) 4306 pfx/s ETA 316s
  [   301s] 12996924/14241985 (91.3%) 3809 pfx/s ETA 327s
  [checkpoint saved: 12996924/14241985 prefixes, 12.5 GB]
GPU enumeration: 5272.9s

========================================
RESULTS
========================================
Digit set: {1,2,10}
Range: d = 1 to 100000000000
Covered: 99999771486 / 100000000000
Density: 99.9997714860%
Uncovered: 228514
Time: 5289.8s (enum: 5272.9s)
========================================
