========================================
Zaremba Density (GPU) — production
Range: d = 1 to 1000000000000
Digits: {1,3,5}
========================================

Generating prefixes (depth=15)...
Prefixes: 14348907. Sorting...
Bitset: 125.00 GB

Launching 299008 persistent threads on 146/148 SMs (14348907 prefixes)...
  [    32s] 2866942/14348907 (20.0%) 90642 pfx/s ETA 127s
  [    62s] 3715079/14348907 (25.9%) 28270 pfx/s ETA 376s
  [    92s] 4314143/14348907 (30.1%) 19968 pfx/s ETA 503s
  [   122s] 4777787/14348907 (33.3%) 15454 pfx/s ETA 619s
  [   152s] 5168531/14348907 (36.0%) 13024 pfx/s ETA 705s
  [   182s] 5500042/14348907 (38.3%) 11050 pfx/s ETA 801s
  [   212s] 5785000/14348907 (40.3%) 9498 pfx/s ETA 902s
  [   242s] 6046259/14348907 (42.1%) 8708 pfx/s ETA 953s
  [   272s] 6276592/14348907 (43.7%) 7677 pfx/s ETA 1051s
  [   302s] 6494136/14348907 (45.3%) 7251 pfx/s ETA 1083s
  [checkpoint saved: 6494136/14348907 prefixes, 125.0 GB]
GPU enumeration: 37738.2s

========================================
RESULTS
========================================
Digit set: {1,3,5}
Range: d = 1 to 1000000000000
Covered: 999999919044 / 1000000000000
Density: 99.9999919044%
Uncovered: 80956
Time: 37903.6s (enum: 37738.2s)
========================================
