========================================
Zaremba Density (GPU) — production
Range: d = 1 to 100000000000
Digits: {1,2,8}
========================================

Generating prefixes (depth=15)...
Prefixes: 14336420. Sorting...
Bitset: 12.50 GB

Launching 299008 persistent threads on 146/148 SMs (14336420 prefixes)...
  [    31s] 7410784/14336420 (51.7%) 237994 pfx/s ETA 29s
  [    61s] 8778685/14336420 (61.2%) 45595 pfx/s ETA 122s
  [    91s] 9530259/14336420 (66.5%) 25052 pfx/s ETA 192s
  [   121s] 10047048/14336420 (70.1%) 17226 pfx/s ETA 249s
  [   151s] 10438761/14336420 (72.8%) 13057 pfx/s ETA 299s
  [   181s] 10749598/14336420 (75.0%) 10361 pfx/s ETA 346s
  [   211s] 11008478/14336420 (76.8%) 8629 pfx/s ETA 386s
  [   241s] 11230116/14336420 (78.3%) 7388 pfx/s ETA 420s
  [   271s] 11419748/14336420 (79.7%) 6321 pfx/s ETA 461s
  [   301s] 11584735/14336420 (80.8%) 5499 pfx/s ETA 500s
  [checkpoint saved: 11584735/14336420 prefixes, 12.5 GB]
GPU enumeration: 10359.6s

========================================
RESULTS
========================================
Digit set: {1,2,8}
Range: d = 1 to 100000000000
Covered: 99999976410 / 100000000000
Density: 99.9999764100%
Uncovered: 23590
Time: 10376.9s (enum: 10359.6s)
========================================
