========================================
Zaremba Density (GPU) — production
Range: d = 1 to 100000000000
Digits: {1,2,9}
========================================

Generating prefixes (depth=15)...
Prefixes: 14303524. Sorting...
Bitset: 12.50 GB

Launching 299008 persistent threads on 146/148 SMs (14303524 prefixes)...
  [    32s] 8983991/14303524 (62.8%) 283095 pfx/s ETA 19s
  [    62s] 10112840/14303524 (70.7%) 37627 pfx/s ETA 111s
  [    92s] 10755594/14303524 (75.2%) 21424 pfx/s ETA 166s
  [   122s] 11196640/14303524 (78.3%) 14701 pfx/s ETA 211s
  [   152s] 11526724/14303524 (80.6%) 11002 pfx/s ETA 252s
  [   182s] 11787721/14303524 (82.4%) 8700 pfx/s ETA 289s
  [   212s] 12004522/14303524 (83.9%) 7226 pfx/s ETA 318s
  [   242s] 12182916/14303524 (85.2%) 5946 pfx/s ETA 357s
  [   272s] 12336993/14303524 (86.3%) 5136 pfx/s ETA 383s
  [   302s] 12473859/14303524 (87.2%) 4562 pfx/s ETA 401s
  [checkpoint saved: 12473859/14303524 prefixes, 12.5 GB]
GPU enumeration: 7062.6s

========================================
RESULTS
========================================
Digit set: {1,2,9}
Range: d = 1 to 100000000000
Covered: 99999922891 / 100000000000
Density: 99.9999228910%
Uncovered: 77109
Time: 7078.1s (enum: 7062.6s)
========================================
