========================================
Class Numbers of Real Quadratic Fields v2
Range: [1000000000, 10000000000)
========================================

Primes: 9592 (up to 99991)
GPUs: 8

[GPU 0] done: 341958997 discriminants
[GPU 1] done: 341958962 discriminants
[GPU 2] done: 341958960 discriminants
[GPU 3] done: 341959049 discriminants
[GPU 4] done: 341958988 discriminants
[GPU 5] done: 341959099 discriminants
[GPU 6] done: 341958935 discriminants
[GPU 7] done: 341958830 discriminants

========================================
RESULTS
========================================
Range: [1000000000, 10000000000)
Fundamental discriminants: 2735671820
Time: 1791.2s (1527243 disc/sec)

Cohen-Lenstra statistics:
  h(d) = 1: 456984420 (16.7047%)
  C-L predicted h=1: ~75.446%
  3 | h(d): 418075192 (15.2824%)
  5 | h(d): 133815057 (4.8915%)
  7 | h(d): 64209934 (2.3471%)

Class number distribution (first 20):
  h= 1: 456984420 (16.705%)
  h= 2: 606415562 (22.167%)
  h= 3: 73409125 (2.683%)
  h= 4: 540733202 (19.766%)
  h= 5: 22715143 (0.830%)
  h= 6: 96852027 (3.540%)
  h= 7: 10849013 (0.397%)
  h= 8: 298291861 (10.904%)
  h= 9: 9027194 (0.330%)
  h=10: 30106984 (1.101%)
  h=11: 4147170 (0.152%)
  h=12: 85877392 (3.139%)
  h=13: 2924413 (0.107%)
  h=14: 14393156 (0.526%)
  h=15: 3647963 (0.133%)
  h=16: 123589441 (4.518%)
  h=17: 1679166 (0.061%)
  h=18: 11887880 (0.435%)
  h=19: 1335378 (0.049%)
  h=20: 26808841 (0.980%)

========================================
