Spectral Gaps for Primes to 37500 (GPU 5)
Chebyshev N=20, FP32, deflated power iteration

Primes: 3968

   prime       gap        time
--------  --------  ----------
       2    0.1059     0.003s  <-- tight
       3    0.7512     0.008s
       5    0.7516     0.009s
       7    0.7564     0.010s
      11    0.7586     0.008s
      13    0.7614     0.008s
      17    0.7557     0.008s
      19    0.7633     0.008s
      23    0.7598     0.008s
      29    0.7571     0.008s
      31    0.7582     0.008s
      37    0.7616     0.010s
      41    0.7555     0.009s
      43    0.7622     0.009s
      47    0.7582     0.009s
      53    0.7570     0.009s
      59    0.7601     0.009s
      61    0.7592     0.009s
      67    0.7701     0.009s
      71    0.1135     0.003s  <-- tight
      73    0.1007     0.004s  <-- tight
      79    0.1293     0.004s  <-- tight
      83    0.1142     0.003s  <-- tight
      89    0.1063     0.003s  <-- tight
      97    0.7615     0.009s
     167    0.1262     0.004s  <-- tight
     173    0.1118     0.003s  <-- tight
     179    0.1323     0.009s  <-- tight
     191    0.1035     0.003s  <-- tight
     223    0.1098     0.003s  <-- tight
