Fast Batched Spectral Gaps — ALL primes in ONE kernel
Max prime: 50000, N=20 Chebyshev, FP32

Primes: 5133, workspace: 19.36 GB

   prime         gap
--------  ----------
       2    0.100409  <-- tight
       3    0.387041
       5    0.537429
       7    0.345160
      11    0.403655
      13    0.318816
      17    0.457098
      19    0.434074
      23    0.397451
      29    0.311569
      31    0.321127
      37    0.399062
      41    0.304459
      43    0.473110
      47    0.475341
      53    0.422151
      59    0.474192
      61    0.494726
      67    0.443007
      71    0.279844
      73    0.456507
      79    0.433888
      83    0.514017
      89    0.525121
      97    0.325271
   10007    0.453278
   10009    0.470442
   10037    0.432404
   10039    0.487836
   10061    0.416313
   10067    0.380702
   10069    0.418680
   10079    0.480849
   10091    0.438041
   10093    0.452303
   10099    0.451104
   20011    0.455143
   20021    0.422219
   20023    0.446320
   20029    0.463515
   20047    0.435329
   20051    0.449645
   20063    0.475446
   20071    0.452300
   20089    0.448466
   30011    0.449561
   30013    0.460190
   30029    0.461730
   30047    0.449562
   30059    0.455469
   30071    0.471238
   30089    0.458765
   30091    0.440141
   30097    0.454738
   40009    0.451166
   40013    0.446818
   40031    0.460337
   40037    0.458367
   40039    0.460570
   40063    0.462276
   40087    0.456564
   40093    0.456675
   40099    0.459989
   49999    0.453677

========================================
Primes: 5133 (to p=50000)
Positive gaps: 5133 / 5133 (100.0%)
Minimum gap: 0.100409 at p=2
Kernel time: 84.56s
Total time: 89.59s
Rate: 61 primes/sec
========================================
