Zaremba v6 Multi-Pass Verification
Max d: 10000000000

GPUs: 8

=== Phase A: tree to depth 13 ===
  depth  2: 25 live
  depth  3: 125 live
  depth  4: 625 live
  depth  5: 3125 live
  depth  6: 15625 live
  depth  7: 78125 live
  depth  8: 390625 live
  depth  9: 1953125 live
  depth 10: 9765625 live
  depth 11: 48828125 live
  depth 12: 244140625 live

  Downloading 244140625 depth-12 matrices...
  Phase A done: 4.3s

=== Phase B: expand depth 12→40 in chunks ===
  Total matrices: 244140625, chunk: 30517579, GPUs: 8

  GPU 0: 30517579 matrices
  GPU 1: 30517579 matrices
  GPU 2: 30517579 matrices
  GPU 3: 30517579 matrices
  GPU 4: 30517579 matrices
  GPU 5: 30517579 matrices
  GPU 6: 30517579 matrices
  GPU 7: 30517572 matrices
  GPU 0 done: 21.5s
  GPU 1 done: 20.5s
  GPU 2 done: 20.0s
  GPU 3 done: 20.1s
  GPU 4 done: 19.4s
  GPU 5 done: 19.4s
  GPU 6 done: 19.4s
  GPU 7 done: 19.4s

  Merging bitsets...

========================================
Zaremba v6: d = 1 to 10000000000
Uncovered: 9447061
Time: 43.2s
========================================
