========================================
Class Numbers of Real Quadratic Fields v2
Range: [6, 100000000000)
========================================

Primes: 9592 (up to 99991)
GPUs: 1

[GPU 0] 0.6% | 182378111 discriminants | d ~ 5.70e+08
[GPU 0] 1.2% | 364756262 discriminants | d ~ 1.17e+09
[GPU 0] 1.8% | 547134444 discriminants | d ~ 1.77e+09
[GPU 0] 2.4% | 729512581 discriminants | d ~ 2.37e+09
[GPU 0] 3.0% | 911890664 discriminants | d ~ 2.97e+09
[GPU 0] 3.6% | 1094268719 discriminants | d ~ 3.57e+09
[GPU 0] 4.2% | 1276646897 discriminants | d ~ 4.17e+09
[GPU 0] 4.8% | 1459025126 discriminants | d ~ 4.77e+09
[GPU 0] 5.4% | 1641403187 discriminants | d ~ 5.37e+09
[GPU 0] 6.0% | 1823781325 discriminants | d ~ 5.97e+09
[GPU 0] 6.6% | 2006159364 discriminants | d ~ 6.57e+09
[GPU 0] 7.2% | 2188537422 discriminants | d ~ 7.17e+09
[GPU 0] 7.8% | 2370915788 discriminants | d ~ 7.77e+09
[GPU 0] 8.4% | 2553293879 discriminants | d ~ 8.37e+09
[GPU 0] 9.0% | 2735672029 discriminants | d ~ 8.97e+09
[GPU 0] 9.6% | 2918049982 discriminants | d ~ 9.57e+09
[GPU 0] 10.2% | 3100428118 discriminants | d ~ 1.02e+10
[GPU 0] 10.8% | 3282806325 discriminants | d ~ 1.08e+10
[GPU 0] 11.4% | 3465184518 discriminants | d ~ 1.14e+10
[GPU 0] 12.0% | 3647562718 discriminants | d ~ 1.20e+10
[GPU 0] 12.6% | 3829940786 discriminants | d ~ 1.26e+10
[GPU 0] 13.2% | 4012318983 discriminants | d ~ 1.32e+10
[GPU 0] 13.8% | 4194696994 discriminants | d ~ 1.38e+10
[GPU 0] 14.4% | 4377075053 discriminants | d ~ 1.44e+10
[GPU 0] 15.0% | 4559453147 discriminants | d ~ 1.50e+10
[GPU 0] 15.6% | 4741831333 discriminants | d ~ 1.56e+10
[GPU 0] 16.2% | 4924209511 discriminants | d ~ 1.62e+10
[GPU 0] 16.8% | 5106587549 discriminants | d ~ 1.68e+10
[GPU 0] 17.4% | 5288965751 discriminants | d ~ 1.74e+10
[GPU 0] 18.0% | 5471343851 discriminants | d ~ 1.80e+10
[GPU 0] 18.6% | 5653721977 discriminants | d ~ 1.86e+10
[GPU 0] 19.2% | 5836100173 discriminants | d ~ 1.92e+10
[GPU 0] 19.8% | 6018478285 discriminants | d ~ 1.98e+10
[GPU 0] 20.4% | 6200856410 discriminants | d ~ 2.04e+10
[GPU 0] 21.0% | 6383234694 discriminants | d ~ 2.10e+10
[GPU 0] 21.6% | 6565612737 discriminants | d ~ 2.16e+10
[GPU 0] 22.2% | 6747990934 discriminants | d ~ 2.22e+10
[GPU 0] 22.8% | 6930368915 discriminants | d ~ 2.28e+10
[GPU 0] 23.4% | 7112747012 discriminants | d ~ 2.34e+10
[GPU 0] 24.0% | 7295125092 discriminants | d ~ 2.40e+10
[GPU 0] 24.6% | 7477503365 discriminants | d ~ 2.46e+10
[GPU 0] 25.2% | 7659881600 discriminants | d ~ 2.52e+10
[GPU 0] 25.8% | 7842259712 discriminants | d ~ 2.58e+10
[GPU 0] 26.4% | 8024637719 discriminants | d ~ 2.64e+10
[GPU 0] 27.0% | 8207015892 discriminants | d ~ 2.70e+10
[GPU 0] 27.6% | 8389394111 discriminants | d ~ 2.76e+10
[GPU 0] 28.2% | 8571772254 discriminants | d ~ 2.82e+10
[GPU 0] 28.8% | 8754150382 discriminants | d ~ 2.88e+10
[GPU 0] 29.4% | 8936528447 discriminants | d ~ 2.94e+10
[GPU 0] 30.0% | 9118906498 discriminants | d ~ 3.00e+10
[GPU 0] 30.6% | 9301284612 discriminants | d ~ 3.06e+10
[GPU 0] 31.2% | 9483662850 discriminants | d ~ 3.12e+10
[GPU 0] 31.8% | 9666040975 discriminants | d ~ 3.18e+10
[GPU 0] 32.4% | 9848418946 discriminants | d ~ 3.24e+10
[GPU 0] 33.0% | 10030797175 discriminants | d ~ 3.30e+10
[GPU 0] 33.6% | 10213175277 discriminants | d ~ 3.36e+10
[GPU 0] 34.2% | 10395553390 discriminants | d ~ 3.42e+10
[GPU 0] 34.8% | 10577931532 discriminants | d ~ 3.48e+10
[GPU 0] 35.4% | 10760309701 discriminants | d ~ 3.54e+10
[GPU 0] 36.0% | 10942687848 discriminants | d ~ 3.60e+10
[GPU 0] 36.6% | 11125066011 discriminants | d ~ 3.66e+10
[GPU 0] 37.2% | 11307444049 discriminants | d ~ 3.72e+10
[GPU 0] 37.8% | 11489822343 discriminants | d ~ 3.78e+10
[GPU 0] 38.4% | 11672200475 discriminants | d ~ 3.84e+10
[GPU 0] 39.0% | 11854578596 discriminants | d ~ 3.90e+10
[GPU 0] 39.6% | 12036956756 discriminants | d ~ 3.96e+10
[GPU 0] 40.2% | 12219334795 discriminants | d ~ 4.02e+10
[GPU 0] 40.8% | 12401712957 discriminants | d ~ 4.08e+10
[GPU 0] 41.4% | 12584090988 discriminants | d ~ 4.14e+10
[GPU 0] 42.0% | 12766469139 discriminants | d ~ 4.20e+10
[GPU 0] 42.6% | 12948847244 discriminants | d ~ 4.26e+10
[GPU 0] 43.2% | 13131225323 discriminants | d ~ 4.32e+10
[GPU 0] 43.8% | 13313603344 discriminants | d ~ 4.38e+10
[GPU 0] 44.4% | 13495981484 discriminants | d ~ 4.44e+10
[GPU 0] 45.0% | 13678359653 discriminants | d ~ 4.50e+10
[GPU 0] 45.6% | 13860737746 discriminants | d ~ 4.56e+10
[GPU 0] 46.2% | 14043115893 discriminants | d ~ 4.62e+10
[GPU 0] 46.8% | 14225494046 discriminants | d ~ 4.68e+10
[GPU 0] 47.4% | 14407872231 discriminants | d ~ 4.74e+10
[GPU 0] 48.0% | 14590250431 discriminants | d ~ 4.80e+10
[GPU 0] 48.6% | 14772628522 discriminants | d ~ 4.86e+10
[GPU 0] 49.2% | 14955006731 discriminants | d ~ 4.92e+10
[GPU 0] 49.8% | 15137384895 discriminants | d ~ 4.98e+10
[GPU 0] 50.4% | 15319763032 discriminants | d ~ 5.04e+10
[GPU 0] 51.0% | 15502141024 discriminants | d ~ 5.10e+10
[GPU 0] 51.6% | 15684519189 discriminants | d ~ 5.16e+10
[GPU 0] 52.2% | 15866897181 discriminants | d ~ 5.22e+10
[GPU 0] 52.8% | 16049275299 discriminants | d ~ 5.28e+10
[GPU 0] 53.4% | 16231653524 discriminants | d ~ 5.34e+10
[GPU 0] 54.0% | 16414031703 discriminants | d ~ 5.40e+10
