Found 16 unique compound matches to verify

P=(-1,0,-2,0,0,-2,-1,1) Q=(1,0,2,-2,-2,-2,-2,7) const=sqrt(pi)
  DP value:  -1.2724538509072079
  100-digit: 0.01456139124564939937933147009071214040761537598103353567955345208060197090420117810832034952071931154
  Match: FALSE POSITIVE (diff={diff:.2e})

P=(-1,1,-1,0,2,4) Q=(4,-3,-3,-4,-4,-4) const=1/sqrt(e)
  DP value:  -5.032653298569828
  100-digit: -4.03265329856982855918310505562044956087697625642948436871078240053171403525448087120865888289906906
  Match: FALSE POSITIVE (diff={diff:.2e})

P=(-2,-1,0,0,0,-2,1,1) Q=(1,2,-2,2,-2,-2,-2,7) const=1/(e*pi)
  DP value:  -1.269923242033951
  100-digit: 1.745478339568210898589914729361449408980796424716967563634929721177181614519453869272545646387660318
  Match: FALSE POSITIVE (diff={diff:.2e})

P=(-2,1,-1,-4,-2,3) Q=(-2,-4,-4,-4,-4,-4) const=1/sqrt(pi)
  DP value:  -0.5427930556934308
  100-digit: 1.457206944306569060804131851423412138204562579484907077973422904857892921951558412224680405002343226
  Match: FALSE POSITIVE (diff={diff:.2e})

P=(-2,4,-3,2,-1,1) Q=(0,4,0,-4,-4,-4) const=e/pi
  DP value:  -1.2383071753136459
  100-digit: 0.7616928246863542113796574509860120529478308496181735261079992113077751419110958179165565378256131622
  Match: FALSE POSITIVE (diff={diff:.2e})

P=(-4,4,-1,-5,5) Q=(3,-1,-3,-5,-5) const=pi*ln(2)
  DP value:  -1.5327582709205756
  100-digit: 2.46724172907942442126757963525650871498643412379319792805958006788174680548965786808641942900116132
  Match: FALSE POSITIVE (diff={diff:.2e})

P=(0,-1,-2,2,0,2) Q=(-2,0,1,-4,-4,-4) const=1/(e*pi)
  DP value:  5.654884863030033
  100-digit: 5.654884863030033276486670051488525064931298007203207103984263264081076112831846087730897400719695781
  Match: CONFIRMED

P=(0,-2,2,2,-1,1,2,-2) Q=(-2,2,-1,-2,-1,-2,-2,7) const=pi^2/6
  DP value:  -1.3550659331560475
  100-digit: 0.2035213230961568658752209921742669688037017915120400241285809089327107286960782874870820065151424332
  Match: FALSE POSITIVE (diff={diff:.2e})

P=(0,1,2,-2,0,-2) Q=(-2,0,1,-4,-4,-4) const=1/(e*pi)
  DP value:  -5.654884863030033
  100-digit: -5.654884863030033276486670051488525064931298007203207103984263264081076112831846087730897400719695781
  Match: CONFIRMED

P=(1,-1,1,0,-2,-4) Q=(4,-3,-3,-4,-4,-4) const=1/sqrt(e)
  DP value:  5.032653298569828
  100-digit: 4.03265329856982855918310505562044956087697625642948436871078240053171403525448087120865888289906906
  Match: FALSE POSITIVE (diff={diff:.2e})

P=(1,1,-2,-1,-1,-1,0,2) Q=(2,1,-1,0,-2,-2,-2,7) const=sqrt(e)
  DP value:  2.723081906056814
  100-digit: 1.255764940792724786433846537727420382853332212084833385897419371828836519952673870234844248080738098
  Match: FALSE POSITIVE (diff={diff:.2e})

P=(2,-1,1,4,2,-3) Q=(-2,-4,-4,-4,-4,-4) const=1/sqrt(pi)
  DP value:  0.5427930556934308
  100-digit: -1.457206944306569060804131851423412138204562579484907077973422904857892921951558412224680405002343226
  Match: FALSE POSITIVE (diff={diff:.2e})

P=(2,-4,3,-2,1,-1) Q=(0,4,0,-4,-4,-4) const=e/pi
  DP value:  1.2383071753136459
  100-digit: -0.7616928246863542113796574509860120529478308496181735261079992113077751419110958179165565378256131622
  Match: FALSE POSITIVE (diff={diff:.2e})

P=(2,0,-1,-1,0,-1,-2,2) Q=(2,2,-2,0,-2,-2,-2,7) const=ln(2)
  DP value:  2.8862943611389578
  100-digit: 0.4714478612685220458922142114061789876028827959659318040168299710498054453922853582410312205945383553
  Match: FALSE POSITIVE (diff={diff:.2e})

P=(2,2,1,-1,0,2,-1,1) Q=(1,-1,0,1,-2,-2,-2,7) const=sqrt(pi)
  DP value:  -1.0898154036162127
  100-digit: 0.1824328331914068252653334068061384384537841786327848583395265559705187830384572543542235817020343275
  Match: FALSE POSITIVE (diff={diff:.2e})

P=(4,-4,1,5,-5) Q=(3,-1,-3,-5,-5) const=pi*ln(2)
  DP value:  1.5327582709205756
  100-digit: -2.46724172907942442126757963525650871498643412379319792805958006788174680548965786808641942900116132
  Match: FALSE POSITIVE (diff={diff:.2e})


============================================================
SUMMARY: 2/16 confirmed at 100-digit precision
False positives: 14
CORRECTION: The 2 'CONFIRMED' results were a bug in the comparison code.
The script compared the CF value at 100 digits against itself at double precision
(which trivially matches). The correct comparison is against the claimed constant
expression (c0 + c2*K)/c1, which fails for all 16 hits.

CORRECTED SUMMARY: 0/16 confirmed at 100-digit precision. All 16 are false positives.
Zero transcendental CF formulas across 586 billion candidates.
