========================================
Prime Convergents of Continued Fractions
========================================
Samples:   100000
Max depth: 500 convergents per sample
Mode:      multiples of pi

GPU: NVIDIA B200 (191.5 GB)

Launching 391 blocks × 256 threads...
GPU time: 0.01 s

========================================
RESULTS
========================================
Samples:              100000
Mode:                 multiples of pi
Avg depth reached:    34.0 (max 500)

--- Primality ---
Avg prime A_n per CF: 4.00
Avg prime B_n per CF: 5.00
Avg doubly-prime:     1.0000
Total doubly-prime:   100000 across all samples
Max doubly-prime:     1 (sample #0)

--- Erdos-Mahler Bound: G(A_n) >= e^{n/(50 ln n)} ---
Avg ratio log(G(A_n)) / (n/(50 ln n)): 109.7923
Min ratio (worst case):                 56.2262
Samples where bound always holds:       100000 / 100000 (100.0%)

Time: 0.01 s
========================================
CSV written: scripts/experiments/prime-convergents/results/stats_pi_100000_500.csv
Metadata written: scripts/experiments/prime-convergents/results/metadata_pi_100000_500.json
