========================================
Prime Convergents of Continued Fractions
========================================
Samples:   100000
Max depth: 500 convergents per sample
Mode:      multiples of e

GPU: NVIDIA B200 (191.5 GB)

Launching 391 blocks × 256 threads...
GPU time: 0.01 s

========================================
RESULTS
========================================
Samples:              100000
Mode:                 multiples of e
Avg depth reached:    42.0 (max 500)

--- Primality ---
Avg prime A_n per CF: 7.00
Avg prime B_n per CF: 8.00
Avg doubly-prime:     3.0000
Total doubly-prime:   300000 across all samples
Max doubly-prime:     3 (sample #0)

--- Erdos-Mahler Bound: G(A_n) >= e^{n/(50 ln n)} ---
Avg ratio log(G(A_n)) / (n/(50 ln n)): 86.6385
Min ratio (worst case):                 10.3496
Samples where bound always holds:       100000 / 100000 (100.0%)

Time: 0.01 s
========================================
CSV written: scripts/experiments/prime-convergents/results/stats_e_100000_500.csv
Metadata written: scripts/experiments/prime-convergents/results/metadata_e_100000_500.json
