========================================
Prime Convergents of Continued Fractions
========================================
Samples:   1000000
Max depth: 500 convergents per sample
Mode:      random (Gauss-Kuzmin)

GPU: NVIDIA B200 (191.5 GB)

Launching 3907 blocks × 256 threads...
GPU time: 0.51 s

========================================
RESULTS
========================================
Samples:              1000000
Mode:                 random (Gauss-Kuzmin)
Avg depth reached:    38.2 (max 500)

--- Primality ---
Avg prime A_n per CF: 4.92
Avg prime B_n per CF: 4.96
Avg doubly-prime:     0.9521
Total doubly-prime:   952077 across all samples
Max doubly-prime:     6 (sample #53506)

--- Erdos-Mahler Bound: G(A_n) >= e^{n/(50 ln n)} ---
Avg ratio log(G(A_n)) / (n/(50 ln n)): 116.6716
Min ratio (worst case):                 5.3709
Samples where bound always holds:       1000000 / 1000000 (100.0%)

Time: 0.51 s
========================================
CSV written: scripts/experiments/prime-convergents/results/stats_random_1000000_500.csv
Metadata written: scripts/experiments/prime-convergents/results/metadata_random_1000000_500.json
